[2026-03-28T05:11:02.819+0000] {taskinstance.py:1157} INFO - Dependencies all met for dep_context=non-requeueable deps ti=<TaskInstance: logistics_pipeline_v3.dbt_run manual__2026-03-28T05:05:31.347736+00:00 [queued]>
[2026-03-28T05:11:02.834+0000] {taskinstance.py:1157} INFO - Dependencies all met for dep_context=requeueable deps ti=<TaskInstance: logistics_pipeline_v3.dbt_run manual__2026-03-28T05:05:31.347736+00:00 [queued]>
[2026-03-28T05:11:02.834+0000] {taskinstance.py:1359} INFO - Starting attempt 2 of 2
[2026-03-28T05:11:02.860+0000] {taskinstance.py:1380} INFO - Executing <Task(BashOperator): dbt_run> on 2026-03-28 05:05:31.347736+00:00
[2026-03-28T05:11:02.873+0000] {standard_task_runner.py:57} INFO - Started process 1043 to run task
[2026-03-28T05:11:02.889+0000] {standard_task_runner.py:84} INFO - Running: ['airflow', 'tasks', 'run', 'logistics_pipeline_v3', 'dbt_run', 'manual__2026-03-28T05:05:31.347736+00:00', '--job-id', '20', '--raw', '--subdir', 'DAGS_FOLDER/smartflow_dag.py', '--cfg-path', '/tmp/tmp5mk2iac9']
[2026-03-28T05:11:02.903+0000] {standard_task_runner.py:85} INFO - Job 20: Subtask dbt_run
[2026-03-28T05:11:03.193+0000] {task_command.py:415} INFO - Running <TaskInstance: logistics_pipeline_v3.dbt_run manual__2026-03-28T05:05:31.347736+00:00 [running]> on host 97e90436ed10
[2026-03-28T05:11:03.503+0000] {taskinstance.py:1660} INFO - Exporting env vars: AIRFLOW_CTX_DAG_OWNER='Rawan' AIRFLOW_CTX_DAG_ID='logistics_pipeline_v3' AIRFLOW_CTX_TASK_ID='dbt_run' AIRFLOW_CTX_EXECUTION_DATE='2026-03-28T05:05:31.347736+00:00' AIRFLOW_CTX_TRY_NUMBER='2' AIRFLOW_CTX_DAG_RUN_ID='manual__2026-03-28T05:05:31.347736+00:00'
[2026-03-28T05:11:03.505+0000] {subprocess.py:63} INFO - Tmp dir root location: /tmp
[2026-03-28T05:11:03.507+0000] {subprocess.py:75} INFO - Running command: ['/bin/bash', '-c', 'cd /opt/airflow/dbt_project && dbt run --profiles-dir .']
[2026-03-28T05:11:03.519+0000] {subprocess.py:86} INFO - Output:
[2026-03-28T05:11:05.122+0000] {subprocess.py:93} INFO - [0m05:11:05  Running with dbt=1.8.0
[2026-03-28T05:11:05.387+0000] {subprocess.py:93} INFO - [0m05:11:05  Registered adapter: postgres=1.8.0
[2026-03-28T05:11:05.827+0000] {subprocess.py:93} INFO - [0m05:11:05  Found 1 model, 3 data tests, 1 source, 423 macros
[2026-03-28T05:11:05.829+0000] {subprocess.py:93} INFO - [0m05:11:05
[2026-03-28T05:11:05.973+0000] {subprocess.py:93} INFO - [0m05:11:05  Concurrency: 4 threads (target='dev')
[2026-03-28T05:11:05.974+0000] {subprocess.py:93} INFO - [0m05:11:05
[2026-03-28T05:11:05.984+0000] {subprocess.py:93} INFO - [0m05:11:05  1 of 1 START sql table model public_analytics.courier_performance .............. [RUN]
[2026-03-28T05:11:06.075+0000] {subprocess.py:93} INFO - [0m05:11:06  1 of 1 ERROR creating sql table model public_analytics.courier_performance ..... [[31mERROR[0m in 0.09s]
[2026-03-28T05:11:06.096+0000] {subprocess.py:93} INFO - [0m05:11:06
[2026-03-28T05:11:06.096+0000] {subprocess.py:93} INFO - [0m05:11:06  Finished running 1 table model in 0 hours 0 minutes and 0.27 seconds (0.27s).
[2026-03-28T05:11:06.136+0000] {subprocess.py:93} INFO - [0m05:11:06
[2026-03-28T05:11:06.136+0000] {subprocess.py:93} INFO - [0m05:11:06  [31mCompleted with 1 error and 0 warnings:[0m
[2026-03-28T05:11:06.137+0000] {subprocess.py:93} INFO - [0m05:11:06
[2026-03-28T05:11:06.137+0000] {subprocess.py:93} INFO - [0m05:11:06    Database Error in model courier_performance (models/courier_performance.sql)
[2026-03-28T05:11:06.138+0000] {subprocess.py:93} INFO -   relation "public_analytics.courier_performance" does not exist
[2026-03-28T05:11:06.138+0000] {subprocess.py:93} INFO -   LINE 18:     FROM "logistics_db"."public_analytics"."courier_performa...
[2026-03-28T05:11:06.138+0000] {subprocess.py:93} INFO -                     ^
[2026-03-28T05:11:06.138+0000] {subprocess.py:93} INFO -   compiled code at target/run/dbt_logistics/models/courier_performance.sql
[2026-03-28T05:11:06.138+0000] {subprocess.py:93} INFO - [0m05:11:06
[2026-03-28T05:11:06.138+0000] {subprocess.py:93} INFO - [0m05:11:06  Done. PASS=0 WARN=0 ERROR=1 SKIP=0 TOTAL=1
[2026-03-28T05:11:07.380+0000] {subprocess.py:97} INFO - Command exited with return code 1
[2026-03-28T05:11:07.396+0000] {taskinstance.py:1935} ERROR - Task failed with exception
Traceback (most recent call last):
  File "/home/airflow/.local/lib/python3.8/site-packages/airflow/operators/bash.py", line 210, in execute
    raise AirflowException(
airflow.exceptions.AirflowException: Bash command failed. The command returned a non-zero exit code 1.
[2026-03-28T05:11:07.399+0000] {taskinstance.py:1398} INFO - Marking task as FAILED. dag_id=logistics_pipeline_v3, task_id=dbt_run, execution_date=20260328T050531, start_date=20260328T051102, end_date=20260328T051107
[2026-03-28T05:11:07.425+0000] {standard_task_runner.py:104} ERROR - Failed to execute job 20 for task dbt_run (Bash command failed. The command returned a non-zero exit code 1.; 1043)
[2026-03-28T05:11:07.443+0000] {local_task_job_runner.py:228} INFO - Task exited with return code 1
[2026-03-28T05:11:07.470+0000] {taskinstance.py:2776} INFO - 0 downstream tasks scheduled from follow-on schedule check
