[2026-03-28T03:05:07.036+0000] {taskinstance.py:1157} INFO - Dependencies all met for dep_context=non-requeueable deps ti=<TaskInstance: logistics_pipeline_v3.check_dbt_connection manual__2026-03-28T03:05:05.079674+00:00 [queued]>
[2026-03-28T03:05:07.052+0000] {taskinstance.py:1157} INFO - Dependencies all met for dep_context=requeueable deps ti=<TaskInstance: logistics_pipeline_v3.check_dbt_connection manual__2026-03-28T03:05:05.079674+00:00 [queued]>
[2026-03-28T03:05:07.053+0000] {taskinstance.py:1359} INFO - Starting attempt 1 of 2
[2026-03-28T03:05:07.080+0000] {taskinstance.py:1380} INFO - Executing <Task(BashOperator): check_dbt_connection> on 2026-03-28 03:05:05.079674+00:00
[2026-03-28T03:05:07.088+0000] {standard_task_runner.py:57} INFO - Started process 1180 to run task
[2026-03-28T03:05:07.094+0000] {standard_task_runner.py:84} INFO - Running: ['airflow', 'tasks', 'run', 'logistics_pipeline_v3', 'check_dbt_connection', 'manual__2026-03-28T03:05:05.079674+00:00', '--job-id', '54', '--raw', '--subdir', 'DAGS_FOLDER/smartflow_dag.py', '--cfg-path', '/tmp/tmpxl3w4p4o']
[2026-03-28T03:05:07.099+0000] {standard_task_runner.py:85} INFO - Job 54: Subtask check_dbt_connection
[2026-03-28T03:05:07.217+0000] {task_command.py:415} INFO - Running <TaskInstance: logistics_pipeline_v3.check_dbt_connection manual__2026-03-28T03:05:05.079674+00:00 [running]> on host 22aa927a5017
[2026-03-28T03:05:07.391+0000] {taskinstance.py:1660} INFO - Exporting env vars: AIRFLOW_CTX_DAG_OWNER='Rawan' AIRFLOW_CTX_DAG_ID='logistics_pipeline_v3' AIRFLOW_CTX_TASK_ID='check_dbt_connection' AIRFLOW_CTX_EXECUTION_DATE='2026-03-28T03:05:05.079674+00:00' AIRFLOW_CTX_TRY_NUMBER='1' AIRFLOW_CTX_DAG_RUN_ID='manual__2026-03-28T03:05:05.079674+00:00'
[2026-03-28T03:05:07.395+0000] {subprocess.py:63} INFO - Tmp dir root location: /tmp
[2026-03-28T03:05:07.397+0000] {subprocess.py:75} INFO - Running command: ['/bin/bash', '-c', 'cd /opt/airflow/dbt_project && dbt debug --profiles-dir . || echo "Ignore Git Error"']
[2026-03-28T03:05:07.417+0000] {subprocess.py:86} INFO - Output:
[2026-03-28T03:05:10.742+0000] {subprocess.py:93} INFO - [0m03:05:10  Running with dbt=1.8.2
[2026-03-28T03:05:10.751+0000] {subprocess.py:93} INFO - [0m03:05:10  dbt version: 1.8.2
[2026-03-28T03:05:10.752+0000] {subprocess.py:93} INFO - [0m03:05:10  python version: 3.8.18
[2026-03-28T03:05:10.752+0000] {subprocess.py:93} INFO - [0m03:05:10  python path: /usr/local/bin/python3
[2026-03-28T03:05:10.753+0000] {subprocess.py:93} INFO - [0m03:05:10  os info: Linux-6.6.87.2-microsoft-standard-WSL2-x86_64-with-glibc2.2.5
[2026-03-28T03:05:10.804+0000] {subprocess.py:93} INFO - [0m03:05:10  Using profiles dir at .
[2026-03-28T03:05:10.804+0000] {subprocess.py:93} INFO - [0m03:05:10  Using profiles.yml file at ./profiles.yml
[2026-03-28T03:05:10.804+0000] {subprocess.py:93} INFO - [0m03:05:10  Using dbt_project.yml file at /opt/airflow/dbt_project/dbt_project.yml
[2026-03-28T03:05:10.805+0000] {subprocess.py:93} INFO - [0m03:05:10  adapter type: postgres
[2026-03-28T03:05:10.806+0000] {subprocess.py:93} INFO - [0m03:05:10  adapter version: 1.8.2
[2026-03-28T03:05:10.907+0000] {subprocess.py:93} INFO - [0m03:05:10  Configuration:
[2026-03-28T03:05:10.908+0000] {subprocess.py:93} INFO - [0m03:05:10    profiles.yml file [[32mOK found and valid[0m]
[2026-03-28T03:05:10.908+0000] {subprocess.py:93} INFO - [0m03:05:10    dbt_project.yml file [[32mOK found and valid[0m]
[2026-03-28T03:05:10.909+0000] {subprocess.py:93} INFO - [0m03:05:10  Required dependencies:
[2026-03-28T03:05:10.915+0000] {subprocess.py:93} INFO - [0m03:05:10   - git [[31mERROR[0m]
[2026-03-28T03:05:10.915+0000] {subprocess.py:93} INFO - 
[2026-03-28T03:05:10.916+0000] {subprocess.py:93} INFO - [0m03:05:10  Connection:
[2026-03-28T03:05:10.916+0000] {subprocess.py:93} INFO - [0m03:05:10    host: postgres
[2026-03-28T03:05:10.916+0000] {subprocess.py:93} INFO - [0m03:05:10    port: 5432
[2026-03-28T03:05:10.917+0000] {subprocess.py:93} INFO - [0m03:05:10    user: admin
[2026-03-28T03:05:10.917+0000] {subprocess.py:93} INFO - [0m03:05:10    database: logistics_db
[2026-03-28T03:05:10.918+0000] {subprocess.py:93} INFO - [0m03:05:10    schema: public
[2026-03-28T03:05:10.918+0000] {subprocess.py:93} INFO - [0m03:05:10    connect_timeout: 10
[2026-03-28T03:05:10.919+0000] {subprocess.py:93} INFO - [0m03:05:10    role: None
[2026-03-28T03:05:10.919+0000] {subprocess.py:93} INFO - [0m03:05:10    search_path: None
[2026-03-28T03:05:10.920+0000] {subprocess.py:93} INFO - [0m03:05:10    keepalives_idle: 0
[2026-03-28T03:05:10.920+0000] {subprocess.py:93} INFO - [0m03:05:10    sslmode: None
[2026-03-28T03:05:10.920+0000] {subprocess.py:93} INFO - [0m03:05:10    sslcert: None
[2026-03-28T03:05:10.921+0000] {subprocess.py:93} INFO - [0m03:05:10    sslkey: None
[2026-03-28T03:05:10.921+0000] {subprocess.py:93} INFO - [0m03:05:10    sslrootcert: None
[2026-03-28T03:05:10.922+0000] {subprocess.py:93} INFO - [0m03:05:10    application_name: dbt
[2026-03-28T03:05:10.922+0000] {subprocess.py:93} INFO - [0m03:05:10    retries: 1
[2026-03-28T03:05:10.923+0000] {subprocess.py:93} INFO - [0m03:05:10  Registered adapter: postgres=1.8.2
[2026-03-28T03:05:10.975+0000] {subprocess.py:93} INFO - [0m03:05:10    Connection test: [[32mOK connection ok[0m]
[2026-03-28T03:05:10.975+0000] {subprocess.py:93} INFO - 
[2026-03-28T03:05:10.975+0000] {subprocess.py:93} INFO - [0m03:05:10  [31m1 check failed:[0m
[2026-03-28T03:05:10.976+0000] {subprocess.py:93} INFO - [0m03:05:10  Error from git --help: User does not have permissions for this command: "git"
[2026-03-28T03:05:10.976+0000] {subprocess.py:93} INFO - 
[2026-03-28T03:05:12.262+0000] {subprocess.py:93} INFO - Ignore Git Error
[2026-03-28T03:05:12.269+0000] {subprocess.py:97} INFO - Command exited with return code 0
[2026-03-28T03:05:12.333+0000] {taskinstance.py:1398} INFO - Marking task as SUCCESS. dag_id=logistics_pipeline_v3, task_id=check_dbt_connection, execution_date=20260328T030505, start_date=20260328T030507, end_date=20260328T030512
[2026-03-28T03:05:12.390+0000] {local_task_job_runner.py:228} INFO - Task exited with return code 0
[2026-03-28T03:05:12.441+0000] {taskinstance.py:2776} INFO - 1 downstream tasks scheduled from follow-on schedule check
