[2026-03-29T01:25:39.134+0000] {taskinstance.py:1157} INFO - Dependencies all met for dep_context=non-requeueable deps ti=<TaskInstance: logistics_pipeline_v3.check_dbt_connection manual__2026-03-29T01:25:37.745784+00:00 [queued]>
[2026-03-29T01:25:39.159+0000] {taskinstance.py:1157} INFO - Dependencies all met for dep_context=requeueable deps ti=<TaskInstance: logistics_pipeline_v3.check_dbt_connection manual__2026-03-29T01:25:37.745784+00:00 [queued]>
[2026-03-29T01:25:39.159+0000] {taskinstance.py:1359} INFO - Starting attempt 1 of 2
[2026-03-29T01:25:39.191+0000] {taskinstance.py:1380} INFO - Executing <Task(BashOperator): check_dbt_connection> on 2026-03-29 01:25:37.745784+00:00
[2026-03-29T01:25:39.204+0000] {standard_task_runner.py:57} INFO - Started process 966 to run task
[2026-03-29T01:25:39.215+0000] {standard_task_runner.py:84} INFO - Running: ['airflow', 'tasks', 'run', 'logistics_pipeline_v3', 'check_dbt_connection', 'manual__2026-03-29T01:25:37.745784+00:00', '--job-id', '15', '--raw', '--subdir', 'DAGS_FOLDER/smartflow_dag.py', '--cfg-path', '/tmp/tmpuwg03xcb']
[2026-03-29T01:25:39.220+0000] {standard_task_runner.py:85} INFO - Job 15: Subtask check_dbt_connection
[2026-03-29T01:25:39.382+0000] {task_command.py:415} INFO - Running <TaskInstance: logistics_pipeline_v3.check_dbt_connection manual__2026-03-29T01:25:37.745784+00:00 [running]> on host 98eed5e96431
[2026-03-29T01:25:39.726+0000] {taskinstance.py:1660} INFO - Exporting env vars: AIRFLOW_CTX_DAG_OWNER='Rawan' AIRFLOW_CTX_DAG_ID='logistics_pipeline_v3' AIRFLOW_CTX_TASK_ID='check_dbt_connection' AIRFLOW_CTX_EXECUTION_DATE='2026-03-29T01:25:37.745784+00:00' AIRFLOW_CTX_TRY_NUMBER='1' AIRFLOW_CTX_DAG_RUN_ID='manual__2026-03-29T01:25:37.745784+00:00'
[2026-03-29T01:25:39.729+0000] {subprocess.py:63} INFO - Tmp dir root location: /tmp
[2026-03-29T01:25:39.737+0000] {subprocess.py:75} INFO - Running command: ['/bin/bash', '-c', 'cd /opt/airflow/dbt_project && dbt debug --profiles-dir . || echo "Ignore Git Error"']
[2026-03-29T01:25:39.767+0000] {subprocess.py:86} INFO - Output:
[2026-03-29T01:25:45.134+0000] {subprocess.py:93} INFO - [0m01:25:45  Running with dbt=1.8.0
[2026-03-29T01:25:45.155+0000] {subprocess.py:93} INFO - [0m01:25:45  dbt version: 1.8.0
[2026-03-29T01:25:45.156+0000] {subprocess.py:93} INFO - [0m01:25:45  python version: 3.8.18
[2026-03-29T01:25:45.158+0000] {subprocess.py:93} INFO - [0m01:25:45  python path: /usr/local/bin/python
[2026-03-29T01:25:45.163+0000] {subprocess.py:93} INFO - [0m01:25:45  os info: Linux-6.6.87.2-microsoft-standard-WSL2-x86_64-with-glibc2.2.5
[2026-03-29T01:25:43.357+0000] {subprocess.py:93} INFO - [0m01:25:43  Using profiles dir at .
[2026-03-29T01:25:43.359+0000] {subprocess.py:93} INFO - [0m01:25:43  Using profiles.yml file at ./profiles.yml
[2026-03-29T01:25:43.360+0000] {subprocess.py:93} INFO - [0m01:25:43  Using dbt_project.yml file at /opt/airflow/dbt_project/dbt_project.yml
[2026-03-29T01:25:43.363+0000] {subprocess.py:93} INFO - [0m01:25:43  adapter type: postgres
[2026-03-29T01:25:43.369+0000] {subprocess.py:93} INFO - [0m01:25:43  adapter version: 1.8.0
[2026-03-29T01:25:43.704+0000] {subprocess.py:93} INFO - [0m01:25:43  Configuration:
[2026-03-29T01:25:43.704+0000] {subprocess.py:93} INFO - [0m01:25:43    profiles.yml file [[32mOK found and valid[0m]
[2026-03-29T01:25:43.705+0000] {subprocess.py:93} INFO - [0m01:25:43    dbt_project.yml file [[32mOK found and valid[0m]
[2026-03-29T01:25:43.706+0000] {subprocess.py:93} INFO - [0m01:25:43  Required dependencies:
[2026-03-29T01:25:43.717+0000] {subprocess.py:93} INFO - [0m01:25:43   - git [[31mERROR[0m]
[2026-03-29T01:25:43.718+0000] {subprocess.py:93} INFO - 
[2026-03-29T01:25:43.719+0000] {subprocess.py:93} INFO - [0m01:25:43  Connection:
[2026-03-29T01:25:43.722+0000] {subprocess.py:93} INFO - [0m01:25:43    host: postgres
[2026-03-29T01:25:43.722+0000] {subprocess.py:93} INFO - [0m01:25:43    port: 5432
[2026-03-29T01:25:43.724+0000] {subprocess.py:93} INFO - [0m01:25:43    user: admin
[2026-03-29T01:25:43.725+0000] {subprocess.py:93} INFO - [0m01:25:43    database: logistics_db
[2026-03-29T01:25:43.728+0000] {subprocess.py:93} INFO - [0m01:25:43    schema: public
[2026-03-29T01:25:43.729+0000] {subprocess.py:93} INFO - [0m01:25:43    connect_timeout: 10
[2026-03-29T01:25:43.732+0000] {subprocess.py:93} INFO - [0m01:25:43    role: None
[2026-03-29T01:25:43.736+0000] {subprocess.py:93} INFO - [0m01:25:43    search_path: None
[2026-03-29T01:25:43.736+0000] {subprocess.py:93} INFO - [0m01:25:43    keepalives_idle: 0
[2026-03-29T01:25:43.745+0000] {subprocess.py:93} INFO - [0m01:25:43    sslmode: None
[2026-03-29T01:25:43.746+0000] {subprocess.py:93} INFO - [0m01:25:43    sslcert: None
[2026-03-29T01:25:43.747+0000] {subprocess.py:93} INFO - [0m01:25:43    sslkey: None
[2026-03-29T01:25:43.748+0000] {subprocess.py:93} INFO - [0m01:25:43    sslrootcert: None
[2026-03-29T01:25:43.748+0000] {subprocess.py:93} INFO - [0m01:25:43    application_name: dbt
[2026-03-29T01:25:43.749+0000] {subprocess.py:93} INFO - [0m01:25:43    retries: 1
[2026-03-29T01:25:43.749+0000] {subprocess.py:93} INFO - [0m01:25:43  Registered adapter: postgres=1.8.0
[2026-03-29T01:25:43.886+0000] {subprocess.py:93} INFO - [0m01:25:43    Connection test: [[32mOK connection ok[0m]
[2026-03-29T01:25:43.886+0000] {subprocess.py:93} INFO - 
[2026-03-29T01:25:43.887+0000] {subprocess.py:93} INFO - [0m01:25:43  [31m1 check failed:[0m
[2026-03-29T01:25:43.889+0000] {subprocess.py:93} INFO - [0m01:25:43  Error from git --help: User does not have permissions for this command: "git"
[2026-03-29T01:25:43.889+0000] {subprocess.py:93} INFO - 
[2026-03-29T01:25:45.133+0000] {subprocess.py:93} INFO - Ignore Git Error
[2026-03-29T01:25:45.140+0000] {subprocess.py:97} INFO - Command exited with return code 0
[2026-03-29T01:25:45.251+0000] {taskinstance.py:1398} INFO - Marking task as SUCCESS. dag_id=logistics_pipeline_v3, task_id=check_dbt_connection, execution_date=20260329T012537, start_date=20260329T012539, end_date=20260329T012545
[2026-03-29T01:25:45.317+0000] {local_task_job_runner.py:228} INFO - Task exited with return code 0
[2026-03-29T01:25:45.408+0000] {taskinstance.py:2776} INFO - 1 downstream tasks scheduled from follow-on schedule check
