[2026-03-28T03:03:41.452+0000] {taskinstance.py:1157} INFO - Dependencies all met for dep_context=non-requeueable deps ti=<TaskInstance: logistics_pipeline_v3.check_dbt_connection manual__2026-03-28T03:03:40.166962+00:00 [queued]>
[2026-03-28T03:03:41.461+0000] {taskinstance.py:1157} INFO - Dependencies all met for dep_context=requeueable deps ti=<TaskInstance: logistics_pipeline_v3.check_dbt_connection manual__2026-03-28T03:03:40.166962+00:00 [queued]>
[2026-03-28T03:03:41.461+0000] {taskinstance.py:1359} INFO - Starting attempt 1 of 2
[2026-03-28T03:03:41.474+0000] {taskinstance.py:1380} INFO - Executing <Task(BashOperator): check_dbt_connection> on 2026-03-28 03:03:40.166962+00:00
[2026-03-28T03:03:41.479+0000] {standard_task_runner.py:57} INFO - Started process 1135 to run task
[2026-03-28T03:03:41.482+0000] {standard_task_runner.py:84} INFO - Running: ['airflow', 'tasks', 'run', 'logistics_pipeline_v3', 'check_dbt_connection', 'manual__2026-03-28T03:03:40.166962+00:00', '--job-id', '51', '--raw', '--subdir', 'DAGS_FOLDER/smartflow_dag.py', '--cfg-path', '/tmp/tmppt2ne692']
[2026-03-28T03:03:41.485+0000] {standard_task_runner.py:85} INFO - Job 51: Subtask check_dbt_connection
[2026-03-28T03:03:41.550+0000] {task_command.py:415} INFO - Running <TaskInstance: logistics_pipeline_v3.check_dbt_connection manual__2026-03-28T03:03:40.166962+00:00 [running]> on host 22aa927a5017
[2026-03-28T03:03:41.651+0000] {taskinstance.py:1660} INFO - Exporting env vars: AIRFLOW_CTX_DAG_OWNER='Rawan' AIRFLOW_CTX_DAG_ID='logistics_pipeline_v3' AIRFLOW_CTX_TASK_ID='check_dbt_connection' AIRFLOW_CTX_EXECUTION_DATE='2026-03-28T03:03:40.166962+00:00' AIRFLOW_CTX_TRY_NUMBER='1' AIRFLOW_CTX_DAG_RUN_ID='manual__2026-03-28T03:03:40.166962+00:00'
[2026-03-28T03:03:41.652+0000] {subprocess.py:63} INFO - Tmp dir root location: /tmp
[2026-03-28T03:03:41.653+0000] {subprocess.py:75} INFO - Running command: ['/bin/bash', '-c', 'cd /opt/airflow/dbt_project && dbt debug --profiles-dir . || echo "Ignore Git Error"']
[2026-03-28T03:03:41.667+0000] {subprocess.py:86} INFO - Output:
[2026-03-28T03:03:44.381+0000] {subprocess.py:93} INFO - [0m03:03:44  Running with dbt=1.8.2
[2026-03-28T03:03:44.394+0000] {subprocess.py:93} INFO - [0m03:03:44  dbt version: 1.8.2
[2026-03-28T03:03:44.395+0000] {subprocess.py:93} INFO - [0m03:03:44  python version: 3.8.18
[2026-03-28T03:03:44.396+0000] {subprocess.py:93} INFO - [0m03:03:44  python path: /usr/local/bin/python3
[2026-03-28T03:03:44.396+0000] {subprocess.py:93} INFO - [0m03:03:44  os info: Linux-6.6.87.2-microsoft-standard-WSL2-x86_64-with-glibc2.2.5
[2026-03-28T03:03:44.501+0000] {subprocess.py:93} INFO - [0m03:03:44  Using profiles dir at .
[2026-03-28T03:03:44.502+0000] {subprocess.py:93} INFO - [0m03:03:44  Using profiles.yml file at ./profiles.yml
[2026-03-28T03:03:44.502+0000] {subprocess.py:93} INFO - [0m03:03:44  Using dbt_project.yml file at /opt/airflow/dbt_project/dbt_project.yml
[2026-03-28T03:03:44.502+0000] {subprocess.py:93} INFO - [0m03:03:44  adapter type: postgres
[2026-03-28T03:03:44.503+0000] {subprocess.py:93} INFO - [0m03:03:44  adapter version: 1.8.2
[2026-03-28T03:03:44.697+0000] {subprocess.py:93} INFO - [0m03:03:44  Configuration:
[2026-03-28T03:03:44.698+0000] {subprocess.py:93} INFO - [0m03:03:44    profiles.yml file [[32mOK found and valid[0m]
[2026-03-28T03:03:44.698+0000] {subprocess.py:93} INFO - [0m03:03:44    dbt_project.yml file [[32mOK found and valid[0m]
[2026-03-28T03:03:44.698+0000] {subprocess.py:93} INFO - [0m03:03:44  Required dependencies:
[2026-03-28T03:03:44.711+0000] {subprocess.py:93} INFO - [0m03:03:44   - git [[31mERROR[0m]
[2026-03-28T03:03:44.712+0000] {subprocess.py:93} INFO - 
[2026-03-28T03:03:44.713+0000] {subprocess.py:93} INFO - [0m03:03:44  Connection:
[2026-03-28T03:03:44.715+0000] {subprocess.py:93} INFO - [0m03:03:44    host: localhost
[2026-03-28T03:03:44.718+0000] {subprocess.py:93} INFO - [0m03:03:44    port: 5432
[2026-03-28T03:03:44.719+0000] {subprocess.py:93} INFO - [0m03:03:44    user: admin
[2026-03-28T03:03:44.720+0000] {subprocess.py:93} INFO - [0m03:03:44    database: logistics_db
[2026-03-28T03:03:44.725+0000] {subprocess.py:93} INFO - [0m03:03:44    schema: public
[2026-03-28T03:03:44.725+0000] {subprocess.py:93} INFO - [0m03:03:44    connect_timeout: 10
[2026-03-28T03:03:44.726+0000] {subprocess.py:93} INFO - [0m03:03:44    role: None
[2026-03-28T03:03:44.726+0000] {subprocess.py:93} INFO - [0m03:03:44    search_path: None
[2026-03-28T03:03:44.726+0000] {subprocess.py:93} INFO - [0m03:03:44    keepalives_idle: 0
[2026-03-28T03:03:44.726+0000] {subprocess.py:93} INFO - [0m03:03:44    sslmode: None
[2026-03-28T03:03:44.726+0000] {subprocess.py:93} INFO - [0m03:03:44    sslcert: None
[2026-03-28T03:03:44.727+0000] {subprocess.py:93} INFO - [0m03:03:44    sslkey: None
[2026-03-28T03:03:44.727+0000] {subprocess.py:93} INFO - [0m03:03:44    sslrootcert: None
[2026-03-28T03:03:44.728+0000] {subprocess.py:93} INFO - [0m03:03:44    application_name: dbt
[2026-03-28T03:03:44.728+0000] {subprocess.py:93} INFO - [0m03:03:44    retries: 1
[2026-03-28T03:03:44.730+0000] {subprocess.py:93} INFO - [0m03:03:44  Registered adapter: postgres=1.8.2
[2026-03-28T03:03:44.801+0000] {subprocess.py:93} INFO - [0m03:03:44    Connection test: [[31mERROR[0m]
[2026-03-28T03:03:44.802+0000] {subprocess.py:93} INFO - 
[2026-03-28T03:03:44.802+0000] {subprocess.py:93} INFO - [0m03:03:44  [31m2 checks failed:[0m
[2026-03-28T03:03:44.803+0000] {subprocess.py:93} INFO - [0m03:03:44  Error from git --help: User does not have permissions for this command: "git"
[2026-03-28T03:03:44.803+0000] {subprocess.py:93} INFO - 
[2026-03-28T03:03:44.804+0000] {subprocess.py:93} INFO - [0m03:03:44  dbt was unable to connect to the specified database.
[2026-03-28T03:03:44.805+0000] {subprocess.py:93} INFO - The database returned the following error:
[2026-03-28T03:03:44.805+0000] {subprocess.py:93} INFO - 
[2026-03-28T03:03:44.806+0000] {subprocess.py:93} INFO -   >Database Error
[2026-03-28T03:03:44.806+0000] {subprocess.py:93} INFO -   connection to server at "localhost" (::1), port 5432 failed: Connection refused
[2026-03-28T03:03:44.806+0000] {subprocess.py:93} INFO -   	Is the server running on that host and accepting TCP/IP connections?
[2026-03-28T03:03:44.806+0000] {subprocess.py:93} INFO -   connection to server at "localhost" (127.0.0.1), port 5432 failed: Connection refused
[2026-03-28T03:03:44.806+0000] {subprocess.py:93} INFO -   	Is the server running on that host and accepting TCP/IP connections?
[2026-03-28T03:03:44.807+0000] {subprocess.py:93} INFO - 
[2026-03-28T03:03:44.807+0000] {subprocess.py:93} INFO - 
[2026-03-28T03:03:44.807+0000] {subprocess.py:93} INFO - Check your database credentials and try again. For more information, visit:
[2026-03-28T03:03:44.807+0000] {subprocess.py:93} INFO - https://docs.getdbt.com/docs/configure-your-profile
[2026-03-28T03:03:44.808+0000] {subprocess.py:93} INFO - 
[2026-03-28T03:03:44.808+0000] {subprocess.py:93} INFO - 
[2026-03-28T03:03:45.848+0000] {subprocess.py:93} INFO - Ignore Git Error
[2026-03-28T03:03:45.857+0000] {subprocess.py:97} INFO - Command exited with return code 0
[2026-03-28T03:03:45.920+0000] {taskinstance.py:1398} INFO - Marking task as SUCCESS. dag_id=logistics_pipeline_v3, task_id=check_dbt_connection, execution_date=20260328T030340, start_date=20260328T030341, end_date=20260328T030345
[2026-03-28T03:03:45.978+0000] {local_task_job_runner.py:228} INFO - Task exited with return code 0
[2026-03-28T03:03:46.028+0000] {taskinstance.py:2776} INFO - 1 downstream tasks scheduled from follow-on schedule check
