[2026-03-28T03:02:44.999+0000] {taskinstance.py:1157} INFO - Dependencies all met for dep_context=non-requeueable deps ti=<TaskInstance: logistics_pipeline_v3.check_dbt_connection manual__2026-03-28T03:02:43.183356+00:00 [queued]>
[2026-03-28T03:02:45.015+0000] {taskinstance.py:1157} INFO - Dependencies all met for dep_context=requeueable deps ti=<TaskInstance: logistics_pipeline_v3.check_dbt_connection manual__2026-03-28T03:02:43.183356+00:00 [queued]>
[2026-03-28T03:02:45.016+0000] {taskinstance.py:1359} INFO - Starting attempt 1 of 2
[2026-03-28T03:02:45.041+0000] {taskinstance.py:1380} INFO - Executing <Task(BashOperator): check_dbt_connection> on 2026-03-28 03:02:43.183356+00:00
[2026-03-28T03:02:45.052+0000] {standard_task_runner.py:57} INFO - Started process 1084 to run task
[2026-03-28T03:02:45.058+0000] {standard_task_runner.py:84} INFO - Running: ['airflow', 'tasks', 'run', 'logistics_pipeline_v3', 'check_dbt_connection', 'manual__2026-03-28T03:02:43.183356+00:00', '--job-id', '48', '--raw', '--subdir', 'DAGS_FOLDER/smartflow_dag.py', '--cfg-path', '/tmp/tmpqy7nah3g']
[2026-03-28T03:02:45.062+0000] {standard_task_runner.py:85} INFO - Job 48: Subtask check_dbt_connection
[2026-03-28T03:02:45.175+0000] {task_command.py:415} INFO - Running <TaskInstance: logistics_pipeline_v3.check_dbt_connection manual__2026-03-28T03:02:43.183356+00:00 [running]> on host 22aa927a5017
[2026-03-28T03:02:45.376+0000] {taskinstance.py:1660} INFO - Exporting env vars: AIRFLOW_CTX_DAG_OWNER='Rawan' AIRFLOW_CTX_DAG_ID='logistics_pipeline_v3' AIRFLOW_CTX_TASK_ID='check_dbt_connection' AIRFLOW_CTX_EXECUTION_DATE='2026-03-28T03:02:43.183356+00:00' AIRFLOW_CTX_TRY_NUMBER='1' AIRFLOW_CTX_DAG_RUN_ID='manual__2026-03-28T03:02:43.183356+00:00'
[2026-03-28T03:02:45.379+0000] {subprocess.py:63} INFO - Tmp dir root location: /tmp
[2026-03-28T03:02:45.380+0000] {subprocess.py:75} INFO - Running command: ['/bin/bash', '-c', 'cd /opt/airflow/dbt_project && dbt debug --profiles-dir . || echo "Ignore Git Error"']
[2026-03-28T03:02:45.398+0000] {subprocess.py:86} INFO - Output:
[2026-03-28T03:02:49.344+0000] {subprocess.py:93} INFO - [0m03:02:49  Running with dbt=1.8.2
[2026-03-28T03:02:49.363+0000] {subprocess.py:93} INFO - [0m03:02:49  dbt version: 1.8.2
[2026-03-28T03:02:49.364+0000] {subprocess.py:93} INFO - [0m03:02:49  python version: 3.8.18
[2026-03-28T03:02:49.365+0000] {subprocess.py:93} INFO - [0m03:02:49  python path: /usr/local/bin/python3
[2026-03-28T03:02:49.368+0000] {subprocess.py:93} INFO - [0m03:02:49  os info: Linux-6.6.87.2-microsoft-standard-WSL2-x86_64-with-glibc2.2.5
[2026-03-28T03:02:49.460+0000] {subprocess.py:93} INFO - [0m03:02:49  Using profiles dir at .
[2026-03-28T03:02:49.460+0000] {subprocess.py:93} INFO - [0m03:02:49  Using profiles.yml file at ./profiles.yml
[2026-03-28T03:02:49.461+0000] {subprocess.py:93} INFO - [0m03:02:49  Using dbt_project.yml file at /opt/airflow/dbt_project/dbt_project.yml
[2026-03-28T03:02:49.462+0000] {subprocess.py:93} INFO - [0m03:02:49  adapter type: postgres
[2026-03-28T03:02:49.463+0000] {subprocess.py:93} INFO - [0m03:02:49  adapter version: 1.8.2
[2026-03-28T03:02:49.589+0000] {subprocess.py:93} INFO - [0m03:02:49  Configuration:
[2026-03-28T03:02:49.589+0000] {subprocess.py:93} INFO - [0m03:02:49    profiles.yml file [[32mOK found and valid[0m]
[2026-03-28T03:02:49.590+0000] {subprocess.py:93} INFO - [0m03:02:49    dbt_project.yml file [[32mOK found and valid[0m]
[2026-03-28T03:02:49.590+0000] {subprocess.py:93} INFO - [0m03:02:49  Required dependencies:
[2026-03-28T03:02:49.598+0000] {subprocess.py:93} INFO - [0m03:02:49   - git [[31mERROR[0m]
[2026-03-28T03:02:49.598+0000] {subprocess.py:93} INFO - 
[2026-03-28T03:02:49.598+0000] {subprocess.py:93} INFO - [0m03:02:49  Connection:
[2026-03-28T03:02:49.599+0000] {subprocess.py:93} INFO - [0m03:02:49    host: localhost
[2026-03-28T03:02:49.599+0000] {subprocess.py:93} INFO - [0m03:02:49    port: 5432
[2026-03-28T03:02:49.600+0000] {subprocess.py:93} INFO - [0m03:02:49    user: admin
[2026-03-28T03:02:49.600+0000] {subprocess.py:93} INFO - [0m03:02:49    database: logistics_db
[2026-03-28T03:02:49.601+0000] {subprocess.py:93} INFO - [0m03:02:49    schema: public
[2026-03-28T03:02:49.601+0000] {subprocess.py:93} INFO - [0m03:02:49    connect_timeout: 10
[2026-03-28T03:02:49.602+0000] {subprocess.py:93} INFO - [0m03:02:49    role: None
[2026-03-28T03:02:49.602+0000] {subprocess.py:93} INFO - [0m03:02:49    search_path: None
[2026-03-28T03:02:49.603+0000] {subprocess.py:93} INFO - [0m03:02:49    keepalives_idle: 0
[2026-03-28T03:02:49.603+0000] {subprocess.py:93} INFO - [0m03:02:49    sslmode: None
[2026-03-28T03:02:49.604+0000] {subprocess.py:93} INFO - [0m03:02:49    sslcert: None
[2026-03-28T03:02:49.604+0000] {subprocess.py:93} INFO - [0m03:02:49    sslkey: None
[2026-03-28T03:02:49.605+0000] {subprocess.py:93} INFO - [0m03:02:49    sslrootcert: None
[2026-03-28T03:02:49.605+0000] {subprocess.py:93} INFO - [0m03:02:49    application_name: dbt
[2026-03-28T03:02:49.605+0000] {subprocess.py:93} INFO - [0m03:02:49    retries: 1
[2026-03-28T03:02:49.606+0000] {subprocess.py:93} INFO - [0m03:02:49  Registered adapter: postgres=1.8.2
[2026-03-28T03:02:49.662+0000] {subprocess.py:93} INFO - [0m03:02:49    Connection test: [[31mERROR[0m]
[2026-03-28T03:02:49.662+0000] {subprocess.py:93} INFO - 
[2026-03-28T03:02:49.662+0000] {subprocess.py:93} INFO - [0m03:02:49  [31m2 checks failed:[0m
[2026-03-28T03:02:49.663+0000] {subprocess.py:93} INFO - [0m03:02:49  Error from git --help: User does not have permissions for this command: "git"
[2026-03-28T03:02:49.663+0000] {subprocess.py:93} INFO - 
[2026-03-28T03:02:49.663+0000] {subprocess.py:93} INFO - [0m03:02:49  dbt was unable to connect to the specified database.
[2026-03-28T03:02:49.663+0000] {subprocess.py:93} INFO - The database returned the following error:
[2026-03-28T03:02:49.663+0000] {subprocess.py:93} INFO - 
[2026-03-28T03:02:49.664+0000] {subprocess.py:93} INFO -   >Database Error
[2026-03-28T03:02:49.664+0000] {subprocess.py:93} INFO -   connection to server at "localhost" (::1), port 5432 failed: Connection refused
[2026-03-28T03:02:49.664+0000] {subprocess.py:93} INFO -   	Is the server running on that host and accepting TCP/IP connections?
[2026-03-28T03:02:49.664+0000] {subprocess.py:93} INFO -   connection to server at "localhost" (127.0.0.1), port 5432 failed: Connection refused
[2026-03-28T03:02:49.664+0000] {subprocess.py:93} INFO -   	Is the server running on that host and accepting TCP/IP connections?
[2026-03-28T03:02:49.664+0000] {subprocess.py:93} INFO - 
[2026-03-28T03:02:49.664+0000] {subprocess.py:93} INFO - 
[2026-03-28T03:02:49.665+0000] {subprocess.py:93} INFO - Check your database credentials and try again. For more information, visit:
[2026-03-28T03:02:49.665+0000] {subprocess.py:93} INFO - https://docs.getdbt.com/docs/configure-your-profile
[2026-03-28T03:02:49.665+0000] {subprocess.py:93} INFO - 
[2026-03-28T03:02:49.665+0000] {subprocess.py:93} INFO - 
[2026-03-28T03:02:50.922+0000] {subprocess.py:93} INFO - Ignore Git Error
[2026-03-28T03:02:50.934+0000] {subprocess.py:97} INFO - Command exited with return code 0
[2026-03-28T03:02:50.996+0000] {taskinstance.py:1398} INFO - Marking task as SUCCESS. dag_id=logistics_pipeline_v3, task_id=check_dbt_connection, execution_date=20260328T030243, start_date=20260328T030245, end_date=20260328T030250
[2026-03-28T03:02:51.065+0000] {local_task_job_runner.py:228} INFO - Task exited with return code 0
[2026-03-28T03:02:51.117+0000] {taskinstance.py:2776} INFO - 1 downstream tasks scheduled from follow-on schedule check
