[2026-03-28T05:20:10.844+0000] {taskinstance.py:1157} INFO - Dependencies all met for dep_context=non-requeueable deps ti=<TaskInstance: logistics_pipeline_v3.check_dbt_connection manual__2026-03-28T05:20:09.951530+00:00 [queued]>
[2026-03-28T05:20:10.851+0000] {taskinstance.py:1157} INFO - Dependencies all met for dep_context=requeueable deps ti=<TaskInstance: logistics_pipeline_v3.check_dbt_connection manual__2026-03-28T05:20:09.951530+00:00 [queued]>
[2026-03-28T05:20:10.852+0000] {taskinstance.py:1359} INFO - Starting attempt 1 of 2
[2026-03-28T05:20:10.863+0000] {taskinstance.py:1380} INFO - Executing <Task(BashOperator): check_dbt_connection> on 2026-03-28 05:20:09.951530+00:00
[2026-03-28T05:20:10.868+0000] {standard_task_runner.py:57} INFO - Started process 1201 to run task
[2026-03-28T05:20:10.870+0000] {standard_task_runner.py:84} INFO - Running: ['airflow', 'tasks', 'run', 'logistics_pipeline_v3', 'check_dbt_connection', 'manual__2026-03-28T05:20:09.951530+00:00', '--job-id', '26', '--raw', '--subdir', 'DAGS_FOLDER/smartflow_dag.py', '--cfg-path', '/tmp/tmp4jaikzv3']
[2026-03-28T05:20:10.873+0000] {standard_task_runner.py:85} INFO - Job 26: Subtask check_dbt_connection
[2026-03-28T05:20:10.930+0000] {task_command.py:415} INFO - Running <TaskInstance: logistics_pipeline_v3.check_dbt_connection manual__2026-03-28T05:20:09.951530+00:00 [running]> on host 97e90436ed10
[2026-03-28T05:20:11.023+0000] {taskinstance.py:1660} INFO - Exporting env vars: AIRFLOW_CTX_DAG_OWNER='Rawan' AIRFLOW_CTX_DAG_ID='logistics_pipeline_v3' AIRFLOW_CTX_TASK_ID='check_dbt_connection' AIRFLOW_CTX_EXECUTION_DATE='2026-03-28T05:20:09.951530+00:00' AIRFLOW_CTX_TRY_NUMBER='1' AIRFLOW_CTX_DAG_RUN_ID='manual__2026-03-28T05:20:09.951530+00:00'
[2026-03-28T05:20:11.024+0000] {subprocess.py:63} INFO - Tmp dir root location: /tmp
[2026-03-28T05:20:11.025+0000] {subprocess.py:75} INFO - Running command: ['/bin/bash', '-c', 'cd /opt/airflow/dbt_project && dbt debug --profiles-dir . || echo "Ignore Git Error"']
[2026-03-28T05:20:11.033+0000] {subprocess.py:86} INFO - Output:
[2026-03-28T05:20:12.512+0000] {subprocess.py:93} INFO - [0m05:20:12  Running with dbt=1.8.0
[2026-03-28T05:20:12.521+0000] {subprocess.py:93} INFO - [0m05:20:12  dbt version: 1.8.0
[2026-03-28T05:20:12.521+0000] {subprocess.py:93} INFO - [0m05:20:12  python version: 3.8.18
[2026-03-28T05:20:12.522+0000] {subprocess.py:93} INFO - [0m05:20:12  python path: /usr/local/bin/python3
[2026-03-28T05:20:12.522+0000] {subprocess.py:93} INFO - [0m05:20:12  os info: Linux-6.6.87.2-microsoft-standard-WSL2-x86_64-with-glibc2.2.5
[2026-03-28T05:20:12.577+0000] {subprocess.py:93} INFO - [0m05:20:12  Using profiles dir at .
[2026-03-28T05:20:12.578+0000] {subprocess.py:93} INFO - [0m05:20:12  Using profiles.yml file at ./profiles.yml
[2026-03-28T05:20:12.578+0000] {subprocess.py:93} INFO - [0m05:20:12  Using dbt_project.yml file at /opt/airflow/dbt_project/dbt_project.yml
[2026-03-28T05:20:12.579+0000] {subprocess.py:93} INFO - [0m05:20:12  adapter type: postgres
[2026-03-28T05:20:12.579+0000] {subprocess.py:93} INFO - [0m05:20:12  adapter version: 1.8.0
[2026-03-28T05:20:12.678+0000] {subprocess.py:93} INFO - [0m05:20:12  Configuration:
[2026-03-28T05:20:12.678+0000] {subprocess.py:93} INFO - [0m05:20:12    profiles.yml file [[32mOK found and valid[0m]
[2026-03-28T05:20:12.679+0000] {subprocess.py:93} INFO - [0m05:20:12    dbt_project.yml file [[32mOK found and valid[0m]
[2026-03-28T05:20:12.679+0000] {subprocess.py:93} INFO - [0m05:20:12  Required dependencies:
[2026-03-28T05:20:12.685+0000] {subprocess.py:93} INFO - [0m05:20:12   - git [[31mERROR[0m]
[2026-03-28T05:20:12.685+0000] {subprocess.py:93} INFO - 
[2026-03-28T05:20:12.685+0000] {subprocess.py:93} INFO - [0m05:20:12  Connection:
[2026-03-28T05:20:12.685+0000] {subprocess.py:93} INFO - [0m05:20:12    host: postgres
[2026-03-28T05:20:12.686+0000] {subprocess.py:93} INFO - [0m05:20:12    port: 5432
[2026-03-28T05:20:12.686+0000] {subprocess.py:93} INFO - [0m05:20:12    user: admin
[2026-03-28T05:20:12.687+0000] {subprocess.py:93} INFO - [0m05:20:12    database: logistics_db
[2026-03-28T05:20:12.687+0000] {subprocess.py:93} INFO - [0m05:20:12    schema: public
[2026-03-28T05:20:12.687+0000] {subprocess.py:93} INFO - [0m05:20:12    connect_timeout: 10
[2026-03-28T05:20:12.688+0000] {subprocess.py:93} INFO - [0m05:20:12    role: None
[2026-03-28T05:20:12.688+0000] {subprocess.py:93} INFO - [0m05:20:12    search_path: None
[2026-03-28T05:20:12.689+0000] {subprocess.py:93} INFO - [0m05:20:12    keepalives_idle: 0
[2026-03-28T05:20:12.689+0000] {subprocess.py:93} INFO - [0m05:20:12    sslmode: None
[2026-03-28T05:20:12.689+0000] {subprocess.py:93} INFO - [0m05:20:12    sslcert: None
[2026-03-28T05:20:12.690+0000] {subprocess.py:93} INFO - [0m05:20:12    sslkey: None
[2026-03-28T05:20:12.690+0000] {subprocess.py:93} INFO - [0m05:20:12    sslrootcert: None
[2026-03-28T05:20:12.691+0000] {subprocess.py:93} INFO - [0m05:20:12    application_name: dbt
[2026-03-28T05:20:12.691+0000] {subprocess.py:93} INFO - [0m05:20:12    retries: 1
[2026-03-28T05:20:12.692+0000] {subprocess.py:93} INFO - [0m05:20:12  Registered adapter: postgres=1.8.0
[2026-03-28T05:20:12.744+0000] {subprocess.py:93} INFO - [0m05:20:12    Connection test: [[32mOK connection ok[0m]
[2026-03-28T05:20:12.744+0000] {subprocess.py:93} INFO - 
[2026-03-28T05:20:12.744+0000] {subprocess.py:93} INFO - [0m05:20:12  [31m1 check failed:[0m
[2026-03-28T05:20:12.745+0000] {subprocess.py:93} INFO - [0m05:20:12  Error from git --help: User does not have permissions for this command: "git"
[2026-03-28T05:20:12.745+0000] {subprocess.py:93} INFO - 
[2026-03-28T05:20:13.627+0000] {subprocess.py:93} INFO - Ignore Git Error
[2026-03-28T05:20:13.632+0000] {subprocess.py:97} INFO - Command exited with return code 0
[2026-03-28T05:20:13.666+0000] {taskinstance.py:1398} INFO - Marking task as SUCCESS. dag_id=logistics_pipeline_v3, task_id=check_dbt_connection, execution_date=20260328T052009, start_date=20260328T052010, end_date=20260328T052013
[2026-03-28T05:20:13.690+0000] {local_task_job_runner.py:228} INFO - Task exited with return code 0
[2026-03-28T05:20:13.720+0000] {taskinstance.py:2776} INFO - 1 downstream tasks scheduled from follow-on schedule check
