[2026-03-29T01:26:00.247+0000] {taskinstance.py:1157} INFO - Dependencies all met for dep_context=non-requeueable deps ti=<TaskInstance: logistics_pipeline_v3.dbt_run manual__2026-03-29T01:25:38.356689+00:00 [queued]>
[2026-03-29T01:26:00.261+0000] {taskinstance.py:1157} INFO - Dependencies all met for dep_context=requeueable deps ti=<TaskInstance: logistics_pipeline_v3.dbt_run manual__2026-03-29T01:25:38.356689+00:00 [queued]>
[2026-03-29T01:26:00.261+0000] {taskinstance.py:1359} INFO - Starting attempt 1 of 2
[2026-03-29T01:26:00.281+0000] {taskinstance.py:1380} INFO - Executing <Task(BashOperator): dbt_run> on 2026-03-29 01:25:38.356689+00:00
[2026-03-29T01:26:00.288+0000] {standard_task_runner.py:57} INFO - Started process 1069 to run task
[2026-03-29T01:26:00.294+0000] {standard_task_runner.py:84} INFO - Running: ['airflow', 'tasks', 'run', 'logistics_pipeline_v3', 'dbt_run', 'manual__2026-03-29T01:25:38.356689+00:00', '--job-id', '35', '--raw', '--subdir', 'DAGS_FOLDER/smartflow_dag.py', '--cfg-path', '/tmp/tmp9asv_oc5']
[2026-03-29T01:26:00.298+0000] {standard_task_runner.py:85} INFO - Job 35: Subtask dbt_run
[2026-03-29T01:26:00.389+0000] {task_command.py:415} INFO - Running <TaskInstance: logistics_pipeline_v3.dbt_run manual__2026-03-29T01:25:38.356689+00:00 [running]> on host 98eed5e96431
[2026-03-29T01:26:00.545+0000] {taskinstance.py:1660} INFO - Exporting env vars: AIRFLOW_CTX_DAG_OWNER='Rawan' AIRFLOW_CTX_DAG_ID='logistics_pipeline_v3' AIRFLOW_CTX_TASK_ID='dbt_run' AIRFLOW_CTX_EXECUTION_DATE='2026-03-29T01:25:38.356689+00:00' AIRFLOW_CTX_TRY_NUMBER='1' AIRFLOW_CTX_DAG_RUN_ID='manual__2026-03-29T01:25:38.356689+00:00'
[2026-03-29T01:26:00.547+0000] {subprocess.py:63} INFO - Tmp dir root location: /tmp
[2026-03-29T01:26:00.549+0000] {subprocess.py:75} INFO - Running command: ['/bin/bash', '-c', 'cd /opt/airflow/dbt_project && dbt run --profiles-dir .']
[2026-03-29T01:26:00.564+0000] {subprocess.py:86} INFO - Output:
[2026-03-29T01:26:03.861+0000] {subprocess.py:93} INFO - [0m01:26:03  Running with dbt=1.8.0
[2026-03-29T01:26:04.377+0000] {subprocess.py:93} INFO - [0m01:26:04  Registered adapter: postgres=1.8.0
[2026-03-29T01:26:05.687+0000] {subprocess.py:93} INFO - [0m01:26:05  Found 1 model, 3 data tests, 1 source, 423 macros
[2026-03-29T01:26:05.691+0000] {subprocess.py:93} INFO - [0m01:26:05
[2026-03-29T01:26:05.939+0000] {subprocess.py:93} INFO - [0m01:26:05  Concurrency: 4 threads (target='dev')
[2026-03-29T01:26:05.940+0000] {subprocess.py:93} INFO - [0m01:26:05
[2026-03-29T01:26:05.951+0000] {subprocess.py:93} INFO - [0m01:26:05  1 of 1 START sql table model public_analytics.courier_performance .............. [RUN]
[2026-03-29T01:26:08.037+0000] {subprocess.py:93} INFO - [0m01:26:08  1 of 1 ERROR creating sql table model public_analytics.courier_performance ..... [[31mERROR[0m in 2.07s]
[2026-03-29T01:26:08.084+0000] {subprocess.py:93} INFO - [0m01:26:08
[2026-03-29T01:26:08.085+0000] {subprocess.py:93} INFO - [0m01:26:08  Finished running 1 table model in 0 hours 0 minutes and 2.39 seconds (2.39s).
[2026-03-29T01:26:08.215+0000] {subprocess.py:93} INFO - [0m01:26:08
[2026-03-29T01:26:08.218+0000] {subprocess.py:93} INFO - [0m01:26:08  [31mCompleted with 1 error and 0 warnings:[0m
[2026-03-29T01:26:08.220+0000] {subprocess.py:93} INFO - [0m01:26:08
[2026-03-29T01:26:08.223+0000] {subprocess.py:93} INFO - [0m01:26:08    Database Error in model courier_performance (models/courier_performance.sql)
[2026-03-29T01:26:08.223+0000] {subprocess.py:93} INFO -   deadlock detected
[2026-03-29T01:26:08.223+0000] {subprocess.py:93} INFO -   DETAIL:  Process 5999 waits for ShareLock on transaction 6526; blocked by process 5997.
[2026-03-29T01:26:08.223+0000] {subprocess.py:93} INFO -   Process 5997 waits for AccessExclusiveLock on relation 16994 of database 16384; blocked by process 5999.
[2026-03-29T01:26:08.226+0000] {subprocess.py:93} INFO -   HINT:  See server log for query details.
[2026-03-29T01:26:08.228+0000] {subprocess.py:93} INFO -   CONTEXT:  while inserting index tuple (16,70) in relation "pg_type_typname_nsp_index"
[2026-03-29T01:26:08.228+0000] {subprocess.py:93} INFO -   compiled code at target/run/dbt_logistics/models/courier_performance.sql
[2026-03-29T01:26:08.228+0000] {subprocess.py:93} INFO - [0m01:26:08
[2026-03-29T01:26:08.232+0000] {subprocess.py:93} INFO - [0m01:26:08  Done. PASS=0 WARN=0 ERROR=1 SKIP=0 TOTAL=1
[2026-03-29T01:26:09.569+0000] {subprocess.py:97} INFO - Command exited with return code 1
[2026-03-29T01:26:09.601+0000] {taskinstance.py:1935} ERROR - Task failed with exception
Traceback (most recent call last):
  File "/home/airflow/.local/lib/python3.8/site-packages/airflow/operators/bash.py", line 210, in execute
    raise AirflowException(
airflow.exceptions.AirflowException: Bash command failed. The command returned a non-zero exit code 1.
[2026-03-29T01:26:09.609+0000] {taskinstance.py:1398} INFO - Marking task as UP_FOR_RETRY. dag_id=logistics_pipeline_v3, task_id=dbt_run, execution_date=20260329T012538, start_date=20260329T012600, end_date=20260329T012609
[2026-03-29T01:26:09.716+0000] {standard_task_runner.py:104} ERROR - Failed to execute job 35 for task dbt_run (Bash command failed. The command returned a non-zero exit code 1.; 1069)
[2026-03-29T01:26:09.769+0000] {local_task_job_runner.py:228} INFO - Task exited with return code 1
[2026-03-29T01:26:09.827+0000] {taskinstance.py:2776} INFO - 0 downstream tasks scheduled from follow-on schedule check
