[2026-03-28T01:35:30.208+0000] {taskinstance.py:1157} INFO - Dependencies all met for dep_context=non-requeueable deps ti=<TaskInstance: logistics_pipeline_v3.dbt_seed manual__2026-03-28T01:35:12.153121+00:00 [queued]>
[2026-03-28T01:35:30.219+0000] {taskinstance.py:1157} INFO - Dependencies all met for dep_context=requeueable deps ti=<TaskInstance: logistics_pipeline_v3.dbt_seed manual__2026-03-28T01:35:12.153121+00:00 [queued]>
[2026-03-28T01:35:30.220+0000] {taskinstance.py:1359} INFO - Starting attempt 1 of 2
[2026-03-28T01:35:30.237+0000] {taskinstance.py:1380} INFO - Executing <Task(BashOperator): dbt_seed> on 2026-03-28 01:35:12.153121+00:00
[2026-03-28T01:35:30.243+0000] {standard_task_runner.py:57} INFO - Started process 785 to run task
[2026-03-28T01:35:30.248+0000] {standard_task_runner.py:84} INFO - Running: ['airflow', 'tasks', 'run', 'logistics_pipeline_v3', 'dbt_seed', 'manual__2026-03-28T01:35:12.153121+00:00', '--job-id', '19', '--raw', '--subdir', 'DAGS_FOLDER/smartflow_dag.py', '--cfg-path', '/tmp/tmpn_c31aw9']
[2026-03-28T01:35:30.251+0000] {standard_task_runner.py:85} INFO - Job 19: Subtask dbt_seed
[2026-03-28T01:35:30.327+0000] {task_command.py:415} INFO - Running <TaskInstance: logistics_pipeline_v3.dbt_seed manual__2026-03-28T01:35:12.153121+00:00 [running]> on host 22aa927a5017
[2026-03-28T01:35:30.438+0000] {taskinstance.py:1660} INFO - Exporting env vars: AIRFLOW_CTX_DAG_OWNER='Rawan' AIRFLOW_CTX_DAG_ID='logistics_pipeline_v3' AIRFLOW_CTX_TASK_ID='dbt_seed' AIRFLOW_CTX_EXECUTION_DATE='2026-03-28T01:35:12.153121+00:00' AIRFLOW_CTX_TRY_NUMBER='1' AIRFLOW_CTX_DAG_RUN_ID='manual__2026-03-28T01:35:12.153121+00:00'
[2026-03-28T01:35:30.439+0000] {subprocess.py:63} INFO - Tmp dir root location: /tmp
[2026-03-28T01:35:30.440+0000] {subprocess.py:75} INFO - Running command: ['/bin/bash', '-c', 'cd /opt/airflow/dbt_project && dbt seed --profiles-dir .']
[2026-03-28T01:35:30.452+0000] {subprocess.py:86} INFO - Output:
[2026-03-28T01:35:34.327+0000] {subprocess.py:93} INFO - [0m01:35:34  Running with dbt=1.8.2
[2026-03-28T01:35:35.088+0000] {subprocess.py:93} INFO - [0m01:35:35  Registered adapter: postgres=1.8.2
[2026-03-28T01:35:36.236+0000] {subprocess.py:93} INFO - [0m01:35:36  Found 1 model, 3 data tests, 423 macros
[2026-03-28T01:35:36.237+0000] {subprocess.py:93} INFO - [0m01:35:36
[2026-03-28T01:35:36.239+0000] {subprocess.py:93} INFO - [0m01:35:36  Nothing to do. Try checking your model configs and model specification args
[2026-03-28T01:35:36.346+0000] {subprocess.py:93} INFO - [0m01:35:36
[2026-03-28T01:35:36.347+0000] {subprocess.py:93} INFO - [0m01:35:36  [32mCompleted successfully[0m
[2026-03-28T01:35:36.349+0000] {subprocess.py:93} INFO - [0m01:35:36
[2026-03-28T01:35:36.352+0000] {subprocess.py:93} INFO - [0m01:35:36  Done. PASS=0 WARN=0 ERROR=0 SKIP=0 TOTAL=0
[2026-03-28T01:35:46.903+0000] {subprocess.py:97} INFO - Command exited with return code 0
[2026-03-28T01:35:46.994+0000] {taskinstance.py:1398} INFO - Marking task as SUCCESS. dag_id=logistics_pipeline_v3, task_id=dbt_seed, execution_date=20260328T013512, start_date=20260328T013530, end_date=20260328T013546
[2026-03-28T01:35:47.063+0000] {local_task_job_runner.py:228} INFO - Task exited with return code 0
[2026-03-28T01:35:47.157+0000] {taskinstance.py:2776} INFO - 0 downstream tasks scheduled from follow-on schedule check
