[2026-03-28T03:01:08.407+0000] {taskinstance.py:1157} INFO - Dependencies all met for dep_context=non-requeueable deps ti=<TaskInstance: logistics_pipeline_v3.dbt_seed manual__2026-03-28T03:01:00.680934+00:00 [queued]>
[2026-03-28T03:01:08.424+0000] {taskinstance.py:1157} INFO - Dependencies all met for dep_context=requeueable deps ti=<TaskInstance: logistics_pipeline_v3.dbt_seed manual__2026-03-28T03:01:00.680934+00:00 [queued]>
[2026-03-28T03:01:08.424+0000] {taskinstance.py:1359} INFO - Starting attempt 1 of 2
[2026-03-28T03:01:08.453+0000] {taskinstance.py:1380} INFO - Executing <Task(BashOperator): dbt_seed> on 2026-03-28 03:01:00.680934+00:00
[2026-03-28T03:01:08.462+0000] {standard_task_runner.py:57} INFO - Started process 1052 to run task
[2026-03-28T03:01:08.468+0000] {standard_task_runner.py:84} INFO - Running: ['airflow', 'tasks', 'run', 'logistics_pipeline_v3', 'dbt_seed', 'manual__2026-03-28T03:01:00.680934+00:00', '--job-id', '47', '--raw', '--subdir', 'DAGS_FOLDER/smartflow_dag.py', '--cfg-path', '/tmp/tmpg62aq2vb']
[2026-03-28T03:01:08.472+0000] {standard_task_runner.py:85} INFO - Job 47: Subtask dbt_seed
[2026-03-28T03:01:08.581+0000] {task_command.py:415} INFO - Running <TaskInstance: logistics_pipeline_v3.dbt_seed manual__2026-03-28T03:01:00.680934+00:00 [running]> on host 22aa927a5017
[2026-03-28T03:01:08.764+0000] {taskinstance.py:1660} INFO - Exporting env vars: AIRFLOW_CTX_DAG_OWNER='Rawan' AIRFLOW_CTX_DAG_ID='logistics_pipeline_v3' AIRFLOW_CTX_TASK_ID='dbt_seed' AIRFLOW_CTX_EXECUTION_DATE='2026-03-28T03:01:00.680934+00:00' AIRFLOW_CTX_TRY_NUMBER='1' AIRFLOW_CTX_DAG_RUN_ID='manual__2026-03-28T03:01:00.680934+00:00'
[2026-03-28T03:01:08.766+0000] {subprocess.py:63} INFO - Tmp dir root location: /tmp
[2026-03-28T03:01:08.768+0000] {subprocess.py:75} INFO - Running command: ['/bin/bash', '-c', 'cd /opt/airflow/dbt_project && dbt seed --profiles-dir .']
[2026-03-28T03:01:08.789+0000] {subprocess.py:86} INFO - Output:
[2026-03-28T03:01:12.532+0000] {subprocess.py:93} INFO - [0m03:01:12  Running with dbt=1.8.2
[2026-03-28T03:01:13.085+0000] {subprocess.py:93} INFO - [0m03:01:13  Registered adapter: postgres=1.8.2
[2026-03-28T03:01:13.401+0000] {subprocess.py:93} INFO - [0m03:01:13  Unable to do partial parsing because of a version mismatch
[2026-03-28T03:01:15.562+0000] {subprocess.py:93} INFO - [0m03:01:15  Encountered an error:
[2026-03-28T03:01:15.562+0000] {subprocess.py:93} INFO - Parsing Error in model dashboard (models/dashboard.py)
[2026-03-28T03:01:15.563+0000] {subprocess.py:93} INFO -   dbt allows exactly one model defined per python file, found 0
[2026-03-28T03:01:16.612+0000] {subprocess.py:97} INFO - Command exited with return code 2
[2026-03-28T03:01:16.636+0000] {taskinstance.py:1935} ERROR - Task failed with exception
Traceback (most recent call last):
  File "/home/airflow/.local/lib/python3.8/site-packages/airflow/operators/bash.py", line 210, in execute
    raise AirflowException(
airflow.exceptions.AirflowException: Bash command failed. The command returned a non-zero exit code 2.
[2026-03-28T03:01:16.642+0000] {taskinstance.py:1398} INFO - Marking task as UP_FOR_RETRY. dag_id=logistics_pipeline_v3, task_id=dbt_seed, execution_date=20260328T030100, start_date=20260328T030108, end_date=20260328T030116
[2026-03-28T03:01:16.668+0000] {standard_task_runner.py:104} ERROR - Failed to execute job 47 for task dbt_seed (Bash command failed. The command returned a non-zero exit code 2.; 1052)
[2026-03-28T03:01:16.700+0000] {local_task_job_runner.py:228} INFO - Task exited with return code 1
[2026-03-28T03:01:16.744+0000] {taskinstance.py:2776} INFO - 0 downstream tasks scheduled from follow-on schedule check
