[2026-03-28T05:30:19.903+0000] {taskinstance.py:1157} INFO - Dependencies all met for dep_context=non-requeueable deps ti=<TaskInstance: logistics_pipeline_v3.dbt_run manual__2026-03-28T05:30:06.361669+00:00 [queued]>
[2026-03-28T05:30:19.938+0000] {taskinstance.py:1157} INFO - Dependencies all met for dep_context=requeueable deps ti=<TaskInstance: logistics_pipeline_v3.dbt_run manual__2026-03-28T05:30:06.361669+00:00 [queued]>
[2026-03-28T05:30:19.938+0000] {taskinstance.py:1359} INFO - Starting attempt 1 of 2
[2026-03-28T05:30:19.965+0000] {taskinstance.py:1380} INFO - Executing <Task(BashOperator): dbt_run> on 2026-03-28 05:30:06.361669+00:00
[2026-03-28T05:30:19.974+0000] {standard_task_runner.py:57} INFO - Started process 1480 to run task
[2026-03-28T05:30:19.981+0000] {standard_task_runner.py:84} INFO - Running: ['airflow', 'tasks', 'run', 'logistics_pipeline_v3', 'dbt_run', 'manual__2026-03-28T05:30:06.361669+00:00', '--job-id', '46', '--raw', '--subdir', 'DAGS_FOLDER/smartflow_dag.py', '--cfg-path', '/tmp/tmp81guvqdo']
[2026-03-28T05:30:19.985+0000] {standard_task_runner.py:85} INFO - Job 46: Subtask dbt_run
[2026-03-28T05:30:20.113+0000] {task_command.py:415} INFO - Running <TaskInstance: logistics_pipeline_v3.dbt_run manual__2026-03-28T05:30:06.361669+00:00 [running]> on host 97e90436ed10
[2026-03-28T05:30:20.264+0000] {taskinstance.py:1660} INFO - Exporting env vars: AIRFLOW_CTX_DAG_OWNER='Rawan' AIRFLOW_CTX_DAG_ID='logistics_pipeline_v3' AIRFLOW_CTX_TASK_ID='dbt_run' AIRFLOW_CTX_EXECUTION_DATE='2026-03-28T05:30:06.361669+00:00' AIRFLOW_CTX_TRY_NUMBER='1' AIRFLOW_CTX_DAG_RUN_ID='manual__2026-03-28T05:30:06.361669+00:00'
[2026-03-28T05:30:20.266+0000] {subprocess.py:63} INFO - Tmp dir root location: /tmp
[2026-03-28T05:30:20.267+0000] {subprocess.py:75} INFO - Running command: ['/bin/bash', '-c', 'cd /opt/airflow/dbt_project && dbt run --profiles-dir .']
[2026-03-28T05:30:20.278+0000] {subprocess.py:86} INFO - Output:
[2026-03-28T05:30:21.885+0000] {subprocess.py:93} INFO - [0m05:30:21  Running with dbt=1.8.0
[2026-03-28T05:30:22.154+0000] {subprocess.py:93} INFO - [0m05:30:22  Registered adapter: postgres=1.8.0
[2026-03-28T05:30:22.645+0000] {subprocess.py:93} INFO - [0m05:30:22  Found 1 model, 3 data tests, 1 source, 423 macros
[2026-03-28T05:30:22.648+0000] {subprocess.py:93} INFO - [0m05:30:22
[2026-03-28T05:30:22.812+0000] {subprocess.py:93} INFO - [0m05:30:22  Concurrency: 4 threads (target='dev')
[2026-03-28T05:30:22.812+0000] {subprocess.py:93} INFO - [0m05:30:22
[2026-03-28T05:30:22.823+0000] {subprocess.py:93} INFO - [0m05:30:22  1 of 1 START sql table model public_analytics.courier_performance .............. [RUN]
[2026-03-28T05:30:22.968+0000] {subprocess.py:93} INFO - [0m05:30:22  1 of 1 OK created sql table model public_analytics.courier_performance ......... [[32mSELECT 15[0m in 0.14s]
[2026-03-28T05:30:22.983+0000] {subprocess.py:93} INFO - [0m05:30:22
[2026-03-28T05:30:22.983+0000] {subprocess.py:93} INFO - [0m05:30:22  Finished running 1 table model in 0 hours 0 minutes and 0.33 seconds (0.33s).
[2026-03-28T05:30:23.017+0000] {subprocess.py:93} INFO - [0m05:30:23
[2026-03-28T05:30:23.018+0000] {subprocess.py:93} INFO - [0m05:30:23  [32mCompleted successfully[0m
[2026-03-28T05:30:23.018+0000] {subprocess.py:93} INFO - [0m05:30:23
[2026-03-28T05:30:23.019+0000] {subprocess.py:93} INFO - [0m05:30:23  Done. PASS=1 WARN=0 ERROR=0 SKIP=0 TOTAL=1
[2026-03-28T05:30:24.114+0000] {subprocess.py:97} INFO - Command exited with return code 0
[2026-03-28T05:30:24.183+0000] {taskinstance.py:1398} INFO - Marking task as SUCCESS. dag_id=logistics_pipeline_v3, task_id=dbt_run, execution_date=20260328T053006, start_date=20260328T053019, end_date=20260328T053024
[2026-03-28T05:30:24.227+0000] {local_task_job_runner.py:228} INFO - Task exited with return code 0
[2026-03-28T05:30:24.273+0000] {taskinstance.py:2776} INFO - 1 downstream tasks scheduled from follow-on schedule check
