[2026-03-28T02:01:19.851+0000] {taskinstance.py:1157} INFO - Dependencies all met for dep_context=non-requeueable deps ti=<TaskInstance: logistics_pipeline_v3.dbt_seed manual__2026-03-28T02:01:11.132806+00:00 [queued]>
[2026-03-28T02:01:19.859+0000] {taskinstance.py:1157} INFO - Dependencies all met for dep_context=requeueable deps ti=<TaskInstance: logistics_pipeline_v3.dbt_seed manual__2026-03-28T02:01:11.132806+00:00 [queued]>
[2026-03-28T02:01:19.860+0000] {taskinstance.py:1359} INFO - Starting attempt 1 of 2
[2026-03-28T02:01:19.870+0000] {taskinstance.py:1380} INFO - Executing <Task(BashOperator): dbt_seed> on 2026-03-28 02:01:11.132806+00:00
[2026-03-28T02:01:19.873+0000] {standard_task_runner.py:57} INFO - Started process 260 to run task
[2026-03-28T02:01:19.876+0000] {standard_task_runner.py:84} INFO - Running: ['airflow', 'tasks', 'run', 'logistics_pipeline_v3', 'dbt_seed', 'manual__2026-03-28T02:01:11.132806+00:00', '--job-id', '26', '--raw', '--subdir', 'DAGS_FOLDER/smartflow_dag.py', '--cfg-path', '/tmp/tmp2kf_5lgn']
[2026-03-28T02:01:19.878+0000] {standard_task_runner.py:85} INFO - Job 26: Subtask dbt_seed
[2026-03-28T02:01:19.931+0000] {task_command.py:415} INFO - Running <TaskInstance: logistics_pipeline_v3.dbt_seed manual__2026-03-28T02:01:11.132806+00:00 [running]> on host 22aa927a5017
[2026-03-28T02:01:20.018+0000] {taskinstance.py:1660} INFO - Exporting env vars: AIRFLOW_CTX_DAG_OWNER='Rawan' AIRFLOW_CTX_DAG_ID='logistics_pipeline_v3' AIRFLOW_CTX_TASK_ID='dbt_seed' AIRFLOW_CTX_EXECUTION_DATE='2026-03-28T02:01:11.132806+00:00' AIRFLOW_CTX_TRY_NUMBER='1' AIRFLOW_CTX_DAG_RUN_ID='manual__2026-03-28T02:01:11.132806+00:00'
[2026-03-28T02:01:20.019+0000] {subprocess.py:63} INFO - Tmp dir root location: /tmp
[2026-03-28T02:01:20.020+0000] {subprocess.py:75} INFO - Running command: ['/bin/bash', '-c', 'cd /opt/airflow/dbt_project && dbt seed --profiles-dir .']
[2026-03-28T02:01:20.029+0000] {subprocess.py:86} INFO - Output:
[2026-03-28T02:01:22.088+0000] {subprocess.py:93} INFO - [0m02:01:22  Running with dbt=1.8.2
[2026-03-28T02:01:22.543+0000] {subprocess.py:93} INFO - [0m02:01:22  Registered adapter: postgres=1.8.2
[2026-03-28T02:01:22.106+0000] {subprocess.py:93} INFO - [0m02:01:22  Found 1 model, 3 data tests, 423 macros
[2026-03-28T02:01:22.110+0000] {subprocess.py:93} INFO - [0m02:01:22
[2026-03-28T02:01:22.110+0000] {subprocess.py:93} INFO - [0m02:01:22  Nothing to do. Try checking your model configs and model specification args
[2026-03-28T02:01:22.168+0000] {subprocess.py:93} INFO - [0m02:01:22
[2026-03-28T02:01:22.170+0000] {subprocess.py:93} INFO - [0m02:01:22  [32mCompleted successfully[0m
[2026-03-28T02:01:22.170+0000] {subprocess.py:93} INFO - [0m02:01:22
[2026-03-28T02:01:22.171+0000] {subprocess.py:93} INFO - [0m02:01:22  Done. PASS=0 WARN=0 ERROR=0 SKIP=0 TOTAL=0
[2026-03-28T02:01:23.457+0000] {subprocess.py:97} INFO - Command exited with return code 0
[2026-03-28T02:01:23.519+0000] {taskinstance.py:1398} INFO - Marking task as SUCCESS. dag_id=logistics_pipeline_v3, task_id=dbt_seed, execution_date=20260328T020111, start_date=20260328T020119, end_date=20260328T020123
[2026-03-28T02:01:23.582+0000] {local_task_job_runner.py:228} INFO - Task exited with return code 0
[2026-03-28T02:01:23.642+0000] {taskinstance.py:2776} INFO - 1 downstream tasks scheduled from follow-on schedule check
