[2026-03-28T05:24:23.111+0000] {taskinstance.py:1157} INFO - Dependencies all met for dep_context=non-requeueable deps ti=<TaskInstance: logistics_pipeline_v3.dbt_run manual__2026-03-28T05:24:11.197376+00:00 [queued]>
[2026-03-28T05:24:23.121+0000] {taskinstance.py:1157} INFO - Dependencies all met for dep_context=requeueable deps ti=<TaskInstance: logistics_pipeline_v3.dbt_run manual__2026-03-28T05:24:11.197376+00:00 [queued]>
[2026-03-28T05:24:23.122+0000] {taskinstance.py:1359} INFO - Starting attempt 1 of 2
[2026-03-28T05:24:23.136+0000] {taskinstance.py:1380} INFO - Executing <Task(BashOperator): dbt_run> on 2026-03-28 05:24:11.197376+00:00
[2026-03-28T05:24:23.142+0000] {standard_task_runner.py:57} INFO - Started process 1305 to run task
[2026-03-28T05:24:23.146+0000] {standard_task_runner.py:84} INFO - Running: ['airflow', 'tasks', 'run', 'logistics_pipeline_v3', 'dbt_run', 'manual__2026-03-28T05:24:11.197376+00:00', '--job-id', '34', '--raw', '--subdir', 'DAGS_FOLDER/smartflow_dag.py', '--cfg-path', '/tmp/tmp85gfk3y4']
[2026-03-28T05:24:23.149+0000] {standard_task_runner.py:85} INFO - Job 34: Subtask dbt_run
[2026-03-28T05:24:23.218+0000] {task_command.py:415} INFO - Running <TaskInstance: logistics_pipeline_v3.dbt_run manual__2026-03-28T05:24:11.197376+00:00 [running]> on host 97e90436ed10
[2026-03-28T05:24:23.315+0000] {taskinstance.py:1660} INFO - Exporting env vars: AIRFLOW_CTX_DAG_OWNER='Rawan' AIRFLOW_CTX_DAG_ID='logistics_pipeline_v3' AIRFLOW_CTX_TASK_ID='dbt_run' AIRFLOW_CTX_EXECUTION_DATE='2026-03-28T05:24:11.197376+00:00' AIRFLOW_CTX_TRY_NUMBER='1' AIRFLOW_CTX_DAG_RUN_ID='manual__2026-03-28T05:24:11.197376+00:00'
[2026-03-28T05:24:23.317+0000] {subprocess.py:63} INFO - Tmp dir root location: /tmp
[2026-03-28T05:24:23.318+0000] {subprocess.py:75} INFO - Running command: ['/bin/bash', '-c', 'cd /opt/airflow/dbt_project && dbt run --profiles-dir .']
[2026-03-28T05:24:23.328+0000] {subprocess.py:86} INFO - Output:
[2026-03-28T05:24:24.869+0000] {subprocess.py:93} INFO - [0m05:24:24  Running with dbt=1.8.0
[2026-03-28T05:24:25.116+0000] {subprocess.py:93} INFO - [0m05:24:25  Registered adapter: postgres=1.8.0
[2026-03-28T05:24:25.481+0000] {subprocess.py:93} INFO - [0m05:24:25  Found 1 model, 3 data tests, 1 source, 423 macros
[2026-03-28T05:24:25.483+0000] {subprocess.py:93} INFO - [0m05:24:25
[2026-03-28T05:24:25.606+0000] {subprocess.py:93} INFO - [0m05:24:25  Concurrency: 4 threads (target='dev')
[2026-03-28T05:24:25.606+0000] {subprocess.py:93} INFO - [0m05:24:25
[2026-03-28T05:24:25.616+0000] {subprocess.py:93} INFO - [0m05:24:25  1 of 1 START sql table model public_analytics.courier_performance .............. [RUN]
[2026-03-28T05:24:25.691+0000] {subprocess.py:93} INFO - [0m05:24:25  1 of 1 ERROR creating sql table model public_analytics.courier_performance ..... [[31mERROR[0m in 0.07s]
[2026-03-28T05:24:25.707+0000] {subprocess.py:93} INFO - [0m05:24:25
[2026-03-28T05:24:25.707+0000] {subprocess.py:93} INFO - [0m05:24:25  Finished running 1 table model in 0 hours 0 minutes and 0.22 seconds (0.22s).
[2026-03-28T05:24:25.741+0000] {subprocess.py:93} INFO - [0m05:24:25
[2026-03-28T05:24:25.741+0000] {subprocess.py:93} INFO - [0m05:24:25  [31mCompleted with 1 error and 0 warnings:[0m
[2026-03-28T05:24:25.742+0000] {subprocess.py:93} INFO - [0m05:24:25
[2026-03-28T05:24:25.742+0000] {subprocess.py:93} INFO - [0m05:24:25    Database Error in model courier_performance (models/courier_performance.sql)
[2026-03-28T05:24:25.742+0000] {subprocess.py:93} INFO -   column "avg_speed" does not exist
[2026-03-28T05:24:25.742+0000] {subprocess.py:93} INFO -   LINE 15:         avg_speed,
[2026-03-28T05:24:25.742+0000] {subprocess.py:93} INFO -                    ^
[2026-03-28T05:24:25.743+0000] {subprocess.py:93} INFO -   compiled code at target/run/dbt_logistics/models/courier_performance.sql
[2026-03-28T05:24:25.743+0000] {subprocess.py:93} INFO - [0m05:24:25
[2026-03-28T05:24:25.743+0000] {subprocess.py:93} INFO - [0m05:24:25  Done. PASS=0 WARN=0 ERROR=1 SKIP=0 TOTAL=1
[2026-03-28T05:24:26.700+0000] {subprocess.py:97} INFO - Command exited with return code 1
[2026-03-28T05:24:26.712+0000] {taskinstance.py:1935} ERROR - Task failed with exception
Traceback (most recent call last):
  File "/home/airflow/.local/lib/python3.8/site-packages/airflow/operators/bash.py", line 210, in execute
    raise AirflowException(
airflow.exceptions.AirflowException: Bash command failed. The command returned a non-zero exit code 1.
[2026-03-28T05:24:26.715+0000] {taskinstance.py:1398} INFO - Marking task as UP_FOR_RETRY. dag_id=logistics_pipeline_v3, task_id=dbt_run, execution_date=20260328T052411, start_date=20260328T052423, end_date=20260328T052426
[2026-03-28T05:24:26.726+0000] {standard_task_runner.py:104} ERROR - Failed to execute job 34 for task dbt_run (Bash command failed. The command returned a non-zero exit code 1.; 1305)
[2026-03-28T05:24:26.757+0000] {local_task_job_runner.py:228} INFO - Task exited with return code 1
[2026-03-28T05:24:26.784+0000] {taskinstance.py:2776} INFO - 0 downstream tasks scheduled from follow-on schedule check
