[2026-03-28T05:16:28.752+0000] {taskinstance.py:1157} INFO - Dependencies all met for dep_context=non-requeueable deps ti=<TaskInstance: logistics_pipeline_v3.dbt_run manual__2026-03-28T05:11:14.090318+00:00 [queued]>
[2026-03-28T05:16:28.767+0000] {taskinstance.py:1157} INFO - Dependencies all met for dep_context=requeueable deps ti=<TaskInstance: logistics_pipeline_v3.dbt_run manual__2026-03-28T05:11:14.090318+00:00 [queued]>
[2026-03-28T05:16:28.768+0000] {taskinstance.py:1359} INFO - Starting attempt 2 of 2
[2026-03-28T05:16:28.792+0000] {taskinstance.py:1380} INFO - Executing <Task(BashOperator): dbt_run> on 2026-03-28 05:11:14.090318+00:00
[2026-03-28T05:16:28.800+0000] {standard_task_runner.py:57} INFO - Started process 1147 to run task
[2026-03-28T05:16:28.807+0000] {standard_task_runner.py:84} INFO - Running: ['airflow', 'tasks', 'run', 'logistics_pipeline_v3', 'dbt_run', 'manual__2026-03-28T05:11:14.090318+00:00', '--job-id', '25', '--raw', '--subdir', 'DAGS_FOLDER/smartflow_dag.py', '--cfg-path', '/tmp/tmpqk5qlbmu']
[2026-03-28T05:16:28.812+0000] {standard_task_runner.py:85} INFO - Job 25: Subtask dbt_run
[2026-03-28T05:16:28.913+0000] {task_command.py:415} INFO - Running <TaskInstance: logistics_pipeline_v3.dbt_run manual__2026-03-28T05:11:14.090318+00:00 [running]> on host 97e90436ed10
[2026-03-28T05:16:29.074+0000] {taskinstance.py:1660} INFO - Exporting env vars: AIRFLOW_CTX_DAG_OWNER='Rawan' AIRFLOW_CTX_DAG_ID='logistics_pipeline_v3' AIRFLOW_CTX_TASK_ID='dbt_run' AIRFLOW_CTX_EXECUTION_DATE='2026-03-28T05:11:14.090318+00:00' AIRFLOW_CTX_TRY_NUMBER='2' AIRFLOW_CTX_DAG_RUN_ID='manual__2026-03-28T05:11:14.090318+00:00'
[2026-03-28T05:16:29.076+0000] {subprocess.py:63} INFO - Tmp dir root location: /tmp
[2026-03-28T05:16:29.081+0000] {subprocess.py:75} INFO - Running command: ['/bin/bash', '-c', 'cd /opt/airflow/dbt_project && dbt run --profiles-dir .']
[2026-03-28T05:16:29.099+0000] {subprocess.py:86} INFO - Output:
[2026-03-28T05:16:31.888+0000] {subprocess.py:93} INFO - [0m05:16:31  Running with dbt=1.8.0
[2026-03-28T05:16:32.410+0000] {subprocess.py:93} INFO - [0m05:16:32  Registered adapter: postgres=1.8.0
[2026-03-28T05:16:33.203+0000] {subprocess.py:93} INFO - [0m05:16:33  Found 1 model, 3 data tests, 1 source, 423 macros
[2026-03-28T05:16:33.207+0000] {subprocess.py:93} INFO - [0m05:16:33
[2026-03-28T05:16:33.425+0000] {subprocess.py:93} INFO - [0m05:16:33  Concurrency: 4 threads (target='dev')
[2026-03-28T05:16:33.425+0000] {subprocess.py:93} INFO - [0m05:16:33
[2026-03-28T05:16:33.444+0000] {subprocess.py:93} INFO - [0m05:16:33  1 of 1 START sql table model public_analytics.courier_performance .............. [RUN]
[2026-03-28T05:16:33.608+0000] {subprocess.py:93} INFO - [0m05:16:33  1 of 1 ERROR creating sql table model public_analytics.courier_performance ..... [[31mERROR[0m in 0.16s]
[2026-03-28T05:16:33.646+0000] {subprocess.py:93} INFO - [0m05:16:33
[2026-03-28T05:16:33.648+0000] {subprocess.py:93} INFO - [0m05:16:33  Finished running 1 table model in 0 hours 0 minutes and 0.43 seconds (0.43s).
[2026-03-28T05:16:33.716+0000] {subprocess.py:93} INFO - [0m05:16:33
[2026-03-28T05:16:33.722+0000] {subprocess.py:93} INFO - [0m05:16:33  [31mCompleted with 1 error and 0 warnings:[0m
[2026-03-28T05:16:33.722+0000] {subprocess.py:93} INFO - [0m05:16:33
[2026-03-28T05:16:33.722+0000] {subprocess.py:93} INFO - [0m05:16:33    Database Error in model courier_performance (models/courier_performance.sql)
[2026-03-28T05:16:33.722+0000] {subprocess.py:93} INFO -   relation "public_analytics.courier_performance" does not exist
[2026-03-28T05:16:33.723+0000] {subprocess.py:93} INFO -   LINE 18:     FROM "logistics_db"."public_analytics"."courier_performa...
[2026-03-28T05:16:33.723+0000] {subprocess.py:93} INFO -                     ^
[2026-03-28T05:16:33.724+0000] {subprocess.py:93} INFO -   compiled code at target/run/dbt_logistics/models/courier_performance.sql
[2026-03-28T05:16:33.724+0000] {subprocess.py:93} INFO - [0m05:16:33
[2026-03-28T05:16:33.724+0000] {subprocess.py:93} INFO - [0m05:16:33  Done. PASS=0 WARN=0 ERROR=1 SKIP=0 TOTAL=1
[2026-03-28T05:16:34.811+0000] {subprocess.py:97} INFO - Command exited with return code 1
[2026-03-28T05:16:34.833+0000] {taskinstance.py:1935} ERROR - Task failed with exception
Traceback (most recent call last):
  File "/home/airflow/.local/lib/python3.8/site-packages/airflow/operators/bash.py", line 210, in execute
    raise AirflowException(
airflow.exceptions.AirflowException: Bash command failed. The command returned a non-zero exit code 1.
[2026-03-28T05:16:34.838+0000] {taskinstance.py:1398} INFO - Marking task as FAILED. dag_id=logistics_pipeline_v3, task_id=dbt_run, execution_date=20260328T051114, start_date=20260328T051628, end_date=20260328T051634
[2026-03-28T05:16:34.860+0000] {standard_task_runner.py:104} ERROR - Failed to execute job 25 for task dbt_run (Bash command failed. The command returned a non-zero exit code 1.; 1147)
[2026-03-28T05:16:34.900+0000] {local_task_job_runner.py:228} INFO - Task exited with return code 1
[2026-03-28T05:16:34.924+0000] {taskinstance.py:2776} INFO - 0 downstream tasks scheduled from follow-on schedule check
