[2026-03-28T01:25:32.482+0000] {taskinstance.py:1157} INFO - Dependencies all met for dep_context=non-requeueable deps ti=<TaskInstance: logistics_pipeline_v3.check_dbt_connection manual__2026-03-28T01:25:30.223648+00:00 [queued]>
[2026-03-28T01:25:32.506+0000] {taskinstance.py:1157} INFO - Dependencies all met for dep_context=requeueable deps ti=<TaskInstance: logistics_pipeline_v3.check_dbt_connection manual__2026-03-28T01:25:30.223648+00:00 [queued]>
[2026-03-28T01:25:32.507+0000] {taskinstance.py:1359} INFO - Starting attempt 1 of 2
[2026-03-28T01:25:32.553+0000] {taskinstance.py:1380} INFO - Executing <Task(BashOperator): check_dbt_connection> on 2026-03-28 01:25:30.223648+00:00
[2026-03-28T01:25:32.564+0000] {standard_task_runner.py:57} INFO - Started process 551 to run task
[2026-03-28T01:25:32.574+0000] {standard_task_runner.py:84} INFO - Running: ['airflow', 'tasks', 'run', 'logistics_pipeline_v3', 'check_dbt_connection', 'manual__2026-03-28T01:25:30.223648+00:00', '--job-id', '7', '--raw', '--subdir', 'DAGS_FOLDER/smartflow_dag.py', '--cfg-path', '/tmp/tmpbfoufw8s']
[2026-03-28T01:25:32.581+0000] {standard_task_runner.py:85} INFO - Job 7: Subtask check_dbt_connection
[2026-03-28T01:25:32.735+0000] {task_command.py:415} INFO - Running <TaskInstance: logistics_pipeline_v3.check_dbt_connection manual__2026-03-28T01:25:30.223648+00:00 [running]> on host 22aa927a5017
[2026-03-28T01:25:32.983+0000] {taskinstance.py:1660} INFO - Exporting env vars: AIRFLOW_CTX_DAG_OWNER='Rawan' AIRFLOW_CTX_DAG_ID='logistics_pipeline_v3' AIRFLOW_CTX_TASK_ID='check_dbt_connection' AIRFLOW_CTX_EXECUTION_DATE='2026-03-28T01:25:30.223648+00:00' AIRFLOW_CTX_TRY_NUMBER='1' AIRFLOW_CTX_DAG_RUN_ID='manual__2026-03-28T01:25:30.223648+00:00'
[2026-03-28T01:25:32.995+0000] {subprocess.py:63} INFO - Tmp dir root location: /tmp
[2026-03-28T01:25:32.997+0000] {subprocess.py:75} INFO - Running command: ['/bin/bash', '-c', 'export PATH=$PATH:/root/.local/bin && cd /opt/airflow/dbt_project && dbt debug --profiles-dir .']
[2026-03-28T01:25:33.031+0000] {subprocess.py:86} INFO - Output:
[2026-03-28T01:25:37.270+0000] {subprocess.py:93} INFO - [0m01:25:37  Running with dbt=1.8.2
[2026-03-28T01:25:37.281+0000] {subprocess.py:93} INFO - [0m01:25:37  dbt version: 1.8.2
[2026-03-28T01:25:37.282+0000] {subprocess.py:93} INFO - [0m01:25:37  python version: 3.8.18
[2026-03-28T01:25:37.282+0000] {subprocess.py:93} INFO - [0m01:25:37  python path: /usr/local/bin/python3
[2026-03-28T01:25:37.283+0000] {subprocess.py:93} INFO - [0m01:25:37  os info: Linux-6.6.87.2-microsoft-standard-WSL2-x86_64-with-glibc2.2.5
[2026-03-28T01:25:37.351+0000] {subprocess.py:93} INFO - [0m01:25:37  Using profiles dir at .
[2026-03-28T01:25:37.351+0000] {subprocess.py:93} INFO - [0m01:25:37  Using profiles.yml file at ./profiles.yml
[2026-03-28T01:25:37.352+0000] {subprocess.py:93} INFO - [0m01:25:37  Using dbt_project.yml file at /opt/airflow/dbt_project/dbt_project.yml
[2026-03-28T01:25:37.353+0000] {subprocess.py:93} INFO - [0m01:25:37  adapter type: postgres
[2026-03-28T01:25:37.353+0000] {subprocess.py:93} INFO - [0m01:25:37  adapter version: 1.8.2
[2026-03-28T01:25:37.486+0000] {subprocess.py:93} INFO - [0m01:25:37  Configuration:
[2026-03-28T01:25:37.487+0000] {subprocess.py:93} INFO - [0m01:25:37    profiles.yml file [[32mOK found and valid[0m]
[2026-03-28T01:25:37.487+0000] {subprocess.py:93} INFO - [0m01:25:37    dbt_project.yml file [[32mOK found and valid[0m]
[2026-03-28T01:25:37.488+0000] {subprocess.py:93} INFO - [0m01:25:37  Required dependencies:
[2026-03-28T01:25:37.496+0000] {subprocess.py:93} INFO - [0m01:25:37   - git [[31mERROR[0m]
[2026-03-28T01:25:37.496+0000] {subprocess.py:93} INFO - 
[2026-03-28T01:25:37.496+0000] {subprocess.py:93} INFO - [0m01:25:37  Connection:
[2026-03-28T01:25:37.497+0000] {subprocess.py:93} INFO - [0m01:25:37    host: postgres
[2026-03-28T01:25:37.498+0000] {subprocess.py:93} INFO - [0m01:25:37    port: 5432
[2026-03-28T01:25:37.498+0000] {subprocess.py:93} INFO - [0m01:25:37    user: admin
[2026-03-28T01:25:37.499+0000] {subprocess.py:93} INFO - [0m01:25:37    database: logistics_db
[2026-03-28T01:25:37.499+0000] {subprocess.py:93} INFO - [0m01:25:37    schema: public
[2026-03-28T01:25:37.500+0000] {subprocess.py:93} INFO - [0m01:25:37    connect_timeout: 10
[2026-03-28T01:25:37.500+0000] {subprocess.py:93} INFO - [0m01:25:37    role: None
[2026-03-28T01:25:37.501+0000] {subprocess.py:93} INFO - [0m01:25:37    search_path: None
[2026-03-28T01:25:37.501+0000] {subprocess.py:93} INFO - [0m01:25:37    keepalives_idle: 0
[2026-03-28T01:25:37.502+0000] {subprocess.py:93} INFO - [0m01:25:37    sslmode: None
[2026-03-28T01:25:37.502+0000] {subprocess.py:93} INFO - [0m01:25:37    sslcert: None
[2026-03-28T01:25:37.503+0000] {subprocess.py:93} INFO - [0m01:25:37    sslkey: None
[2026-03-28T01:25:37.503+0000] {subprocess.py:93} INFO - [0m01:25:37    sslrootcert: None
[2026-03-28T01:25:37.504+0000] {subprocess.py:93} INFO - [0m01:25:37    application_name: dbt
[2026-03-28T01:25:37.505+0000] {subprocess.py:93} INFO - [0m01:25:37    retries: 1
[2026-03-28T01:25:37.506+0000] {subprocess.py:93} INFO - [0m01:25:37  Registered adapter: postgres=1.8.2
[2026-03-28T01:25:37.586+0000] {subprocess.py:93} INFO - [0m01:25:37    Connection test: [[32mOK connection ok[0m]
[2026-03-28T01:25:37.587+0000] {subprocess.py:93} INFO - 
[2026-03-28T01:25:37.587+0000] {subprocess.py:93} INFO - [0m01:25:37  [31m1 check failed:[0m
[2026-03-28T01:25:37.588+0000] {subprocess.py:93} INFO - [0m01:25:37  Error from git --help: User does not have permissions for this command: "git"
[2026-03-28T01:25:37.588+0000] {subprocess.py:93} INFO - 
[2026-03-28T01:25:38.714+0000] {subprocess.py:97} INFO - Command exited with return code 1
[2026-03-28T01:25:38.732+0000] {taskinstance.py:1935} ERROR - Task failed with exception
Traceback (most recent call last):
  File "/home/airflow/.local/lib/python3.8/site-packages/airflow/operators/bash.py", line 210, in execute
    raise AirflowException(
airflow.exceptions.AirflowException: Bash command failed. The command returned a non-zero exit code 1.
[2026-03-28T01:25:38.736+0000] {taskinstance.py:1398} INFO - Marking task as UP_FOR_RETRY. dag_id=logistics_pipeline_v3, task_id=check_dbt_connection, execution_date=20260328T012530, start_date=20260328T012532, end_date=20260328T012538
[2026-03-28T01:25:38.751+0000] {standard_task_runner.py:104} ERROR - Failed to execute job 7 for task check_dbt_connection (Bash command failed. The command returned a non-zero exit code 1.; 551)
[2026-03-28T01:25:38.779+0000] {local_task_job_runner.py:228} INFO - Task exited with return code 1
[2026-03-28T01:25:38.809+0000] {taskinstance.py:2776} INFO - 0 downstream tasks scheduled from follow-on schedule check
