[2026-03-28T01:30:40.658+0000] {taskinstance.py:1157} INFO - Dependencies all met for dep_context=non-requeueable deps ti=<TaskInstance: logistics_pipeline_v3.check_dbt_connection manual__2026-03-28T01:25:30.223648+00:00 [queued]>
[2026-03-28T01:30:40.681+0000] {taskinstance.py:1157} INFO - Dependencies all met for dep_context=requeueable deps ti=<TaskInstance: logistics_pipeline_v3.check_dbt_connection manual__2026-03-28T01:25:30.223648+00:00 [queued]>
[2026-03-28T01:30:40.681+0000] {taskinstance.py:1359} INFO - Starting attempt 2 of 2
[2026-03-28T01:30:40.720+0000] {taskinstance.py:1380} INFO - Executing <Task(BashOperator): check_dbt_connection> on 2026-03-28 01:25:30.223648+00:00
[2026-03-28T01:30:40.736+0000] {standard_task_runner.py:57} INFO - Started process 669 to run task
[2026-03-28T01:30:40.742+0000] {standard_task_runner.py:84} INFO - Running: ['airflow', 'tasks', 'run', 'logistics_pipeline_v3', 'check_dbt_connection', 'manual__2026-03-28T01:25:30.223648+00:00', '--job-id', '13', '--raw', '--subdir', 'DAGS_FOLDER/smartflow_dag.py', '--cfg-path', '/tmp/tmp6bnxp8i4']
[2026-03-28T01:30:40.747+0000] {standard_task_runner.py:85} INFO - Job 13: Subtask check_dbt_connection
[2026-03-28T01:30:40.907+0000] {task_command.py:415} INFO - Running <TaskInstance: logistics_pipeline_v3.check_dbt_connection manual__2026-03-28T01:25:30.223648+00:00 [running]> on host 22aa927a5017
[2026-03-28T01:30:41.130+0000] {taskinstance.py:1660} INFO - Exporting env vars: AIRFLOW_CTX_DAG_OWNER='Rawan' AIRFLOW_CTX_DAG_ID='logistics_pipeline_v3' AIRFLOW_CTX_TASK_ID='check_dbt_connection' AIRFLOW_CTX_EXECUTION_DATE='2026-03-28T01:25:30.223648+00:00' AIRFLOW_CTX_TRY_NUMBER='2' AIRFLOW_CTX_DAG_RUN_ID='manual__2026-03-28T01:25:30.223648+00:00'
[2026-03-28T01:30:41.133+0000] {subprocess.py:63} INFO - Tmp dir root location: /tmp
[2026-03-28T01:30:41.135+0000] {subprocess.py:75} INFO - Running command: ['/bin/bash', '-c', 'cd /opt/airflow/dbt_project && dbt debug --profiles-dir . || echo "Ignore Git Error"']
[2026-03-28T01:30:41.157+0000] {subprocess.py:86} INFO - Output:
[2026-03-28T01:30:43.706+0000] {subprocess.py:93} INFO - [0m01:30:43  Running with dbt=1.8.2
[2026-03-28T01:30:43.718+0000] {subprocess.py:93} INFO - [0m01:30:43  dbt version: 1.8.2
[2026-03-28T01:30:43.719+0000] {subprocess.py:93} INFO - [0m01:30:43  python version: 3.8.18
[2026-03-28T01:30:43.719+0000] {subprocess.py:93} INFO - [0m01:30:43  python path: /usr/local/bin/python3
[2026-03-28T01:30:43.720+0000] {subprocess.py:93} INFO - [0m01:30:43  os info: Linux-6.6.87.2-microsoft-standard-WSL2-x86_64-with-glibc2.2.5
[2026-03-28T01:30:43.783+0000] {subprocess.py:93} INFO - [0m01:30:43  Using profiles dir at .
[2026-03-28T01:30:43.784+0000] {subprocess.py:93} INFO - [0m01:30:43  Using profiles.yml file at ./profiles.yml
[2026-03-28T01:30:43.785+0000] {subprocess.py:93} INFO - [0m01:30:43  Using dbt_project.yml file at /opt/airflow/dbt_project/dbt_project.yml
[2026-03-28T01:30:43.785+0000] {subprocess.py:93} INFO - [0m01:30:43  adapter type: postgres
[2026-03-28T01:30:43.786+0000] {subprocess.py:93} INFO - [0m01:30:43  adapter version: 1.8.2
[2026-03-28T01:30:43.902+0000] {subprocess.py:93} INFO - [0m01:30:43  Configuration:
[2026-03-28T01:30:43.902+0000] {subprocess.py:93} INFO - [0m01:30:43    profiles.yml file [[32mOK found and valid[0m]
[2026-03-28T01:30:43.903+0000] {subprocess.py:93} INFO - [0m01:30:43    dbt_project.yml file [[32mOK found and valid[0m]
[2026-03-28T01:30:43.904+0000] {subprocess.py:93} INFO - [0m01:30:43  Required dependencies:
[2026-03-28T01:30:43.912+0000] {subprocess.py:93} INFO - [0m01:30:43   - git [[31mERROR[0m]
[2026-03-28T01:30:43.912+0000] {subprocess.py:93} INFO - 
[2026-03-28T01:30:43.913+0000] {subprocess.py:93} INFO - [0m01:30:43  Connection:
[2026-03-28T01:30:43.913+0000] {subprocess.py:93} INFO - [0m01:30:43    host: postgres
[2026-03-28T01:30:43.914+0000] {subprocess.py:93} INFO - [0m01:30:43    port: 5432
[2026-03-28T01:30:43.914+0000] {subprocess.py:93} INFO - [0m01:30:43    user: admin
[2026-03-28T01:30:43.915+0000] {subprocess.py:93} INFO - [0m01:30:43    database: logistics_db
[2026-03-28T01:30:43.916+0000] {subprocess.py:93} INFO - [0m01:30:43    schema: public
[2026-03-28T01:30:43.917+0000] {subprocess.py:93} INFO - [0m01:30:43    connect_timeout: 10
[2026-03-28T01:30:43.917+0000] {subprocess.py:93} INFO - [0m01:30:43    role: None
[2026-03-28T01:30:43.918+0000] {subprocess.py:93} INFO - [0m01:30:43    search_path: None
[2026-03-28T01:30:43.918+0000] {subprocess.py:93} INFO - [0m01:30:43    keepalives_idle: 0
[2026-03-28T01:30:43.919+0000] {subprocess.py:93} INFO - [0m01:30:43    sslmode: None
[2026-03-28T01:30:43.920+0000] {subprocess.py:93} INFO - [0m01:30:43    sslcert: None
[2026-03-28T01:30:43.920+0000] {subprocess.py:93} INFO - [0m01:30:43    sslkey: None
[2026-03-28T01:30:43.921+0000] {subprocess.py:93} INFO - [0m01:30:43    sslrootcert: None
[2026-03-28T01:30:43.922+0000] {subprocess.py:93} INFO - [0m01:30:43    application_name: dbt
[2026-03-28T01:30:43.922+0000] {subprocess.py:93} INFO - [0m01:30:43    retries: 1
[2026-03-28T01:30:43.924+0000] {subprocess.py:93} INFO - [0m01:30:43  Registered adapter: postgres=1.8.2
[2026-03-28T01:30:43.989+0000] {subprocess.py:93} INFO - [0m01:30:43    Connection test: [[32mOK connection ok[0m]
[2026-03-28T01:30:43.990+0000] {subprocess.py:93} INFO - 
[2026-03-28T01:30:43.990+0000] {subprocess.py:93} INFO - [0m01:30:43  [31m1 check failed:[0m
[2026-03-28T01:30:43.990+0000] {subprocess.py:93} INFO - [0m01:30:43  Error from git --help: User does not have permissions for this command: "git"
[2026-03-28T01:30:43.991+0000] {subprocess.py:93} INFO - 
[2026-03-28T01:30:54.424+0000] {subprocess.py:93} INFO - Ignore Git Error
[2026-03-28T01:30:54.428+0000] {subprocess.py:97} INFO - Command exited with return code 0
[2026-03-28T01:30:54.469+0000] {taskinstance.py:1398} INFO - Marking task as SUCCESS. dag_id=logistics_pipeline_v3, task_id=check_dbt_connection, execution_date=20260328T012530, start_date=20260328T013040, end_date=20260328T013054
[2026-03-28T01:30:54.496+0000] {local_task_job_runner.py:228} INFO - Task exited with return code 0
[2026-03-28T01:30:54.525+0000] {taskinstance.py:2776} INFO - 1 downstream tasks scheduled from follow-on schedule check
