[2026-03-28T05:24:12.726+0000] {taskinstance.py:1157} INFO - Dependencies all met for dep_context=non-requeueable deps ti=<TaskInstance: logistics_pipeline_v3.check_dbt_connection manual__2026-03-28T05:24:11.197376+00:00 [queued]>
[2026-03-28T05:24:12.739+0000] {taskinstance.py:1157} INFO - Dependencies all met for dep_context=requeueable deps ti=<TaskInstance: logistics_pipeline_v3.check_dbt_connection manual__2026-03-28T05:24:11.197376+00:00 [queued]>
[2026-03-28T05:24:12.740+0000] {taskinstance.py:1359} INFO - Starting attempt 1 of 2
[2026-03-28T05:24:12.764+0000] {taskinstance.py:1380} INFO - Executing <Task(BashOperator): check_dbt_connection> on 2026-03-28 05:24:11.197376+00:00
[2026-03-28T05:24:12.770+0000] {standard_task_runner.py:57} INFO - Started process 1288 to run task
[2026-03-28T05:24:12.776+0000] {standard_task_runner.py:84} INFO - Running: ['airflow', 'tasks', 'run', 'logistics_pipeline_v3', 'check_dbt_connection', 'manual__2026-03-28T05:24:11.197376+00:00', '--job-id', '32', '--raw', '--subdir', 'DAGS_FOLDER/smartflow_dag.py', '--cfg-path', '/tmp/tmpvqx9ncft']
[2026-03-28T05:24:12.781+0000] {standard_task_runner.py:85} INFO - Job 32: Subtask check_dbt_connection
[2026-03-28T05:24:12.874+0000] {task_command.py:415} INFO - Running <TaskInstance: logistics_pipeline_v3.check_dbt_connection manual__2026-03-28T05:24:11.197376+00:00 [running]> on host 97e90436ed10
[2026-03-28T05:24:13.016+0000] {taskinstance.py:1660} INFO - Exporting env vars: AIRFLOW_CTX_DAG_OWNER='Rawan' AIRFLOW_CTX_DAG_ID='logistics_pipeline_v3' AIRFLOW_CTX_TASK_ID='check_dbt_connection' AIRFLOW_CTX_EXECUTION_DATE='2026-03-28T05:24:11.197376+00:00' AIRFLOW_CTX_TRY_NUMBER='1' AIRFLOW_CTX_DAG_RUN_ID='manual__2026-03-28T05:24:11.197376+00:00'
[2026-03-28T05:24:13.017+0000] {subprocess.py:63} INFO - Tmp dir root location: /tmp
[2026-03-28T05:24:13.019+0000] {subprocess.py:75} INFO - Running command: ['/bin/bash', '-c', 'cd /opt/airflow/dbt_project && dbt debug --profiles-dir . || echo "Ignore Git Error"']
[2026-03-28T05:24:13.032+0000] {subprocess.py:86} INFO - Output:
[2026-03-28T05:24:15.359+0000] {subprocess.py:93} INFO - [0m05:24:15  Running with dbt=1.8.0
[2026-03-28T05:24:15.372+0000] {subprocess.py:93} INFO - [0m05:24:15  dbt version: 1.8.0
[2026-03-28T05:24:15.373+0000] {subprocess.py:93} INFO - [0m05:24:15  python version: 3.8.18
[2026-03-28T05:24:15.373+0000] {subprocess.py:93} INFO - [0m05:24:15  python path: /usr/local/bin/python3
[2026-03-28T05:24:15.374+0000] {subprocess.py:93} INFO - [0m05:24:15  os info: Linux-6.6.87.2-microsoft-standard-WSL2-x86_64-with-glibc2.2.5
[2026-03-28T05:24:15.455+0000] {subprocess.py:93} INFO - [0m05:24:15  Using profiles dir at .
[2026-03-28T05:24:15.456+0000] {subprocess.py:93} INFO - [0m05:24:15  Using profiles.yml file at ./profiles.yml
[2026-03-28T05:24:15.456+0000] {subprocess.py:93} INFO - [0m05:24:15  Using dbt_project.yml file at /opt/airflow/dbt_project/dbt_project.yml
[2026-03-28T05:24:15.459+0000] {subprocess.py:93} INFO - [0m05:24:15  adapter type: postgres
[2026-03-28T05:24:15.460+0000] {subprocess.py:93} INFO - [0m05:24:15  adapter version: 1.8.0
[2026-03-28T05:24:15.622+0000] {subprocess.py:93} INFO - [0m05:24:15  Configuration:
[2026-03-28T05:24:15.622+0000] {subprocess.py:93} INFO - [0m05:24:15    profiles.yml file [[32mOK found and valid[0m]
[2026-03-28T05:24:15.623+0000] {subprocess.py:93} INFO - [0m05:24:15    dbt_project.yml file [[32mOK found and valid[0m]
[2026-03-28T05:24:15.624+0000] {subprocess.py:93} INFO - [0m05:24:15  Required dependencies:
[2026-03-28T05:24:15.632+0000] {subprocess.py:93} INFO - [0m05:24:15   - git [[31mERROR[0m]
[2026-03-28T05:24:15.633+0000] {subprocess.py:93} INFO - 
[2026-03-28T05:24:15.633+0000] {subprocess.py:93} INFO - [0m05:24:15  Connection:
[2026-03-28T05:24:15.634+0000] {subprocess.py:93} INFO - [0m05:24:15    host: postgres
[2026-03-28T05:24:15.634+0000] {subprocess.py:93} INFO - [0m05:24:15    port: 5432
[2026-03-28T05:24:15.634+0000] {subprocess.py:93} INFO - [0m05:24:15    user: admin
[2026-03-28T05:24:15.634+0000] {subprocess.py:93} INFO - [0m05:24:15    database: logistics_db
[2026-03-28T05:24:15.634+0000] {subprocess.py:93} INFO - [0m05:24:15    schema: public
[2026-03-28T05:24:15.635+0000] {subprocess.py:93} INFO - [0m05:24:15    connect_timeout: 10
[2026-03-28T05:24:15.636+0000] {subprocess.py:93} INFO - [0m05:24:15    role: None
[2026-03-28T05:24:15.637+0000] {subprocess.py:93} INFO - [0m05:24:15    search_path: None
[2026-03-28T05:24:15.637+0000] {subprocess.py:93} INFO - [0m05:24:15    keepalives_idle: 0
[2026-03-28T05:24:15.637+0000] {subprocess.py:93} INFO - [0m05:24:15    sslmode: None
[2026-03-28T05:24:15.638+0000] {subprocess.py:93} INFO - [0m05:24:15    sslcert: None
[2026-03-28T05:24:15.638+0000] {subprocess.py:93} INFO - [0m05:24:15    sslkey: None
[2026-03-28T05:24:15.639+0000] {subprocess.py:93} INFO - [0m05:24:15    sslrootcert: None
[2026-03-28T05:24:15.639+0000] {subprocess.py:93} INFO - [0m05:24:15    application_name: dbt
[2026-03-28T05:24:15.640+0000] {subprocess.py:93} INFO - [0m05:24:15    retries: 1
[2026-03-28T05:24:15.641+0000] {subprocess.py:93} INFO - [0m05:24:15  Registered adapter: postgres=1.8.0
[2026-03-28T05:24:15.720+0000] {subprocess.py:93} INFO - [0m05:24:15    Connection test: [[32mOK connection ok[0m]
[2026-03-28T05:24:15.720+0000] {subprocess.py:93} INFO - 
[2026-03-28T05:24:15.720+0000] {subprocess.py:93} INFO - [0m05:24:15  [31m1 check failed:[0m
[2026-03-28T05:24:15.724+0000] {subprocess.py:93} INFO - [0m05:24:15  Error from git --help: User does not have permissions for this command: "git"
[2026-03-28T05:24:15.724+0000] {subprocess.py:93} INFO - 
[2026-03-28T05:24:16.724+0000] {subprocess.py:93} INFO - Ignore Git Error
[2026-03-28T05:24:16.733+0000] {subprocess.py:97} INFO - Command exited with return code 0
[2026-03-28T05:24:16.780+0000] {taskinstance.py:1398} INFO - Marking task as SUCCESS. dag_id=logistics_pipeline_v3, task_id=check_dbt_connection, execution_date=20260328T052411, start_date=20260328T052412, end_date=20260328T052416
[2026-03-28T05:24:16.828+0000] {local_task_job_runner.py:228} INFO - Task exited with return code 0
[2026-03-28T05:24:16.249+0000] {taskinstance.py:2776} INFO - 1 downstream tasks scheduled from follow-on schedule check
