[2026-03-29T01:14:25.056+0000] {taskinstance.py:1157} INFO - Dependencies all met for dep_context=non-requeueable deps ti=<TaskInstance: logistics_pipeline_v3.dbt_seed manual__2026-03-29T01:14:17.488986+00:00 [queued]>
[2026-03-29T01:14:25.064+0000] {taskinstance.py:1157} INFO - Dependencies all met for dep_context=requeueable deps ti=<TaskInstance: logistics_pipeline_v3.dbt_seed manual__2026-03-29T01:14:17.488986+00:00 [queued]>
[2026-03-29T01:14:25.065+0000] {taskinstance.py:1359} INFO - Starting attempt 1 of 2
[2026-03-29T01:14:25.078+0000] {taskinstance.py:1380} INFO - Executing <Task(BashOperator): dbt_seed> on 2026-03-29 01:14:17.488986+00:00
[2026-03-29T01:14:25.085+0000] {standard_task_runner.py:57} INFO - Started process 725 to run task
[2026-03-29T01:14:25.088+0000] {standard_task_runner.py:84} INFO - Running: ['airflow', 'tasks', 'run', 'logistics_pipeline_v3', 'dbt_seed', 'manual__2026-03-29T01:14:17.488986+00:00', '--job-id', '5', '--raw', '--subdir', 'DAGS_FOLDER/smartflow_dag.py', '--cfg-path', '/tmp/tmpqh16aue4']
[2026-03-29T01:14:25.091+0000] {standard_task_runner.py:85} INFO - Job 5: Subtask dbt_seed
[2026-03-29T01:14:25.155+0000] {task_command.py:415} INFO - Running <TaskInstance: logistics_pipeline_v3.dbt_seed manual__2026-03-29T01:14:17.488986+00:00 [running]> on host 98eed5e96431
[2026-03-29T01:14:25.258+0000] {taskinstance.py:1660} INFO - Exporting env vars: AIRFLOW_CTX_DAG_OWNER='Rawan' AIRFLOW_CTX_DAG_ID='logistics_pipeline_v3' AIRFLOW_CTX_TASK_ID='dbt_seed' AIRFLOW_CTX_EXECUTION_DATE='2026-03-29T01:14:17.488986+00:00' AIRFLOW_CTX_TRY_NUMBER='1' AIRFLOW_CTX_DAG_RUN_ID='manual__2026-03-29T01:14:17.488986+00:00'
[2026-03-29T01:14:25.259+0000] {subprocess.py:63} INFO - Tmp dir root location: /tmp
[2026-03-29T01:14:25.260+0000] {subprocess.py:75} INFO - Running command: ['/bin/bash', '-c', 'cd /opt/airflow/dbt_project && dbt seed --profiles-dir .']
[2026-03-29T01:14:25.270+0000] {subprocess.py:86} INFO - Output:
[2026-03-29T01:14:27.335+0000] {subprocess.py:93} INFO - [0m01:14:27  Running with dbt=1.8.0
[2026-03-29T01:14:27.591+0000] {subprocess.py:93} INFO - [0m01:14:27  Registered adapter: postgres=1.8.0
[2026-03-29T01:14:28.097+0000] {subprocess.py:93} INFO - [0m01:14:28  Found 1 model, 3 data tests, 1 source, 423 macros
[2026-03-29T01:14:28.099+0000] {subprocess.py:93} INFO - [0m01:14:28
[2026-03-29T01:14:28.100+0000] {subprocess.py:93} INFO - [0m01:14:28  Nothing to do. Try checking your model configs and model specification args
[2026-03-29T01:14:28.137+0000] {subprocess.py:93} INFO - [0m01:14:28
[2026-03-29T01:14:28.137+0000] {subprocess.py:93} INFO - [0m01:14:28  [32mCompleted successfully[0m
[2026-03-29T01:14:28.138+0000] {subprocess.py:93} INFO - [0m01:14:28
[2026-03-29T01:14:28.138+0000] {subprocess.py:93} INFO - [0m01:14:28  Done. PASS=0 WARN=0 ERROR=0 SKIP=0 TOTAL=0
[2026-03-29T01:14:29.158+0000] {subprocess.py:97} INFO - Command exited with return code 0
[2026-03-29T01:14:29.192+0000] {taskinstance.py:1398} INFO - Marking task as SUCCESS. dag_id=logistics_pipeline_v3, task_id=dbt_seed, execution_date=20260329T011417, start_date=20260329T011425, end_date=20260329T011429
[2026-03-29T01:14:29.225+0000] {local_task_job_runner.py:228} INFO - Task exited with return code 0
[2026-03-29T01:14:29.254+0000] {taskinstance.py:2776} INFO - 1 downstream tasks scheduled from follow-on schedule check
