[2026-03-28T05:20:18.493+0000] {taskinstance.py:1157} INFO - Dependencies all met for dep_context=non-requeueable deps ti=<TaskInstance: logistics_pipeline_v3.dbt_run manual__2026-03-28T05:20:09.951530+00:00 [queued]>
[2026-03-28T05:20:18.506+0000] {taskinstance.py:1157} INFO - Dependencies all met for dep_context=requeueable deps ti=<TaskInstance: logistics_pipeline_v3.dbt_run manual__2026-03-28T05:20:09.951530+00:00 [queued]>
[2026-03-28T05:20:18.506+0000] {taskinstance.py:1359} INFO - Starting attempt 1 of 2
[2026-03-28T05:20:18.524+0000] {taskinstance.py:1380} INFO - Executing <Task(BashOperator): dbt_run> on 2026-03-28 05:20:09.951530+00:00
[2026-03-28T05:20:18.529+0000] {standard_task_runner.py:57} INFO - Started process 1213 to run task
[2026-03-28T05:20:18.533+0000] {standard_task_runner.py:84} INFO - Running: ['airflow', 'tasks', 'run', 'logistics_pipeline_v3', 'dbt_run', 'manual__2026-03-28T05:20:09.951530+00:00', '--job-id', '28', '--raw', '--subdir', 'DAGS_FOLDER/smartflow_dag.py', '--cfg-path', '/tmp/tmp5d7uop8q']
[2026-03-28T05:20:18.536+0000] {standard_task_runner.py:85} INFO - Job 28: Subtask dbt_run
[2026-03-28T05:20:18.602+0000] {task_command.py:415} INFO - Running <TaskInstance: logistics_pipeline_v3.dbt_run manual__2026-03-28T05:20:09.951530+00:00 [running]> on host 97e90436ed10
[2026-03-28T05:20:18.743+0000] {taskinstance.py:1660} INFO - Exporting env vars: AIRFLOW_CTX_DAG_OWNER='Rawan' AIRFLOW_CTX_DAG_ID='logistics_pipeline_v3' AIRFLOW_CTX_TASK_ID='dbt_run' AIRFLOW_CTX_EXECUTION_DATE='2026-03-28T05:20:09.951530+00:00' AIRFLOW_CTX_TRY_NUMBER='1' AIRFLOW_CTX_DAG_RUN_ID='manual__2026-03-28T05:20:09.951530+00:00'
[2026-03-28T05:20:18.745+0000] {subprocess.py:63} INFO - Tmp dir root location: /tmp
[2026-03-28T05:20:18.746+0000] {subprocess.py:75} INFO - Running command: ['/bin/bash', '-c', 'cd /opt/airflow/dbt_project && dbt run --profiles-dir .']
[2026-03-28T05:20:18.762+0000] {subprocess.py:86} INFO - Output:
[2026-03-28T05:20:21.198+0000] {subprocess.py:93} INFO - [0m05:20:21  Running with dbt=1.8.0
[2026-03-28T05:20:21.618+0000] {subprocess.py:93} INFO - [0m05:20:21  Registered adapter: postgres=1.8.0
[2026-03-28T05:20:22.249+0000] {subprocess.py:93} INFO - [0m05:20:22  Found 1 model, 3 data tests, 1 source, 423 macros
[2026-03-28T05:20:22.254+0000] {subprocess.py:93} INFO - [0m05:20:22
[2026-03-28T05:20:22.449+0000] {subprocess.py:93} INFO - [0m05:20:22  Concurrency: 4 threads (target='dev')
[2026-03-28T05:20:22.449+0000] {subprocess.py:93} INFO - [0m05:20:22
[2026-03-28T05:20:22.465+0000] {subprocess.py:93} INFO - [0m05:20:22  1 of 1 START sql table model public_analytics.courier_performance .............. [RUN]
[2026-03-28T05:20:22.597+0000] {subprocess.py:93} INFO - [0m05:20:22  1 of 1 ERROR creating sql table model public_analytics.courier_performance ..... [[31mERROR[0m in 0.13s]
[2026-03-28T05:20:22.622+0000] {subprocess.py:93} INFO - [0m05:20:22
[2026-03-28T05:20:22.623+0000] {subprocess.py:93} INFO - [0m05:20:22  Finished running 1 table model in 0 hours 0 minutes and 0.37 seconds (0.37s).
[2026-03-28T05:20:22.682+0000] {subprocess.py:93} INFO - [0m05:20:22
[2026-03-28T05:20:22.686+0000] {subprocess.py:93} INFO - [0m05:20:22  [31mCompleted with 1 error and 0 warnings:[0m
[2026-03-28T05:20:22.686+0000] {subprocess.py:93} INFO - [0m05:20:22
[2026-03-28T05:20:22.687+0000] {subprocess.py:93} INFO - [0m05:20:22    Database Error in model courier_performance (models/courier_performance.sql)
[2026-03-28T05:20:22.687+0000] {subprocess.py:93} INFO -   column "avg_speed" does not exist
[2026-03-28T05:20:22.687+0000] {subprocess.py:93} INFO -   LINE 15:         avg_speed,
[2026-03-28T05:20:22.687+0000] {subprocess.py:93} INFO -                    ^
[2026-03-28T05:20:22.687+0000] {subprocess.py:93} INFO -   compiled code at target/run/dbt_logistics/models/courier_performance.sql
[2026-03-28T05:20:22.688+0000] {subprocess.py:93} INFO - [0m05:20:22
[2026-03-28T05:20:22.688+0000] {subprocess.py:93} INFO - [0m05:20:22  Done. PASS=0 WARN=0 ERROR=1 SKIP=0 TOTAL=1
[2026-03-28T05:20:23.806+0000] {subprocess.py:97} INFO - Command exited with return code 1
[2026-03-28T05:20:23.827+0000] {taskinstance.py:1935} ERROR - Task failed with exception
Traceback (most recent call last):
  File "/home/airflow/.local/lib/python3.8/site-packages/airflow/operators/bash.py", line 210, in execute
    raise AirflowException(
airflow.exceptions.AirflowException: Bash command failed. The command returned a non-zero exit code 1.
[2026-03-28T05:20:23.833+0000] {taskinstance.py:1398} INFO - Marking task as UP_FOR_RETRY. dag_id=logistics_pipeline_v3, task_id=dbt_run, execution_date=20260328T052009, start_date=20260328T052018, end_date=20260328T052023
[2026-03-28T05:20:23.856+0000] {standard_task_runner.py:104} ERROR - Failed to execute job 28 for task dbt_run (Bash command failed. The command returned a non-zero exit code 1.; 1213)
[2026-03-28T05:20:23.905+0000] {local_task_job_runner.py:228} INFO - Task exited with return code 1
[2026-03-28T05:20:23.953+0000] {taskinstance.py:2776} INFO - 0 downstream tasks scheduled from follow-on schedule check
