[2026-03-28T05:25:25.572+0000] {taskinstance.py:1157} INFO - Dependencies all met for dep_context=non-requeueable deps ti=<TaskInstance: logistics_pipeline_v3.dbt_run manual__2026-03-28T05:20:09.951530+00:00 [queued]>
[2026-03-28T05:25:25.585+0000] {taskinstance.py:1157} INFO - Dependencies all met for dep_context=requeueable deps ti=<TaskInstance: logistics_pipeline_v3.dbt_run manual__2026-03-28T05:20:09.951530+00:00 [queued]>
[2026-03-28T05:25:25.586+0000] {taskinstance.py:1359} INFO - Starting attempt 2 of 2
[2026-03-28T05:25:25.606+0000] {taskinstance.py:1380} INFO - Executing <Task(BashOperator): dbt_run> on 2026-03-28 05:20:09.951530+00:00
[2026-03-28T05:25:25.612+0000] {standard_task_runner.py:57} INFO - Started process 1329 to run task
[2026-03-28T05:25:25.618+0000] {standard_task_runner.py:84} INFO - Running: ['airflow', 'tasks', 'run', 'logistics_pipeline_v3', 'dbt_run', 'manual__2026-03-28T05:20:09.951530+00:00', '--job-id', '35', '--raw', '--subdir', 'DAGS_FOLDER/smartflow_dag.py', '--cfg-path', '/tmp/tmpgmpb2mx1']
[2026-03-28T05:25:25.622+0000] {standard_task_runner.py:85} INFO - Job 35: Subtask dbt_run
[2026-03-28T05:25:25.717+0000] {task_command.py:415} INFO - Running <TaskInstance: logistics_pipeline_v3.dbt_run manual__2026-03-28T05:20:09.951530+00:00 [running]> on host 97e90436ed10
[2026-03-28T05:25:25.846+0000] {taskinstance.py:1660} INFO - Exporting env vars: AIRFLOW_CTX_DAG_OWNER='Rawan' AIRFLOW_CTX_DAG_ID='logistics_pipeline_v3' AIRFLOW_CTX_TASK_ID='dbt_run' AIRFLOW_CTX_EXECUTION_DATE='2026-03-28T05:20:09.951530+00:00' AIRFLOW_CTX_TRY_NUMBER='2' AIRFLOW_CTX_DAG_RUN_ID='manual__2026-03-28T05:20:09.951530+00:00'
[2026-03-28T05:25:25.848+0000] {subprocess.py:63} INFO - Tmp dir root location: /tmp
[2026-03-28T05:25:25.850+0000] {subprocess.py:75} INFO - Running command: ['/bin/bash', '-c', 'cd /opt/airflow/dbt_project && dbt run --profiles-dir .']
[2026-03-28T05:25:25.865+0000] {subprocess.py:86} INFO - Output:
[2026-03-28T05:25:28.224+0000] {subprocess.py:93} INFO - [0m05:25:28  Running with dbt=1.8.0
[2026-03-28T05:25:28.665+0000] {subprocess.py:93} INFO - [0m05:25:28  Registered adapter: postgres=1.8.0
[2026-03-28T05:25:29.240+0000] {subprocess.py:93} INFO - [0m05:25:29  Found 1 model, 3 data tests, 1 source, 423 macros
[2026-03-28T05:25:29.240+0000] {subprocess.py:93} INFO - [0m05:25:29
[2026-03-28T05:25:29.438+0000] {subprocess.py:93} INFO - [0m05:25:29  Concurrency: 4 threads (target='dev')
[2026-03-28T05:25:29.439+0000] {subprocess.py:93} INFO - [0m05:25:29
[2026-03-28T05:25:29.456+0000] {subprocess.py:93} INFO - [0m05:25:29  1 of 1 START sql table model public_analytics.courier_performance .............. [RUN]
[2026-03-28T05:25:29.580+0000] {subprocess.py:93} INFO - [0m05:25:29  1 of 1 ERROR creating sql table model public_analytics.courier_performance ..... [[31mERROR[0m in 0.12s]
[2026-03-28T05:25:29.604+0000] {subprocess.py:93} INFO - [0m05:25:29
[2026-03-28T05:25:29.606+0000] {subprocess.py:93} INFO - [0m05:25:29  Finished running 1 table model in 0 hours 0 minutes and 0.36 seconds (0.36s).
[2026-03-28T05:25:29.667+0000] {subprocess.py:93} INFO - [0m05:25:29
[2026-03-28T05:25:29.667+0000] {subprocess.py:93} INFO - [0m05:25:29  [31mCompleted with 1 error and 0 warnings:[0m
[2026-03-28T05:25:29.668+0000] {subprocess.py:93} INFO - [0m05:25:29
[2026-03-28T05:25:29.669+0000] {subprocess.py:93} INFO - [0m05:25:29    Database Error in model courier_performance (models/courier_performance.sql)
[2026-03-28T05:25:29.669+0000] {subprocess.py:93} INFO -   column "avg_speed" does not exist
[2026-03-28T05:25:29.669+0000] {subprocess.py:93} INFO -   LINE 15:         avg_speed,
[2026-03-28T05:25:29.670+0000] {subprocess.py:93} INFO -                    ^
[2026-03-28T05:25:29.670+0000] {subprocess.py:93} INFO -   compiled code at target/run/dbt_logistics/models/courier_performance.sql
[2026-03-28T05:25:29.670+0000] {subprocess.py:93} INFO - [0m05:25:29
[2026-03-28T05:25:29.672+0000] {subprocess.py:93} INFO - [0m05:25:29  Done. PASS=0 WARN=0 ERROR=1 SKIP=0 TOTAL=1
[2026-03-28T05:25:30.842+0000] {subprocess.py:97} INFO - Command exited with return code 1
[2026-03-28T05:25:30.864+0000] {taskinstance.py:1935} ERROR - Task failed with exception
Traceback (most recent call last):
  File "/home/airflow/.local/lib/python3.8/site-packages/airflow/operators/bash.py", line 210, in execute
    raise AirflowException(
airflow.exceptions.AirflowException: Bash command failed. The command returned a non-zero exit code 1.
[2026-03-28T05:25:30.869+0000] {taskinstance.py:1398} INFO - Marking task as FAILED. dag_id=logistics_pipeline_v3, task_id=dbt_run, execution_date=20260328T052009, start_date=20260328T052525, end_date=20260328T052530
[2026-03-28T05:25:30.890+0000] {standard_task_runner.py:104} ERROR - Failed to execute job 35 for task dbt_run (Bash command failed. The command returned a non-zero exit code 1.; 1329)
[2026-03-28T05:25:30.904+0000] {local_task_job_runner.py:228} INFO - Task exited with return code 1
[2026-03-28T05:25:30.940+0000] {taskinstance.py:2776} INFO - 0 downstream tasks scheduled from follow-on schedule check
