[2026-03-29T01:19:34.784+0000] {taskinstance.py:1157} INFO - Dependencies all met for dep_context=non-requeueable deps ti=<TaskInstance: logistics_pipeline_v3.dbt_run scheduled__2026-03-28T01:14:04.595024+00:00 [queued]>
[2026-03-29T01:19:34.798+0000] {taskinstance.py:1157} INFO - Dependencies all met for dep_context=requeueable deps ti=<TaskInstance: logistics_pipeline_v3.dbt_run scheduled__2026-03-28T01:14:04.595024+00:00 [queued]>
[2026-03-29T01:19:34.798+0000] {taskinstance.py:1359} INFO - Starting attempt 2 of 2
[2026-03-29T01:19:34.817+0000] {taskinstance.py:1380} INFO - Executing <Task(BashOperator): dbt_run> on 2026-03-28 01:14:04.595024+00:00
[2026-03-29T01:19:34.824+0000] {standard_task_runner.py:57} INFO - Started process 826 to run task
[2026-03-29T01:19:34.829+0000] {standard_task_runner.py:84} INFO - Running: ['airflow', 'tasks', 'run', 'logistics_pipeline_v3', 'dbt_run', 'scheduled__2026-03-28T01:14:04.595024+00:00', '--job-id', '9', '--raw', '--subdir', 'DAGS_FOLDER/smartflow_dag.py', '--cfg-path', '/tmp/tmpcwo5mwbo']
[2026-03-29T01:19:34.833+0000] {standard_task_runner.py:85} INFO - Job 9: Subtask dbt_run
[2026-03-29T01:19:34.955+0000] {task_command.py:415} INFO - Running <TaskInstance: logistics_pipeline_v3.dbt_run scheduled__2026-03-28T01:14:04.595024+00:00 [running]> on host 98eed5e96431
[2026-03-29T01:19:35.159+0000] {taskinstance.py:1660} INFO - Exporting env vars: AIRFLOW_CTX_DAG_OWNER='Rawan' AIRFLOW_CTX_DAG_ID='logistics_pipeline_v3' AIRFLOW_CTX_TASK_ID='dbt_run' AIRFLOW_CTX_EXECUTION_DATE='2026-03-28T01:14:04.595024+00:00' AIRFLOW_CTX_TRY_NUMBER='2' AIRFLOW_CTX_DAG_RUN_ID='scheduled__2026-03-28T01:14:04.595024+00:00'
[2026-03-29T01:19:35.161+0000] {subprocess.py:63} INFO - Tmp dir root location: /tmp
[2026-03-29T01:19:35.162+0000] {subprocess.py:75} INFO - Running command: ['/bin/bash', '-c', 'cd /opt/airflow/dbt_project && dbt run --profiles-dir .']
[2026-03-29T01:19:35.183+0000] {subprocess.py:86} INFO - Output:
[2026-03-29T01:19:38.565+0000] {subprocess.py:93} INFO - [0m01:19:38  Running with dbt=1.8.0
[2026-03-29T01:19:38.826+0000] {subprocess.py:93} INFO - [0m01:19:38  Registered adapter: postgres=1.8.0
[2026-03-29T01:19:39.195+0000] {subprocess.py:93} INFO - [0m01:19:39  Found 1 model, 3 data tests, 1 source, 423 macros
[2026-03-29T01:19:39.197+0000] {subprocess.py:93} INFO - [0m01:19:39
[2026-03-29T01:19:39.324+0000] {subprocess.py:93} INFO - [0m01:19:39  Concurrency: 4 threads (target='dev')
[2026-03-29T01:19:39.324+0000] {subprocess.py:93} INFO - [0m01:19:39
[2026-03-29T01:19:39.333+0000] {subprocess.py:93} INFO - [0m01:19:39  1 of 1 START sql table model public_analytics.courier_performance .............. [RUN]
[2026-03-29T01:19:39.489+0000] {subprocess.py:93} INFO - [0m01:19:39  1 of 1 OK created sql table model public_analytics.courier_performance ......... [[32mSELECT 8[0m in 0.15s]
[2026-03-29T01:19:39.507+0000] {subprocess.py:93} INFO - [0m01:19:39
[2026-03-29T01:19:39.507+0000] {subprocess.py:93} INFO - [0m01:19:39  Finished running 1 table model in 0 hours 0 minutes and 0.31 seconds (0.31s).
[2026-03-29T01:19:39.585+0000] {subprocess.py:93} INFO - [0m01:19:39
[2026-03-29T01:19:39.585+0000] {subprocess.py:93} INFO - [0m01:19:39  [32mCompleted successfully[0m
[2026-03-29T01:19:39.586+0000] {subprocess.py:93} INFO - [0m01:19:39
[2026-03-29T01:19:39.586+0000] {subprocess.py:93} INFO - [0m01:19:39  Done. PASS=1 WARN=0 ERROR=0 SKIP=0 TOTAL=1
[2026-03-29T01:19:40.678+0000] {subprocess.py:97} INFO - Command exited with return code 0
[2026-03-29T01:19:40.709+0000] {taskinstance.py:1398} INFO - Marking task as SUCCESS. dag_id=logistics_pipeline_v3, task_id=dbt_run, execution_date=20260328T011404, start_date=20260329T011934, end_date=20260329T011940
[2026-03-29T01:19:40.762+0000] {local_task_job_runner.py:228} INFO - Task exited with return code 0
[2026-03-29T01:19:40.783+0000] {taskinstance.py:2776} INFO - 1 downstream tasks scheduled from follow-on schedule check
