[2026-03-29T01:14:30.109+0000] {taskinstance.py:1157} INFO - Dependencies all met for dep_context=non-requeueable deps ti=<TaskInstance: logistics_pipeline_v3.dbt_run scheduled__2026-03-28T01:14:04.595024+00:00 [queued]>
[2026-03-29T01:14:30.119+0000] {taskinstance.py:1157} INFO - Dependencies all met for dep_context=requeueable deps ti=<TaskInstance: logistics_pipeline_v3.dbt_run scheduled__2026-03-28T01:14:04.595024+00:00 [queued]>
[2026-03-29T01:14:30.119+0000] {taskinstance.py:1359} INFO - Starting attempt 1 of 2
[2026-03-29T01:14:30.130+0000] {taskinstance.py:1380} INFO - Executing <Task(BashOperator): dbt_run> on 2026-03-28 01:14:04.595024+00:00
[2026-03-29T01:14:30.136+0000] {standard_task_runner.py:57} INFO - Started process 735 to run task
[2026-03-29T01:14:30.139+0000] {standard_task_runner.py:84} INFO - Running: ['airflow', 'tasks', 'run', 'logistics_pipeline_v3', 'dbt_run', 'scheduled__2026-03-28T01:14:04.595024+00:00', '--job-id', '7', '--raw', '--subdir', 'DAGS_FOLDER/smartflow_dag.py', '--cfg-path', '/tmp/tmpb2xmcn8u']
[2026-03-29T01:14:30.141+0000] {standard_task_runner.py:85} INFO - Job 7: Subtask dbt_run
[2026-03-29T01:14:30.213+0000] {task_command.py:415} INFO - Running <TaskInstance: logistics_pipeline_v3.dbt_run scheduled__2026-03-28T01:14:04.595024+00:00 [running]> on host 98eed5e96431
[2026-03-29T01:14:30.328+0000] {taskinstance.py:1660} INFO - Exporting env vars: AIRFLOW_CTX_DAG_OWNER='Rawan' AIRFLOW_CTX_DAG_ID='logistics_pipeline_v3' AIRFLOW_CTX_TASK_ID='dbt_run' AIRFLOW_CTX_EXECUTION_DATE='2026-03-28T01:14:04.595024+00:00' AIRFLOW_CTX_TRY_NUMBER='1' AIRFLOW_CTX_DAG_RUN_ID='scheduled__2026-03-28T01:14:04.595024+00:00'
[2026-03-29T01:14:30.329+0000] {subprocess.py:63} INFO - Tmp dir root location: /tmp
[2026-03-29T01:14:30.330+0000] {subprocess.py:75} INFO - Running command: ['/bin/bash', '-c', 'cd /opt/airflow/dbt_project && dbt run --profiles-dir .']
[2026-03-29T01:14:30.338+0000] {subprocess.py:86} INFO - Output:
[2026-03-29T01:14:32.236+0000] {subprocess.py:93} INFO - [0m01:14:32  Running with dbt=1.8.0
[2026-03-29T01:14:32.490+0000] {subprocess.py:93} INFO - [0m01:14:32  Registered adapter: postgres=1.8.0
[2026-03-29T01:14:32.982+0000] {subprocess.py:93} INFO - [0m01:14:32  Found 1 model, 3 data tests, 1 source, 423 macros
[2026-03-29T01:14:32.985+0000] {subprocess.py:93} INFO - [0m01:14:32
[2026-03-29T01:14:32.372+0000] {subprocess.py:93} INFO - [0m01:14:32  Concurrency: 4 threads (target='dev')
[2026-03-29T01:14:32.373+0000] {subprocess.py:93} INFO - [0m01:14:32
[2026-03-29T01:14:32.387+0000] {subprocess.py:93} INFO - [0m01:14:32  1 of 1 START sql table model public_analytics.courier_performance .............. [RUN]
[2026-03-29T01:14:32.315+0000] {subprocess.py:93} INFO - [0m01:14:32  1 of 1 ERROR creating sql table model public_analytics.courier_performance ..... [[31mERROR[0m in -0.08s]
[2026-03-29T01:14:32.340+0000] {subprocess.py:93} INFO - [0m01:14:32
[2026-03-29T01:14:32.340+0000] {subprocess.py:93} INFO - [0m01:14:32  Finished running 1 table model in -1 hours 59 minutes and 59.35 seconds (-0.65s).
[2026-03-29T01:14:32.380+0000] {subprocess.py:93} INFO - [0m01:14:32
[2026-03-29T01:14:32.380+0000] {subprocess.py:93} INFO - [0m01:14:32  [31mCompleted with 1 error and 0 warnings:[0m
[2026-03-29T01:14:32.381+0000] {subprocess.py:93} INFO - [0m01:14:32
[2026-03-29T01:14:32.382+0000] {subprocess.py:93} INFO - [0m01:14:32    Database Error in model courier_performance (models/courier_performance.sql)
[2026-03-29T01:14:32.382+0000] {subprocess.py:93} INFO -   deadlock detected
[2026-03-29T01:14:32.382+0000] {subprocess.py:93} INFO -   DETAIL:  Process 4207 waits for ShareLock on transaction 4648; blocked by process 4206.
[2026-03-29T01:14:32.382+0000] {subprocess.py:93} INFO -   Process 4206 waits for AccessExclusiveLock on relation 16951 of database 16384; blocked by process 4207.
[2026-03-29T01:14:32.382+0000] {subprocess.py:93} INFO -   HINT:  See server log for query details.
[2026-03-29T01:14:32.382+0000] {subprocess.py:93} INFO -   CONTEXT:  while inserting index tuple (16,18) in relation "pg_type_typname_nsp_index"
[2026-03-29T01:14:32.383+0000] {subprocess.py:93} INFO -   compiled code at target/run/dbt_logistics/models/courier_performance.sql
[2026-03-29T01:14:32.383+0000] {subprocess.py:93} INFO - [0m01:14:32
[2026-03-29T01:14:32.383+0000] {subprocess.py:93} INFO - [0m01:14:32  Done. PASS=0 WARN=0 ERROR=1 SKIP=0 TOTAL=1
[2026-03-29T01:14:33.402+0000] {subprocess.py:97} INFO - Command exited with return code 1
[2026-03-29T01:14:33.423+0000] {taskinstance.py:1935} ERROR - Task failed with exception
Traceback (most recent call last):
  File "/home/airflow/.local/lib/python3.8/site-packages/airflow/operators/bash.py", line 210, in execute
    raise AirflowException(
airflow.exceptions.AirflowException: Bash command failed. The command returned a non-zero exit code 1.
[2026-03-29T01:14:33.428+0000] {taskinstance.py:1398} INFO - Marking task as UP_FOR_RETRY. dag_id=logistics_pipeline_v3, task_id=dbt_run, execution_date=20260328T011404, start_date=20260329T011430, end_date=20260329T011433
[2026-03-29T01:14:33.444+0000] {standard_task_runner.py:104} ERROR - Failed to execute job 7 for task dbt_run (Bash command failed. The command returned a non-zero exit code 1.; 735)
[2026-03-29T01:14:35.040+0000] {local_task_job_runner.py:228} INFO - Task exited with return code 1
[2026-03-29T01:14:35.074+0000] {taskinstance.py:2776} INFO - 0 downstream tasks scheduled from follow-on schedule check
