[2026-03-28T05:32:32.685+0000] {taskinstance.py:1157} INFO - Dependencies all met for dep_context=non-requeueable deps ti=<TaskInstance: logistics_pipeline_v3.dbt_run manual__2026-03-28T05:27:16.439358+00:00 [queued]>
[2026-03-28T05:32:32.701+0000] {taskinstance.py:1157} INFO - Dependencies all met for dep_context=requeueable deps ti=<TaskInstance: logistics_pipeline_v3.dbt_run manual__2026-03-28T05:27:16.439358+00:00 [queued]>
[2026-03-28T05:32:32.701+0000] {taskinstance.py:1359} INFO - Starting attempt 2 of 2
[2026-03-28T05:32:32.725+0000] {taskinstance.py:1380} INFO - Executing <Task(BashOperator): dbt_run> on 2026-03-28 05:27:16.439358+00:00
[2026-03-28T05:32:32.736+0000] {standard_task_runner.py:57} INFO - Started process 1532 to run task
[2026-03-28T05:32:32.743+0000] {standard_task_runner.py:84} INFO - Running: ['airflow', 'tasks', 'run', 'logistics_pipeline_v3', 'dbt_run', 'manual__2026-03-28T05:27:16.439358+00:00', '--job-id', '48', '--raw', '--subdir', 'DAGS_FOLDER/smartflow_dag.py', '--cfg-path', '/tmp/tmp9wm2_jz5']
[2026-03-28T05:32:32.748+0000] {standard_task_runner.py:85} INFO - Job 48: Subtask dbt_run
[2026-03-28T05:32:32.857+0000] {task_command.py:415} INFO - Running <TaskInstance: logistics_pipeline_v3.dbt_run manual__2026-03-28T05:27:16.439358+00:00 [running]> on host 97e90436ed10
[2026-03-28T05:32:33.040+0000] {taskinstance.py:1660} INFO - Exporting env vars: AIRFLOW_CTX_DAG_OWNER='Rawan' AIRFLOW_CTX_DAG_ID='logistics_pipeline_v3' AIRFLOW_CTX_TASK_ID='dbt_run' AIRFLOW_CTX_EXECUTION_DATE='2026-03-28T05:27:16.439358+00:00' AIRFLOW_CTX_TRY_NUMBER='2' AIRFLOW_CTX_DAG_RUN_ID='manual__2026-03-28T05:27:16.439358+00:00'
[2026-03-28T05:32:33.042+0000] {subprocess.py:63} INFO - Tmp dir root location: /tmp
[2026-03-28T05:32:33.047+0000] {subprocess.py:75} INFO - Running command: ['/bin/bash', '-c', 'cd /opt/airflow/dbt_project && dbt run --profiles-dir .']
[2026-03-28T05:32:33.064+0000] {subprocess.py:86} INFO - Output:
[2026-03-28T05:32:36.013+0000] {subprocess.py:93} INFO - [0m05:32:36  Running with dbt=1.8.0
[2026-03-28T05:32:36.310+0000] {subprocess.py:93} INFO - [0m05:32:36  Registered adapter: postgres=1.8.0
[2026-03-28T05:32:36.789+0000] {subprocess.py:93} INFO - [0m05:32:36  [[33mWARNING[0m]: Deprecated functionality
[2026-03-28T05:32:36.789+0000] {subprocess.py:93} INFO - The `tests` config has been renamed to `data_tests`. Please see
[2026-03-28T05:32:36.790+0000] {subprocess.py:93} INFO - https://docs.getdbt.com/docs/build/data-tests#new-data_tests-syntax for more
[2026-03-28T05:32:36.790+0000] {subprocess.py:93} INFO - information.
[2026-03-28T05:32:37.351+0000] {subprocess.py:93} INFO - [0m05:32:37  Found 1 model, 3 data tests, 1 source, 423 macros
[2026-03-28T05:32:37.353+0000] {subprocess.py:93} INFO - [0m05:32:37
[2026-03-28T05:32:37.528+0000] {subprocess.py:93} INFO - [0m05:32:37  Concurrency: 4 threads (target='dev')
[2026-03-28T05:32:37.528+0000] {subprocess.py:93} INFO - [0m05:32:37
[2026-03-28T05:32:37.538+0000] {subprocess.py:93} INFO - [0m05:32:37  1 of 1 START sql table model public_analytics.courier_performance .............. [RUN]
[2026-03-28T05:32:37.684+0000] {subprocess.py:93} INFO - [0m05:32:37  1 of 1 OK created sql table model public_analytics.courier_performance ......... [[32mSELECT 7[0m in 0.14s]
[2026-03-28T05:32:37.700+0000] {subprocess.py:93} INFO - [0m05:32:37
[2026-03-28T05:32:37.701+0000] {subprocess.py:93} INFO - [0m05:32:37  Finished running 1 table model in 0 hours 0 minutes and 0.35 seconds (0.35s).
[2026-03-28T05:32:37.736+0000] {subprocess.py:93} INFO - [0m05:32:37
[2026-03-28T05:32:37.737+0000] {subprocess.py:93} INFO - [0m05:32:37  [32mCompleted successfully[0m
[2026-03-28T05:32:37.737+0000] {subprocess.py:93} INFO - [0m05:32:37
[2026-03-28T05:32:37.738+0000] {subprocess.py:93} INFO - [0m05:32:37  Done. PASS=1 WARN=0 ERROR=0 SKIP=0 TOTAL=1
[2026-03-28T05:32:38.784+0000] {subprocess.py:97} INFO - Command exited with return code 0
[2026-03-28T05:32:38.823+0000] {taskinstance.py:1398} INFO - Marking task as SUCCESS. dag_id=logistics_pipeline_v3, task_id=dbt_run, execution_date=20260328T052716, start_date=20260328T053232, end_date=20260328T053238
[2026-03-28T05:32:38.861+0000] {local_task_job_runner.py:228} INFO - Task exited with return code 0
[2026-03-28T05:32:38.884+0000] {taskinstance.py:2776} INFO - 1 downstream tasks scheduled from follow-on schedule check
