[2026-03-28T05:27:28.087+0000] {taskinstance.py:1157} INFO - Dependencies all met for dep_context=non-requeueable deps ti=<TaskInstance: logistics_pipeline_v3.dbt_run manual__2026-03-28T05:27:16.439358+00:00 [queued]>
[2026-03-28T05:27:28.096+0000] {taskinstance.py:1157} INFO - Dependencies all met for dep_context=requeueable deps ti=<TaskInstance: logistics_pipeline_v3.dbt_run manual__2026-03-28T05:27:16.439358+00:00 [queued]>
[2026-03-28T05:27:28.097+0000] {taskinstance.py:1359} INFO - Starting attempt 1 of 2
[2026-03-28T05:27:28.109+0000] {taskinstance.py:1380} INFO - Executing <Task(BashOperator): dbt_run> on 2026-03-28 05:27:16.439358+00:00
[2026-03-28T05:27:28.114+0000] {standard_task_runner.py:57} INFO - Started process 1389 to run task
[2026-03-28T05:27:28.117+0000] {standard_task_runner.py:84} INFO - Running: ['airflow', 'tasks', 'run', 'logistics_pipeline_v3', 'dbt_run', 'manual__2026-03-28T05:27:16.439358+00:00', '--job-id', '39', '--raw', '--subdir', 'DAGS_FOLDER/smartflow_dag.py', '--cfg-path', '/tmp/tmp3vkv9job']
[2026-03-28T05:27:28.120+0000] {standard_task_runner.py:85} INFO - Job 39: Subtask dbt_run
[2026-03-28T05:27:28.185+0000] {task_command.py:415} INFO - Running <TaskInstance: logistics_pipeline_v3.dbt_run manual__2026-03-28T05:27:16.439358+00:00 [running]> on host 97e90436ed10
[2026-03-28T05:27:28.286+0000] {taskinstance.py:1660} INFO - Exporting env vars: AIRFLOW_CTX_DAG_OWNER='Rawan' AIRFLOW_CTX_DAG_ID='logistics_pipeline_v3' AIRFLOW_CTX_TASK_ID='dbt_run' AIRFLOW_CTX_EXECUTION_DATE='2026-03-28T05:27:16.439358+00:00' AIRFLOW_CTX_TRY_NUMBER='1' AIRFLOW_CTX_DAG_RUN_ID='manual__2026-03-28T05:27:16.439358+00:00'
[2026-03-28T05:27:28.288+0000] {subprocess.py:63} INFO - Tmp dir root location: /tmp
[2026-03-28T05:27:28.289+0000] {subprocess.py:75} INFO - Running command: ['/bin/bash', '-c', 'cd /opt/airflow/dbt_project && dbt run --profiles-dir .']
[2026-03-28T05:27:28.298+0000] {subprocess.py:86} INFO - Output:
[2026-03-28T05:27:29.724+0000] {subprocess.py:93} INFO - [0m05:27:29  Running with dbt=1.8.0
[2026-03-28T05:27:29.977+0000] {subprocess.py:93} INFO - [0m05:27:29  Registered adapter: postgres=1.8.0
[2026-03-28T05:27:30.346+0000] {subprocess.py:93} INFO - [0m05:27:30  Found 1 model, 3 data tests, 1 source, 423 macros
[2026-03-28T05:27:30.348+0000] {subprocess.py:93} INFO - [0m05:27:30
[2026-03-28T05:27:30.465+0000] {subprocess.py:93} INFO - [0m05:27:30  Concurrency: 4 threads (target='dev')
[2026-03-28T05:27:30.466+0000] {subprocess.py:93} INFO - [0m05:27:30
[2026-03-28T05:27:30.477+0000] {subprocess.py:93} INFO - [0m05:27:30  1 of 1 START sql table model public_analytics.courier_performance .............. [RUN]
[2026-03-28T05:27:30.554+0000] {subprocess.py:93} INFO - [0m05:27:30  1 of 1 ERROR creating sql table model public_analytics.courier_performance ..... [[31mERROR[0m in 0.07s]
[2026-03-28T05:27:30.570+0000] {subprocess.py:93} INFO - [0m05:27:30
[2026-03-28T05:27:30.570+0000] {subprocess.py:93} INFO - [0m05:27:30  Finished running 1 table model in 0 hours 0 minutes and 0.22 seconds (0.22s).
[2026-03-28T05:27:30.605+0000] {subprocess.py:93} INFO - [0m05:27:30
[2026-03-28T05:27:30.606+0000] {subprocess.py:93} INFO - [0m05:27:30  [31mCompleted with 1 error and 0 warnings:[0m
[2026-03-28T05:27:30.606+0000] {subprocess.py:93} INFO - [0m05:27:30
[2026-03-28T05:27:30.607+0000] {subprocess.py:93} INFO - [0m05:27:30    Database Error in model courier_performance (models/courier_performance.sql)
[2026-03-28T05:27:30.607+0000] {subprocess.py:93} INFO -   column "violation_count" does not exist
[2026-03-28T05:27:30.607+0000] {subprocess.py:93} INFO -   LINE 16:         violation_count,
[2026-03-28T05:27:30.607+0000] {subprocess.py:93} INFO -                    ^
[2026-03-28T05:27:30.607+0000] {subprocess.py:93} INFO -   compiled code at target/run/dbt_logistics/models/courier_performance.sql
[2026-03-28T05:27:30.607+0000] {subprocess.py:93} INFO - [0m05:27:30
[2026-03-28T05:27:30.607+0000] {subprocess.py:93} INFO - [0m05:27:30  Done. PASS=0 WARN=0 ERROR=1 SKIP=0 TOTAL=1
[2026-03-28T05:27:31.533+0000] {subprocess.py:97} INFO - Command exited with return code 1
[2026-03-28T05:27:31.545+0000] {taskinstance.py:1935} ERROR - Task failed with exception
Traceback (most recent call last):
  File "/home/airflow/.local/lib/python3.8/site-packages/airflow/operators/bash.py", line 210, in execute
    raise AirflowException(
airflow.exceptions.AirflowException: Bash command failed. The command returned a non-zero exit code 1.
[2026-03-28T05:27:31.548+0000] {taskinstance.py:1398} INFO - Marking task as UP_FOR_RETRY. dag_id=logistics_pipeline_v3, task_id=dbt_run, execution_date=20260328T052716, start_date=20260328T052728, end_date=20260328T052731
[2026-03-28T05:27:31.563+0000] {standard_task_runner.py:104} ERROR - Failed to execute job 39 for task dbt_run (Bash command failed. The command returned a non-zero exit code 1.; 1389)
[2026-03-28T05:27:31.579+0000] {local_task_job_runner.py:228} INFO - Task exited with return code 1
[2026-03-28T05:27:31.608+0000] {taskinstance.py:2776} INFO - 0 downstream tasks scheduled from follow-on schedule check
