[2026-03-29T01:14:30.115+0000] {taskinstance.py:1157} INFO - Dependencies all met for dep_context=non-requeueable deps ti=<TaskInstance: logistics_pipeline_v3.dbt_run manual__2026-03-29T01:14:17.488986+00:00 [queued]>
[2026-03-29T01:14:30.123+0000] {taskinstance.py:1157} INFO - Dependencies all met for dep_context=requeueable deps ti=<TaskInstance: logistics_pipeline_v3.dbt_run manual__2026-03-29T01:14:17.488986+00:00 [queued]>
[2026-03-29T01:14:30.123+0000] {taskinstance.py:1359} INFO - Starting attempt 1 of 2
[2026-03-29T01:14:30.137+0000] {taskinstance.py:1380} INFO - Executing <Task(BashOperator): dbt_run> on 2026-03-29 01:14:17.488986+00:00
[2026-03-29T01:14:30.142+0000] {standard_task_runner.py:57} INFO - Started process 736 to run task
[2026-03-29T01:14:30.145+0000] {standard_task_runner.py:84} INFO - Running: ['airflow', 'tasks', 'run', 'logistics_pipeline_v3', 'dbt_run', 'manual__2026-03-29T01:14:17.488986+00:00', '--job-id', '6', '--raw', '--subdir', 'DAGS_FOLDER/smartflow_dag.py', '--cfg-path', '/tmp/tmpx55pa0zv']
[2026-03-29T01:14:30.147+0000] {standard_task_runner.py:85} INFO - Job 6: Subtask dbt_run
[2026-03-29T01:14:30.217+0000] {task_command.py:415} INFO - Running <TaskInstance: logistics_pipeline_v3.dbt_run manual__2026-03-29T01:14:17.488986+00:00 [running]> on host 98eed5e96431
[2026-03-29T01:14:30.327+0000] {taskinstance.py:1660} INFO - Exporting env vars: AIRFLOW_CTX_DAG_OWNER='Rawan' AIRFLOW_CTX_DAG_ID='logistics_pipeline_v3' AIRFLOW_CTX_TASK_ID='dbt_run' AIRFLOW_CTX_EXECUTION_DATE='2026-03-29T01:14:17.488986+00:00' AIRFLOW_CTX_TRY_NUMBER='1' AIRFLOW_CTX_DAG_RUN_ID='manual__2026-03-29T01:14:17.488986+00:00'
[2026-03-29T01:14:30.329+0000] {subprocess.py:63} INFO - Tmp dir root location: /tmp
[2026-03-29T01:14:30.330+0000] {subprocess.py:75} INFO - Running command: ['/bin/bash', '-c', 'cd /opt/airflow/dbt_project && dbt run --profiles-dir .']
[2026-03-29T01:14:30.338+0000] {subprocess.py:86} INFO - Output:
[2026-03-29T01:14:32.232+0000] {subprocess.py:93} INFO - [0m01:14:32  Running with dbt=1.8.0
[2026-03-29T01:14:32.486+0000] {subprocess.py:93} INFO - [0m01:14:32  Registered adapter: postgres=1.8.0
[2026-03-29T01:14:32.950+0000] {subprocess.py:93} INFO - [0m01:14:32  Found 1 model, 3 data tests, 1 source, 423 macros
[2026-03-29T01:14:32.955+0000] {subprocess.py:93} INFO - [0m01:14:32
[2026-03-29T01:14:32.345+0000] {subprocess.py:93} INFO - [0m01:14:32  Concurrency: 4 threads (target='dev')
[2026-03-29T01:14:32.346+0000] {subprocess.py:93} INFO - [0m01:14:32
[2026-03-29T01:14:32.360+0000] {subprocess.py:93} INFO - [0m01:14:32  1 of 1 START sql table model public_analytics.courier_performance .............. [RUN]
[2026-03-29T01:14:32.367+0000] {subprocess.py:93} INFO - [0m01:14:32  1 of 1 OK created sql table model public_analytics.courier_performance ......... [[32mSELECT 8[0m in 0.00s]
[2026-03-29T01:14:32.387+0000] {subprocess.py:93} INFO - [0m01:14:32
[2026-03-29T01:14:32.389+0000] {subprocess.py:93} INFO - [0m01:14:32  Finished running 1 table model in -1 hours 59 minutes and 59.43 seconds (-0.57s).
[2026-03-29T01:14:32.491+0000] {subprocess.py:93} INFO - [0m01:14:32
[2026-03-29T01:14:32.491+0000] {subprocess.py:93} INFO - [0m01:14:32  [32mCompleted successfully[0m
[2026-03-29T01:14:32.492+0000] {subprocess.py:93} INFO - [0m01:14:32
[2026-03-29T01:14:32.492+0000] {subprocess.py:93} INFO - [0m01:14:32  Done. PASS=1 WARN=0 ERROR=0 SKIP=0 TOTAL=1
[2026-03-29T01:14:33.696+0000] {subprocess.py:97} INFO - Command exited with return code 0
[2026-03-29T01:14:33.739+0000] {taskinstance.py:1398} INFO - Marking task as SUCCESS. dag_id=logistics_pipeline_v3, task_id=dbt_run, execution_date=20260329T011417, start_date=20260329T011430, end_date=20260329T011433
[2026-03-29T01:14:35.042+0000] {local_task_job_runner.py:228} INFO - Task exited with return code 0
[2026-03-29T01:14:35.065+0000] {taskinstance.py:2776} INFO - 0 downstream tasks scheduled from follow-on schedule check
