[2026-03-28T02:01:25.421+0000] {taskinstance.py:1157} INFO - Dependencies all met for dep_context=non-requeueable deps ti=<TaskInstance: logistics_pipeline_v3.dbt_run manual__2026-03-28T02:01:11.132806+00:00 [queued]>
[2026-03-28T02:01:25.438+0000] {taskinstance.py:1157} INFO - Dependencies all met for dep_context=requeueable deps ti=<TaskInstance: logistics_pipeline_v3.dbt_run manual__2026-03-28T02:01:11.132806+00:00 [queued]>
[2026-03-28T02:01:25.439+0000] {taskinstance.py:1359} INFO - Starting attempt 1 of 2
[2026-03-28T02:01:25.461+0000] {taskinstance.py:1380} INFO - Executing <Task(BashOperator): dbt_run> on 2026-03-28 02:01:11.132806+00:00
[2026-03-28T02:01:25.475+0000] {standard_task_runner.py:57} INFO - Started process 265 to run task
[2026-03-28T02:01:25.478+0000] {standard_task_runner.py:84} INFO - Running: ['airflow', 'tasks', 'run', 'logistics_pipeline_v3', 'dbt_run', 'manual__2026-03-28T02:01:11.132806+00:00', '--job-id', '27', '--raw', '--subdir', 'DAGS_FOLDER/smartflow_dag.py', '--cfg-path', '/tmp/tmpgfyk4upr']
[2026-03-28T02:01:25.482+0000] {standard_task_runner.py:85} INFO - Job 27: Subtask dbt_run
[2026-03-28T02:01:25.591+0000] {task_command.py:415} INFO - Running <TaskInstance: logistics_pipeline_v3.dbt_run manual__2026-03-28T02:01:11.132806+00:00 [running]> on host 22aa927a5017
[2026-03-28T02:01:25.752+0000] {taskinstance.py:1660} INFO - Exporting env vars: AIRFLOW_CTX_DAG_OWNER='Rawan' AIRFLOW_CTX_DAG_ID='logistics_pipeline_v3' AIRFLOW_CTX_TASK_ID='dbt_run' AIRFLOW_CTX_EXECUTION_DATE='2026-03-28T02:01:11.132806+00:00' AIRFLOW_CTX_TRY_NUMBER='1' AIRFLOW_CTX_DAG_RUN_ID='manual__2026-03-28T02:01:11.132806+00:00'
[2026-03-28T02:01:25.754+0000] {subprocess.py:63} INFO - Tmp dir root location: /tmp
[2026-03-28T02:01:25.755+0000] {subprocess.py:75} INFO - Running command: ['/bin/bash', '-c', 'cd /opt/airflow/dbt_project && dbt run --profiles-dir .']
[2026-03-28T02:01:25.772+0000] {subprocess.py:86} INFO - Output:
[2026-03-28T02:01:28.512+0000] {subprocess.py:93} INFO - [0m02:01:28  Running with dbt=1.8.2
[2026-03-28T02:01:29.108+0000] {subprocess.py:93} INFO - [0m02:01:29  Registered adapter: postgres=1.8.2
[2026-03-28T02:01:29.805+0000] {subprocess.py:93} INFO - [0m02:01:29  Found 1 model, 3 data tests, 423 macros
[2026-03-28T02:01:29.807+0000] {subprocess.py:93} INFO - [0m02:01:29
[2026-03-28T02:01:30.069+0000] {subprocess.py:93} INFO - [0m02:01:30  Concurrency: 4 threads (target='dev')
[2026-03-28T02:01:30.070+0000] {subprocess.py:93} INFO - [0m02:01:30
[2026-03-28T02:01:30.086+0000] {subprocess.py:93} INFO - [0m02:01:30  1 of 1 START sql table model public_analytics.courier_performance .............. [RUN]
[2026-03-28T02:01:30.361+0000] {subprocess.py:93} INFO - [0m02:01:30  1 of 1 OK created sql table model public_analytics.courier_performance ......... [[32mSELECT 3[0m in 0.27s]
[2026-03-28T02:01:30.395+0000] {subprocess.py:93} INFO - [0m02:01:30
[2026-03-28T02:01:30.397+0000] {subprocess.py:93} INFO - [0m02:01:30  Finished running 1 table model in 0 hours 0 minutes and 0.59 seconds (0.59s).
[2026-03-28T02:01:30.459+0000] {subprocess.py:93} INFO - [0m02:01:30
[2026-03-28T02:01:30.460+0000] {subprocess.py:93} INFO - [0m02:01:30  [32mCompleted successfully[0m
[2026-03-28T02:01:30.461+0000] {subprocess.py:93} INFO - [0m02:01:30
[2026-03-28T02:01:30.462+0000] {subprocess.py:93} INFO - [0m02:01:30  Done. PASS=1 WARN=0 ERROR=0 SKIP=0 TOTAL=1
[2026-03-28T02:01:33.239+0000] {subprocess.py:97} INFO - Command exited with return code 0
[2026-03-28T02:01:33.294+0000] {taskinstance.py:1398} INFO - Marking task as SUCCESS. dag_id=logistics_pipeline_v3, task_id=dbt_run, execution_date=20260328T020111, start_date=20260328T020125, end_date=20260328T020133
[2026-03-28T02:01:33.358+0000] {local_task_job_runner.py:228} INFO - Task exited with return code 0
[2026-03-28T02:01:33.400+0000] {taskinstance.py:2776} INFO - 1 downstream tasks scheduled from follow-on schedule check
