[2026-03-28T05:07:17.860+0000] {taskinstance.py:1157} INFO - Dependencies all met for dep_context=non-requeueable deps ti=<TaskInstance: logistics_pipeline_v3.dbt_seed manual__2026-03-28T05:07:11.362807+00:00 [queued]>
[2026-03-28T05:07:17.871+0000] {taskinstance.py:1157} INFO - Dependencies all met for dep_context=requeueable deps ti=<TaskInstance: logistics_pipeline_v3.dbt_seed manual__2026-03-28T05:07:11.362807+00:00 [queued]>
[2026-03-28T05:07:17.871+0000] {taskinstance.py:1359} INFO - Starting attempt 1 of 2
[2026-03-28T05:07:17.886+0000] {taskinstance.py:1380} INFO - Executing <Task(BashOperator): dbt_seed> on 2026-03-28 05:07:11.362807+00:00
[2026-03-28T05:07:17.891+0000] {standard_task_runner.py:57} INFO - Started process 983 to run task
[2026-03-28T05:07:17.895+0000] {standard_task_runner.py:84} INFO - Running: ['airflow', 'tasks', 'run', 'logistics_pipeline_v3', 'dbt_seed', 'manual__2026-03-28T05:07:11.362807+00:00', '--job-id', '18', '--raw', '--subdir', 'DAGS_FOLDER/smartflow_dag.py', '--cfg-path', '/tmp/tmp0vr5riai']
[2026-03-28T05:07:17.899+0000] {standard_task_runner.py:85} INFO - Job 18: Subtask dbt_seed
[2026-03-28T05:07:17.976+0000] {task_command.py:415} INFO - Running <TaskInstance: logistics_pipeline_v3.dbt_seed manual__2026-03-28T05:07:11.362807+00:00 [running]> on host 97e90436ed10
[2026-03-28T05:07:18.091+0000] {taskinstance.py:1660} INFO - Exporting env vars: AIRFLOW_CTX_DAG_OWNER='Rawan' AIRFLOW_CTX_DAG_ID='logistics_pipeline_v3' AIRFLOW_CTX_TASK_ID='dbt_seed' AIRFLOW_CTX_EXECUTION_DATE='2026-03-28T05:07:11.362807+00:00' AIRFLOW_CTX_TRY_NUMBER='1' AIRFLOW_CTX_DAG_RUN_ID='manual__2026-03-28T05:07:11.362807+00:00'
[2026-03-28T05:07:18.093+0000] {subprocess.py:63} INFO - Tmp dir root location: /tmp
[2026-03-28T05:07:18.094+0000] {subprocess.py:75} INFO - Running command: ['/bin/bash', '-c', 'cd /opt/airflow/dbt_project && dbt seed --profiles-dir .']
[2026-03-28T05:07:18.102+0000] {subprocess.py:86} INFO - Output:
[2026-03-28T05:07:19.776+0000] {subprocess.py:93} INFO - [0m05:07:19  Running with dbt=1.8.0
[2026-03-28T05:07:20.068+0000] {subprocess.py:93} INFO - [0m05:07:20  Registered adapter: postgres=1.8.0
[2026-03-28T05:07:20.510+0000] {subprocess.py:93} INFO - [0m05:07:20  Found 1 model, 3 data tests, 1 source, 423 macros
[2026-03-28T05:07:20.512+0000] {subprocess.py:93} INFO - [0m05:07:20
[2026-03-28T05:07:20.512+0000] {subprocess.py:93} INFO - [0m05:07:20  Nothing to do. Try checking your model configs and model specification args
[2026-03-28T05:07:20.547+0000] {subprocess.py:93} INFO - [0m05:07:20
[2026-03-28T05:07:20.548+0000] {subprocess.py:93} INFO - [0m05:07:20  [32mCompleted successfully[0m
[2026-03-28T05:07:20.549+0000] {subprocess.py:93} INFO - [0m05:07:20
[2026-03-28T05:07:20.550+0000] {subprocess.py:93} INFO - [0m05:07:20  Done. PASS=0 WARN=0 ERROR=0 SKIP=0 TOTAL=0
[2026-03-28T05:07:21.944+0000] {subprocess.py:97} INFO - Command exited with return code 0
[2026-03-28T05:07:21.989+0000] {taskinstance.py:1398} INFO - Marking task as SUCCESS. dag_id=logistics_pipeline_v3, task_id=dbt_seed, execution_date=20260328T050711, start_date=20260328T050717, end_date=20260328T050721
[2026-03-28T05:07:22.069+0000] {local_task_job_runner.py:228} INFO - Task exited with return code 0
[2026-03-28T05:07:22.116+0000] {taskinstance.py:2776} INFO - 1 downstream tasks scheduled from follow-on schedule check
