[2026-03-29T01:22:20.029+0000] {taskinstance.py:1157} INFO - Dependencies all met for dep_context=non-requeueable deps ti=<TaskInstance: logistics_pipeline_v3.check_dbt_connection manual__2026-03-29T01:22:18.673919+00:00 [queued]>
[2026-03-29T01:22:20.043+0000] {taskinstance.py:1157} INFO - Dependencies all met for dep_context=requeueable deps ti=<TaskInstance: logistics_pipeline_v3.check_dbt_connection manual__2026-03-29T01:22:18.673919+00:00 [queued]>
[2026-03-29T01:22:20.044+0000] {taskinstance.py:1359} INFO - Starting attempt 1 of 2
[2026-03-29T01:22:20.060+0000] {taskinstance.py:1380} INFO - Executing <Task(BashOperator): check_dbt_connection> on 2026-03-29 01:22:18.673919+00:00
[2026-03-29T01:22:20.068+0000] {standard_task_runner.py:57} INFO - Started process 884 to run task
[2026-03-29T01:22:20.073+0000] {standard_task_runner.py:84} INFO - Running: ['airflow', 'tasks', 'run', 'logistics_pipeline_v3', 'check_dbt_connection', 'manual__2026-03-29T01:22:18.673919+00:00', '--job-id', '11', '--raw', '--subdir', 'DAGS_FOLDER/smartflow_dag.py', '--cfg-path', '/tmp/tmp7rsdpi9g']
[2026-03-29T01:22:20.076+0000] {standard_task_runner.py:85} INFO - Job 11: Subtask check_dbt_connection
[2026-03-29T01:22:20.155+0000] {task_command.py:415} INFO - Running <TaskInstance: logistics_pipeline_v3.check_dbt_connection manual__2026-03-29T01:22:18.673919+00:00 [running]> on host 98eed5e96431
[2026-03-29T01:22:20.258+0000] {taskinstance.py:1660} INFO - Exporting env vars: AIRFLOW_CTX_DAG_OWNER='Rawan' AIRFLOW_CTX_DAG_ID='logistics_pipeline_v3' AIRFLOW_CTX_TASK_ID='check_dbt_connection' AIRFLOW_CTX_EXECUTION_DATE='2026-03-29T01:22:18.673919+00:00' AIRFLOW_CTX_TRY_NUMBER='1' AIRFLOW_CTX_DAG_RUN_ID='manual__2026-03-29T01:22:18.673919+00:00'
[2026-03-29T01:22:20.259+0000] {subprocess.py:63} INFO - Tmp dir root location: /tmp
[2026-03-29T01:22:20.260+0000] {subprocess.py:75} INFO - Running command: ['/bin/bash', '-c', 'cd /opt/airflow/dbt_project && dbt debug --profiles-dir . || echo "Ignore Git Error"']
[2026-03-29T01:22:20.269+0000] {subprocess.py:86} INFO - Output:
[2026-03-29T01:22:22.131+0000] {subprocess.py:93} INFO - [0m01:22:22  Running with dbt=1.8.0
[2026-03-29T01:22:22.140+0000] {subprocess.py:93} INFO - [0m01:22:22  dbt version: 1.8.0
[2026-03-29T01:22:22.140+0000] {subprocess.py:93} INFO - [0m01:22:22  python version: 3.8.18
[2026-03-29T01:22:22.141+0000] {subprocess.py:93} INFO - [0m01:22:22  python path: /usr/local/bin/python
[2026-03-29T01:22:22.141+0000] {subprocess.py:93} INFO - [0m01:22:22  os info: Linux-6.6.87.2-microsoft-standard-WSL2-x86_64-with-glibc2.2.5
[2026-03-29T01:22:22.195+0000] {subprocess.py:93} INFO - [0m01:22:22  Using profiles dir at .
[2026-03-29T01:22:22.195+0000] {subprocess.py:93} INFO - [0m01:22:22  Using profiles.yml file at ./profiles.yml
[2026-03-29T01:22:22.196+0000] {subprocess.py:93} INFO - [0m01:22:22  Using dbt_project.yml file at /opt/airflow/dbt_project/dbt_project.yml
[2026-03-29T01:22:22.196+0000] {subprocess.py:93} INFO - [0m01:22:22  adapter type: postgres
[2026-03-29T01:22:22.197+0000] {subprocess.py:93} INFO - [0m01:22:22  adapter version: 1.8.0
[2026-03-29T01:22:22.298+0000] {subprocess.py:93} INFO - [0m01:22:22  Configuration:
[2026-03-29T01:22:22.298+0000] {subprocess.py:93} INFO - [0m01:22:22    profiles.yml file [[32mOK found and valid[0m]
[2026-03-29T01:22:22.299+0000] {subprocess.py:93} INFO - [0m01:22:22    dbt_project.yml file [[32mOK found and valid[0m]
[2026-03-29T01:22:22.299+0000] {subprocess.py:93} INFO - [0m01:22:22  Required dependencies:
[2026-03-29T01:22:22.305+0000] {subprocess.py:93} INFO - [0m01:22:22   - git [[31mERROR[0m]
[2026-03-29T01:22:22.305+0000] {subprocess.py:93} INFO - 
[2026-03-29T01:22:22.305+0000] {subprocess.py:93} INFO - [0m01:22:22  Connection:
[2026-03-29T01:22:22.305+0000] {subprocess.py:93} INFO - [0m01:22:22    host: postgres
[2026-03-29T01:22:22.306+0000] {subprocess.py:93} INFO - [0m01:22:22    port: 5432
[2026-03-29T01:22:22.306+0000] {subprocess.py:93} INFO - [0m01:22:22    user: admin
[2026-03-29T01:22:22.307+0000] {subprocess.py:93} INFO - [0m01:22:22    database: logistics_db
[2026-03-29T01:22:22.307+0000] {subprocess.py:93} INFO - [0m01:22:22    schema: public
[2026-03-29T01:22:22.308+0000] {subprocess.py:93} INFO - [0m01:22:22    connect_timeout: 10
[2026-03-29T01:22:22.308+0000] {subprocess.py:93} INFO - [0m01:22:22    role: None
[2026-03-29T01:22:22.308+0000] {subprocess.py:93} INFO - [0m01:22:22    search_path: None
[2026-03-29T01:22:22.309+0000] {subprocess.py:93} INFO - [0m01:22:22    keepalives_idle: 0
[2026-03-29T01:22:22.309+0000] {subprocess.py:93} INFO - [0m01:22:22    sslmode: None
[2026-03-29T01:22:22.310+0000] {subprocess.py:93} INFO - [0m01:22:22    sslcert: None
[2026-03-29T01:22:22.310+0000] {subprocess.py:93} INFO - [0m01:22:22    sslkey: None
[2026-03-29T01:22:22.310+0000] {subprocess.py:93} INFO - [0m01:22:22    sslrootcert: None
[2026-03-29T01:22:22.311+0000] {subprocess.py:93} INFO - [0m01:22:22    application_name: dbt
[2026-03-29T01:22:22.311+0000] {subprocess.py:93} INFO - [0m01:22:22    retries: 1
[2026-03-29T01:22:22.312+0000] {subprocess.py:93} INFO - [0m01:22:22  Registered adapter: postgres=1.8.0
[2026-03-29T01:22:22.362+0000] {subprocess.py:93} INFO - [0m01:22:22    Connection test: [[32mOK connection ok[0m]
[2026-03-29T01:22:22.362+0000] {subprocess.py:93} INFO - 
[2026-03-29T01:22:22.363+0000] {subprocess.py:93} INFO - [0m01:22:22  [31m1 check failed:[0m
[2026-03-29T01:22:22.363+0000] {subprocess.py:93} INFO - [0m01:22:22  Error from git --help: User does not have permissions for this command: "git"
[2026-03-29T01:22:22.363+0000] {subprocess.py:93} INFO - 
[2026-03-29T01:22:23.340+0000] {subprocess.py:93} INFO - Ignore Git Error
[2026-03-29T01:22:23.345+0000] {subprocess.py:97} INFO - Command exited with return code 0
[2026-03-29T01:22:23.379+0000] {taskinstance.py:1398} INFO - Marking task as SUCCESS. dag_id=logistics_pipeline_v3, task_id=check_dbt_connection, execution_date=20260329T012218, start_date=20260329T012220, end_date=20260329T012223
[2026-03-29T01:22:23.426+0000] {local_task_job_runner.py:228} INFO - Task exited with return code 0
[2026-03-29T01:22:23.453+0000] {taskinstance.py:2776} INFO - 1 downstream tasks scheduled from follow-on schedule check
