[2026-03-28T05:30:12.592+0000] {taskinstance.py:1157} INFO - Dependencies all met for dep_context=non-requeueable deps ti=<TaskInstance: logistics_pipeline_v3.dbt_seed manual__2026-03-28T05:30:06.361669+00:00 [queued]>
[2026-03-28T05:30:12.608+0000] {taskinstance.py:1157} INFO - Dependencies all met for dep_context=requeueable deps ti=<TaskInstance: logistics_pipeline_v3.dbt_seed manual__2026-03-28T05:30:06.361669+00:00 [queued]>
[2026-03-28T05:30:12.608+0000] {taskinstance.py:1359} INFO - Starting attempt 1 of 2
[2026-03-28T05:30:12.633+0000] {taskinstance.py:1380} INFO - Executing <Task(BashOperator): dbt_seed> on 2026-03-28 05:30:06.361669+00:00
[2026-03-28T05:30:12.640+0000] {standard_task_runner.py:57} INFO - Started process 1475 to run task
[2026-03-28T05:30:12.645+0000] {standard_task_runner.py:84} INFO - Running: ['airflow', 'tasks', 'run', 'logistics_pipeline_v3', 'dbt_seed', 'manual__2026-03-28T05:30:06.361669+00:00', '--job-id', '45', '--raw', '--subdir', 'DAGS_FOLDER/smartflow_dag.py', '--cfg-path', '/tmp/tmp5np47whf']
[2026-03-28T05:30:12.650+0000] {standard_task_runner.py:85} INFO - Job 45: Subtask dbt_seed
[2026-03-28T05:30:12.760+0000] {task_command.py:415} INFO - Running <TaskInstance: logistics_pipeline_v3.dbt_seed manual__2026-03-28T05:30:06.361669+00:00 [running]> on host 97e90436ed10
[2026-03-28T05:30:12.946+0000] {taskinstance.py:1660} INFO - Exporting env vars: AIRFLOW_CTX_DAG_OWNER='Rawan' AIRFLOW_CTX_DAG_ID='logistics_pipeline_v3' AIRFLOW_CTX_TASK_ID='dbt_seed' AIRFLOW_CTX_EXECUTION_DATE='2026-03-28T05:30:06.361669+00:00' AIRFLOW_CTX_TRY_NUMBER='1' AIRFLOW_CTX_DAG_RUN_ID='manual__2026-03-28T05:30:06.361669+00:00'
[2026-03-28T05:30:12.948+0000] {subprocess.py:63} INFO - Tmp dir root location: /tmp
[2026-03-28T05:30:12.950+0000] {subprocess.py:75} INFO - Running command: ['/bin/bash', '-c', 'cd /opt/airflow/dbt_project && dbt seed --profiles-dir .']
[2026-03-28T05:30:12.965+0000] {subprocess.py:86} INFO - Output:
[2026-03-28T05:30:15.822+0000] {subprocess.py:93} INFO - [0m05:30:15  Running with dbt=1.8.0
[2026-03-28T05:30:16.366+0000] {subprocess.py:93} INFO - [0m05:30:16  Registered adapter: postgres=1.8.0
[2026-03-28T05:30:17.090+0000] {subprocess.py:93} INFO - [0m05:30:17  Found 1 model, 3 data tests, 1 source, 423 macros
[2026-03-28T05:30:17.094+0000] {subprocess.py:93} INFO - [0m05:30:17
[2026-03-28T05:30:17.099+0000] {subprocess.py:93} INFO - [0m05:30:17  Nothing to do. Try checking your model configs and model specification args
[2026-03-28T05:30:17.162+0000] {subprocess.py:93} INFO - [0m05:30:17
[2026-03-28T05:30:17.164+0000] {subprocess.py:93} INFO - [0m05:30:17  [32mCompleted successfully[0m
[2026-03-28T05:30:17.165+0000] {subprocess.py:93} INFO - [0m05:30:17
[2026-03-28T05:30:17.167+0000] {subprocess.py:93} INFO - [0m05:30:17  Done. PASS=0 WARN=0 ERROR=0 SKIP=0 TOTAL=0
[2026-03-28T05:30:18.243+0000] {subprocess.py:97} INFO - Command exited with return code 0
[2026-03-28T05:30:18.284+0000] {taskinstance.py:1398} INFO - Marking task as SUCCESS. dag_id=logistics_pipeline_v3, task_id=dbt_seed, execution_date=20260328T053006, start_date=20260328T053012, end_date=20260328T053018
[2026-03-28T05:30:18.307+0000] {local_task_job_runner.py:228} INFO - Task exited with return code 0
[2026-03-28T05:30:18.347+0000] {taskinstance.py:2776} INFO - 1 downstream tasks scheduled from follow-on schedule check
