[2026-03-28T03:01:02.661+0000] {taskinstance.py:1157} INFO - Dependencies all met for dep_context=non-requeueable deps ti=<TaskInstance: logistics_pipeline_v3.check_dbt_connection manual__2026-03-28T03:01:00.680934+00:00 [queued]>
[2026-03-28T03:01:02.676+0000] {taskinstance.py:1157} INFO - Dependencies all met for dep_context=requeueable deps ti=<TaskInstance: logistics_pipeline_v3.check_dbt_connection manual__2026-03-28T03:01:00.680934+00:00 [queued]>
[2026-03-28T03:01:02.676+0000] {taskinstance.py:1359} INFO - Starting attempt 1 of 2
[2026-03-28T03:01:02.702+0000] {taskinstance.py:1380} INFO - Executing <Task(BashOperator): check_dbt_connection> on 2026-03-28 03:01:00.680934+00:00
[2026-03-28T03:01:02.711+0000] {standard_task_runner.py:57} INFO - Started process 1045 to run task
[2026-03-28T03:01:02.717+0000] {standard_task_runner.py:84} INFO - Running: ['airflow', 'tasks', 'run', 'logistics_pipeline_v3', 'check_dbt_connection', 'manual__2026-03-28T03:01:00.680934+00:00', '--job-id', '46', '--raw', '--subdir', 'DAGS_FOLDER/smartflow_dag.py', '--cfg-path', '/tmp/tmphjeyd0wg']
[2026-03-28T03:01:02.722+0000] {standard_task_runner.py:85} INFO - Job 46: Subtask check_dbt_connection
[2026-03-28T03:01:02.830+0000] {task_command.py:415} INFO - Running <TaskInstance: logistics_pipeline_v3.check_dbt_connection manual__2026-03-28T03:01:00.680934+00:00 [running]> on host 22aa927a5017
[2026-03-28T03:01:03.027+0000] {taskinstance.py:1660} INFO - Exporting env vars: AIRFLOW_CTX_DAG_OWNER='Rawan' AIRFLOW_CTX_DAG_ID='logistics_pipeline_v3' AIRFLOW_CTX_TASK_ID='check_dbt_connection' AIRFLOW_CTX_EXECUTION_DATE='2026-03-28T03:01:00.680934+00:00' AIRFLOW_CTX_TRY_NUMBER='1' AIRFLOW_CTX_DAG_RUN_ID='manual__2026-03-28T03:01:00.680934+00:00'
[2026-03-28T03:01:03.029+0000] {subprocess.py:63} INFO - Tmp dir root location: /tmp
[2026-03-28T03:01:03.031+0000] {subprocess.py:75} INFO - Running command: ['/bin/bash', '-c', 'cd /opt/airflow/dbt_project && dbt debug --profiles-dir . || echo "Ignore Git Error"']
[2026-03-28T03:01:03.049+0000] {subprocess.py:86} INFO - Output:
[2026-03-28T03:01:06.429+0000] {subprocess.py:93} INFO - [0m03:01:06  Running with dbt=1.8.2
[2026-03-28T03:01:06.442+0000] {subprocess.py:93} INFO - [0m03:01:06  dbt version: 1.8.2
[2026-03-28T03:01:06.443+0000] {subprocess.py:93} INFO - [0m03:01:06  python version: 3.8.18
[2026-03-28T03:01:06.443+0000] {subprocess.py:93} INFO - [0m03:01:06  python path: /usr/local/bin/python3
[2026-03-28T03:01:06.444+0000] {subprocess.py:93} INFO - [0m03:01:06  os info: Linux-6.6.87.2-microsoft-standard-WSL2-x86_64-with-glibc2.2.5
[2026-03-28T03:01:06.519+0000] {subprocess.py:93} INFO - [0m03:01:06  Using profiles dir at .
[2026-03-28T03:01:06.520+0000] {subprocess.py:93} INFO - [0m03:01:06  Using profiles.yml file at ./profiles.yml
[2026-03-28T03:01:06.520+0000] {subprocess.py:93} INFO - [0m03:01:06  Using dbt_project.yml file at /opt/airflow/dbt_project/dbt_project.yml
[2026-03-28T03:01:06.521+0000] {subprocess.py:93} INFO - [0m03:01:06  adapter type: postgres
[2026-03-28T03:01:06.522+0000] {subprocess.py:93} INFO - [0m03:01:06  adapter version: 1.8.2
[2026-03-28T03:01:06.658+0000] {subprocess.py:93} INFO - [0m03:01:06  Configuration:
[2026-03-28T03:01:06.659+0000] {subprocess.py:93} INFO - [0m03:01:06    profiles.yml file [[32mOK found and valid[0m]
[2026-03-28T03:01:06.659+0000] {subprocess.py:93} INFO - [0m03:01:06    dbt_project.yml file [[32mOK found and valid[0m]
[2026-03-28T03:01:06.660+0000] {subprocess.py:93} INFO - [0m03:01:06  Required dependencies:
[2026-03-28T03:01:06.669+0000] {subprocess.py:93} INFO - [0m03:01:06   - git [[31mERROR[0m]
[2026-03-28T03:01:06.669+0000] {subprocess.py:93} INFO - 
[2026-03-28T03:01:06.670+0000] {subprocess.py:93} INFO - [0m03:01:06  Connection:
[2026-03-28T03:01:06.670+0000] {subprocess.py:93} INFO - [0m03:01:06    host: localhost
[2026-03-28T03:01:06.670+0000] {subprocess.py:93} INFO - [0m03:01:06    port: 5432
[2026-03-28T03:01:06.670+0000] {subprocess.py:93} INFO - [0m03:01:06    user: admin
[2026-03-28T03:01:06.670+0000] {subprocess.py:93} INFO - [0m03:01:06    database: logistics_db
[2026-03-28T03:01:06.671+0000] {subprocess.py:93} INFO - [0m03:01:06    schema: public
[2026-03-28T03:01:06.671+0000] {subprocess.py:93} INFO - [0m03:01:06    connect_timeout: 10
[2026-03-28T03:01:06.672+0000] {subprocess.py:93} INFO - [0m03:01:06    role: None
[2026-03-28T03:01:06.673+0000] {subprocess.py:93} INFO - [0m03:01:06    search_path: None
[2026-03-28T03:01:06.673+0000] {subprocess.py:93} INFO - [0m03:01:06    keepalives_idle: 0
[2026-03-28T03:01:06.674+0000] {subprocess.py:93} INFO - [0m03:01:06    sslmode: None
[2026-03-28T03:01:06.674+0000] {subprocess.py:93} INFO - [0m03:01:06    sslcert: None
[2026-03-28T03:01:06.675+0000] {subprocess.py:93} INFO - [0m03:01:06    sslkey: None
[2026-03-28T03:01:06.675+0000] {subprocess.py:93} INFO - [0m03:01:06    sslrootcert: None
[2026-03-28T03:01:06.676+0000] {subprocess.py:93} INFO - [0m03:01:06    application_name: dbt
[2026-03-28T03:01:06.676+0000] {subprocess.py:93} INFO - [0m03:01:06    retries: 1
[2026-03-28T03:01:06.677+0000] {subprocess.py:93} INFO - [0m03:01:06  Registered adapter: postgres=1.8.2
[2026-03-28T03:01:06.747+0000] {subprocess.py:93} INFO - [0m03:01:06    Connection test: [[31mERROR[0m]
[2026-03-28T03:01:06.748+0000] {subprocess.py:93} INFO - 
[2026-03-28T03:01:06.748+0000] {subprocess.py:93} INFO - [0m03:01:06  [31m2 checks failed:[0m
[2026-03-28T03:01:06.749+0000] {subprocess.py:93} INFO - [0m03:01:06  Error from git --help: User does not have permissions for this command: "git"
[2026-03-28T03:01:06.749+0000] {subprocess.py:93} INFO - 
[2026-03-28T03:01:06.749+0000] {subprocess.py:93} INFO - [0m03:01:06  dbt was unable to connect to the specified database.
[2026-03-28T03:01:06.749+0000] {subprocess.py:93} INFO - The database returned the following error:
[2026-03-28T03:01:06.749+0000] {subprocess.py:93} INFO - 
[2026-03-28T03:01:06.750+0000] {subprocess.py:93} INFO -   >Database Error
[2026-03-28T03:01:06.750+0000] {subprocess.py:93} INFO -   connection to server at "localhost" (::1), port 5432 failed: Connection refused
[2026-03-28T03:01:06.750+0000] {subprocess.py:93} INFO -   	Is the server running on that host and accepting TCP/IP connections?
[2026-03-28T03:01:06.750+0000] {subprocess.py:93} INFO -   connection to server at "localhost" (127.0.0.1), port 5432 failed: Connection refused
[2026-03-28T03:01:06.750+0000] {subprocess.py:93} INFO -   	Is the server running on that host and accepting TCP/IP connections?
[2026-03-28T03:01:06.750+0000] {subprocess.py:93} INFO - 
[2026-03-28T03:01:06.750+0000] {subprocess.py:93} INFO - 
[2026-03-28T03:01:06.751+0000] {subprocess.py:93} INFO - Check your database credentials and try again. For more information, visit:
[2026-03-28T03:01:06.751+0000] {subprocess.py:93} INFO - https://docs.getdbt.com/docs/configure-your-profile
[2026-03-28T03:01:06.751+0000] {subprocess.py:93} INFO - 
[2026-03-28T03:01:06.751+0000] {subprocess.py:93} INFO - 
[2026-03-28T03:01:07.680+0000] {subprocess.py:93} INFO - Ignore Git Error
[2026-03-28T03:01:07.685+0000] {subprocess.py:97} INFO - Command exited with return code 0
[2026-03-28T03:01:07.723+0000] {taskinstance.py:1398} INFO - Marking task as SUCCESS. dag_id=logistics_pipeline_v3, task_id=check_dbt_connection, execution_date=20260328T030100, start_date=20260328T030102, end_date=20260328T030107
[2026-03-28T03:01:07.752+0000] {local_task_job_runner.py:228} INFO - Task exited with return code 0
[2026-03-28T03:01:07.783+0000] {taskinstance.py:2776} INFO - 1 downstream tasks scheduled from follow-on schedule check
