[2026-03-28T05:28:49.540+0000] {taskinstance.py:1157} INFO - Dependencies all met for dep_context=non-requeueable deps ti=<TaskInstance: logistics_pipeline_v3.check_dbt_connection manual__2026-03-28T05:28:47.452775+00:00 [queued]>
[2026-03-28T05:28:49.555+0000] {taskinstance.py:1157} INFO - Dependencies all met for dep_context=requeueable deps ti=<TaskInstance: logistics_pipeline_v3.check_dbt_connection manual__2026-03-28T05:28:47.452775+00:00 [queued]>
[2026-03-28T05:28:49.556+0000] {taskinstance.py:1359} INFO - Starting attempt 1 of 2
[2026-03-28T05:28:49.579+0000] {taskinstance.py:1380} INFO - Executing <Task(BashOperator): check_dbt_connection> on 2026-03-28 05:28:47.452775+00:00
[2026-03-28T05:28:49.587+0000] {standard_task_runner.py:57} INFO - Started process 1413 to run task
[2026-03-28T05:28:49.593+0000] {standard_task_runner.py:84} INFO - Running: ['airflow', 'tasks', 'run', 'logistics_pipeline_v3', 'check_dbt_connection', 'manual__2026-03-28T05:28:47.452775+00:00', '--job-id', '40', '--raw', '--subdir', 'DAGS_FOLDER/smartflow_dag.py', '--cfg-path', '/tmp/tmp3qu9jsjj']
[2026-03-28T05:28:49.600+0000] {standard_task_runner.py:85} INFO - Job 40: Subtask check_dbt_connection
[2026-03-28T05:28:49.716+0000] {task_command.py:415} INFO - Running <TaskInstance: logistics_pipeline_v3.check_dbt_connection manual__2026-03-28T05:28:47.452775+00:00 [running]> on host 97e90436ed10
[2026-03-28T05:28:49.888+0000] {taskinstance.py:1660} INFO - Exporting env vars: AIRFLOW_CTX_DAG_OWNER='Rawan' AIRFLOW_CTX_DAG_ID='logistics_pipeline_v3' AIRFLOW_CTX_TASK_ID='check_dbt_connection' AIRFLOW_CTX_EXECUTION_DATE='2026-03-28T05:28:47.452775+00:00' AIRFLOW_CTX_TRY_NUMBER='1' AIRFLOW_CTX_DAG_RUN_ID='manual__2026-03-28T05:28:47.452775+00:00'
[2026-03-28T05:28:49.890+0000] {subprocess.py:63} INFO - Tmp dir root location: /tmp
[2026-03-28T05:28:49.892+0000] {subprocess.py:75} INFO - Running command: ['/bin/bash', '-c', 'cd /opt/airflow/dbt_project && dbt debug --profiles-dir . || echo "Ignore Git Error"']
[2026-03-28T05:28:49.907+0000] {subprocess.py:86} INFO - Output:
[2026-03-28T05:28:52.671+0000] {subprocess.py:93} INFO - [0m05:28:52  Running with dbt=1.8.0
[2026-03-28T05:28:52.687+0000] {subprocess.py:93} INFO - [0m05:28:52  dbt version: 1.8.0
[2026-03-28T05:28:52.691+0000] {subprocess.py:93} INFO - [0m05:28:52  python version: 3.8.18
[2026-03-28T05:28:52.691+0000] {subprocess.py:93} INFO - [0m05:28:52  python path: /usr/local/bin/python3
[2026-03-28T05:28:52.692+0000] {subprocess.py:93} INFO - [0m05:28:52  os info: Linux-6.6.87.2-microsoft-standard-WSL2-x86_64-with-glibc2.2.5
[2026-03-28T05:28:52.794+0000] {subprocess.py:93} INFO - [0m05:28:52  Using profiles dir at .
[2026-03-28T05:28:52.799+0000] {subprocess.py:93} INFO - [0m05:28:52  Using profiles.yml file at ./profiles.yml
[2026-03-28T05:28:52.800+0000] {subprocess.py:93} INFO - [0m05:28:52  Using dbt_project.yml file at /opt/airflow/dbt_project/dbt_project.yml
[2026-03-28T05:28:52.800+0000] {subprocess.py:93} INFO - [0m05:28:52  adapter type: postgres
[2026-03-28T05:28:52.800+0000] {subprocess.py:93} INFO - [0m05:28:52  adapter version: 1.8.0
[2026-03-28T05:28:53.001+0000] {subprocess.py:93} INFO - [0m05:28:53  Configuration:
[2026-03-28T05:28:53.003+0000] {subprocess.py:93} INFO - [0m05:28:53    profiles.yml file [[32mOK found and valid[0m]
[2026-03-28T05:28:53.004+0000] {subprocess.py:93} INFO - [0m05:28:53    dbt_project.yml file [[32mOK found and valid[0m]
[2026-03-28T05:28:53.004+0000] {subprocess.py:93} INFO - [0m05:28:53  Required dependencies:
[2026-03-28T05:28:53.014+0000] {subprocess.py:93} INFO - [0m05:28:53   - git [[31mERROR[0m]
[2026-03-28T05:28:53.015+0000] {subprocess.py:93} INFO - 
[2026-03-28T05:28:53.015+0000] {subprocess.py:93} INFO - [0m05:28:53  Connection:
[2026-03-28T05:28:53.015+0000] {subprocess.py:93} INFO - [0m05:28:53    host: postgres
[2026-03-28T05:28:53.016+0000] {subprocess.py:93} INFO - [0m05:28:53    port: 5432
[2026-03-28T05:28:53.017+0000] {subprocess.py:93} INFO - [0m05:28:53    user: admin
[2026-03-28T05:28:53.018+0000] {subprocess.py:93} INFO - [0m05:28:53    database: logistics_db
[2026-03-28T05:28:53.018+0000] {subprocess.py:93} INFO - [0m05:28:53    schema: public
[2026-03-28T05:28:53.021+0000] {subprocess.py:93} INFO - [0m05:28:53    connect_timeout: 10
[2026-03-28T05:28:53.022+0000] {subprocess.py:93} INFO - [0m05:28:53    role: None
[2026-03-28T05:28:53.022+0000] {subprocess.py:93} INFO - [0m05:28:53    search_path: None
[2026-03-28T05:28:53.022+0000] {subprocess.py:93} INFO - [0m05:28:53    keepalives_idle: 0
[2026-03-28T05:28:53.024+0000] {subprocess.py:93} INFO - [0m05:28:53    sslmode: None
[2026-03-28T05:28:53.025+0000] {subprocess.py:93} INFO - [0m05:28:53    sslcert: None
[2026-03-28T05:28:53.026+0000] {subprocess.py:93} INFO - [0m05:28:53    sslkey: None
[2026-03-28T05:28:53.031+0000] {subprocess.py:93} INFO - [0m05:28:53    sslrootcert: None
[2026-03-28T05:28:53.031+0000] {subprocess.py:93} INFO - [0m05:28:53    application_name: dbt
[2026-03-28T05:28:53.031+0000] {subprocess.py:93} INFO - [0m05:28:53    retries: 1
[2026-03-28T05:28:53.032+0000] {subprocess.py:93} INFO - [0m05:28:53  Registered adapter: postgres=1.8.0
[2026-03-28T05:28:53.120+0000] {subprocess.py:93} INFO - [0m05:28:53    Connection test: [[32mOK connection ok[0m]
[2026-03-28T05:28:53.120+0000] {subprocess.py:93} INFO - 
[2026-03-28T05:28:53.121+0000] {subprocess.py:93} INFO - [0m05:28:53  [31m1 check failed:[0m
[2026-03-28T05:28:53.122+0000] {subprocess.py:93} INFO - [0m05:28:53  Error from git --help: User does not have permissions for this command: "git"
[2026-03-28T05:28:53.122+0000] {subprocess.py:93} INFO - 
[2026-03-28T05:28:54.124+0000] {subprocess.py:93} INFO - Ignore Git Error
[2026-03-28T05:28:54.129+0000] {subprocess.py:97} INFO - Command exited with return code 0
[2026-03-28T05:28:54.164+0000] {taskinstance.py:1398} INFO - Marking task as SUCCESS. dag_id=logistics_pipeline_v3, task_id=check_dbt_connection, execution_date=20260328T052847, start_date=20260328T052849, end_date=20260328T052854
[2026-03-28T05:28:54.212+0000] {local_task_job_runner.py:228} INFO - Task exited with return code 0
[2026-03-28T05:28:54.260+0000] {taskinstance.py:2776} INFO - 1 downstream tasks scheduled from follow-on schedule check
