[2026-03-29T01:26:00.208+0000] {taskinstance.py:1157} INFO - Dependencies all met for dep_context=non-requeueable deps ti=<TaskInstance: logistics_pipeline_v3.dbt_run manual__2026-03-29T01:25:37.914985+00:00 [queued]>
[2026-03-29T01:26:00.221+0000] {taskinstance.py:1157} INFO - Dependencies all met for dep_context=requeueable deps ti=<TaskInstance: logistics_pipeline_v3.dbt_run manual__2026-03-29T01:25:37.914985+00:00 [queued]>
[2026-03-29T01:26:00.222+0000] {taskinstance.py:1359} INFO - Starting attempt 1 of 2
[2026-03-29T01:26:00.243+0000] {taskinstance.py:1380} INFO - Executing <Task(BashOperator): dbt_run> on 2026-03-29 01:25:37.914985+00:00
[2026-03-29T01:26:00.251+0000] {standard_task_runner.py:57} INFO - Started process 1067 to run task
[2026-03-29T01:26:00.256+0000] {standard_task_runner.py:84} INFO - Running: ['airflow', 'tasks', 'run', 'logistics_pipeline_v3', 'dbt_run', 'manual__2026-03-29T01:25:37.914985+00:00', '--job-id', '33', '--raw', '--subdir', 'DAGS_FOLDER/smartflow_dag.py', '--cfg-path', '/tmp/tmp5x8jtl76']
[2026-03-29T01:26:00.260+0000] {standard_task_runner.py:85} INFO - Job 33: Subtask dbt_run
[2026-03-29T01:26:00.351+0000] {task_command.py:415} INFO - Running <TaskInstance: logistics_pipeline_v3.dbt_run manual__2026-03-29T01:25:37.914985+00:00 [running]> on host 98eed5e96431
[2026-03-29T01:26:00.508+0000] {taskinstance.py:1660} INFO - Exporting env vars: AIRFLOW_CTX_DAG_OWNER='Rawan' AIRFLOW_CTX_DAG_ID='logistics_pipeline_v3' AIRFLOW_CTX_TASK_ID='dbt_run' AIRFLOW_CTX_EXECUTION_DATE='2026-03-29T01:25:37.914985+00:00' AIRFLOW_CTX_TRY_NUMBER='1' AIRFLOW_CTX_DAG_RUN_ID='manual__2026-03-29T01:25:37.914985+00:00'
[2026-03-29T01:26:00.511+0000] {subprocess.py:63} INFO - Tmp dir root location: /tmp
[2026-03-29T01:26:00.512+0000] {subprocess.py:75} INFO - Running command: ['/bin/bash', '-c', 'cd /opt/airflow/dbt_project && dbt run --profiles-dir .']
[2026-03-29T01:26:00.529+0000] {subprocess.py:86} INFO - Output:
[2026-03-29T01:26:03.863+0000] {subprocess.py:93} INFO - [0m01:26:03  Running with dbt=1.8.0
[2026-03-29T01:26:04.412+0000] {subprocess.py:93} INFO - [0m01:26:04  Registered adapter: postgres=1.8.0
[2026-03-29T01:26:05.602+0000] {subprocess.py:93} INFO - [0m01:26:05  Found 1 model, 3 data tests, 1 source, 423 macros
[2026-03-29T01:26:05.624+0000] {subprocess.py:93} INFO - [0m01:26:05
[2026-03-29T01:26:05.873+0000] {subprocess.py:93} INFO - [0m01:26:05  Concurrency: 4 threads (target='dev')
[2026-03-29T01:26:05.874+0000] {subprocess.py:93} INFO - [0m01:26:05
[2026-03-29T01:26:05.891+0000] {subprocess.py:93} INFO - [0m01:26:05  1 of 1 START sql table model public_analytics.courier_performance .............. [RUN]
[2026-03-29T01:26:08.179+0000] {subprocess.py:93} INFO - [0m01:26:08  1 of 1 OK created sql table model public_analytics.courier_performance ......... [[32mSELECT 8[0m in 2.28s]
[2026-03-29T01:26:08.219+0000] {subprocess.py:93} INFO - [0m01:26:08
[2026-03-29T01:26:08.222+0000] {subprocess.py:93} INFO - [0m01:26:08  Finished running 1 table model in 0 hours 0 minutes and 2.59 seconds (2.59s).
[2026-03-29T01:26:08.411+0000] {subprocess.py:93} INFO - [0m01:26:08
[2026-03-29T01:26:08.414+0000] {subprocess.py:93} INFO - [0m01:26:08  [32mCompleted successfully[0m
[2026-03-29T01:26:08.415+0000] {subprocess.py:93} INFO - [0m01:26:08
[2026-03-29T01:26:08.417+0000] {subprocess.py:93} INFO - [0m01:26:08  Done. PASS=1 WARN=0 ERROR=0 SKIP=0 TOTAL=1
[2026-03-29T01:26:09.834+0000] {subprocess.py:97} INFO - Command exited with return code 0
[2026-03-29T01:26:09.919+0000] {taskinstance.py:1398} INFO - Marking task as SUCCESS. dag_id=logistics_pipeline_v3, task_id=dbt_run, execution_date=20260329T012537, start_date=20260329T012600, end_date=20260329T012609
[2026-03-29T01:26:09.971+0000] {local_task_job_runner.py:228} INFO - Task exited with return code 0
[2026-03-29T01:26:10.023+0000] {taskinstance.py:2776} INFO - 1 downstream tasks scheduled from follow-on schedule check
