[2026-03-29T01:22:27.674+0000] {taskinstance.py:1157} INFO - Dependencies all met for dep_context=non-requeueable deps ti=<TaskInstance: logistics_pipeline_v3.dbt_run manual__2026-03-29T01:22:18.673919+00:00 [queued]>
[2026-03-29T01:22:27.691+0000] {taskinstance.py:1157} INFO - Dependencies all met for dep_context=requeueable deps ti=<TaskInstance: logistics_pipeline_v3.dbt_run manual__2026-03-29T01:22:18.673919+00:00 [queued]>
[2026-03-29T01:22:27.691+0000] {taskinstance.py:1359} INFO - Starting attempt 1 of 2
[2026-03-29T01:22:27.717+0000] {taskinstance.py:1380} INFO - Executing <Task(BashOperator): dbt_run> on 2026-03-29 01:22:18.673919+00:00
[2026-03-29T01:22:27.725+0000] {standard_task_runner.py:57} INFO - Started process 908 to run task
[2026-03-29T01:22:27.733+0000] {standard_task_runner.py:84} INFO - Running: ['airflow', 'tasks', 'run', 'logistics_pipeline_v3', 'dbt_run', 'manual__2026-03-29T01:22:18.673919+00:00', '--job-id', '13', '--raw', '--subdir', 'DAGS_FOLDER/smartflow_dag.py', '--cfg-path', '/tmp/tmpoa7r6esd']
[2026-03-29T01:22:27.737+0000] {standard_task_runner.py:85} INFO - Job 13: Subtask dbt_run
[2026-03-29T01:22:27.829+0000] {task_command.py:415} INFO - Running <TaskInstance: logistics_pipeline_v3.dbt_run manual__2026-03-29T01:22:18.673919+00:00 [running]> on host 98eed5e96431
[2026-03-29T01:22:27.987+0000] {taskinstance.py:1660} INFO - Exporting env vars: AIRFLOW_CTX_DAG_OWNER='Rawan' AIRFLOW_CTX_DAG_ID='logistics_pipeline_v3' AIRFLOW_CTX_TASK_ID='dbt_run' AIRFLOW_CTX_EXECUTION_DATE='2026-03-29T01:22:18.673919+00:00' AIRFLOW_CTX_TRY_NUMBER='1' AIRFLOW_CTX_DAG_RUN_ID='manual__2026-03-29T01:22:18.673919+00:00'
[2026-03-29T01:22:27.989+0000] {subprocess.py:63} INFO - Tmp dir root location: /tmp
[2026-03-29T01:22:27.990+0000] {subprocess.py:75} INFO - Running command: ['/bin/bash', '-c', 'cd /opt/airflow/dbt_project && dbt run --profiles-dir .']
[2026-03-29T01:22:28.015+0000] {subprocess.py:86} INFO - Output:
[2026-03-29T01:22:31.501+0000] {subprocess.py:93} INFO - [0m01:22:31  Running with dbt=1.8.0
[2026-03-29T01:22:31.995+0000] {subprocess.py:93} INFO - [0m01:22:31  Registered adapter: postgres=1.8.0
[2026-03-29T01:22:32.733+0000] {subprocess.py:93} INFO - [0m01:22:32  Found 1 model, 3 data tests, 1 source, 423 macros
[2026-03-29T01:22:32.735+0000] {subprocess.py:93} INFO - [0m01:22:32
[2026-03-29T01:22:32.978+0000] {subprocess.py:93} INFO - [0m01:22:32  Concurrency: 4 threads (target='dev')
[2026-03-29T01:22:32.979+0000] {subprocess.py:93} INFO - [0m01:22:32
[2026-03-29T01:22:32.997+0000] {subprocess.py:93} INFO - [0m01:22:32  1 of 1 START sql table model public_analytics.courier_performance .............. [RUN]
[2026-03-29T01:22:33.288+0000] {subprocess.py:93} INFO - [0m01:22:33  1 of 1 OK created sql table model public_analytics.courier_performance ......... [[32mSELECT 8[0m in 0.28s]
[2026-03-29T01:22:33.323+0000] {subprocess.py:93} INFO - [0m01:22:33
[2026-03-29T01:22:33.324+0000] {subprocess.py:93} INFO - [0m01:22:33  Finished running 1 table model in 0 hours 0 minutes and 0.59 seconds (0.59s).
[2026-03-29T01:22:33.486+0000] {subprocess.py:93} INFO - [0m01:22:33
[2026-03-29T01:22:33.487+0000] {subprocess.py:93} INFO - [0m01:22:33  [32mCompleted successfully[0m
[2026-03-29T01:22:33.487+0000] {subprocess.py:93} INFO - [0m01:22:33
[2026-03-29T01:22:33.488+0000] {subprocess.py:93} INFO - [0m01:22:33  Done. PASS=1 WARN=0 ERROR=0 SKIP=0 TOTAL=1
[2026-03-29T01:22:34.625+0000] {subprocess.py:97} INFO - Command exited with return code 0
[2026-03-29T01:22:34.692+0000] {taskinstance.py:1398} INFO - Marking task as SUCCESS. dag_id=logistics_pipeline_v3, task_id=dbt_run, execution_date=20260329T012218, start_date=20260329T012227, end_date=20260329T012234
[2026-03-29T01:22:34.724+0000] {local_task_job_runner.py:228} INFO - Task exited with return code 0
[2026-03-29T01:22:34.774+0000] {taskinstance.py:2776} INFO - 1 downstream tasks scheduled from follow-on schedule check
