[2026-03-29T01:25:49.011+0000] {taskinstance.py:1157} INFO - Dependencies all met for dep_context=non-requeueable deps ti=<TaskInstance: logistics_pipeline_v3.dbt_seed manual__2026-03-29T01:25:38.512525+00:00 [queued]>
[2026-03-29T01:25:49.032+0000] {taskinstance.py:1157} INFO - Dependencies all met for dep_context=requeueable deps ti=<TaskInstance: logistics_pipeline_v3.dbt_seed manual__2026-03-29T01:25:38.512525+00:00 [queued]>
[2026-03-29T01:25:49.033+0000] {taskinstance.py:1359} INFO - Starting attempt 1 of 2
[2026-03-29T01:25:49.062+0000] {taskinstance.py:1380} INFO - Executing <Task(BashOperator): dbt_seed> on 2026-03-29 01:25:38.512525+00:00
[2026-03-29T01:25:49.078+0000] {standard_task_runner.py:57} INFO - Started process 1032 to run task
[2026-03-29T01:25:49.084+0000] {standard_task_runner.py:84} INFO - Running: ['airflow', 'tasks', 'run', 'logistics_pipeline_v3', 'dbt_seed', 'manual__2026-03-29T01:25:38.512525+00:00', '--job-id', '27', '--raw', '--subdir', 'DAGS_FOLDER/smartflow_dag.py', '--cfg-path', '/tmp/tmpd86optf2']
[2026-03-29T01:25:49.088+0000] {standard_task_runner.py:85} INFO - Job 27: Subtask dbt_seed
[2026-03-29T01:25:49.266+0000] {task_command.py:415} INFO - Running <TaskInstance: logistics_pipeline_v3.dbt_seed manual__2026-03-29T01:25:38.512525+00:00 [running]> on host 98eed5e96431
[2026-03-29T01:25:49.510+0000] {taskinstance.py:1660} INFO - Exporting env vars: AIRFLOW_CTX_DAG_OWNER='Rawan' AIRFLOW_CTX_DAG_ID='logistics_pipeline_v3' AIRFLOW_CTX_TASK_ID='dbt_seed' AIRFLOW_CTX_EXECUTION_DATE='2026-03-29T01:25:38.512525+00:00' AIRFLOW_CTX_TRY_NUMBER='1' AIRFLOW_CTX_DAG_RUN_ID='manual__2026-03-29T01:25:38.512525+00:00'
[2026-03-29T01:25:49.516+0000] {subprocess.py:63} INFO - Tmp dir root location: /tmp
[2026-03-29T01:25:49.518+0000] {subprocess.py:75} INFO - Running command: ['/bin/bash', '-c', 'cd /opt/airflow/dbt_project && dbt seed --profiles-dir .']
[2026-03-29T01:25:49.542+0000] {subprocess.py:86} INFO - Output:
[2026-03-29T01:25:55.204+0000] {subprocess.py:93} INFO - [0m01:25:55  Running with dbt=1.8.0
[2026-03-29T01:25:56.053+0000] {subprocess.py:93} INFO - [0m01:25:56  Registered adapter: postgres=1.8.0
[2026-03-29T01:25:57.564+0000] {subprocess.py:93} INFO - [0m01:25:57  Found 1 model, 3 data tests, 1 source, 423 macros
[2026-03-29T01:25:57.569+0000] {subprocess.py:93} INFO - [0m01:25:57
[2026-03-29T01:25:57.571+0000] {subprocess.py:93} INFO - [0m01:25:57  Nothing to do. Try checking your model configs and model specification args
[2026-03-29T01:25:57.653+0000] {subprocess.py:93} INFO - [0m01:25:57
[2026-03-29T01:25:57.654+0000] {subprocess.py:93} INFO - [0m01:25:57  [32mCompleted successfully[0m
[2026-03-29T01:25:57.655+0000] {subprocess.py:93} INFO - [0m01:25:57
[2026-03-29T01:25:57.657+0000] {subprocess.py:93} INFO - [0m01:25:57  Done. PASS=0 WARN=0 ERROR=0 SKIP=0 TOTAL=0
[2026-03-29T01:25:58.817+0000] {subprocess.py:97} INFO - Command exited with return code 0
[2026-03-29T01:25:58.863+0000] {taskinstance.py:1398} INFO - Marking task as SUCCESS. dag_id=logistics_pipeline_v3, task_id=dbt_seed, execution_date=20260329T012538, start_date=20260329T012549, end_date=20260329T012558
[2026-03-29T01:25:58.896+0000] {local_task_job_runner.py:228} INFO - Task exited with return code 0
[2026-03-29T01:25:58.930+0000] {taskinstance.py:2776} INFO - 1 downstream tasks scheduled from follow-on schedule check
