[2026-03-28T05:30:07.163+0000] {taskinstance.py:1157} INFO - Dependencies all met for dep_context=non-requeueable deps ti=<TaskInstance: logistics_pipeline_v3.check_dbt_connection manual__2026-03-28T05:30:06.361669+00:00 [queued]>
[2026-03-28T05:30:07.170+0000] {taskinstance.py:1157} INFO - Dependencies all met for dep_context=requeueable deps ti=<TaskInstance: logistics_pipeline_v3.check_dbt_connection manual__2026-03-28T05:30:06.361669+00:00 [queued]>
[2026-03-28T05:30:07.170+0000] {taskinstance.py:1359} INFO - Starting attempt 1 of 2
[2026-03-28T05:30:07.182+0000] {taskinstance.py:1380} INFO - Executing <Task(BashOperator): check_dbt_connection> on 2026-03-28 05:30:06.361669+00:00
[2026-03-28T05:30:07.186+0000] {standard_task_runner.py:57} INFO - Started process 1468 to run task
[2026-03-28T05:30:07.189+0000] {standard_task_runner.py:84} INFO - Running: ['airflow', 'tasks', 'run', 'logistics_pipeline_v3', 'check_dbt_connection', 'manual__2026-03-28T05:30:06.361669+00:00', '--job-id', '44', '--raw', '--subdir', 'DAGS_FOLDER/smartflow_dag.py', '--cfg-path', '/tmp/tmpfdgocaw0']
[2026-03-28T05:30:07.193+0000] {standard_task_runner.py:85} INFO - Job 44: Subtask check_dbt_connection
[2026-03-28T05:30:07.256+0000] {task_command.py:415} INFO - Running <TaskInstance: logistics_pipeline_v3.check_dbt_connection manual__2026-03-28T05:30:06.361669+00:00 [running]> on host 97e90436ed10
[2026-03-28T05:30:07.353+0000] {taskinstance.py:1660} INFO - Exporting env vars: AIRFLOW_CTX_DAG_OWNER='Rawan' AIRFLOW_CTX_DAG_ID='logistics_pipeline_v3' AIRFLOW_CTX_TASK_ID='check_dbt_connection' AIRFLOW_CTX_EXECUTION_DATE='2026-03-28T05:30:06.361669+00:00' AIRFLOW_CTX_TRY_NUMBER='1' AIRFLOW_CTX_DAG_RUN_ID='manual__2026-03-28T05:30:06.361669+00:00'
[2026-03-28T05:30:07.355+0000] {subprocess.py:63} INFO - Tmp dir root location: /tmp
[2026-03-28T05:30:07.356+0000] {subprocess.py:75} INFO - Running command: ['/bin/bash', '-c', 'cd /opt/airflow/dbt_project && dbt debug --profiles-dir . || echo "Ignore Git Error"']
[2026-03-28T05:30:07.366+0000] {subprocess.py:86} INFO - Output:
[2026-03-28T05:30:09.729+0000] {subprocess.py:93} INFO - [0m05:30:09  Running with dbt=1.8.0
[2026-03-28T05:30:09.742+0000] {subprocess.py:93} INFO - [0m05:30:09  dbt version: 1.8.0
[2026-03-28T05:30:09.743+0000] {subprocess.py:93} INFO - [0m05:30:09  python version: 3.8.18
[2026-03-28T05:30:09.744+0000] {subprocess.py:93} INFO - [0m05:30:09  python path: /usr/local/bin/python3
[2026-03-28T05:30:09.747+0000] {subprocess.py:93} INFO - [0m05:30:09  os info: Linux-6.6.87.2-microsoft-standard-WSL2-x86_64-with-glibc2.2.5
[2026-03-28T05:30:09.836+0000] {subprocess.py:93} INFO - [0m05:30:09  Using profiles dir at .
[2026-03-28T05:30:09.838+0000] {subprocess.py:93} INFO - [0m05:30:09  Using profiles.yml file at ./profiles.yml
[2026-03-28T05:30:09.839+0000] {subprocess.py:93} INFO - [0m05:30:09  Using dbt_project.yml file at /opt/airflow/dbt_project/dbt_project.yml
[2026-03-28T05:30:09.840+0000] {subprocess.py:93} INFO - [0m05:30:09  adapter type: postgres
[2026-03-28T05:30:09.840+0000] {subprocess.py:93} INFO - [0m05:30:09  adapter version: 1.8.0
[2026-03-28T05:30:10.048+0000] {subprocess.py:93} INFO - [0m05:30:10  Configuration:
[2026-03-28T05:30:10.049+0000] {subprocess.py:93} INFO - [0m05:30:10    profiles.yml file [[32mOK found and valid[0m]
[2026-03-28T05:30:10.049+0000] {subprocess.py:93} INFO - [0m05:30:10    dbt_project.yml file [[32mOK found and valid[0m]
[2026-03-28T05:30:10.049+0000] {subprocess.py:93} INFO - [0m05:30:10  Required dependencies:
[2026-03-28T05:30:10.054+0000] {subprocess.py:93} INFO - [0m05:30:10   - git [[31mERROR[0m]
[2026-03-28T05:30:10.054+0000] {subprocess.py:93} INFO - 
[2026-03-28T05:30:10.058+0000] {subprocess.py:93} INFO - [0m05:30:10  Connection:
[2026-03-28T05:30:10.060+0000] {subprocess.py:93} INFO - [0m05:30:10    host: postgres
[2026-03-28T05:30:10.062+0000] {subprocess.py:93} INFO - [0m05:30:10    port: 5432
[2026-03-28T05:30:10.062+0000] {subprocess.py:93} INFO - [0m05:30:10    user: admin
[2026-03-28T05:30:10.067+0000] {subprocess.py:93} INFO - [0m05:30:10    database: logistics_db
[2026-03-28T05:30:10.068+0000] {subprocess.py:93} INFO - [0m05:30:10    schema: public
[2026-03-28T05:30:10.068+0000] {subprocess.py:93} INFO - [0m05:30:10    connect_timeout: 10
[2026-03-28T05:30:10.068+0000] {subprocess.py:93} INFO - [0m05:30:10    role: None
[2026-03-28T05:30:10.069+0000] {subprocess.py:93} INFO - [0m05:30:10    search_path: None
[2026-03-28T05:30:10.069+0000] {subprocess.py:93} INFO - [0m05:30:10    keepalives_idle: 0
[2026-03-28T05:30:10.069+0000] {subprocess.py:93} INFO - [0m05:30:10    sslmode: None
[2026-03-28T05:30:10.069+0000] {subprocess.py:93} INFO - [0m05:30:10    sslcert: None
[2026-03-28T05:30:10.069+0000] {subprocess.py:93} INFO - [0m05:30:10    sslkey: None
[2026-03-28T05:30:10.070+0000] {subprocess.py:93} INFO - [0m05:30:10    sslrootcert: None
[2026-03-28T05:30:10.075+0000] {subprocess.py:93} INFO - [0m05:30:10    application_name: dbt
[2026-03-28T05:30:10.075+0000] {subprocess.py:93} INFO - [0m05:30:10    retries: 1
[2026-03-28T05:30:10.075+0000] {subprocess.py:93} INFO - [0m05:30:10  Registered adapter: postgres=1.8.0
[2026-03-28T05:30:10.163+0000] {subprocess.py:93} INFO - [0m05:30:10    Connection test: [[32mOK connection ok[0m]
[2026-03-28T05:30:10.163+0000] {subprocess.py:93} INFO - 
[2026-03-28T05:30:10.164+0000] {subprocess.py:93} INFO - [0m05:30:10  [31m1 check failed:[0m
[2026-03-28T05:30:10.165+0000] {subprocess.py:93} INFO - [0m05:30:10  Error from git --help: User does not have permissions for this command: "git"
[2026-03-28T05:30:10.165+0000] {subprocess.py:93} INFO - 
[2026-03-28T05:30:11.260+0000] {subprocess.py:93} INFO - Ignore Git Error
[2026-03-28T05:30:11.260+0000] {subprocess.py:97} INFO - Command exited with return code 0
[2026-03-28T05:30:11.331+0000] {taskinstance.py:1398} INFO - Marking task as SUCCESS. dag_id=logistics_pipeline_v3, task_id=check_dbt_connection, execution_date=20260328T053006, start_date=20260328T053007, end_date=20260328T053011
[2026-03-28T05:30:11.371+0000] {local_task_job_runner.py:228} INFO - Task exited with return code 0
[2026-03-28T05:30:11.428+0000] {taskinstance.py:2776} INFO - 1 downstream tasks scheduled from follow-on schedule check
