[2026-03-28T03:02:58.155+0000] {taskinstance.py:1157} INFO - Dependencies all met for dep_context=non-requeueable deps ti=<TaskInstance: logistics_pipeline_v3.dbt_seed manual__2026-03-28T02:57:47.736422+00:00 [queued]>
[2026-03-28T03:02:58.173+0000] {taskinstance.py:1157} INFO - Dependencies all met for dep_context=requeueable deps ti=<TaskInstance: logistics_pipeline_v3.dbt_seed manual__2026-03-28T02:57:47.736422+00:00 [queued]>
[2026-03-28T03:02:58.174+0000] {taskinstance.py:1359} INFO - Starting attempt 2 of 2
[2026-03-28T03:02:58.201+0000] {taskinstance.py:1380} INFO - Executing <Task(BashOperator): dbt_seed> on 2026-03-28 02:57:47.736422+00:00
[2026-03-28T03:02:58.212+0000] {standard_task_runner.py:57} INFO - Started process 1101 to run task
[2026-03-28T03:02:58.218+0000] {standard_task_runner.py:84} INFO - Running: ['airflow', 'tasks', 'run', 'logistics_pipeline_v3', 'dbt_seed', 'manual__2026-03-28T02:57:47.736422+00:00', '--job-id', '50', '--raw', '--subdir', 'DAGS_FOLDER/smartflow_dag.py', '--cfg-path', '/tmp/tmpd_622wff']
[2026-03-28T03:02:58.225+0000] {standard_task_runner.py:85} INFO - Job 50: Subtask dbt_seed
[2026-03-28T03:02:58.337+0000] {task_command.py:415} INFO - Running <TaskInstance: logistics_pipeline_v3.dbt_seed manual__2026-03-28T02:57:47.736422+00:00 [running]> on host 22aa927a5017
[2026-03-28T03:02:58.537+0000] {taskinstance.py:1660} INFO - Exporting env vars: AIRFLOW_CTX_DAG_OWNER='Rawan' AIRFLOW_CTX_DAG_ID='logistics_pipeline_v3' AIRFLOW_CTX_TASK_ID='dbt_seed' AIRFLOW_CTX_EXECUTION_DATE='2026-03-28T02:57:47.736422+00:00' AIRFLOW_CTX_TRY_NUMBER='2' AIRFLOW_CTX_DAG_RUN_ID='manual__2026-03-28T02:57:47.736422+00:00'
[2026-03-28T03:02:58.539+0000] {subprocess.py:63} INFO - Tmp dir root location: /tmp
[2026-03-28T03:02:58.541+0000] {subprocess.py:75} INFO - Running command: ['/bin/bash', '-c', 'cd /opt/airflow/dbt_project && dbt seed --profiles-dir .']
[2026-03-28T03:02:58.566+0000] {subprocess.py:86} INFO - Output:
[2026-03-28T03:03:02.393+0000] {subprocess.py:93} INFO - [0m03:03:02  Running with dbt=1.8.2
[2026-03-28T03:03:01.479+0000] {subprocess.py:93} INFO - [0m03:03:01  Registered adapter: postgres=1.8.2
[2026-03-28T03:03:01.809+0000] {subprocess.py:93} INFO - [0m03:03:01  Unable to do partial parsing because of a version mismatch
[2026-03-28T03:03:03.816+0000] {subprocess.py:93} INFO - [0m03:03:03  [[33mWARNING[0m]: Deprecated functionality
[2026-03-28T03:03:03.817+0000] {subprocess.py:93} INFO - The `tests` config has been renamed to `data_tests`. Please see
[2026-03-28T03:03:03.817+0000] {subprocess.py:93} INFO - https://docs.getdbt.com/docs/build/data-tests#new-data_tests-syntax for more
[2026-03-28T03:03:03.817+0000] {subprocess.py:93} INFO - information.
[2026-03-28T03:03:04.184+0000] {subprocess.py:93} INFO - [0m03:03:04  Encountered an error:
[2026-03-28T03:03:04.184+0000] {subprocess.py:93} INFO - [Errno 13] Permission denied: '/opt/airflow/dbt_project/target/partial_parse.msgpack'
[2026-03-28T03:03:04.185+0000] {subprocess.py:93} INFO - [0m03:03:04  Traceback (most recent call last):
[2026-03-28T03:03:04.185+0000] {subprocess.py:93} INFO -   File "/home/airflow/.local/lib/python3.8/site-packages/dbt/cli/requires.py", line 138, in wrapper
[2026-03-28T03:03:04.185+0000] {subprocess.py:93} INFO -     result, success = func(*args, **kwargs)
[2026-03-28T03:03:04.185+0000] {subprocess.py:93} INFO -   File "/home/airflow/.local/lib/python3.8/site-packages/dbt/cli/requires.py", line 101, in wrapper
[2026-03-28T03:03:04.186+0000] {subprocess.py:93} INFO -     return func(*args, **kwargs)
[2026-03-28T03:03:04.186+0000] {subprocess.py:93} INFO -   File "/home/airflow/.local/lib/python3.8/site-packages/dbt/cli/requires.py", line 218, in wrapper
[2026-03-28T03:03:04.186+0000] {subprocess.py:93} INFO -     return func(*args, **kwargs)
[2026-03-28T03:03:04.186+0000] {subprocess.py:93} INFO -   File "/home/airflow/.local/lib/python3.8/site-packages/dbt/cli/requires.py", line 247, in wrapper
[2026-03-28T03:03:04.186+0000] {subprocess.py:93} INFO -     return func(*args, **kwargs)
[2026-03-28T03:03:04.186+0000] {subprocess.py:93} INFO -   File "/home/airflow/.local/lib/python3.8/site-packages/dbt/cli/requires.py", line 294, in wrapper
[2026-03-28T03:03:04.186+0000] {subprocess.py:93} INFO -     return func(*args, **kwargs)
[2026-03-28T03:03:04.186+0000] {subprocess.py:93} INFO -   File "/home/airflow/.local/lib/python3.8/site-packages/dbt/cli/requires.py", line 320, in wrapper
[2026-03-28T03:03:04.187+0000] {subprocess.py:93} INFO -     ctx.obj["manifest"] = parse_manifest(
[2026-03-28T03:03:04.187+0000] {subprocess.py:93} INFO -   File "/home/airflow/.local/lib/python3.8/site-packages/dbt/parser/manifest.py", line 1898, in parse_manifest
[2026-03-28T03:03:04.187+0000] {subprocess.py:93} INFO -     manifest = ManifestLoader.get_full_manifest(
[2026-03-28T03:03:04.187+0000] {subprocess.py:93} INFO -   File "/home/airflow/.local/lib/python3.8/site-packages/dbt/parser/manifest.py", line 330, in get_full_manifest
[2026-03-28T03:03:04.187+0000] {subprocess.py:93} INFO -     manifest = loader.load()
[2026-03-28T03:03:04.187+0000] {subprocess.py:93} INFO -   File "/home/airflow/.local/lib/python3.8/site-packages/dbt/parser/manifest.py", line 525, in load
[2026-03-28T03:03:04.187+0000] {subprocess.py:93} INFO -     self.write_manifest_for_partial_parse()
[2026-03-28T03:03:04.188+0000] {subprocess.py:93} INFO -   File "/home/airflow/.local/lib/python3.8/site-packages/dbt/parser/manifest.py", line 813, in write_manifest_for_partial_parse
[2026-03-28T03:03:04.188+0000] {subprocess.py:93} INFO -     with open(path, "wb") as fp:
[2026-03-28T03:03:04.188+0000] {subprocess.py:93} INFO - PermissionError: [Errno 13] Permission denied: '/opt/airflow/dbt_project/target/partial_parse.msgpack'
[2026-03-28T03:03:04.188+0000] {subprocess.py:93} INFO - 
[2026-03-28T03:03:05.285+0000] {subprocess.py:97} INFO - Command exited with return code 2
[2026-03-28T03:03:05.301+0000] {taskinstance.py:1935} ERROR - Task failed with exception
Traceback (most recent call last):
  File "/home/airflow/.local/lib/python3.8/site-packages/airflow/operators/bash.py", line 210, in execute
    raise AirflowException(
airflow.exceptions.AirflowException: Bash command failed. The command returned a non-zero exit code 2.
[2026-03-28T03:03:05.305+0000] {taskinstance.py:1398} INFO - Marking task as FAILED. dag_id=logistics_pipeline_v3, task_id=dbt_seed, execution_date=20260328T025747, start_date=20260328T030258, end_date=20260328T030305
[2026-03-28T03:03:05.319+0000] {standard_task_runner.py:104} ERROR - Failed to execute job 50 for task dbt_seed (Bash command failed. The command returned a non-zero exit code 2.; 1101)
[2026-03-28T03:03:05.348+0000] {local_task_job_runner.py:228} INFO - Task exited with return code 1
[2026-03-28T03:03:05.372+0000] {taskinstance.py:2776} INFO - 0 downstream tasks scheduled from follow-on schedule check
