[2026-03-28T02:03:40.563+0000] {taskinstance.py:1157} INFO - Dependencies all met for dep_context=non-requeueable deps ti=<TaskInstance: logistics_pipeline_v3.dbt_run manual__2026-03-28T02:03:17.429475+00:00 [queued]>
[2026-03-28T02:03:40.574+0000] {taskinstance.py:1157} INFO - Dependencies all met for dep_context=requeueable deps ti=<TaskInstance: logistics_pipeline_v3.dbt_run manual__2026-03-28T02:03:17.429475+00:00 [queued]>
[2026-03-28T02:03:40.574+0000] {taskinstance.py:1359} INFO - Starting attempt 1 of 2
[2026-03-28T02:03:40.593+0000] {taskinstance.py:1380} INFO - Executing <Task(BashOperator): dbt_run> on 2026-03-28 02:03:17.429475+00:00
[2026-03-28T02:03:40.599+0000] {standard_task_runner.py:57} INFO - Started process 329 to run task
[2026-03-28T02:03:40.603+0000] {standard_task_runner.py:84} INFO - Running: ['airflow', 'tasks', 'run', 'logistics_pipeline_v3', 'dbt_run', 'manual__2026-03-28T02:03:17.429475+00:00', '--job-id', '31', '--raw', '--subdir', 'DAGS_FOLDER/smartflow_dag.py', '--cfg-path', '/tmp/tmpwogo18j2']
[2026-03-28T02:03:40.606+0000] {standard_task_runner.py:85} INFO - Job 31: Subtask dbt_run
[2026-03-28T02:03:40.687+0000] {task_command.py:415} INFO - Running <TaskInstance: logistics_pipeline_v3.dbt_run manual__2026-03-28T02:03:17.429475+00:00 [running]> on host 22aa927a5017
[2026-03-28T02:03:40.842+0000] {taskinstance.py:1660} INFO - Exporting env vars: AIRFLOW_CTX_DAG_OWNER='Rawan' AIRFLOW_CTX_DAG_ID='logistics_pipeline_v3' AIRFLOW_CTX_TASK_ID='dbt_run' AIRFLOW_CTX_EXECUTION_DATE='2026-03-28T02:03:17.429475+00:00' AIRFLOW_CTX_TRY_NUMBER='1' AIRFLOW_CTX_DAG_RUN_ID='manual__2026-03-28T02:03:17.429475+00:00'
[2026-03-28T02:03:40.844+0000] {subprocess.py:63} INFO - Tmp dir root location: /tmp
[2026-03-28T02:03:40.846+0000] {subprocess.py:75} INFO - Running command: ['/bin/bash', '-c', 'cd /opt/airflow/dbt_project && dbt run --profiles-dir .']
[2026-03-28T02:03:40.864+0000] {subprocess.py:86} INFO - Output:
[2026-03-28T02:03:44.270+0000] {subprocess.py:93} INFO - [0m02:03:44  Running with dbt=1.8.2
[2026-03-28T02:03:44.509+0000] {subprocess.py:93} INFO - [0m02:03:44  Registered adapter: postgres=1.8.2
[2026-03-28T02:03:44.853+0000] {subprocess.py:93} INFO - [0m02:03:44  Found 1 model, 3 data tests, 423 macros
[2026-03-28T02:03:44.855+0000] {subprocess.py:93} INFO - [0m02:03:44
[2026-03-28T02:03:44.977+0000] {subprocess.py:93} INFO - [0m02:03:44  Concurrency: 4 threads (target='dev')
[2026-03-28T02:03:44.978+0000] {subprocess.py:93} INFO - [0m02:03:44
[2026-03-28T02:03:44.987+0000] {subprocess.py:93} INFO - [0m02:03:44  1 of 1 START sql table model public_analytics.courier_performance .............. [RUN]
[2026-03-28T02:03:45.118+0000] {subprocess.py:93} INFO - [0m02:03:45  1 of 1 OK created sql table model public_analytics.courier_performance ......... [[32mSELECT 3[0m in 0.13s]
[2026-03-28T02:03:45.133+0000] {subprocess.py:93} INFO - [0m02:03:45
[2026-03-28T02:03:45.134+0000] {subprocess.py:93} INFO - [0m02:03:45  Finished running 1 table model in 0 hours 0 minutes and 0.28 seconds (0.28s).
[2026-03-28T02:03:45.169+0000] {subprocess.py:93} INFO - [0m02:03:45
[2026-03-28T02:03:45.170+0000] {subprocess.py:93} INFO - [0m02:03:45  [32mCompleted successfully[0m
[2026-03-28T02:03:45.170+0000] {subprocess.py:93} INFO - [0m02:03:45
[2026-03-28T02:03:45.171+0000] {subprocess.py:93} INFO - [0m02:03:45  Done. PASS=1 WARN=0 ERROR=0 SKIP=0 TOTAL=1
[2026-03-28T02:03:46.326+0000] {subprocess.py:97} INFO - Command exited with return code 0
[2026-03-28T02:03:46.357+0000] {taskinstance.py:1398} INFO - Marking task as SUCCESS. dag_id=logistics_pipeline_v3, task_id=dbt_run, execution_date=20260328T020317, start_date=20260328T020340, end_date=20260328T020346
[2026-03-28T02:03:46.398+0000] {local_task_job_runner.py:228} INFO - Task exited with return code 0
[2026-03-28T02:03:46.417+0000] {taskinstance.py:2776} INFO - 1 downstream tasks scheduled from follow-on schedule check
