[2026-03-29T01:25:40.840+0000] {taskinstance.py:1157} INFO - Dependencies all met for dep_context=non-requeueable deps ti=<TaskInstance: logistics_pipeline_v3.check_dbt_connection manual__2026-03-29T01:25:38.512525+00:00 [queued]>
[2026-03-29T01:25:40.855+0000] {taskinstance.py:1157} INFO - Dependencies all met for dep_context=requeueable deps ti=<TaskInstance: logistics_pipeline_v3.check_dbt_connection manual__2026-03-29T01:25:38.512525+00:00 [queued]>
[2026-03-29T01:25:40.856+0000] {taskinstance.py:1359} INFO - Starting attempt 1 of 2
[2026-03-29T01:25:40.884+0000] {taskinstance.py:1380} INFO - Executing <Task(BashOperator): check_dbt_connection> on 2026-03-29 01:25:38.512525+00:00
[2026-03-29T01:25:40.892+0000] {standard_task_runner.py:57} INFO - Started process 980 to run task
[2026-03-29T01:25:40.912+0000] {standard_task_runner.py:84} INFO - Running: ['airflow', 'tasks', 'run', 'logistics_pipeline_v3', 'check_dbt_connection', 'manual__2026-03-29T01:25:38.512525+00:00', '--job-id', '20', '--raw', '--subdir', 'DAGS_FOLDER/smartflow_dag.py', '--cfg-path', '/tmp/tmp_5mzqdoj']
[2026-03-29T01:25:40.923+0000] {standard_task_runner.py:85} INFO - Job 20: Subtask check_dbt_connection
[2026-03-29T01:25:41.100+0000] {task_command.py:415} INFO - Running <TaskInstance: logistics_pipeline_v3.check_dbt_connection manual__2026-03-29T01:25:38.512525+00:00 [running]> on host 98eed5e96431
[2026-03-29T01:25:41.376+0000] {taskinstance.py:1660} INFO - Exporting env vars: AIRFLOW_CTX_DAG_OWNER='Rawan' AIRFLOW_CTX_DAG_ID='logistics_pipeline_v3' AIRFLOW_CTX_TASK_ID='check_dbt_connection' AIRFLOW_CTX_EXECUTION_DATE='2026-03-29T01:25:38.512525+00:00' AIRFLOW_CTX_TRY_NUMBER='1' AIRFLOW_CTX_DAG_RUN_ID='manual__2026-03-29T01:25:38.512525+00:00'
[2026-03-29T01:25:41.380+0000] {subprocess.py:63} INFO - Tmp dir root location: /tmp
[2026-03-29T01:25:41.382+0000] {subprocess.py:75} INFO - Running command: ['/bin/bash', '-c', 'cd /opt/airflow/dbt_project && dbt debug --profiles-dir . || echo "Ignore Git Error"']
[2026-03-29T01:25:41.412+0000] {subprocess.py:86} INFO - Output:
[2026-03-29T01:25:44.722+0000] {subprocess.py:93} INFO - [0m01:25:44  Running with dbt=1.8.0
[2026-03-29T01:25:44.748+0000] {subprocess.py:93} INFO - [0m01:25:44  dbt version: 1.8.0
[2026-03-29T01:25:44.749+0000] {subprocess.py:93} INFO - [0m01:25:44  python version: 3.8.18
[2026-03-29T01:25:44.749+0000] {subprocess.py:93} INFO - [0m01:25:44  python path: /usr/local/bin/python
[2026-03-29T01:25:44.750+0000] {subprocess.py:93} INFO - [0m01:25:44  os info: Linux-6.6.87.2-microsoft-standard-WSL2-x86_64-with-glibc2.2.5
[2026-03-29T01:25:44.903+0000] {subprocess.py:93} INFO - [0m01:25:44  Using profiles dir at .
[2026-03-29T01:25:44.906+0000] {subprocess.py:93} INFO - [0m01:25:44  Using profiles.yml file at ./profiles.yml
[2026-03-29T01:25:44.907+0000] {subprocess.py:93} INFO - [0m01:25:44  Using dbt_project.yml file at /opt/airflow/dbt_project/dbt_project.yml
[2026-03-29T01:25:44.912+0000] {subprocess.py:93} INFO - [0m01:25:44  adapter type: postgres
[2026-03-29T01:25:44.912+0000] {subprocess.py:93} INFO - [0m01:25:44  adapter version: 1.8.0
[2026-03-29T01:25:45.305+0000] {subprocess.py:93} INFO - [0m01:25:45  Configuration:
[2026-03-29T01:25:45.307+0000] {subprocess.py:93} INFO - [0m01:25:45    profiles.yml file [[32mOK found and valid[0m]
[2026-03-29T01:25:45.308+0000] {subprocess.py:93} INFO - [0m01:25:45    dbt_project.yml file [[32mOK found and valid[0m]
[2026-03-29T01:25:45.310+0000] {subprocess.py:93} INFO - [0m01:25:45  Required dependencies:
[2026-03-29T01:25:45.329+0000] {subprocess.py:93} INFO - [0m01:25:45   - git [[31mERROR[0m]
[2026-03-29T01:25:45.330+0000] {subprocess.py:93} INFO - 
[2026-03-29T01:25:45.331+0000] {subprocess.py:93} INFO - [0m01:25:45  Connection:
[2026-03-29T01:25:45.333+0000] {subprocess.py:93} INFO - [0m01:25:45    host: postgres
[2026-03-29T01:25:45.336+0000] {subprocess.py:93} INFO - [0m01:25:45    port: 5432
[2026-03-29T01:25:45.337+0000] {subprocess.py:93} INFO - [0m01:25:45    user: admin
[2026-03-29T01:25:45.338+0000] {subprocess.py:93} INFO - [0m01:25:45    database: logistics_db
[2026-03-29T01:25:45.348+0000] {subprocess.py:93} INFO - [0m01:25:45    schema: public
[2026-03-29T01:25:45.348+0000] {subprocess.py:93} INFO - [0m01:25:45    connect_timeout: 10
[2026-03-29T01:25:45.348+0000] {subprocess.py:93} INFO - [0m01:25:45    role: None
[2026-03-29T01:25:45.349+0000] {subprocess.py:93} INFO - [0m01:25:45    search_path: None
[2026-03-29T01:25:45.352+0000] {subprocess.py:93} INFO - [0m01:25:45    keepalives_idle: 0
[2026-03-29T01:25:45.353+0000] {subprocess.py:93} INFO - [0m01:25:45    sslmode: None
[2026-03-29T01:25:45.353+0000] {subprocess.py:93} INFO - [0m01:25:45    sslcert: None
[2026-03-29T01:25:45.353+0000] {subprocess.py:93} INFO - [0m01:25:45    sslkey: None
[2026-03-29T01:25:45.356+0000] {subprocess.py:93} INFO - [0m01:25:45    sslrootcert: None
[2026-03-29T01:25:45.358+0000] {subprocess.py:93} INFO - [0m01:25:45    application_name: dbt
[2026-03-29T01:25:45.361+0000] {subprocess.py:93} INFO - [0m01:25:45    retries: 1
[2026-03-29T01:25:45.366+0000] {subprocess.py:93} INFO - [0m01:25:45  Registered adapter: postgres=1.8.0
[2026-03-29T01:25:45.503+0000] {subprocess.py:93} INFO - [0m01:25:45    Connection test: [[32mOK connection ok[0m]
[2026-03-29T01:25:45.503+0000] {subprocess.py:93} INFO - 
[2026-03-29T01:25:45.507+0000] {subprocess.py:93} INFO - [0m01:25:45  [31m1 check failed:[0m
[2026-03-29T01:25:45.508+0000] {subprocess.py:93} INFO - [0m01:25:45  Error from git --help: User does not have permissions for this command: "git"
[2026-03-29T01:25:45.508+0000] {subprocess.py:93} INFO - 
[2026-03-29T01:25:46.814+0000] {subprocess.py:93} INFO - Ignore Git Error
[2026-03-29T01:25:46.832+0000] {subprocess.py:97} INFO - Command exited with return code 0
[2026-03-29T01:25:46.931+0000] {taskinstance.py:1398} INFO - Marking task as SUCCESS. dag_id=logistics_pipeline_v3, task_id=check_dbt_connection, execution_date=20260329T012538, start_date=20260329T012540, end_date=20260329T012546
[2026-03-29T01:25:47.009+0000] {local_task_job_runner.py:228} INFO - Task exited with return code 0
[2026-03-29T01:25:47.082+0000] {taskinstance.py:2776} INFO - 1 downstream tasks scheduled from follow-on schedule check
