[2026-03-28T05:32:37.616+0000] {taskinstance.py:1157} INFO - Dependencies all met for dep_context=non-requeueable deps ti=<TaskInstance: logistics_pipeline_v3.check_dbt_connection manual__2026-03-28T05:32:36.655916+00:00 [queued]>
[2026-03-28T05:32:37.623+0000] {taskinstance.py:1157} INFO - Dependencies all met for dep_context=requeueable deps ti=<TaskInstance: logistics_pipeline_v3.check_dbt_connection manual__2026-03-28T05:32:36.655916+00:00 [queued]>
[2026-03-28T05:32:37.623+0000] {taskinstance.py:1359} INFO - Starting attempt 1 of 2
[2026-03-28T05:32:37.636+0000] {taskinstance.py:1380} INFO - Executing <Task(BashOperator): check_dbt_connection> on 2026-03-28 05:32:36.655916+00:00
[2026-03-28T05:32:37.640+0000] {standard_task_runner.py:57} INFO - Started process 1558 to run task
[2026-03-28T05:32:37.645+0000] {standard_task_runner.py:84} INFO - Running: ['airflow', 'tasks', 'run', 'logistics_pipeline_v3', 'check_dbt_connection', 'manual__2026-03-28T05:32:36.655916+00:00', '--job-id', '49', '--raw', '--subdir', 'DAGS_FOLDER/smartflow_dag.py', '--cfg-path', '/tmp/tmpv46_lbw7']
[2026-03-28T05:32:37.649+0000] {standard_task_runner.py:85} INFO - Job 49: Subtask check_dbt_connection
[2026-03-28T05:32:37.711+0000] {task_command.py:415} INFO - Running <TaskInstance: logistics_pipeline_v3.check_dbt_connection manual__2026-03-28T05:32:36.655916+00:00 [running]> on host 97e90436ed10
[2026-03-28T05:32:37.803+0000] {taskinstance.py:1660} INFO - Exporting env vars: AIRFLOW_CTX_DAG_OWNER='Rawan' AIRFLOW_CTX_DAG_ID='logistics_pipeline_v3' AIRFLOW_CTX_TASK_ID='check_dbt_connection' AIRFLOW_CTX_EXECUTION_DATE='2026-03-28T05:32:36.655916+00:00' AIRFLOW_CTX_TRY_NUMBER='1' AIRFLOW_CTX_DAG_RUN_ID='manual__2026-03-28T05:32:36.655916+00:00'
[2026-03-28T05:32:37.804+0000] {subprocess.py:63} INFO - Tmp dir root location: /tmp
[2026-03-28T05:32:37.805+0000] {subprocess.py:75} INFO - Running command: ['/bin/bash', '-c', 'cd /opt/airflow/dbt_project && dbt debug --profiles-dir . || echo "Ignore Git Error"']
[2026-03-28T05:32:37.812+0000] {subprocess.py:86} INFO - Output:
[2026-03-28T05:32:39.378+0000] {subprocess.py:93} INFO - [0m05:32:39  Running with dbt=1.8.0
[2026-03-28T05:32:39.386+0000] {subprocess.py:93} INFO - [0m05:32:39  dbt version: 1.8.0
[2026-03-28T05:32:39.387+0000] {subprocess.py:93} INFO - [0m05:32:39  python version: 3.8.18
[2026-03-28T05:32:39.387+0000] {subprocess.py:93} INFO - [0m05:32:39  python path: /usr/local/bin/python3
[2026-03-28T05:32:39.388+0000] {subprocess.py:93} INFO - [0m05:32:39  os info: Linux-6.6.87.2-microsoft-standard-WSL2-x86_64-with-glibc2.2.5
[2026-03-28T05:32:39.441+0000] {subprocess.py:93} INFO - [0m05:32:39  Using profiles dir at .
[2026-03-28T05:32:39.441+0000] {subprocess.py:93} INFO - [0m05:32:39  Using profiles.yml file at ./profiles.yml
[2026-03-28T05:32:39.442+0000] {subprocess.py:93} INFO - [0m05:32:39  Using dbt_project.yml file at /opt/airflow/dbt_project/dbt_project.yml
[2026-03-28T05:32:39.443+0000] {subprocess.py:93} INFO - [0m05:32:39  adapter type: postgres
[2026-03-28T05:32:39.443+0000] {subprocess.py:93} INFO - [0m05:32:39  adapter version: 1.8.0
[2026-03-28T05:32:39.549+0000] {subprocess.py:93} INFO - [0m05:32:39  Configuration:
[2026-03-28T05:32:39.550+0000] {subprocess.py:93} INFO - [0m05:32:39    profiles.yml file [[32mOK found and valid[0m]
[2026-03-28T05:32:39.550+0000] {subprocess.py:93} INFO - [0m05:32:39    dbt_project.yml file [[32mOK found and valid[0m]
[2026-03-28T05:32:39.550+0000] {subprocess.py:93} INFO - [0m05:32:39  Required dependencies:
[2026-03-28T05:32:39.556+0000] {subprocess.py:93} INFO - [0m05:32:39   - git [[31mERROR[0m]
[2026-03-28T05:32:39.556+0000] {subprocess.py:93} INFO - 
[2026-03-28T05:32:39.556+0000] {subprocess.py:93} INFO - [0m05:32:39  Connection:
[2026-03-28T05:32:39.557+0000] {subprocess.py:93} INFO - [0m05:32:39    host: postgres
[2026-03-28T05:32:39.557+0000] {subprocess.py:93} INFO - [0m05:32:39    port: 5432
[2026-03-28T05:32:39.558+0000] {subprocess.py:93} INFO - [0m05:32:39    user: admin
[2026-03-28T05:32:39.558+0000] {subprocess.py:93} INFO - [0m05:32:39    database: logistics_db
[2026-03-28T05:32:39.558+0000] {subprocess.py:93} INFO - [0m05:32:39    schema: public
[2026-03-28T05:32:39.559+0000] {subprocess.py:93} INFO - [0m05:32:39    connect_timeout: 10
[2026-03-28T05:32:39.559+0000] {subprocess.py:93} INFO - [0m05:32:39    role: None
[2026-03-28T05:32:39.560+0000] {subprocess.py:93} INFO - [0m05:32:39    search_path: None
[2026-03-28T05:32:39.560+0000] {subprocess.py:93} INFO - [0m05:32:39    keepalives_idle: 0
[2026-03-28T05:32:39.560+0000] {subprocess.py:93} INFO - [0m05:32:39    sslmode: None
[2026-03-28T05:32:39.561+0000] {subprocess.py:93} INFO - [0m05:32:39    sslcert: None
[2026-03-28T05:32:39.561+0000] {subprocess.py:93} INFO - [0m05:32:39    sslkey: None
[2026-03-28T05:32:39.562+0000] {subprocess.py:93} INFO - [0m05:32:39    sslrootcert: None
[2026-03-28T05:32:39.562+0000] {subprocess.py:93} INFO - [0m05:32:39    application_name: dbt
[2026-03-28T05:32:39.562+0000] {subprocess.py:93} INFO - [0m05:32:39    retries: 1
[2026-03-28T05:32:39.563+0000] {subprocess.py:93} INFO - [0m05:32:39  Registered adapter: postgres=1.8.0
[2026-03-28T05:32:39.611+0000] {subprocess.py:93} INFO - [0m05:32:39    Connection test: [[32mOK connection ok[0m]
[2026-03-28T05:32:39.611+0000] {subprocess.py:93} INFO - 
[2026-03-28T05:32:39.611+0000] {subprocess.py:93} INFO - [0m05:32:39  [31m1 check failed:[0m
[2026-03-28T05:32:39.612+0000] {subprocess.py:93} INFO - [0m05:32:39  Error from git --help: User does not have permissions for this command: "git"
[2026-03-28T05:32:39.612+0000] {subprocess.py:93} INFO - 
[2026-03-28T05:32:40.520+0000] {subprocess.py:93} INFO - Ignore Git Error
[2026-03-28T05:32:40.524+0000] {subprocess.py:97} INFO - Command exited with return code 0
[2026-03-28T05:32:40.557+0000] {taskinstance.py:1398} INFO - Marking task as SUCCESS. dag_id=logistics_pipeline_v3, task_id=check_dbt_connection, execution_date=20260328T053236, start_date=20260328T053237, end_date=20260328T053240
[2026-03-28T05:32:40.611+0000] {local_task_job_runner.py:228} INFO - Task exited with return code 0
[2026-03-28T05:32:40.638+0000] {taskinstance.py:2776} INFO - 1 downstream tasks scheduled from follow-on schedule check
