[2026-03-28T01:35:48.337+0000] {taskinstance.py:1157} INFO - Dependencies all met for dep_context=non-requeueable deps ti=<TaskInstance: logistics_pipeline_v3.dbt_run manual__2026-03-28T01:35:12.153121+00:00 [queued]>
[2026-03-28T01:35:48.360+0000] {taskinstance.py:1157} INFO - Dependencies all met for dep_context=requeueable deps ti=<TaskInstance: logistics_pipeline_v3.dbt_run manual__2026-03-28T01:35:12.153121+00:00 [queued]>
[2026-03-28T01:35:48.361+0000] {taskinstance.py:1359} INFO - Starting attempt 1 of 2
[2026-03-28T01:35:48.390+0000] {taskinstance.py:1380} INFO - Executing <Task(BashOperator): dbt_run> on 2026-03-28 01:35:12.153121+00:00
[2026-03-28T01:35:48.402+0000] {standard_task_runner.py:57} INFO - Started process 795 to run task
[2026-03-28T01:35:48.410+0000] {standard_task_runner.py:84} INFO - Running: ['airflow', 'tasks', 'run', 'logistics_pipeline_v3', 'dbt_run', 'manual__2026-03-28T01:35:12.153121+00:00', '--job-id', '20', '--raw', '--subdir', 'DAGS_FOLDER/smartflow_dag.py', '--cfg-path', '/tmp/tmpj7ve8fr0']
[2026-03-28T01:35:48.415+0000] {standard_task_runner.py:85} INFO - Job 20: Subtask dbt_run
[2026-03-28T01:35:48.562+0000] {task_command.py:415} INFO - Running <TaskInstance: logistics_pipeline_v3.dbt_run manual__2026-03-28T01:35:12.153121+00:00 [running]> on host 22aa927a5017
[2026-03-28T01:35:48.777+0000] {taskinstance.py:1660} INFO - Exporting env vars: AIRFLOW_CTX_DAG_OWNER='Rawan' AIRFLOW_CTX_DAG_ID='logistics_pipeline_v3' AIRFLOW_CTX_TASK_ID='dbt_run' AIRFLOW_CTX_EXECUTION_DATE='2026-03-28T01:35:12.153121+00:00' AIRFLOW_CTX_TRY_NUMBER='1' AIRFLOW_CTX_DAG_RUN_ID='manual__2026-03-28T01:35:12.153121+00:00'
[2026-03-28T01:35:48.780+0000] {subprocess.py:63} INFO - Tmp dir root location: /tmp
[2026-03-28T01:35:48.790+0000] {subprocess.py:75} INFO - Running command: ['/bin/bash', '-c', 'cd /opt/airflow/dbt_project && dbt run --profiles-dir .']
[2026-03-28T01:35:48.812+0000] {subprocess.py:86} INFO - Output:
[2026-03-28T01:35:52.078+0000] {subprocess.py:93} INFO - [0m01:35:52  Running with dbt=1.8.2
[2026-03-28T01:35:52.458+0000] {subprocess.py:93} INFO - [0m01:35:52  Registered adapter: postgres=1.8.2
[2026-03-28T01:35:53.060+0000] {subprocess.py:93} INFO - [0m01:35:53  Found 1 model, 3 data tests, 423 macros
[2026-03-28T01:35:53.064+0000] {subprocess.py:93} INFO - [0m01:35:53
[2026-03-28T01:35:53.356+0000] {subprocess.py:93} INFO - [0m01:35:53  Concurrency: 4 threads (target='dev')
[2026-03-28T01:35:53.357+0000] {subprocess.py:93} INFO - [0m01:35:53
[2026-03-28T01:35:53.383+0000] {subprocess.py:93} INFO - [0m01:35:53  1 of 1 START sql table model public_analytics.courier_performance .............. [RUN]
[2026-03-28T01:35:53.674+0000] {subprocess.py:93} INFO - [0m01:35:53  1 of 1 OK created sql table model public_analytics.courier_performance ......... [[32mSELECT 3[0m in 0.29s]
[2026-03-28T01:35:53.699+0000] {subprocess.py:93} INFO - [0m01:35:53
[2026-03-28T01:35:53.700+0000] {subprocess.py:93} INFO - [0m01:35:53  Finished running 1 table model in 0 hours 0 minutes and 0.63 seconds (0.63s).
[2026-03-28T01:35:53.757+0000] {subprocess.py:93} INFO - [0m01:35:53
[2026-03-28T01:35:53.758+0000] {subprocess.py:93} INFO - [0m01:35:53  [32mCompleted successfully[0m
[2026-03-28T01:35:53.759+0000] {subprocess.py:93} INFO - [0m01:35:53
[2026-03-28T01:35:53.760+0000] {subprocess.py:93} INFO - [0m01:35:53  Done. PASS=1 WARN=0 ERROR=0 SKIP=0 TOTAL=1
[2026-03-28T01:36:02.558+0000] {subprocess.py:97} INFO - Command exited with return code 0
[2026-03-28T01:36:02.639+0000] {taskinstance.py:1398} INFO - Marking task as SUCCESS. dag_id=logistics_pipeline_v3, task_id=dbt_run, execution_date=20260328T013512, start_date=20260328T013548, end_date=20260328T013602
[2026-03-28T01:36:02.718+0000] {local_task_job_runner.py:228} INFO - Task exited with return code 0
[2026-03-28T01:36:02.775+0000] {taskinstance.py:2776} INFO - 1 downstream tasks scheduled from follow-on schedule check
