[2026-03-28T02:03:25.386+0000] {taskinstance.py:1157} INFO - Dependencies all met for dep_context=non-requeueable deps ti=<TaskInstance: logistics_pipeline_v3.dbt_seed manual__2026-03-28T02:03:17.429475+00:00 [queued]>
[2026-03-28T02:03:25.401+0000] {taskinstance.py:1157} INFO - Dependencies all met for dep_context=requeueable deps ti=<TaskInstance: logistics_pipeline_v3.dbt_seed manual__2026-03-28T02:03:17.429475+00:00 [queued]>
[2026-03-28T02:03:25.402+0000] {taskinstance.py:1359} INFO - Starting attempt 1 of 2
[2026-03-28T02:03:25.423+0000] {taskinstance.py:1380} INFO - Executing <Task(BashOperator): dbt_seed> on 2026-03-28 02:03:17.429475+00:00
[2026-03-28T02:03:25.430+0000] {standard_task_runner.py:57} INFO - Started process 319 to run task
[2026-03-28T02:03:25.435+0000] {standard_task_runner.py:84} INFO - Running: ['airflow', 'tasks', 'run', 'logistics_pipeline_v3', 'dbt_seed', 'manual__2026-03-28T02:03:17.429475+00:00', '--job-id', '30', '--raw', '--subdir', 'DAGS_FOLDER/smartflow_dag.py', '--cfg-path', '/tmp/tmpb19h30yg']
[2026-03-28T02:03:25.438+0000] {standard_task_runner.py:85} INFO - Job 30: Subtask dbt_seed
[2026-03-28T02:03:25.536+0000] {task_command.py:415} INFO - Running <TaskInstance: logistics_pipeline_v3.dbt_seed manual__2026-03-28T02:03:17.429475+00:00 [running]> on host 22aa927a5017
[2026-03-28T02:03:25.688+0000] {taskinstance.py:1660} INFO - Exporting env vars: AIRFLOW_CTX_DAG_OWNER='Rawan' AIRFLOW_CTX_DAG_ID='logistics_pipeline_v3' AIRFLOW_CTX_TASK_ID='dbt_seed' AIRFLOW_CTX_EXECUTION_DATE='2026-03-28T02:03:17.429475+00:00' AIRFLOW_CTX_TRY_NUMBER='1' AIRFLOW_CTX_DAG_RUN_ID='manual__2026-03-28T02:03:17.429475+00:00'
[2026-03-28T02:03:25.690+0000] {subprocess.py:63} INFO - Tmp dir root location: /tmp
[2026-03-28T02:03:25.692+0000] {subprocess.py:75} INFO - Running command: ['/bin/bash', '-c', 'cd /opt/airflow/dbt_project && dbt seed --profiles-dir .']
[2026-03-28T02:03:25.707+0000] {subprocess.py:86} INFO - Output:
[2026-03-28T02:03:29.154+0000] {subprocess.py:93} INFO - [0m02:03:29  Running with dbt=1.8.2
[2026-03-28T02:03:29.652+0000] {subprocess.py:93} INFO - [0m02:03:29  Registered adapter: postgres=1.8.2
[2026-03-28T02:03:30.343+0000] {subprocess.py:93} INFO - [0m02:03:30  Found 1 model, 3 data tests, 423 macros
[2026-03-28T02:03:30.346+0000] {subprocess.py:93} INFO - [0m02:03:30
[2026-03-28T02:03:30.347+0000] {subprocess.py:93} INFO - [0m02:03:30  Nothing to do. Try checking your model configs and model specification args
[2026-03-28T02:03:30.414+0000] {subprocess.py:93} INFO - [0m02:03:30
[2026-03-28T02:03:30.415+0000] {subprocess.py:93} INFO - [0m02:03:30  [32mCompleted successfully[0m
[2026-03-28T02:03:30.416+0000] {subprocess.py:93} INFO - [0m02:03:30
[2026-03-28T02:03:30.417+0000] {subprocess.py:93} INFO - [0m02:03:30  Done. PASS=0 WARN=0 ERROR=0 SKIP=0 TOTAL=0
[2026-03-28T02:03:38.871+0000] {subprocess.py:97} INFO - Command exited with return code 0
[2026-03-28T02:03:38.919+0000] {taskinstance.py:1398} INFO - Marking task as SUCCESS. dag_id=logistics_pipeline_v3, task_id=dbt_seed, execution_date=20260328T020317, start_date=20260328T020325, end_date=20260328T020338
[2026-03-28T02:03:38.945+0000] {local_task_job_runner.py:228} INFO - Task exited with return code 0
[2026-03-28T02:03:38.977+0000] {taskinstance.py:2776} INFO - 1 downstream tasks scheduled from follow-on schedule check
