[2026-03-28T03:08:02.709+0000] {taskinstance.py:1157} INFO - Dependencies all met for dep_context=non-requeueable deps ti=<TaskInstance: logistics_pipeline_v3.dbt_seed manual__2026-03-28T03:02:43.183356+00:00 [queued]>
[2026-03-28T03:08:02.720+0000] {taskinstance.py:1157} INFO - Dependencies all met for dep_context=requeueable deps ti=<TaskInstance: logistics_pipeline_v3.dbt_seed manual__2026-03-28T03:02:43.183356+00:00 [queued]>
[2026-03-28T03:08:02.720+0000] {taskinstance.py:1359} INFO - Starting attempt 2 of 2
[2026-03-28T03:08:02.740+0000] {taskinstance.py:1380} INFO - Executing <Task(BashOperator): dbt_seed> on 2026-03-28 03:02:43.183356+00:00
[2026-03-28T03:08:02.746+0000] {standard_task_runner.py:57} INFO - Started process 1344 to run task
[2026-03-28T03:08:02.750+0000] {standard_task_runner.py:84} INFO - Running: ['airflow', 'tasks', 'run', 'logistics_pipeline_v3', 'dbt_seed', 'manual__2026-03-28T03:02:43.183356+00:00', '--job-id', '65', '--raw', '--subdir', 'DAGS_FOLDER/smartflow_dag.py', '--cfg-path', '/tmp/tmpbdfl3gn_']
[2026-03-28T03:08:02.754+0000] {standard_task_runner.py:85} INFO - Job 65: Subtask dbt_seed
[2026-03-28T03:08:02.832+0000] {task_command.py:415} INFO - Running <TaskInstance: logistics_pipeline_v3.dbt_seed manual__2026-03-28T03:02:43.183356+00:00 [running]> on host 22aa927a5017
[2026-03-28T03:08:02.991+0000] {taskinstance.py:1660} INFO - Exporting env vars: AIRFLOW_CTX_DAG_OWNER='Rawan' AIRFLOW_CTX_DAG_ID='logistics_pipeline_v3' AIRFLOW_CTX_TASK_ID='dbt_seed' AIRFLOW_CTX_EXECUTION_DATE='2026-03-28T03:02:43.183356+00:00' AIRFLOW_CTX_TRY_NUMBER='2' AIRFLOW_CTX_DAG_RUN_ID='manual__2026-03-28T03:02:43.183356+00:00'
[2026-03-28T03:08:02.993+0000] {subprocess.py:63} INFO - Tmp dir root location: /tmp
[2026-03-28T03:08:02.995+0000] {subprocess.py:75} INFO - Running command: ['/bin/bash', '-c', 'cd /opt/airflow/dbt_project && dbt seed --profiles-dir .']
[2026-03-28T03:08:03.015+0000] {subprocess.py:86} INFO - Output:
[2026-03-28T03:08:07.951+0000] {subprocess.py:93} INFO - [0m03:08:07  Running with dbt=1.8.2
[2026-03-28T03:08:08.699+0000] {subprocess.py:93} INFO - [0m03:08:08  Registered adapter: postgres=1.8.2
[2026-03-28T03:08:09.827+0000] {subprocess.py:93} INFO - [0m03:08:09  Found 1 model, 3 data tests, 1 source, 423 macros
[2026-03-28T03:08:09.829+0000] {subprocess.py:93} INFO - [0m03:08:09
[2026-03-28T03:08:09.830+0000] {subprocess.py:93} INFO - [0m03:08:09  Nothing to do. Try checking your model configs and model specification args
[2026-03-28T03:08:09.919+0000] {subprocess.py:93} INFO - [0m03:08:09
[2026-03-28T03:08:09.920+0000] {subprocess.py:93} INFO - [0m03:08:09  [32mCompleted successfully[0m
[2026-03-28T03:08:09.920+0000] {subprocess.py:93} INFO - [0m03:08:09
[2026-03-28T03:08:09.920+0000] {subprocess.py:93} INFO - [0m03:08:09  Done. PASS=0 WARN=0 ERROR=0 SKIP=0 TOTAL=0
[2026-03-28T03:08:11.329+0000] {subprocess.py:97} INFO - Command exited with return code 0
[2026-03-28T03:08:11.420+0000] {taskinstance.py:1398} INFO - Marking task as SUCCESS. dag_id=logistics_pipeline_v3, task_id=dbt_seed, execution_date=20260328T030243, start_date=20260328T030802, end_date=20260328T030811
[2026-03-28T03:08:11.478+0000] {local_task_job_runner.py:228} INFO - Task exited with return code 0
[2026-03-28T03:08:11.540+0000] {taskinstance.py:2776} INFO - 1 downstream tasks scheduled from follow-on schedule check
