[2026-03-28T03:27:11.429+0000] {taskinstance.py:1157} INFO - Dependencies all met for dep_context=non-requeueable deps ti=<TaskInstance: logistics_pipeline_v3.dbt_seed manual__2026-03-28T03:27:04.720358+00:00 [queued]>
[2026-03-28T03:27:11.440+0000] {taskinstance.py:1157} INFO - Dependencies all met for dep_context=requeueable deps ti=<TaskInstance: logistics_pipeline_v3.dbt_seed manual__2026-03-28T03:27:04.720358+00:00 [queued]>
[2026-03-28T03:27:11.441+0000] {taskinstance.py:1359} INFO - Starting attempt 1 of 2
[2026-03-28T03:27:11.457+0000] {taskinstance.py:1380} INFO - Executing <Task(BashOperator): dbt_seed> on 2026-03-28 03:27:04.720358+00:00
[2026-03-28T03:27:11.463+0000] {standard_task_runner.py:57} INFO - Started process 1608 to run task
[2026-03-28T03:27:11.467+0000] {standard_task_runner.py:84} INFO - Running: ['airflow', 'tasks', 'run', 'logistics_pipeline_v3', 'dbt_seed', 'manual__2026-03-28T03:27:04.720358+00:00', '--job-id', '72', '--raw', '--subdir', 'DAGS_FOLDER/smartflow_dag.py', '--cfg-path', '/tmp/tmpwbz2kz06']
[2026-03-28T03:27:11.470+0000] {standard_task_runner.py:85} INFO - Job 72: Subtask dbt_seed
[2026-03-28T03:27:11.543+0000] {task_command.py:415} INFO - Running <TaskInstance: logistics_pipeline_v3.dbt_seed manual__2026-03-28T03:27:04.720358+00:00 [running]> on host 22aa927a5017
[2026-03-28T03:27:11.661+0000] {taskinstance.py:1660} INFO - Exporting env vars: AIRFLOW_CTX_DAG_OWNER='Rawan' AIRFLOW_CTX_DAG_ID='logistics_pipeline_v3' AIRFLOW_CTX_TASK_ID='dbt_seed' AIRFLOW_CTX_EXECUTION_DATE='2026-03-28T03:27:04.720358+00:00' AIRFLOW_CTX_TRY_NUMBER='1' AIRFLOW_CTX_DAG_RUN_ID='manual__2026-03-28T03:27:04.720358+00:00'
[2026-03-28T03:27:11.662+0000] {subprocess.py:63} INFO - Tmp dir root location: /tmp
[2026-03-28T03:27:11.663+0000] {subprocess.py:75} INFO - Running command: ['/bin/bash', '-c', 'cd /opt/airflow/dbt_project && dbt seed --profiles-dir .']
[2026-03-28T03:27:11.673+0000] {subprocess.py:86} INFO - Output:
[2026-03-28T03:27:13.969+0000] {subprocess.py:93} INFO - [0m03:27:13  Running with dbt=1.8.2
[2026-03-28T03:27:14.278+0000] {subprocess.py:93} INFO - [0m03:27:14  Registered adapter: postgres=1.8.2
[2026-03-28T03:27:14.773+0000] {subprocess.py:93} INFO - [0m03:27:14  Found 1 model, 3 data tests, 1 source, 423 macros
[2026-03-28T03:27:14.776+0000] {subprocess.py:93} INFO - [0m03:27:14
[2026-03-28T03:27:14.777+0000] {subprocess.py:93} INFO - [0m03:27:14  Nothing to do. Try checking your model configs and model specification args
[2026-03-28T03:27:14.822+0000] {subprocess.py:93} INFO - [0m03:27:14
[2026-03-28T03:27:14.823+0000] {subprocess.py:93} INFO - [0m03:27:14  [32mCompleted successfully[0m
[2026-03-28T03:27:14.825+0000] {subprocess.py:93} INFO - [0m03:27:14
[2026-03-28T03:27:14.826+0000] {subprocess.py:93} INFO - [0m03:27:14  Done. PASS=0 WARN=0 ERROR=0 SKIP=0 TOTAL=0
[2026-03-28T03:27:16.004+0000] {subprocess.py:97} INFO - Command exited with return code 0
[2026-03-28T03:27:16.077+0000] {taskinstance.py:1398} INFO - Marking task as SUCCESS. dag_id=logistics_pipeline_v3, task_id=dbt_seed, execution_date=20260328T032704, start_date=20260328T032711, end_date=20260328T032716
[2026-03-28T03:27:16.118+0000] {local_task_job_runner.py:228} INFO - Task exited with return code 0
[2026-03-28T03:27:16.148+0000] {taskinstance.py:2776} INFO - 1 downstream tasks scheduled from follow-on schedule check
