[2026-03-28T03:57:22.040+0000] {taskinstance.py:1157} INFO - Dependencies all met for dep_context=non-requeueable deps ti=<TaskInstance: logistics_pipeline_v3.dbt_seed manual__2026-03-28T03:52:17.770677+00:00 [queued]>
[2026-03-28T03:57:22.049+0000] {taskinstance.py:1157} INFO - Dependencies all met for dep_context=requeueable deps ti=<TaskInstance: logistics_pipeline_v3.dbt_seed manual__2026-03-28T03:52:17.770677+00:00 [queued]>
[2026-03-28T03:57:22.050+0000] {taskinstance.py:1359} INFO - Starting attempt 2 of 2
[2026-03-28T03:57:22.061+0000] {taskinstance.py:1380} INFO - Executing <Task(BashOperator): dbt_seed> on 2026-03-28 03:52:17.770677+00:00
[2026-03-28T03:57:22.065+0000] {standard_task_runner.py:57} INFO - Started process 416 to run task
[2026-03-28T03:57:22.070+0000] {standard_task_runner.py:84} INFO - Running: ['airflow', 'tasks', 'run', 'logistics_pipeline_v3', 'dbt_seed', 'manual__2026-03-28T03:52:17.770677+00:00', '--job-id', '14', '--raw', '--subdir', 'DAGS_FOLDER/smartflow_dag.py', '--cfg-path', '/tmp/tmpk9kdpphz']
[2026-03-28T03:57:22.073+0000] {standard_task_runner.py:85} INFO - Job 14: Subtask dbt_seed
[2026-03-28T03:57:22.137+0000] {task_command.py:415} INFO - Running <TaskInstance: logistics_pipeline_v3.dbt_seed manual__2026-03-28T03:52:17.770677+00:00 [running]> on host 93ae944fd226
[2026-03-28T03:57:22.232+0000] {taskinstance.py:1660} INFO - Exporting env vars: AIRFLOW_CTX_DAG_OWNER='Rawan' AIRFLOW_CTX_DAG_ID='logistics_pipeline_v3' AIRFLOW_CTX_TASK_ID='dbt_seed' AIRFLOW_CTX_EXECUTION_DATE='2026-03-28T03:52:17.770677+00:00' AIRFLOW_CTX_TRY_NUMBER='2' AIRFLOW_CTX_DAG_RUN_ID='manual__2026-03-28T03:52:17.770677+00:00'
[2026-03-28T03:57:22.234+0000] {subprocess.py:63} INFO - Tmp dir root location: /tmp
[2026-03-28T03:57:22.235+0000] {subprocess.py:75} INFO - Running command: ['/bin/bash', '-c', 'cd /opt/airflow/dbt_project && dbt seed --profiles-dir .']
[2026-03-28T03:57:22.244+0000] {subprocess.py:86} INFO - Output:
[2026-03-28T03:57:22.246+0000] {subprocess.py:93} INFO - /bin/bash: line 1: dbt: command not found
[2026-03-28T03:57:22.247+0000] {subprocess.py:97} INFO - Command exited with return code 127
[2026-03-28T03:57:22.260+0000] {taskinstance.py:1935} ERROR - Task failed with exception
Traceback (most recent call last):
  File "/home/airflow/.local/lib/python3.8/site-packages/airflow/operators/bash.py", line 210, in execute
    raise AirflowException(
airflow.exceptions.AirflowException: Bash command failed. The command returned a non-zero exit code 127.
[2026-03-28T03:57:22.263+0000] {taskinstance.py:1398} INFO - Marking task as FAILED. dag_id=logistics_pipeline_v3, task_id=dbt_seed, execution_date=20260328T035217, start_date=20260328T035722, end_date=20260328T035722
[2026-03-28T03:57:22.276+0000] {standard_task_runner.py:104} ERROR - Failed to execute job 14 for task dbt_seed (Bash command failed. The command returned a non-zero exit code 127.; 416)
[2026-03-28T03:57:22.283+0000] {local_task_job_runner.py:228} INFO - Task exited with return code 1
[2026-03-28T03:57:22.309+0000] {taskinstance.py:2776} INFO - 0 downstream tasks scheduled from follow-on schedule check
