[2026-03-29T01:25:40.848+0000] {taskinstance.py:1157} INFO - Dependencies all met for dep_context=non-requeueable deps ti=<TaskInstance: logistics_pipeline_v3.check_dbt_connection manual__2026-03-29T01:25:37.914985+00:00 [queued]>
[2026-03-29T01:25:40.866+0000] {taskinstance.py:1157} INFO - Dependencies all met for dep_context=requeueable deps ti=<TaskInstance: logistics_pipeline_v3.check_dbt_connection manual__2026-03-29T01:25:37.914985+00:00 [queued]>
[2026-03-29T01:25:40.867+0000] {taskinstance.py:1359} INFO - Starting attempt 1 of 2
[2026-03-29T01:25:40.895+0000] {taskinstance.py:1380} INFO - Executing <Task(BashOperator): check_dbt_connection> on 2026-03-29 01:25:37.914985+00:00
[2026-03-29T01:25:40.905+0000] {standard_task_runner.py:57} INFO - Started process 981 to run task
[2026-03-29T01:25:40.915+0000] {standard_task_runner.py:84} INFO - Running: ['airflow', 'tasks', 'run', 'logistics_pipeline_v3', 'check_dbt_connection', 'manual__2026-03-29T01:25:37.914985+00:00', '--job-id', '21', '--raw', '--subdir', 'DAGS_FOLDER/smartflow_dag.py', '--cfg-path', '/tmp/tmpo28zxpoq']
[2026-03-29T01:25:40.921+0000] {standard_task_runner.py:85} INFO - Job 21: Subtask check_dbt_connection
[2026-03-29T01:25:41.096+0000] {task_command.py:415} INFO - Running <TaskInstance: logistics_pipeline_v3.check_dbt_connection manual__2026-03-29T01:25:37.914985+00:00 [running]> on host 98eed5e96431
[2026-03-29T01:25:41.376+0000] {taskinstance.py:1660} INFO - Exporting env vars: AIRFLOW_CTX_DAG_OWNER='Rawan' AIRFLOW_CTX_DAG_ID='logistics_pipeline_v3' AIRFLOW_CTX_TASK_ID='check_dbt_connection' AIRFLOW_CTX_EXECUTION_DATE='2026-03-29T01:25:37.914985+00:00' AIRFLOW_CTX_TRY_NUMBER='1' AIRFLOW_CTX_DAG_RUN_ID='manual__2026-03-29T01:25:37.914985+00:00'
[2026-03-29T01:25:41.379+0000] {subprocess.py:63} INFO - Tmp dir root location: /tmp
[2026-03-29T01:25:41.381+0000] {subprocess.py:75} INFO - Running command: ['/bin/bash', '-c', 'cd /opt/airflow/dbt_project && dbt debug --profiles-dir . || echo "Ignore Git Error"']
[2026-03-29T01:25:41.417+0000] {subprocess.py:86} INFO - Output:
[2026-03-29T01:25:44.776+0000] {subprocess.py:93} INFO - [0m01:25:44  Running with dbt=1.8.0
[2026-03-29T01:25:44.798+0000] {subprocess.py:93} INFO - [0m01:25:44  dbt version: 1.8.0
[2026-03-29T01:25:44.800+0000] {subprocess.py:93} INFO - [0m01:25:44  python version: 3.8.18
[2026-03-29T01:25:44.804+0000] {subprocess.py:93} INFO - [0m01:25:44  python path: /usr/local/bin/python
[2026-03-29T01:25:44.804+0000] {subprocess.py:93} INFO - [0m01:25:44  os info: Linux-6.6.87.2-microsoft-standard-WSL2-x86_64-with-glibc2.2.5
[2026-03-29T01:25:44.976+0000] {subprocess.py:93} INFO - [0m01:25:44  Using profiles dir at .
[2026-03-29T01:25:44.976+0000] {subprocess.py:93} INFO - [0m01:25:44  Using profiles.yml file at ./profiles.yml
[2026-03-29T01:25:44.976+0000] {subprocess.py:93} INFO - [0m01:25:44  Using dbt_project.yml file at /opt/airflow/dbt_project/dbt_project.yml
[2026-03-29T01:25:44.977+0000] {subprocess.py:93} INFO - [0m01:25:44  adapter type: postgres
[2026-03-29T01:25:44.978+0000] {subprocess.py:93} INFO - [0m01:25:44  adapter version: 1.8.0
[2026-03-29T01:25:45.350+0000] {subprocess.py:93} INFO - [0m01:25:45  Configuration:
[2026-03-29T01:25:45.352+0000] {subprocess.py:93} INFO - [0m01:25:45    profiles.yml file [[32mOK found and valid[0m]
[2026-03-29T01:25:45.353+0000] {subprocess.py:93} INFO - [0m01:25:45    dbt_project.yml file [[32mOK found and valid[0m]
[2026-03-29T01:25:45.354+0000] {subprocess.py:93} INFO - [0m01:25:45  Required dependencies:
[2026-03-29T01:25:45.370+0000] {subprocess.py:93} INFO - [0m01:25:45   - git [[31mERROR[0m]
[2026-03-29T01:25:45.370+0000] {subprocess.py:93} INFO - 
[2026-03-29T01:25:45.380+0000] {subprocess.py:93} INFO - [0m01:25:45  Connection:
[2026-03-29T01:25:45.380+0000] {subprocess.py:93} INFO - [0m01:25:45    host: postgres
[2026-03-29T01:25:45.380+0000] {subprocess.py:93} INFO - [0m01:25:45    port: 5432
[2026-03-29T01:25:45.380+0000] {subprocess.py:93} INFO - [0m01:25:45    user: admin
[2026-03-29T01:25:45.382+0000] {subprocess.py:93} INFO - [0m01:25:45    database: logistics_db
[2026-03-29T01:25:45.387+0000] {subprocess.py:93} INFO - [0m01:25:45    schema: public
[2026-03-29T01:25:45.390+0000] {subprocess.py:93} INFO - [0m01:25:45    connect_timeout: 10
[2026-03-29T01:25:45.396+0000] {subprocess.py:93} INFO - [0m01:25:45    role: None
[2026-03-29T01:25:45.397+0000] {subprocess.py:93} INFO - [0m01:25:45    search_path: None
[2026-03-29T01:25:45.397+0000] {subprocess.py:93} INFO - [0m01:25:45    keepalives_idle: 0
[2026-03-29T01:25:45.397+0000] {subprocess.py:93} INFO - [0m01:25:45    sslmode: None
[2026-03-29T01:25:45.398+0000] {subprocess.py:93} INFO - [0m01:25:45    sslcert: None
[2026-03-29T01:25:45.401+0000] {subprocess.py:93} INFO - [0m01:25:45    sslkey: None
[2026-03-29T01:25:45.402+0000] {subprocess.py:93} INFO - [0m01:25:45    sslrootcert: None
[2026-03-29T01:25:45.405+0000] {subprocess.py:93} INFO - [0m01:25:45    application_name: dbt
[2026-03-29T01:25:45.406+0000] {subprocess.py:93} INFO - [0m01:25:45    retries: 1
[2026-03-29T01:25:45.407+0000] {subprocess.py:93} INFO - [0m01:25:45  Registered adapter: postgres=1.8.0
[2026-03-29T01:25:45.530+0000] {subprocess.py:93} INFO - [0m01:25:45    Connection test: [[32mOK connection ok[0m]
[2026-03-29T01:25:45.531+0000] {subprocess.py:93} INFO - 
[2026-03-29T01:25:45.536+0000] {subprocess.py:93} INFO - [0m01:25:45  [31m1 check failed:[0m
[2026-03-29T01:25:45.537+0000] {subprocess.py:93} INFO - [0m01:25:45  Error from git --help: User does not have permissions for this command: "git"
[2026-03-29T01:25:45.537+0000] {subprocess.py:93} INFO - 
[2026-03-29T01:25:46.867+0000] {subprocess.py:93} INFO - Ignore Git Error
[2026-03-29T01:25:46.878+0000] {subprocess.py:97} INFO - Command exited with return code 0
[2026-03-29T01:25:46.983+0000] {taskinstance.py:1398} INFO - Marking task as SUCCESS. dag_id=logistics_pipeline_v3, task_id=check_dbt_connection, execution_date=20260329T012537, start_date=20260329T012540, end_date=20260329T012546
[2026-03-29T01:25:47.035+0000] {local_task_job_runner.py:228} INFO - Task exited with return code 0
[2026-03-29T01:25:47.094+0000] {taskinstance.py:2776} INFO - 1 downstream tasks scheduled from follow-on schedule check
