[2026-03-28T02:09:59.291+0000] {taskinstance.py:1157} INFO - Dependencies all met for dep_context=non-requeueable deps ti=<TaskInstance: logistics_pipeline_v3.dbt_seed manual__2026-03-28T02:09:47.097547+00:00 [queued]>
[2026-03-28T02:09:59.297+0000] {taskinstance.py:1157} INFO - Dependencies all met for dep_context=requeueable deps ti=<TaskInstance: logistics_pipeline_v3.dbt_seed manual__2026-03-28T02:09:47.097547+00:00 [queued]>
[2026-03-28T02:09:59.298+0000] {taskinstance.py:1359} INFO - Starting attempt 1 of 2
[2026-03-28T02:09:59.310+0000] {taskinstance.py:1380} INFO - Executing <Task(BashOperator): dbt_seed> on 2026-03-28 02:09:47.097547+00:00
[2026-03-28T02:09:59.314+0000] {standard_task_runner.py:57} INFO - Started process 477 to run task
[2026-03-28T02:09:59.317+0000] {standard_task_runner.py:84} INFO - Running: ['airflow', 'tasks', 'run', 'logistics_pipeline_v3', 'dbt_seed', 'manual__2026-03-28T02:09:47.097547+00:00', '--job-id', '38', '--raw', '--subdir', 'DAGS_FOLDER/smartflow_dag.py', '--cfg-path', '/tmp/tmp_0b65etb']
[2026-03-28T02:09:59.320+0000] {standard_task_runner.py:85} INFO - Job 38: Subtask dbt_seed
[2026-03-28T02:09:59.373+0000] {task_command.py:415} INFO - Running <TaskInstance: logistics_pipeline_v3.dbt_seed manual__2026-03-28T02:09:47.097547+00:00 [running]> on host 22aa927a5017
[2026-03-28T02:09:59.457+0000] {taskinstance.py:1660} INFO - Exporting env vars: AIRFLOW_CTX_DAG_OWNER='Rawan' AIRFLOW_CTX_DAG_ID='logistics_pipeline_v3' AIRFLOW_CTX_TASK_ID='dbt_seed' AIRFLOW_CTX_EXECUTION_DATE='2026-03-28T02:09:47.097547+00:00' AIRFLOW_CTX_TRY_NUMBER='1' AIRFLOW_CTX_DAG_RUN_ID='manual__2026-03-28T02:09:47.097547+00:00'
[2026-03-28T02:09:59.458+0000] {subprocess.py:63} INFO - Tmp dir root location: /tmp
[2026-03-28T02:09:59.459+0000] {subprocess.py:75} INFO - Running command: ['/bin/bash', '-c', 'cd /opt/airflow/dbt_project && dbt seed --profiles-dir .']
[2026-03-28T02:09:59.466+0000] {subprocess.py:86} INFO - Output:
[2026-03-28T02:10:01.181+0000] {subprocess.py:93} INFO - [0m02:10:01  Running with dbt=1.8.2
[2026-03-28T02:10:01.431+0000] {subprocess.py:93} INFO - [0m02:10:01  Registered adapter: postgres=1.8.2
[2026-03-28T02:10:01.837+0000] {subprocess.py:93} INFO - [0m02:10:01  Found 1 model, 3 data tests, 423 macros
[2026-03-28T02:10:01.840+0000] {subprocess.py:93} INFO - [0m02:10:01
[2026-03-28T02:10:01.840+0000] {subprocess.py:93} INFO - [0m02:10:01  Nothing to do. Try checking your model configs and model specification args
[2026-03-28T02:10:01.894+0000] {subprocess.py:93} INFO - [0m02:10:01
[2026-03-28T02:10:01.895+0000] {subprocess.py:93} INFO - [0m02:10:01  [32mCompleted successfully[0m
[2026-03-28T02:10:01.895+0000] {subprocess.py:93} INFO - [0m02:10:01
[2026-03-28T02:10:01.895+0000] {subprocess.py:93} INFO - [0m02:10:01  Done. PASS=0 WARN=0 ERROR=0 SKIP=0 TOTAL=0
[2026-03-28T02:10:02.017+0000] {subprocess.py:97} INFO - Command exited with return code 0
[2026-03-28T02:10:02.063+0000] {taskinstance.py:1398} INFO - Marking task as SUCCESS. dag_id=logistics_pipeline_v3, task_id=dbt_seed, execution_date=20260328T020947, start_date=20260328T020959, end_date=20260328T021002
[2026-03-28T02:10:02.120+0000] {local_task_job_runner.py:228} INFO - Task exited with return code 0
[2026-03-28T02:10:02.161+0000] {taskinstance.py:2776} INFO - 1 downstream tasks scheduled from follow-on schedule check
