[2026-03-28T03:54:27.935+0000] {taskinstance.py:1157} INFO - Dependencies all met for dep_context=non-requeueable deps ti=<TaskInstance: logistics_pipeline_v3.dbt_seed manual__2026-03-28T03:54:23.808684+00:00 [queued]>
[2026-03-28T03:54:27.955+0000] {taskinstance.py:1157} INFO - Dependencies all met for dep_context=requeueable deps ti=<TaskInstance: logistics_pipeline_v3.dbt_seed manual__2026-03-28T03:54:23.808684+00:00 [queued]>
[2026-03-28T03:54:27.958+0000] {taskinstance.py:1359} INFO - Starting attempt 1 of 2
[2026-03-28T03:54:27.998+0000] {taskinstance.py:1380} INFO - Executing <Task(BashOperator): dbt_seed> on 2026-03-28 03:54:23.808684+00:00
[2026-03-28T03:54:28.010+0000] {standard_task_runner.py:57} INFO - Started process 381 to run task
[2026-03-28T03:54:28.018+0000] {standard_task_runner.py:84} INFO - Running: ['airflow', 'tasks', 'run', 'logistics_pipeline_v3', 'dbt_seed', 'manual__2026-03-28T03:54:23.808684+00:00', '--job-id', '11', '--raw', '--subdir', 'DAGS_FOLDER/smartflow_dag.py', '--cfg-path', '/tmp/tmp7l3zkdk2']
[2026-03-28T03:54:28.024+0000] {standard_task_runner.py:85} INFO - Job 11: Subtask dbt_seed
[2026-03-28T03:54:28.180+0000] {task_command.py:415} INFO - Running <TaskInstance: logistics_pipeline_v3.dbt_seed manual__2026-03-28T03:54:23.808684+00:00 [running]> on host 93ae944fd226
[2026-03-28T03:54:28.410+0000] {taskinstance.py:1660} INFO - Exporting env vars: AIRFLOW_CTX_DAG_OWNER='Rawan' AIRFLOW_CTX_DAG_ID='logistics_pipeline_v3' AIRFLOW_CTX_TASK_ID='dbt_seed' AIRFLOW_CTX_EXECUTION_DATE='2026-03-28T03:54:23.808684+00:00' AIRFLOW_CTX_TRY_NUMBER='1' AIRFLOW_CTX_DAG_RUN_ID='manual__2026-03-28T03:54:23.808684+00:00'
[2026-03-28T03:54:28.413+0000] {subprocess.py:63} INFO - Tmp dir root location: /tmp
[2026-03-28T03:54:28.416+0000] {subprocess.py:75} INFO - Running command: ['/bin/bash', '-c', 'cd /opt/airflow/dbt_project && dbt seed --profiles-dir .']
[2026-03-28T03:54:28.442+0000] {subprocess.py:86} INFO - Output:
[2026-03-28T03:54:28.445+0000] {subprocess.py:93} INFO - /bin/bash: line 1: dbt: command not found
[2026-03-28T03:54:28.447+0000] {subprocess.py:97} INFO - Command exited with return code 127
[2026-03-28T03:54:28.487+0000] {taskinstance.py:1935} ERROR - Task failed with exception
Traceback (most recent call last):
  File "/home/airflow/.local/lib/python3.8/site-packages/airflow/operators/bash.py", line 210, in execute
    raise AirflowException(
airflow.exceptions.AirflowException: Bash command failed. The command returned a non-zero exit code 127.
[2026-03-28T03:54:28.495+0000] {taskinstance.py:1398} INFO - Marking task as UP_FOR_RETRY. dag_id=logistics_pipeline_v3, task_id=dbt_seed, execution_date=20260328T035423, start_date=20260328T035427, end_date=20260328T035428
[2026-03-28T03:54:28.525+0000] {standard_task_runner.py:104} ERROR - Failed to execute job 11 for task dbt_seed (Bash command failed. The command returned a non-zero exit code 127.; 381)
[2026-03-28T03:54:28.560+0000] {local_task_job_runner.py:228} INFO - Task exited with return code 1
[2026-03-28T03:54:28.627+0000] {taskinstance.py:2776} INFO - 0 downstream tasks scheduled from follow-on schedule check
