[2026-03-28T05:20:14.707+0000] {taskinstance.py:1157} INFO - Dependencies all met for dep_context=non-requeueable deps ti=<TaskInstance: logistics_pipeline_v3.dbt_seed manual__2026-03-28T05:20:09.951530+00:00 [queued]>
[2026-03-28T05:20:14.715+0000] {taskinstance.py:1157} INFO - Dependencies all met for dep_context=requeueable deps ti=<TaskInstance: logistics_pipeline_v3.dbt_seed manual__2026-03-28T05:20:09.951530+00:00 [queued]>
[2026-03-28T05:20:14.715+0000] {taskinstance.py:1359} INFO - Starting attempt 1 of 2
[2026-03-28T05:20:14.726+0000] {taskinstance.py:1380} INFO - Executing <Task(BashOperator): dbt_seed> on 2026-03-28 05:20:09.951530+00:00
[2026-03-28T05:20:14.731+0000] {standard_task_runner.py:57} INFO - Started process 1208 to run task
[2026-03-28T05:20:14.733+0000] {standard_task_runner.py:84} INFO - Running: ['airflow', 'tasks', 'run', 'logistics_pipeline_v3', 'dbt_seed', 'manual__2026-03-28T05:20:09.951530+00:00', '--job-id', '27', '--raw', '--subdir', 'DAGS_FOLDER/smartflow_dag.py', '--cfg-path', '/tmp/tmpoug5hvke']
[2026-03-28T05:20:14.736+0000] {standard_task_runner.py:85} INFO - Job 27: Subtask dbt_seed
[2026-03-28T05:20:14.789+0000] {task_command.py:415} INFO - Running <TaskInstance: logistics_pipeline_v3.dbt_seed manual__2026-03-28T05:20:09.951530+00:00 [running]> on host 97e90436ed10
[2026-03-28T05:20:14.879+0000] {taskinstance.py:1660} INFO - Exporting env vars: AIRFLOW_CTX_DAG_OWNER='Rawan' AIRFLOW_CTX_DAG_ID='logistics_pipeline_v3' AIRFLOW_CTX_TASK_ID='dbt_seed' AIRFLOW_CTX_EXECUTION_DATE='2026-03-28T05:20:09.951530+00:00' AIRFLOW_CTX_TRY_NUMBER='1' AIRFLOW_CTX_DAG_RUN_ID='manual__2026-03-28T05:20:09.951530+00:00'
[2026-03-28T05:20:14.880+0000] {subprocess.py:63} INFO - Tmp dir root location: /tmp
[2026-03-28T05:20:14.881+0000] {subprocess.py:75} INFO - Running command: ['/bin/bash', '-c', 'cd /opt/airflow/dbt_project && dbt seed --profiles-dir .']
[2026-03-28T05:20:14.889+0000] {subprocess.py:86} INFO - Output:
[2026-03-28T05:20:16.289+0000] {subprocess.py:93} INFO - [0m05:20:16  Running with dbt=1.8.0
[2026-03-28T05:20:16.528+0000] {subprocess.py:93} INFO - [0m05:20:16  Registered adapter: postgres=1.8.0
[2026-03-28T05:20:16.914+0000] {subprocess.py:93} INFO - [0m05:20:16  Found 1 model, 3 data tests, 1 source, 423 macros
[2026-03-28T05:20:16.917+0000] {subprocess.py:93} INFO - [0m05:20:16
[2026-03-28T05:20:16.917+0000] {subprocess.py:93} INFO - [0m05:20:16  Nothing to do. Try checking your model configs and model specification args
[2026-03-28T05:20:16.956+0000] {subprocess.py:93} INFO - [0m05:20:16
[2026-03-28T05:20:16.956+0000] {subprocess.py:93} INFO - [0m05:20:16  [32mCompleted successfully[0m
[2026-03-28T05:20:16.957+0000] {subprocess.py:93} INFO - [0m05:20:16
[2026-03-28T05:20:16.957+0000] {subprocess.py:93} INFO - [0m05:20:16  Done. PASS=0 WARN=0 ERROR=0 SKIP=0 TOTAL=0
[2026-03-28T05:20:17.897+0000] {subprocess.py:97} INFO - Command exited with return code 0
[2026-03-28T05:20:17.931+0000] {taskinstance.py:1398} INFO - Marking task as SUCCESS. dag_id=logistics_pipeline_v3, task_id=dbt_seed, execution_date=20260328T052009, start_date=20260328T052014, end_date=20260328T052017
[2026-03-28T05:20:17.968+0000] {local_task_job_runner.py:228} INFO - Task exited with return code 0
[2026-03-28T05:20:17.995+0000] {taskinstance.py:2776} INFO - 0 downstream tasks scheduled from follow-on schedule check
