[2026-03-28T05:29:01.192+0000] {taskinstance.py:1157} INFO - Dependencies all met for dep_context=non-requeueable deps ti=<TaskInstance: logistics_pipeline_v3.dbt_run manual__2026-03-28T05:28:47.452775+00:00 [queued]>
[2026-03-28T05:29:01.201+0000] {taskinstance.py:1157} INFO - Dependencies all met for dep_context=requeueable deps ti=<TaskInstance: logistics_pipeline_v3.dbt_run manual__2026-03-28T05:28:47.452775+00:00 [queued]>
[2026-03-28T05:29:01.201+0000] {taskinstance.py:1359} INFO - Starting attempt 1 of 2
[2026-03-28T05:29:01.213+0000] {taskinstance.py:1380} INFO - Executing <Task(BashOperator): dbt_run> on 2026-03-28 05:28:47.452775+00:00
[2026-03-28T05:29:01.218+0000] {standard_task_runner.py:57} INFO - Started process 1430 to run task
[2026-03-28T05:29:01.221+0000] {standard_task_runner.py:84} INFO - Running: ['airflow', 'tasks', 'run', 'logistics_pipeline_v3', 'dbt_run', 'manual__2026-03-28T05:28:47.452775+00:00', '--job-id', '42', '--raw', '--subdir', 'DAGS_FOLDER/smartflow_dag.py', '--cfg-path', '/tmp/tmpn4b6hf75']
[2026-03-28T05:29:01.223+0000] {standard_task_runner.py:85} INFO - Job 42: Subtask dbt_run
[2026-03-28T05:29:01.279+0000] {task_command.py:415} INFO - Running <TaskInstance: logistics_pipeline_v3.dbt_run manual__2026-03-28T05:28:47.452775+00:00 [running]> on host 97e90436ed10
[2026-03-28T05:29:01.364+0000] {taskinstance.py:1660} INFO - Exporting env vars: AIRFLOW_CTX_DAG_OWNER='Rawan' AIRFLOW_CTX_DAG_ID='logistics_pipeline_v3' AIRFLOW_CTX_TASK_ID='dbt_run' AIRFLOW_CTX_EXECUTION_DATE='2026-03-28T05:28:47.452775+00:00' AIRFLOW_CTX_TRY_NUMBER='1' AIRFLOW_CTX_DAG_RUN_ID='manual__2026-03-28T05:28:47.452775+00:00'
[2026-03-28T05:29:01.365+0000] {subprocess.py:63} INFO - Tmp dir root location: /tmp
[2026-03-28T05:29:01.366+0000] {subprocess.py:75} INFO - Running command: ['/bin/bash', '-c', 'cd /opt/airflow/dbt_project && dbt run --profiles-dir .']
[2026-03-28T05:29:01.374+0000] {subprocess.py:86} INFO - Output:
[2026-03-28T05:29:01.328+0000] {subprocess.py:93} INFO - [0m05:29:01  Running with dbt=1.8.0
[2026-03-28T05:29:01.637+0000] {subprocess.py:93} INFO - [0m05:29:01  Registered adapter: postgres=1.8.0
[2026-03-28T05:29:02.268+0000] {subprocess.py:93} INFO - [0m05:29:02  Found 1 model, 3 data tests, 1 source, 423 macros
[2026-03-28T05:29:02.271+0000] {subprocess.py:93} INFO - [0m05:29:02
[2026-03-28T05:29:02.467+0000] {subprocess.py:93} INFO - [0m05:29:02  Concurrency: 4 threads (target='dev')
[2026-03-28T05:29:02.471+0000] {subprocess.py:93} INFO - [0m05:29:02
[2026-03-28T05:29:02.491+0000] {subprocess.py:93} INFO - [0m05:29:02  1 of 1 START sql table model public_analytics.courier_performance .............. [RUN]
[2026-03-28T05:29:02.623+0000] {subprocess.py:93} INFO - [0m05:29:02  1 of 1 ERROR creating sql table model public_analytics.courier_performance ..... [[31mERROR[0m in 0.12s]
[2026-03-28T05:29:02.653+0000] {subprocess.py:93} INFO - [0m05:29:02
[2026-03-28T05:29:02.654+0000] {subprocess.py:93} INFO - [0m05:29:02  Finished running 1 table model in 0 hours 0 minutes and 0.38 seconds (0.38s).
[2026-03-28T05:29:02.717+0000] {subprocess.py:93} INFO - [0m05:29:02
[2026-03-28T05:29:02.721+0000] {subprocess.py:93} INFO - [0m05:29:02  [31mCompleted with 1 error and 0 warnings:[0m
[2026-03-28T05:29:02.722+0000] {subprocess.py:93} INFO - [0m05:29:02
[2026-03-28T05:29:02.722+0000] {subprocess.py:93} INFO - [0m05:29:02    Database Error in model courier_performance (models/courier_performance.sql)
[2026-03-28T05:29:02.723+0000] {subprocess.py:93} INFO -   column "violation_count" does not exist
[2026-03-28T05:29:02.723+0000] {subprocess.py:93} INFO -   LINE 16:         violation_count,
[2026-03-28T05:29:02.723+0000] {subprocess.py:93} INFO -                    ^
[2026-03-28T05:29:02.723+0000] {subprocess.py:93} INFO -   compiled code at target/run/dbt_logistics/models/courier_performance.sql
[2026-03-28T05:29:02.724+0000] {subprocess.py:93} INFO - [0m05:29:02
[2026-03-28T05:29:02.724+0000] {subprocess.py:93} INFO - [0m05:29:02  Done. PASS=0 WARN=0 ERROR=1 SKIP=0 TOTAL=1
[2026-03-28T05:29:03.820+0000] {subprocess.py:97} INFO - Command exited with return code 1
[2026-03-28T05:29:03.843+0000] {taskinstance.py:1935} ERROR - Task failed with exception
Traceback (most recent call last):
  File "/home/airflow/.local/lib/python3.8/site-packages/airflow/operators/bash.py", line 210, in execute
    raise AirflowException(
airflow.exceptions.AirflowException: Bash command failed. The command returned a non-zero exit code 1.
[2026-03-28T05:29:03.851+0000] {taskinstance.py:1398} INFO - Marking task as UP_FOR_RETRY. dag_id=logistics_pipeline_v3, task_id=dbt_run, execution_date=20260328T052847, start_date=20260328T052901, end_date=20260328T052903
[2026-03-28T05:29:03.878+0000] {standard_task_runner.py:104} ERROR - Failed to execute job 42 for task dbt_run (Bash command failed. The command returned a non-zero exit code 1.; 1430)
[2026-03-28T05:29:03.914+0000] {local_task_job_runner.py:228} INFO - Task exited with return code 1
[2026-03-28T05:29:03.973+0000] {taskinstance.py:2776} INFO - 0 downstream tasks scheduled from follow-on schedule check
