[2026-03-28T05:34:04.977+0000] {taskinstance.py:1157} INFO - Dependencies all met for dep_context=non-requeueable deps ti=<TaskInstance: logistics_pipeline_v3.dbt_run manual__2026-03-28T05:28:47.452775+00:00 [queued]>
[2026-03-28T05:34:04.998+0000] {taskinstance.py:1157} INFO - Dependencies all met for dep_context=requeueable deps ti=<TaskInstance: logistics_pipeline_v3.dbt_run manual__2026-03-28T05:28:47.452775+00:00 [queued]>
[2026-03-28T05:34:04.998+0000] {taskinstance.py:1359} INFO - Starting attempt 2 of 2
[2026-03-28T05:34:05.023+0000] {taskinstance.py:1380} INFO - Executing <Task(BashOperator): dbt_run> on 2026-03-28 05:28:47.452775+00:00
[2026-03-28T05:34:05.034+0000] {standard_task_runner.py:57} INFO - Started process 1625 to run task
[2026-03-28T05:34:05.043+0000] {standard_task_runner.py:84} INFO - Running: ['airflow', 'tasks', 'run', 'logistics_pipeline_v3', 'dbt_run', 'manual__2026-03-28T05:28:47.452775+00:00', '--job-id', '54', '--raw', '--subdir', 'DAGS_FOLDER/smartflow_dag.py', '--cfg-path', '/tmp/tmpm7ycnk2g']
[2026-03-28T05:34:05.048+0000] {standard_task_runner.py:85} INFO - Job 54: Subtask dbt_run
[2026-03-28T05:34:05.173+0000] {task_command.py:415} INFO - Running <TaskInstance: logistics_pipeline_v3.dbt_run manual__2026-03-28T05:28:47.452775+00:00 [running]> on host 97e90436ed10
[2026-03-28T05:34:05.349+0000] {taskinstance.py:1660} INFO - Exporting env vars: AIRFLOW_CTX_DAG_OWNER='Rawan' AIRFLOW_CTX_DAG_ID='logistics_pipeline_v3' AIRFLOW_CTX_TASK_ID='dbt_run' AIRFLOW_CTX_EXECUTION_DATE='2026-03-28T05:28:47.452775+00:00' AIRFLOW_CTX_TRY_NUMBER='2' AIRFLOW_CTX_DAG_RUN_ID='manual__2026-03-28T05:28:47.452775+00:00'
[2026-03-28T05:34:05.351+0000] {subprocess.py:63} INFO - Tmp dir root location: /tmp
[2026-03-28T05:34:05.353+0000] {subprocess.py:75} INFO - Running command: ['/bin/bash', '-c', 'cd /opt/airflow/dbt_project && dbt run --profiles-dir .']
[2026-03-28T05:34:05.369+0000] {subprocess.py:86} INFO - Output:
[2026-03-28T05:34:08.310+0000] {subprocess.py:93} INFO - [0m05:34:08  Running with dbt=1.8.0
[2026-03-28T05:34:08.891+0000] {subprocess.py:93} INFO - [0m05:34:08  Registered adapter: postgres=1.8.0
[2026-03-28T05:34:09.690+0000] {subprocess.py:93} INFO - [0m05:34:09  Found 1 model, 3 data tests, 1 source, 423 macros
[2026-03-28T05:34:09.693+0000] {subprocess.py:93} INFO - [0m05:34:09
[2026-03-28T05:34:09.939+0000] {subprocess.py:93} INFO - [0m05:34:09  Concurrency: 4 threads (target='dev')
[2026-03-28T05:34:09.940+0000] {subprocess.py:93} INFO - [0m05:34:09
[2026-03-28T05:34:09.954+0000] {subprocess.py:93} INFO - [0m05:34:09  1 of 1 START sql table model public_analytics.courier_performance .............. [RUN]
[2026-03-28T05:34:10.197+0000] {subprocess.py:93} INFO - [0m05:34:10  1 of 1 OK created sql table model public_analytics.courier_performance ......... [[32mSELECT 7[0m in 0.24s]
[2026-03-28T05:34:10.262+0000] {subprocess.py:93} INFO - [0m05:34:10
[2026-03-28T05:34:10.262+0000] {subprocess.py:93} INFO - [0m05:34:10  Finished running 1 table model in 0 hours 0 minutes and 0.56 seconds (0.56s).
[2026-03-28T05:34:10.332+0000] {subprocess.py:93} INFO - [0m05:34:10
[2026-03-28T05:34:10.333+0000] {subprocess.py:93} INFO - [0m05:34:10  [32mCompleted successfully[0m
[2026-03-28T05:34:10.334+0000] {subprocess.py:93} INFO - [0m05:34:10
[2026-03-28T05:34:10.335+0000] {subprocess.py:93} INFO - [0m05:34:10  Done. PASS=1 WARN=0 ERROR=0 SKIP=0 TOTAL=1
[2026-03-28T05:34:11.541+0000] {subprocess.py:97} INFO - Command exited with return code 0
[2026-03-28T05:34:11.578+0000] {taskinstance.py:1398} INFO - Marking task as SUCCESS. dag_id=logistics_pipeline_v3, task_id=dbt_run, execution_date=20260328T052847, start_date=20260328T053404, end_date=20260328T053411
[2026-03-28T05:34:11.614+0000] {local_task_job_runner.py:228} INFO - Task exited with return code 0
[2026-03-28T05:34:11.642+0000] {taskinstance.py:2776} INFO - 1 downstream tasks scheduled from follow-on schedule check
