[2026-03-29T01:26:00.146+0000] {taskinstance.py:1157} INFO - Dependencies all met for dep_context=non-requeueable deps ti=<TaskInstance: logistics_pipeline_v3.dbt_run manual__2026-03-29T01:25:38.512525+00:00 [queued]>
[2026-03-29T01:26:00.160+0000] {taskinstance.py:1157} INFO - Dependencies all met for dep_context=requeueable deps ti=<TaskInstance: logistics_pipeline_v3.dbt_run manual__2026-03-29T01:25:38.512525+00:00 [queued]>
[2026-03-29T01:26:00.160+0000] {taskinstance.py:1359} INFO - Starting attempt 1 of 2
[2026-03-29T01:26:00.181+0000] {taskinstance.py:1380} INFO - Executing <Task(BashOperator): dbt_run> on 2026-03-29 01:25:38.512525+00:00
[2026-03-29T01:26:00.190+0000] {standard_task_runner.py:57} INFO - Started process 1064 to run task
[2026-03-29T01:26:00.195+0000] {standard_task_runner.py:84} INFO - Running: ['airflow', 'tasks', 'run', 'logistics_pipeline_v3', 'dbt_run', 'manual__2026-03-29T01:25:38.512525+00:00', '--job-id', '30', '--raw', '--subdir', 'DAGS_FOLDER/smartflow_dag.py', '--cfg-path', '/tmp/tmpwo3q0db5']
[2026-03-29T01:26:00.199+0000] {standard_task_runner.py:85} INFO - Job 30: Subtask dbt_run
[2026-03-29T01:26:00.288+0000] {task_command.py:415} INFO - Running <TaskInstance: logistics_pipeline_v3.dbt_run manual__2026-03-29T01:25:38.512525+00:00 [running]> on host 98eed5e96431
[2026-03-29T01:26:00.445+0000] {taskinstance.py:1660} INFO - Exporting env vars: AIRFLOW_CTX_DAG_OWNER='Rawan' AIRFLOW_CTX_DAG_ID='logistics_pipeline_v3' AIRFLOW_CTX_TASK_ID='dbt_run' AIRFLOW_CTX_EXECUTION_DATE='2026-03-29T01:25:38.512525+00:00' AIRFLOW_CTX_TRY_NUMBER='1' AIRFLOW_CTX_DAG_RUN_ID='manual__2026-03-29T01:25:38.512525+00:00'
[2026-03-29T01:26:00.447+0000] {subprocess.py:63} INFO - Tmp dir root location: /tmp
[2026-03-29T01:26:00.449+0000] {subprocess.py:75} INFO - Running command: ['/bin/bash', '-c', 'cd /opt/airflow/dbt_project && dbt run --profiles-dir .']
[2026-03-29T01:26:00.465+0000] {subprocess.py:86} INFO - Output:
[2026-03-29T01:26:03.757+0000] {subprocess.py:93} INFO - [0m01:26:03  Running with dbt=1.8.0
[2026-03-29T01:26:04.201+0000] {subprocess.py:93} INFO - [0m01:26:04  Registered adapter: postgres=1.8.0
[2026-03-29T01:26:05.282+0000] {subprocess.py:93} INFO - [0m01:26:05  Found 1 model, 3 data tests, 1 source, 423 macros
[2026-03-29T01:26:05.287+0000] {subprocess.py:93} INFO - [0m01:26:05
[2026-03-29T01:26:05.692+0000] {subprocess.py:93} INFO - [0m01:26:05  Concurrency: 4 threads (target='dev')
[2026-03-29T01:26:05.696+0000] {subprocess.py:93} INFO - [0m01:26:05
[2026-03-29T01:26:05.712+0000] {subprocess.py:93} INFO - [0m01:26:05  1 of 1 START sql table model public_analytics.courier_performance .............. [RUN]
[2026-03-29T01:26:07.050+0000] {subprocess.py:93} INFO - [0m01:26:07  1 of 1 OK created sql table model public_analytics.courier_performance ......... [[32mSELECT 8[0m in 1.33s]
[2026-03-29T01:26:07.092+0000] {subprocess.py:93} INFO - [0m01:26:07
[2026-03-29T01:26:07.093+0000] {subprocess.py:93} INFO - [0m01:26:07  Finished running 1 table model in 0 hours 0 minutes and 1.80 seconds (1.80s).
[2026-03-29T01:26:07.264+0000] {subprocess.py:93} INFO - [0m01:26:07
[2026-03-29T01:26:07.264+0000] {subprocess.py:93} INFO - [0m01:26:07  [32mCompleted successfully[0m
[2026-03-29T01:26:07.264+0000] {subprocess.py:93} INFO - [0m01:26:07
[2026-03-29T01:26:07.265+0000] {subprocess.py:93} INFO - [0m01:26:07  Done. PASS=1 WARN=0 ERROR=0 SKIP=0 TOTAL=1
[2026-03-29T01:26:08.686+0000] {subprocess.py:97} INFO - Command exited with return code 0
[2026-03-29T01:26:08.788+0000] {taskinstance.py:1398} INFO - Marking task as SUCCESS. dag_id=logistics_pipeline_v3, task_id=dbt_run, execution_date=20260329T012538, start_date=20260329T012600, end_date=20260329T012608
[2026-03-29T01:26:08.871+0000] {local_task_job_runner.py:228} INFO - Task exited with return code 0
[2026-03-29T01:26:08.941+0000] {taskinstance.py:2776} INFO - 1 downstream tasks scheduled from follow-on schedule check
