[2026-03-29T01:14:20.253+0000] {taskinstance.py:1157} INFO - Dependencies all met for dep_context=non-requeueable deps ti=<TaskInstance: logistics_pipeline_v3.check_dbt_connection manual__2026-03-29T01:14:17.488986+00:00 [queued]>
[2026-03-29T01:14:20.260+0000] {taskinstance.py:1157} INFO - Dependencies all met for dep_context=requeueable deps ti=<TaskInstance: logistics_pipeline_v3.check_dbt_connection manual__2026-03-29T01:14:17.488986+00:00 [queued]>
[2026-03-29T01:14:20.260+0000] {taskinstance.py:1359} INFO - Starting attempt 1 of 2
[2026-03-29T01:14:20.272+0000] {taskinstance.py:1380} INFO - Executing <Task(BashOperator): check_dbt_connection> on 2026-03-29 01:14:17.488986+00:00
[2026-03-29T01:14:20.277+0000] {standard_task_runner.py:57} INFO - Started process 711 to run task
[2026-03-29T01:14:20.280+0000] {standard_task_runner.py:84} INFO - Running: ['airflow', 'tasks', 'run', 'logistics_pipeline_v3', 'check_dbt_connection', 'manual__2026-03-29T01:14:17.488986+00:00', '--job-id', '3', '--raw', '--subdir', 'DAGS_FOLDER/smartflow_dag.py', '--cfg-path', '/tmp/tmp9k3dnsu5']
[2026-03-29T01:14:20.284+0000] {standard_task_runner.py:85} INFO - Job 3: Subtask check_dbt_connection
[2026-03-29T01:14:20.352+0000] {task_command.py:415} INFO - Running <TaskInstance: logistics_pipeline_v3.check_dbt_connection manual__2026-03-29T01:14:17.488986+00:00 [running]> on host 98eed5e96431
[2026-03-29T01:14:20.463+0000] {taskinstance.py:1660} INFO - Exporting env vars: AIRFLOW_CTX_DAG_OWNER='Rawan' AIRFLOW_CTX_DAG_ID='logistics_pipeline_v3' AIRFLOW_CTX_TASK_ID='check_dbt_connection' AIRFLOW_CTX_EXECUTION_DATE='2026-03-29T01:14:17.488986+00:00' AIRFLOW_CTX_TRY_NUMBER='1' AIRFLOW_CTX_DAG_RUN_ID='manual__2026-03-29T01:14:17.488986+00:00'
[2026-03-29T01:14:20.464+0000] {subprocess.py:63} INFO - Tmp dir root location: /tmp
[2026-03-29T01:14:20.465+0000] {subprocess.py:75} INFO - Running command: ['/bin/bash', '-c', 'cd /opt/airflow/dbt_project && dbt debug --profiles-dir . || echo "Ignore Git Error"']
[2026-03-29T01:14:20.478+0000] {subprocess.py:86} INFO - Output:
[2026-03-29T01:14:22.766+0000] {subprocess.py:93} INFO - [0m01:14:22  Running with dbt=1.8.0
[2026-03-29T01:14:22.775+0000] {subprocess.py:93} INFO - [0m01:14:22  dbt version: 1.8.0
[2026-03-29T01:14:22.776+0000] {subprocess.py:93} INFO - [0m01:14:22  python version: 3.8.18
[2026-03-29T01:14:22.776+0000] {subprocess.py:93} INFO - [0m01:14:22  python path: /usr/local/bin/python
[2026-03-29T01:14:22.777+0000] {subprocess.py:93} INFO - [0m01:14:22  os info: Linux-6.6.87.2-microsoft-standard-WSL2-x86_64-with-glibc2.2.5
[2026-03-29T01:14:22.853+0000] {subprocess.py:93} INFO - [0m01:14:22  Using profiles dir at .
[2026-03-29T01:14:22.853+0000] {subprocess.py:93} INFO - [0m01:14:22  Using profiles.yml file at ./profiles.yml
[2026-03-29T01:14:22.854+0000] {subprocess.py:93} INFO - [0m01:14:22  Using dbt_project.yml file at /opt/airflow/dbt_project/dbt_project.yml
[2026-03-29T01:14:22.854+0000] {subprocess.py:93} INFO - [0m01:14:22  adapter type: postgres
[2026-03-29T01:14:22.855+0000] {subprocess.py:93} INFO - [0m01:14:22  adapter version: 1.8.0
[2026-03-29T01:14:22.989+0000] {subprocess.py:93} INFO - [0m01:14:22  Configuration:
[2026-03-29T01:14:22.990+0000] {subprocess.py:93} INFO - [0m01:14:22    profiles.yml file [[32mOK found and valid[0m]
[2026-03-29T01:14:22.991+0000] {subprocess.py:93} INFO - [0m01:14:22    dbt_project.yml file [[32mOK found and valid[0m]
[2026-03-29T01:14:22.991+0000] {subprocess.py:93} INFO - [0m01:14:22  Required dependencies:
[2026-03-29T01:14:23.001+0000] {subprocess.py:93} INFO - [0m01:14:23   - git [[31mERROR[0m]
[2026-03-29T01:14:23.002+0000] {subprocess.py:93} INFO - 
[2026-03-29T01:14:23.002+0000] {subprocess.py:93} INFO - [0m01:14:23  Connection:
[2026-03-29T01:14:23.003+0000] {subprocess.py:93} INFO - [0m01:14:23    host: postgres
[2026-03-29T01:14:23.003+0000] {subprocess.py:93} INFO - [0m01:14:23    port: 5432
[2026-03-29T01:14:23.004+0000] {subprocess.py:93} INFO - [0m01:14:23    user: admin
[2026-03-29T01:14:23.004+0000] {subprocess.py:93} INFO - [0m01:14:23    database: logistics_db
[2026-03-29T01:14:23.005+0000] {subprocess.py:93} INFO - [0m01:14:23    schema: public
[2026-03-29T01:14:23.006+0000] {subprocess.py:93} INFO - [0m01:14:23    connect_timeout: 10
[2026-03-29T01:14:23.006+0000] {subprocess.py:93} INFO - [0m01:14:23    role: None
[2026-03-29T01:14:23.007+0000] {subprocess.py:93} INFO - [0m01:14:23    search_path: None
[2026-03-29T01:14:23.008+0000] {subprocess.py:93} INFO - [0m01:14:23    keepalives_idle: 0
[2026-03-29T01:14:23.008+0000] {subprocess.py:93} INFO - [0m01:14:23    sslmode: None
[2026-03-29T01:14:23.009+0000] {subprocess.py:93} INFO - [0m01:14:23    sslcert: None
[2026-03-29T01:14:23.009+0000] {subprocess.py:93} INFO - [0m01:14:23    sslkey: None
[2026-03-29T01:14:23.010+0000] {subprocess.py:93} INFO - [0m01:14:23    sslrootcert: None
[2026-03-29T01:14:23.010+0000] {subprocess.py:93} INFO - [0m01:14:23    application_name: dbt
[2026-03-29T01:14:23.011+0000] {subprocess.py:93} INFO - [0m01:14:23    retries: 1
[2026-03-29T01:14:23.012+0000] {subprocess.py:93} INFO - [0m01:14:23  Registered adapter: postgres=1.8.0
[2026-03-29T01:14:23.083+0000] {subprocess.py:93} INFO - [0m01:14:23    Connection test: [[32mOK connection ok[0m]
[2026-03-29T01:14:23.083+0000] {subprocess.py:93} INFO - 
[2026-03-29T01:14:23.084+0000] {subprocess.py:93} INFO - [0m01:14:23  [31m1 check failed:[0m
[2026-03-29T01:14:23.084+0000] {subprocess.py:93} INFO - [0m01:14:23  Error from git --help: User does not have permissions for this command: "git"
[2026-03-29T01:14:23.085+0000] {subprocess.py:93} INFO - 
[2026-03-29T01:14:24.157+0000] {subprocess.py:93} INFO - Ignore Git Error
[2026-03-29T01:14:24.161+0000] {subprocess.py:97} INFO - Command exited with return code 0
[2026-03-29T01:14:24.195+0000] {taskinstance.py:1398} INFO - Marking task as SUCCESS. dag_id=logistics_pipeline_v3, task_id=check_dbt_connection, execution_date=20260329T011417, start_date=20260329T011420, end_date=20260329T011424
[2026-03-29T01:14:24.238+0000] {local_task_job_runner.py:228} INFO - Task exited with return code 0
[2026-03-29T01:14:24.267+0000] {taskinstance.py:2776} INFO - 1 downstream tasks scheduled from follow-on schedule check
