[2026-03-28T05:24:16.382+0000] {taskinstance.py:1157} INFO - Dependencies all met for dep_context=non-requeueable deps ti=<TaskInstance: logistics_pipeline_v3.dbt_seed manual__2026-03-28T05:24:11.197376+00:00 [queued]>
[2026-03-28T05:24:16.398+0000] {taskinstance.py:1157} INFO - Dependencies all met for dep_context=requeueable deps ti=<TaskInstance: logistics_pipeline_v3.dbt_seed manual__2026-03-28T05:24:11.197376+00:00 [queued]>
[2026-03-28T05:24:16.398+0000] {taskinstance.py:1359} INFO - Starting attempt 1 of 2
[2026-03-28T05:24:16.425+0000] {taskinstance.py:1380} INFO - Executing <Task(BashOperator): dbt_seed> on 2026-03-28 05:24:11.197376+00:00
[2026-03-28T05:24:16.433+0000] {standard_task_runner.py:57} INFO - Started process 1300 to run task
[2026-03-28T05:24:16.438+0000] {standard_task_runner.py:84} INFO - Running: ['airflow', 'tasks', 'run', 'logistics_pipeline_v3', 'dbt_seed', 'manual__2026-03-28T05:24:11.197376+00:00', '--job-id', '33', '--raw', '--subdir', 'DAGS_FOLDER/smartflow_dag.py', '--cfg-path', '/tmp/tmp8_2e0zx8']
[2026-03-28T05:24:16.445+0000] {standard_task_runner.py:85} INFO - Job 33: Subtask dbt_seed
[2026-03-28T05:24:16.560+0000] {task_command.py:415} INFO - Running <TaskInstance: logistics_pipeline_v3.dbt_seed manual__2026-03-28T05:24:11.197376+00:00 [running]> on host 97e90436ed10
[2026-03-28T05:24:16.753+0000] {taskinstance.py:1660} INFO - Exporting env vars: AIRFLOW_CTX_DAG_OWNER='Rawan' AIRFLOW_CTX_DAG_ID='logistics_pipeline_v3' AIRFLOW_CTX_TASK_ID='dbt_seed' AIRFLOW_CTX_EXECUTION_DATE='2026-03-28T05:24:11.197376+00:00' AIRFLOW_CTX_TRY_NUMBER='1' AIRFLOW_CTX_DAG_RUN_ID='manual__2026-03-28T05:24:11.197376+00:00'
[2026-03-28T05:24:16.755+0000] {subprocess.py:63} INFO - Tmp dir root location: /tmp
[2026-03-28T05:24:16.757+0000] {subprocess.py:75} INFO - Running command: ['/bin/bash', '-c', 'cd /opt/airflow/dbt_project && dbt seed --profiles-dir .']
[2026-03-28T05:24:16.784+0000] {subprocess.py:86} INFO - Output:
[2026-03-28T05:24:19.747+0000] {subprocess.py:93} INFO - [0m05:24:19  Running with dbt=1.8.0
[2026-03-28T05:24:20.240+0000] {subprocess.py:93} INFO - [0m05:24:20  Registered adapter: postgres=1.8.0
[2026-03-28T05:24:20.719+0000] {subprocess.py:93} INFO - [0m05:24:20  Found 1 model, 3 data tests, 1 source, 423 macros
[2026-03-28T05:24:20.721+0000] {subprocess.py:93} INFO - [0m05:24:20
[2026-03-28T05:24:20.721+0000] {subprocess.py:93} INFO - [0m05:24:20  Nothing to do. Try checking your model configs and model specification args
[2026-03-28T05:24:20.756+0000] {subprocess.py:93} INFO - [0m05:24:20
[2026-03-28T05:24:20.756+0000] {subprocess.py:93} INFO - [0m05:24:20  [32mCompleted successfully[0m
[2026-03-28T05:24:20.757+0000] {subprocess.py:93} INFO - [0m05:24:20
[2026-03-28T05:24:20.758+0000] {subprocess.py:93} INFO - [0m05:24:20  Done. PASS=0 WARN=0 ERROR=0 SKIP=0 TOTAL=0
[2026-03-28T05:24:21.671+0000] {subprocess.py:97} INFO - Command exited with return code 0
[2026-03-28T05:24:21.705+0000] {taskinstance.py:1398} INFO - Marking task as SUCCESS. dag_id=logistics_pipeline_v3, task_id=dbt_seed, execution_date=20260328T052411, start_date=20260328T052416, end_date=20260328T052421
[2026-03-28T05:24:21.746+0000] {local_task_job_runner.py:228} INFO - Task exited with return code 0
[2026-03-28T05:24:21.774+0000] {taskinstance.py:2776} INFO - 1 downstream tasks scheduled from follow-on schedule check
