[2026-03-28T05:32:41.680+0000] {taskinstance.py:1157} INFO - Dependencies all met for dep_context=non-requeueable deps ti=<TaskInstance: logistics_pipeline_v3.dbt_seed manual__2026-03-28T05:32:36.655916+00:00 [queued]>
[2026-03-28T05:32:41.687+0000] {taskinstance.py:1157} INFO - Dependencies all met for dep_context=requeueable deps ti=<TaskInstance: logistics_pipeline_v3.dbt_seed manual__2026-03-28T05:32:36.655916+00:00 [queued]>
[2026-03-28T05:32:41.687+0000] {taskinstance.py:1359} INFO - Starting attempt 1 of 2
[2026-03-28T05:32:41.698+0000] {taskinstance.py:1380} INFO - Executing <Task(BashOperator): dbt_seed> on 2026-03-28 05:32:36.655916+00:00
[2026-03-28T05:32:41.703+0000] {standard_task_runner.py:57} INFO - Started process 1570 to run task
[2026-03-28T05:32:41.706+0000] {standard_task_runner.py:84} INFO - Running: ['airflow', 'tasks', 'run', 'logistics_pipeline_v3', 'dbt_seed', 'manual__2026-03-28T05:32:36.655916+00:00', '--job-id', '51', '--raw', '--subdir', 'DAGS_FOLDER/smartflow_dag.py', '--cfg-path', '/tmp/tmpp_zv8j_v']
[2026-03-28T05:32:41.708+0000] {standard_task_runner.py:85} INFO - Job 51: Subtask dbt_seed
[2026-03-28T05:32:41.770+0000] {task_command.py:415} INFO - Running <TaskInstance: logistics_pipeline_v3.dbt_seed manual__2026-03-28T05:32:36.655916+00:00 [running]> on host 97e90436ed10
[2026-03-28T05:32:41.862+0000] {taskinstance.py:1660} INFO - Exporting env vars: AIRFLOW_CTX_DAG_OWNER='Rawan' AIRFLOW_CTX_DAG_ID='logistics_pipeline_v3' AIRFLOW_CTX_TASK_ID='dbt_seed' AIRFLOW_CTX_EXECUTION_DATE='2026-03-28T05:32:36.655916+00:00' AIRFLOW_CTX_TRY_NUMBER='1' AIRFLOW_CTX_DAG_RUN_ID='manual__2026-03-28T05:32:36.655916+00:00'
[2026-03-28T05:32:41.864+0000] {subprocess.py:63} INFO - Tmp dir root location: /tmp
[2026-03-28T05:32:41.865+0000] {subprocess.py:75} INFO - Running command: ['/bin/bash', '-c', 'cd /opt/airflow/dbt_project && dbt seed --profiles-dir .']
[2026-03-28T05:32:41.873+0000] {subprocess.py:86} INFO - Output:
[2026-03-28T05:32:43.587+0000] {subprocess.py:93} INFO - [0m05:32:43  Running with dbt=1.8.0
[2026-03-28T05:32:44.051+0000] {subprocess.py:93} INFO - [0m05:32:44  Registered adapter: postgres=1.8.0
[2026-03-28T05:32:44.801+0000] {subprocess.py:93} INFO - [0m05:32:44  Found 1 model, 3 data tests, 1 source, 423 macros
[2026-03-28T05:32:44.804+0000] {subprocess.py:93} INFO - [0m05:32:44
[2026-03-28T05:32:44.807+0000] {subprocess.py:93} INFO - [0m05:32:44  Nothing to do. Try checking your model configs and model specification args
[2026-03-28T05:32:44.869+0000] {subprocess.py:93} INFO - [0m05:32:44
[2026-03-28T05:32:44.874+0000] {subprocess.py:93} INFO - [0m05:32:44  [32mCompleted successfully[0m
[2026-03-28T05:32:44.874+0000] {subprocess.py:93} INFO - [0m05:32:44
[2026-03-28T05:32:44.874+0000] {subprocess.py:93} INFO - [0m05:32:44  Done. PASS=0 WARN=0 ERROR=0 SKIP=0 TOTAL=0
[2026-03-28T05:32:46.013+0000] {subprocess.py:97} INFO - Command exited with return code 0
[2026-03-28T05:32:46.074+0000] {taskinstance.py:1398} INFO - Marking task as SUCCESS. dag_id=logistics_pipeline_v3, task_id=dbt_seed, execution_date=20260328T053236, start_date=20260328T053241, end_date=20260328T053246
[2026-03-28T05:32:46.133+0000] {local_task_job_runner.py:228} INFO - Task exited with return code 0
[2026-03-28T05:32:46.181+0000] {taskinstance.py:2776} INFO - 1 downstream tasks scheduled from follow-on schedule check
