[2026-03-28T03:06:53.874+0000] {taskinstance.py:1157} INFO - Dependencies all met for dep_context=non-requeueable deps ti=<TaskInstance: logistics_pipeline_v3.dbt_run manual__2026-03-28T03:06:40.097900+00:00 [queued]>
[2026-03-28T03:06:53.887+0000] {taskinstance.py:1157} INFO - Dependencies all met for dep_context=requeueable deps ti=<TaskInstance: logistics_pipeline_v3.dbt_run manual__2026-03-28T03:06:40.097900+00:00 [queued]>
[2026-03-28T03:06:53.887+0000] {taskinstance.py:1359} INFO - Starting attempt 1 of 2
[2026-03-28T03:06:53.904+0000] {taskinstance.py:1380} INFO - Executing <Task(BashOperator): dbt_run> on 2026-03-28 03:06:40.097900+00:00
[2026-03-28T03:06:53.912+0000] {standard_task_runner.py:57} INFO - Started process 1302 to run task
[2026-03-28T03:06:53.918+0000] {standard_task_runner.py:84} INFO - Running: ['airflow', 'tasks', 'run', 'logistics_pipeline_v3', 'dbt_run', 'manual__2026-03-28T03:06:40.097900+00:00', '--job-id', '63', '--raw', '--subdir', 'DAGS_FOLDER/smartflow_dag.py', '--cfg-path', '/tmp/tmph_9w1zop']
[2026-03-28T03:06:53.922+0000] {standard_task_runner.py:85} INFO - Job 63: Subtask dbt_run
[2026-03-28T03:06:54.011+0000] {task_command.py:415} INFO - Running <TaskInstance: logistics_pipeline_v3.dbt_run manual__2026-03-28T03:06:40.097900+00:00 [running]> on host 22aa927a5017
[2026-03-28T03:06:54.156+0000] {taskinstance.py:1660} INFO - Exporting env vars: AIRFLOW_CTX_DAG_OWNER='Rawan' AIRFLOW_CTX_DAG_ID='logistics_pipeline_v3' AIRFLOW_CTX_TASK_ID='dbt_run' AIRFLOW_CTX_EXECUTION_DATE='2026-03-28T03:06:40.097900+00:00' AIRFLOW_CTX_TRY_NUMBER='1' AIRFLOW_CTX_DAG_RUN_ID='manual__2026-03-28T03:06:40.097900+00:00'
[2026-03-28T03:06:54.159+0000] {subprocess.py:63} INFO - Tmp dir root location: /tmp
[2026-03-28T03:06:54.160+0000] {subprocess.py:75} INFO - Running command: ['/bin/bash', '-c', 'cd /opt/airflow/dbt_project && dbt run --profiles-dir .']
[2026-03-28T03:06:54.176+0000] {subprocess.py:86} INFO - Output:
[2026-03-28T03:06:57.069+0000] {subprocess.py:93} INFO - [0m03:06:57  Running with dbt=1.8.2
[2026-03-28T03:06:57.697+0000] {subprocess.py:93} INFO - [0m03:06:57  Registered adapter: postgres=1.8.2
[2026-03-28T03:06:58.738+0000] {subprocess.py:93} INFO - [0m03:06:58  Found 1 model, 3 data tests, 1 source, 423 macros
[2026-03-28T03:06:58.744+0000] {subprocess.py:93} INFO - [0m03:06:58
[2026-03-28T03:06:58.976+0000] {subprocess.py:93} INFO - [0m03:06:58  Concurrency: 4 threads (target='dev')
[2026-03-28T03:06:58.977+0000] {subprocess.py:93} INFO - [0m03:06:58
[2026-03-28T03:06:58.997+0000] {subprocess.py:93} INFO - [0m03:06:58  1 of 1 START sql table model public_analytics.courier_performance .............. [RUN]
[2026-03-28T03:06:59.374+0000] {subprocess.py:93} INFO - [0m03:06:59  1 of 1 OK created sql table model public_analytics.courier_performance ......... [[32mSELECT 3[0m in 0.37s]
[2026-03-28T03:06:59.413+0000] {subprocess.py:93} INFO - [0m03:06:59
[2026-03-28T03:06:59.414+0000] {subprocess.py:93} INFO - [0m03:06:59  Finished running 1 table model in 0 hours 0 minutes and 0.67 seconds (0.67s).
[2026-03-28T03:06:59.499+0000] {subprocess.py:93} INFO - [0m03:06:59
[2026-03-28T03:06:59.500+0000] {subprocess.py:93} INFO - [0m03:06:59  [32mCompleted successfully[0m
[2026-03-28T03:06:59.500+0000] {subprocess.py:93} INFO - [0m03:06:59
[2026-03-28T03:06:59.502+0000] {subprocess.py:93} INFO - [0m03:06:59  Done. PASS=1 WARN=0 ERROR=0 SKIP=0 TOTAL=1
[2026-03-28T03:07:01.136+0000] {subprocess.py:97} INFO - Command exited with return code 0
[2026-03-28T03:07:01.260+0000] {taskinstance.py:1398} INFO - Marking task as SUCCESS. dag_id=logistics_pipeline_v3, task_id=dbt_run, execution_date=20260328T030640, start_date=20260328T030653, end_date=20260328T030701
[2026-03-28T03:07:01.330+0000] {local_task_job_runner.py:228} INFO - Task exited with return code 0
[2026-03-28T03:07:01.399+0000] {taskinstance.py:2776} INFO - 1 downstream tasks scheduled from follow-on schedule check
