[2026-03-28T02:06:58.612+0000] {taskinstance.py:1157} INFO - Dependencies all met for dep_context=non-requeueable deps ti=<TaskInstance: logistics_pipeline_v3.check_dbt_connection manual__2026-03-28T02:06:57.234114+00:00 [queued]>
[2026-03-28T02:06:58.627+0000] {taskinstance.py:1157} INFO - Dependencies all met for dep_context=requeueable deps ti=<TaskInstance: logistics_pipeline_v3.check_dbt_connection manual__2026-03-28T02:06:57.234114+00:00 [queued]>
[2026-03-28T02:06:58.627+0000] {taskinstance.py:1359} INFO - Starting attempt 1 of 2
[2026-03-28T02:06:58.651+0000] {taskinstance.py:1380} INFO - Executing <Task(BashOperator): check_dbt_connection> on 2026-03-28 02:06:57.234114+00:00
[2026-03-28T02:06:58.659+0000] {standard_task_runner.py:57} INFO - Started process 403 to run task
[2026-03-28T02:06:58.664+0000] {standard_task_runner.py:84} INFO - Running: ['airflow', 'tasks', 'run', 'logistics_pipeline_v3', 'check_dbt_connection', 'manual__2026-03-28T02:06:57.234114+00:00', '--job-id', '34', '--raw', '--subdir', 'DAGS_FOLDER/smartflow_dag.py', '--cfg-path', '/tmp/tmphhj82bcc']
[2026-03-28T02:06:58.669+0000] {standard_task_runner.py:85} INFO - Job 34: Subtask check_dbt_connection
[2026-03-28T02:06:58.779+0000] {task_command.py:415} INFO - Running <TaskInstance: logistics_pipeline_v3.check_dbt_connection manual__2026-03-28T02:06:57.234114+00:00 [running]> on host 22aa927a5017
[2026-03-28T02:06:58.939+0000] {taskinstance.py:1660} INFO - Exporting env vars: AIRFLOW_CTX_DAG_OWNER='Rawan' AIRFLOW_CTX_DAG_ID='logistics_pipeline_v3' AIRFLOW_CTX_TASK_ID='check_dbt_connection' AIRFLOW_CTX_EXECUTION_DATE='2026-03-28T02:06:57.234114+00:00' AIRFLOW_CTX_TRY_NUMBER='1' AIRFLOW_CTX_DAG_RUN_ID='manual__2026-03-28T02:06:57.234114+00:00'
[2026-03-28T02:06:58.942+0000] {subprocess.py:63} INFO - Tmp dir root location: /tmp
[2026-03-28T02:06:58.944+0000] {subprocess.py:75} INFO - Running command: ['/bin/bash', '-c', 'cd /opt/airflow/dbt_project && dbt debug --profiles-dir . || echo "Ignore Git Error"']
[2026-03-28T02:06:58.959+0000] {subprocess.py:86} INFO - Output:
[2026-03-28T02:07:02.130+0000] {subprocess.py:93} INFO - [0m02:07:02  Running with dbt=1.8.2
[2026-03-28T02:07:02.144+0000] {subprocess.py:93} INFO - [0m02:07:02  dbt version: 1.8.2
[2026-03-28T02:07:02.144+0000] {subprocess.py:93} INFO - [0m02:07:02  python version: 3.8.18
[2026-03-28T02:07:02.149+0000] {subprocess.py:93} INFO - [0m02:07:02  python path: /usr/local/bin/python3
[2026-03-28T02:07:02.149+0000] {subprocess.py:93} INFO - [0m02:07:02  os info: Linux-6.6.87.2-microsoft-standard-WSL2-x86_64-with-glibc2.2.5
[2026-03-28T02:07:02.206+0000] {subprocess.py:93} INFO - [0m02:07:02  Using profiles dir at .
[2026-03-28T02:07:02.207+0000] {subprocess.py:93} INFO - [0m02:07:02  Using profiles.yml file at ./profiles.yml
[2026-03-28T02:07:02.207+0000] {subprocess.py:93} INFO - [0m02:07:02  Using dbt_project.yml file at /opt/airflow/dbt_project/dbt_project.yml
[2026-03-28T02:07:02.208+0000] {subprocess.py:93} INFO - [0m02:07:02  adapter type: postgres
[2026-03-28T02:07:02.208+0000] {subprocess.py:93} INFO - [0m02:07:02  adapter version: 1.8.2
[2026-03-28T02:07:02.378+0000] {subprocess.py:93} INFO - [0m02:07:02  Configuration:
[2026-03-28T02:07:02.381+0000] {subprocess.py:93} INFO - [0m02:07:02    profiles.yml file [[32mOK found and valid[0m]
[2026-03-28T02:07:02.381+0000] {subprocess.py:93} INFO - [0m02:07:02    dbt_project.yml file [[32mOK found and valid[0m]
[2026-03-28T02:07:02.381+0000] {subprocess.py:93} INFO - [0m02:07:02  Required dependencies:
[2026-03-28T02:07:02.390+0000] {subprocess.py:93} INFO - [0m02:07:02   - git [[31mERROR[0m]
[2026-03-28T02:07:02.391+0000] {subprocess.py:93} INFO - 
[2026-03-28T02:07:02.392+0000] {subprocess.py:93} INFO - [0m02:07:02  Connection:
[2026-03-28T02:07:02.395+0000] {subprocess.py:93} INFO - [0m02:07:02    host: postgres
[2026-03-28T02:07:02.397+0000] {subprocess.py:93} INFO - [0m02:07:02    port: 5432
[2026-03-28T02:07:02.397+0000] {subprocess.py:93} INFO - [0m02:07:02    user: admin
[2026-03-28T02:07:02.398+0000] {subprocess.py:93} INFO - [0m02:07:02    database: logistics_db
[2026-03-28T02:07:02.401+0000] {subprocess.py:93} INFO - [0m02:07:02    schema: public
[2026-03-28T02:07:02.402+0000] {subprocess.py:93} INFO - [0m02:07:02    connect_timeout: 10
[2026-03-28T02:07:02.402+0000] {subprocess.py:93} INFO - [0m02:07:02    role: None
[2026-03-28T02:07:02.402+0000] {subprocess.py:93} INFO - [0m02:07:02    search_path: None
[2026-03-28T02:07:02.402+0000] {subprocess.py:93} INFO - [0m02:07:02    keepalives_idle: 0
[2026-03-28T02:07:02.404+0000] {subprocess.py:93} INFO - [0m02:07:02    sslmode: None
[2026-03-28T02:07:02.404+0000] {subprocess.py:93} INFO - [0m02:07:02    sslcert: None
[2026-03-28T02:07:02.405+0000] {subprocess.py:93} INFO - [0m02:07:02    sslkey: None
[2026-03-28T02:07:02.406+0000] {subprocess.py:93} INFO - [0m02:07:02    sslrootcert: None
[2026-03-28T02:07:02.406+0000] {subprocess.py:93} INFO - [0m02:07:02    application_name: dbt
[2026-03-28T02:07:02.407+0000] {subprocess.py:93} INFO - [0m02:07:02    retries: 1
[2026-03-28T02:07:02.408+0000] {subprocess.py:93} INFO - [0m02:07:02  Registered adapter: postgres=1.8.2
[2026-03-28T02:07:02.501+0000] {subprocess.py:93} INFO - [0m02:07:02    Connection test: [[32mOK connection ok[0m]
[2026-03-28T02:07:02.501+0000] {subprocess.py:93} INFO - 
[2026-03-28T02:07:02.501+0000] {subprocess.py:93} INFO - [0m02:07:02  [31m1 check failed:[0m
[2026-03-28T02:07:02.502+0000] {subprocess.py:93} INFO - [0m02:07:02  Error from git --help: User does not have permissions for this command: "git"
[2026-03-28T02:07:02.502+0000] {subprocess.py:93} INFO - 
[2026-03-28T02:07:06.889+0000] {subprocess.py:93} INFO - Ignore Git Error
[2026-03-28T02:07:06.893+0000] {subprocess.py:97} INFO - Command exited with return code 0
[2026-03-28T02:07:06.920+0000] {taskinstance.py:1398} INFO - Marking task as SUCCESS. dag_id=logistics_pipeline_v3, task_id=check_dbt_connection, execution_date=20260328T020657, start_date=20260328T020658, end_date=20260328T020706
[2026-03-28T02:07:06.943+0000] {local_task_job_runner.py:228} INFO - Task exited with return code 0
[2026-03-28T02:07:06.966+0000] {taskinstance.py:2776} INFO - 1 downstream tasks scheduled from follow-on schedule check
