[2026-03-28T04:54:34.093+0000] {taskinstance.py:1157} INFO - Dependencies all met for dep_context=non-requeueable deps ti=<TaskInstance: logistics_pipeline_v3.dbt_seed manual__2026-03-28T04:49:31.166783+00:00 [queued]>
[2026-03-28T04:54:34.100+0000] {taskinstance.py:1157} INFO - Dependencies all met for dep_context=requeueable deps ti=<TaskInstance: logistics_pipeline_v3.dbt_seed manual__2026-03-28T04:49:31.166783+00:00 [queued]>
[2026-03-28T04:54:34.100+0000] {taskinstance.py:1359} INFO - Starting attempt 2 of 2
[2026-03-28T04:54:34.111+0000] {taskinstance.py:1380} INFO - Executing <Task(BashOperator): dbt_seed> on 2026-03-28 04:49:31.166783+00:00
[2026-03-28T04:54:34.115+0000] {standard_task_runner.py:57} INFO - Started process 727 to run task
[2026-03-28T04:54:34.118+0000] {standard_task_runner.py:84} INFO - Running: ['airflow', 'tasks', 'run', 'logistics_pipeline_v3', 'dbt_seed', 'manual__2026-03-28T04:49:31.166783+00:00', '--job-id', '7', '--raw', '--subdir', 'DAGS_FOLDER/smartflow_dag.py', '--cfg-path', '/tmp/tmp2b9ok6jd']
[2026-03-28T04:54:34.122+0000] {standard_task_runner.py:85} INFO - Job 7: Subtask dbt_seed
[2026-03-28T04:54:34.183+0000] {task_command.py:415} INFO - Running <TaskInstance: logistics_pipeline_v3.dbt_seed manual__2026-03-28T04:49:31.166783+00:00 [running]> on host 97e90436ed10
[2026-03-28T04:54:34.284+0000] {taskinstance.py:1660} INFO - Exporting env vars: AIRFLOW_CTX_DAG_OWNER='Rawan' AIRFLOW_CTX_DAG_ID='logistics_pipeline_v3' AIRFLOW_CTX_TASK_ID='dbt_seed' AIRFLOW_CTX_EXECUTION_DATE='2026-03-28T04:49:31.166783+00:00' AIRFLOW_CTX_TRY_NUMBER='2' AIRFLOW_CTX_DAG_RUN_ID='manual__2026-03-28T04:49:31.166783+00:00'
[2026-03-28T04:54:34.285+0000] {subprocess.py:63} INFO - Tmp dir root location: /tmp
[2026-03-28T04:54:34.286+0000] {subprocess.py:75} INFO - Running command: ['/bin/bash', '-c', 'cd /opt/airflow/dbt_project && dbt seed --profiles-dir .']
[2026-03-28T04:54:34.295+0000] {subprocess.py:86} INFO - Output:
[2026-03-28T04:54:37.460+0000] {subprocess.py:93} INFO - [0m04:54:37  Running with dbt=1.8.0
[2026-03-28T04:54:37.753+0000] {subprocess.py:93} INFO - [0m04:54:37  Registered adapter: postgres=1.8.0
[2026-03-28T04:54:37.925+0000] {subprocess.py:93} INFO - [0m04:54:37  Unable to do partial parsing because of a version mismatch
[2026-03-28T04:54:39.173+0000] {subprocess.py:93} INFO - [0m04:54:39  [[33mWARNING[0m]: Deprecated functionality
[2026-03-28T04:54:39.173+0000] {subprocess.py:93} INFO - The `tests` config has been renamed to `data_tests`. Please see
[2026-03-28T04:54:39.174+0000] {subprocess.py:93} INFO - https://docs.getdbt.com/docs/build/data-tests#new-data_tests-syntax for more
[2026-03-28T04:54:39.174+0000] {subprocess.py:93} INFO - information.
[2026-03-28T04:54:39.739+0000] {subprocess.py:93} INFO - [0m04:54:39  Found 1 model, 3 data tests, 1 source, 423 macros
[2026-03-28T04:54:39.741+0000] {subprocess.py:93} INFO - [0m04:54:39
[2026-03-28T04:54:39.741+0000] {subprocess.py:93} INFO - [0m04:54:39  Nothing to do. Try checking your model configs and model specification args
[2026-03-28T04:54:39.779+0000] {subprocess.py:93} INFO - [0m04:54:39
[2026-03-28T04:54:39.780+0000] {subprocess.py:93} INFO - [0m04:54:39  [32mCompleted successfully[0m
[2026-03-28T04:54:39.781+0000] {subprocess.py:93} INFO - [0m04:54:39
[2026-03-28T04:54:39.781+0000] {subprocess.py:93} INFO - [0m04:54:39  Done. PASS=0 WARN=0 ERROR=0 SKIP=0 TOTAL=0
[2026-03-28T04:54:40.879+0000] {subprocess.py:97} INFO - Command exited with return code 0
[2026-03-28T04:54:40.913+0000] {taskinstance.py:1398} INFO - Marking task as SUCCESS. dag_id=logistics_pipeline_v3, task_id=dbt_seed, execution_date=20260328T044931, start_date=20260328T045434, end_date=20260328T045440
[2026-03-28T04:54:40.946+0000] {local_task_job_runner.py:228} INFO - Task exited with return code 0
[2026-03-28T04:54:40.974+0000] {taskinstance.py:2776} INFO - 1 downstream tasks scheduled from follow-on schedule check
