[2026-03-28T05:32:47.477+0000] {taskinstance.py:1157} INFO - Dependencies all met for dep_context=non-requeueable deps ti=<TaskInstance: logistics_pipeline_v3.dbt_run manual__2026-03-28T05:32:36.655916+00:00 [queued]>
[2026-03-28T05:32:47.492+0000] {taskinstance.py:1157} INFO - Dependencies all met for dep_context=requeueable deps ti=<TaskInstance: logistics_pipeline_v3.dbt_run manual__2026-03-28T05:32:36.655916+00:00 [queued]>
[2026-03-28T05:32:47.492+0000] {taskinstance.py:1359} INFO - Starting attempt 1 of 2
[2026-03-28T05:32:47.514+0000] {taskinstance.py:1380} INFO - Executing <Task(BashOperator): dbt_run> on 2026-03-28 05:32:36.655916+00:00
[2026-03-28T05:32:47.522+0000] {standard_task_runner.py:57} INFO - Started process 1583 to run task
[2026-03-28T05:32:47.529+0000] {standard_task_runner.py:84} INFO - Running: ['airflow', 'tasks', 'run', 'logistics_pipeline_v3', 'dbt_run', 'manual__2026-03-28T05:32:36.655916+00:00', '--job-id', '52', '--raw', '--subdir', 'DAGS_FOLDER/smartflow_dag.py', '--cfg-path', '/tmp/tmp6lo19hdt']
[2026-03-28T05:32:47.533+0000] {standard_task_runner.py:85} INFO - Job 52: Subtask dbt_run
[2026-03-28T05:32:47.631+0000] {task_command.py:415} INFO - Running <TaskInstance: logistics_pipeline_v3.dbt_run manual__2026-03-28T05:32:36.655916+00:00 [running]> on host 97e90436ed10
[2026-03-28T05:32:47.813+0000] {taskinstance.py:1660} INFO - Exporting env vars: AIRFLOW_CTX_DAG_OWNER='Rawan' AIRFLOW_CTX_DAG_ID='logistics_pipeline_v3' AIRFLOW_CTX_TASK_ID='dbt_run' AIRFLOW_CTX_EXECUTION_DATE='2026-03-28T05:32:36.655916+00:00' AIRFLOW_CTX_TRY_NUMBER='1' AIRFLOW_CTX_DAG_RUN_ID='manual__2026-03-28T05:32:36.655916+00:00'
[2026-03-28T05:32:47.816+0000] {subprocess.py:63} INFO - Tmp dir root location: /tmp
[2026-03-28T05:32:47.819+0000] {subprocess.py:75} INFO - Running command: ['/bin/bash', '-c', 'cd /opt/airflow/dbt_project && dbt run --profiles-dir .']
[2026-03-28T05:32:47.835+0000] {subprocess.py:86} INFO - Output:
[2026-03-28T05:32:49.116+0000] {subprocess.py:93} INFO - [0m05:32:49  Running with dbt=1.8.0
[2026-03-28T05:32:49.558+0000] {subprocess.py:93} INFO - [0m05:32:49  Registered adapter: postgres=1.8.0
[2026-03-28T05:32:50.282+0000] {subprocess.py:93} INFO - [0m05:32:50  Found 1 model, 3 data tests, 1 source, 423 macros
[2026-03-28T05:32:50.286+0000] {subprocess.py:93} INFO - [0m05:32:50
[2026-03-28T05:32:50.520+0000] {subprocess.py:93} INFO - [0m05:32:50  Concurrency: 4 threads (target='dev')
[2026-03-28T05:32:50.523+0000] {subprocess.py:93} INFO - [0m05:32:50
[2026-03-28T05:32:50.543+0000] {subprocess.py:93} INFO - [0m05:32:50  1 of 1 START sql table model public_analytics.courier_performance .............. [RUN]
[2026-03-28T05:32:50.814+0000] {subprocess.py:93} INFO - [0m05:32:50  1 of 1 OK created sql table model public_analytics.courier_performance ......... [[32mSELECT 7[0m in 0.27s]
[2026-03-28T05:32:50.844+0000] {subprocess.py:93} INFO - [0m05:32:50
[2026-03-28T05:32:50.845+0000] {subprocess.py:93} INFO - [0m05:32:50  Finished running 1 table model in 0 hours 0 minutes and 0.56 seconds (0.56s).
[2026-03-28T05:32:50.911+0000] {subprocess.py:93} INFO - [0m05:32:50
[2026-03-28T05:32:50.912+0000] {subprocess.py:93} INFO - [0m05:32:50  [32mCompleted successfully[0m
[2026-03-28T05:32:50.917+0000] {subprocess.py:93} INFO - [0m05:32:50
[2026-03-28T05:32:50.918+0000] {subprocess.py:93} INFO - [0m05:32:50  Done. PASS=1 WARN=0 ERROR=0 SKIP=0 TOTAL=1
[2026-03-28T05:32:52.040+0000] {subprocess.py:97} INFO - Command exited with return code 0
[2026-03-28T05:32:52.104+0000] {taskinstance.py:1398} INFO - Marking task as SUCCESS. dag_id=logistics_pipeline_v3, task_id=dbt_run, execution_date=20260328T053236, start_date=20260328T053247, end_date=20260328T053252
[2026-03-28T05:32:52.346+0000] {local_task_job_runner.py:228} INFO - Task exited with return code 0
[2026-03-28T05:32:52.390+0000] {taskinstance.py:2776} INFO - 1 downstream tasks scheduled from follow-on schedule check
