[2026-03-29T01:14:25.059+0000] {taskinstance.py:1157} INFO - Dependencies all met for dep_context=non-requeueable deps ti=<TaskInstance: logistics_pipeline_v3.dbt_seed scheduled__2026-03-28T01:14:04.595024+00:00 [queued]>
[2026-03-29T01:14:25.069+0000] {taskinstance.py:1157} INFO - Dependencies all met for dep_context=requeueable deps ti=<TaskInstance: logistics_pipeline_v3.dbt_seed scheduled__2026-03-28T01:14:04.595024+00:00 [queued]>
[2026-03-29T01:14:25.069+0000] {taskinstance.py:1359} INFO - Starting attempt 1 of 2
[2026-03-29T01:14:25.085+0000] {taskinstance.py:1380} INFO - Executing <Task(BashOperator): dbt_seed> on 2026-03-28 01:14:04.595024+00:00
[2026-03-29T01:14:25.093+0000] {standard_task_runner.py:57} INFO - Started process 726 to run task
[2026-03-29T01:14:25.096+0000] {standard_task_runner.py:84} INFO - Running: ['airflow', 'tasks', 'run', 'logistics_pipeline_v3', 'dbt_seed', 'scheduled__2026-03-28T01:14:04.595024+00:00', '--job-id', '4', '--raw', '--subdir', 'DAGS_FOLDER/smartflow_dag.py', '--cfg-path', '/tmp/tmprqb4mfmx']
[2026-03-29T01:14:25.099+0000] {standard_task_runner.py:85} INFO - Job 4: Subtask dbt_seed
[2026-03-29T01:14:25.165+0000] {task_command.py:415} INFO - Running <TaskInstance: logistics_pipeline_v3.dbt_seed scheduled__2026-03-28T01:14:04.595024+00:00 [running]> on host 98eed5e96431
[2026-03-29T01:14:25.265+0000] {taskinstance.py:1660} INFO - Exporting env vars: AIRFLOW_CTX_DAG_OWNER='Rawan' AIRFLOW_CTX_DAG_ID='logistics_pipeline_v3' AIRFLOW_CTX_TASK_ID='dbt_seed' AIRFLOW_CTX_EXECUTION_DATE='2026-03-28T01:14:04.595024+00:00' AIRFLOW_CTX_TRY_NUMBER='1' AIRFLOW_CTX_DAG_RUN_ID='scheduled__2026-03-28T01:14:04.595024+00:00'
[2026-03-29T01:14:25.267+0000] {subprocess.py:63} INFO - Tmp dir root location: /tmp
[2026-03-29T01:14:25.268+0000] {subprocess.py:75} INFO - Running command: ['/bin/bash', '-c', 'cd /opt/airflow/dbt_project && dbt seed --profiles-dir .']
[2026-03-29T01:14:25.276+0000] {subprocess.py:86} INFO - Output:
[2026-03-29T01:14:27.375+0000] {subprocess.py:93} INFO - [0m01:14:27  Running with dbt=1.8.0
[2026-03-29T01:14:27.623+0000] {subprocess.py:93} INFO - [0m01:14:27  Registered adapter: postgres=1.8.0
[2026-03-29T01:14:28.122+0000] {subprocess.py:93} INFO - [0m01:14:28  Found 1 model, 3 data tests, 1 source, 423 macros
[2026-03-29T01:14:28.125+0000] {subprocess.py:93} INFO - [0m01:14:28
[2026-03-29T01:14:28.125+0000] {subprocess.py:93} INFO - [0m01:14:28  Nothing to do. Try checking your model configs and model specification args
[2026-03-29T01:14:28.167+0000] {subprocess.py:93} INFO - [0m01:14:28
[2026-03-29T01:14:28.168+0000] {subprocess.py:93} INFO - [0m01:14:28  [32mCompleted successfully[0m
[2026-03-29T01:14:28.168+0000] {subprocess.py:93} INFO - [0m01:14:28
[2026-03-29T01:14:28.169+0000] {subprocess.py:93} INFO - [0m01:14:28  Done. PASS=0 WARN=0 ERROR=0 SKIP=0 TOTAL=0
[2026-03-29T01:14:29.311+0000] {subprocess.py:97} INFO - Command exited with return code 0
[2026-03-29T01:14:29.342+0000] {taskinstance.py:1398} INFO - Marking task as SUCCESS. dag_id=logistics_pipeline_v3, task_id=dbt_seed, execution_date=20260328T011404, start_date=20260329T011425, end_date=20260329T011429
[2026-03-29T01:14:29.390+0000] {local_task_job_runner.py:228} INFO - Task exited with return code 0
[2026-03-29T01:14:29.416+0000] {taskinstance.py:2776} INFO - 1 downstream tasks scheduled from follow-on schedule check
