[2026-03-28T02:57:49.487+0000] {taskinstance.py:1157} INFO - Dependencies all met for dep_context=non-requeueable deps ti=<TaskInstance: logistics_pipeline_v3.check_dbt_connection manual__2026-03-28T02:57:47.736422+00:00 [queued]>
[2026-03-28T02:57:49.495+0000] {taskinstance.py:1157} INFO - Dependencies all met for dep_context=requeueable deps ti=<TaskInstance: logistics_pipeline_v3.check_dbt_connection manual__2026-03-28T02:57:47.736422+00:00 [queued]>
[2026-03-28T02:57:49.495+0000] {taskinstance.py:1359} INFO - Starting attempt 1 of 2
[2026-03-28T02:57:49.508+0000] {taskinstance.py:1380} INFO - Executing <Task(BashOperator): check_dbt_connection> on 2026-03-28 02:57:47.736422+00:00
[2026-03-28T02:57:49.513+0000] {standard_task_runner.py:57} INFO - Started process 1006 to run task
[2026-03-28T02:57:49.517+0000] {standard_task_runner.py:84} INFO - Running: ['airflow', 'tasks', 'run', 'logistics_pipeline_v3', 'check_dbt_connection', 'manual__2026-03-28T02:57:47.736422+00:00', '--job-id', '44', '--raw', '--subdir', 'DAGS_FOLDER/smartflow_dag.py', '--cfg-path', '/tmp/tmppddcsynr']
[2026-03-28T02:57:49.519+0000] {standard_task_runner.py:85} INFO - Job 44: Subtask check_dbt_connection
[2026-03-28T02:57:49.573+0000] {task_command.py:415} INFO - Running <TaskInstance: logistics_pipeline_v3.check_dbt_connection manual__2026-03-28T02:57:47.736422+00:00 [running]> on host 22aa927a5017
[2026-03-28T02:57:49.670+0000] {taskinstance.py:1660} INFO - Exporting env vars: AIRFLOW_CTX_DAG_OWNER='Rawan' AIRFLOW_CTX_DAG_ID='logistics_pipeline_v3' AIRFLOW_CTX_TASK_ID='check_dbt_connection' AIRFLOW_CTX_EXECUTION_DATE='2026-03-28T02:57:47.736422+00:00' AIRFLOW_CTX_TRY_NUMBER='1' AIRFLOW_CTX_DAG_RUN_ID='manual__2026-03-28T02:57:47.736422+00:00'
[2026-03-28T02:57:49.671+0000] {subprocess.py:63} INFO - Tmp dir root location: /tmp
[2026-03-28T02:57:49.672+0000] {subprocess.py:75} INFO - Running command: ['/bin/bash', '-c', 'cd /opt/airflow/dbt_project && dbt debug --profiles-dir . || echo "Ignore Git Error"']
[2026-03-28T02:57:49.681+0000] {subprocess.py:86} INFO - Output:
[2026-03-28T02:57:51.740+0000] {subprocess.py:93} INFO - [0m02:57:51  Encountered an error:
[2026-03-28T02:57:51.741+0000] {subprocess.py:93} INFO - [Errno 13] Permission denied: '/opt/airflow/dbt_project/logs/dbt.log'
[2026-03-28T02:57:51.743+0000] {subprocess.py:93} INFO - [0m02:57:51  Traceback (most recent call last):
[2026-03-28T02:57:51.744+0000] {subprocess.py:93} INFO -   File "/home/airflow/.local/lib/python3.8/site-packages/dbt/cli/requires.py", line 138, in wrapper
[2026-03-28T02:57:51.744+0000] {subprocess.py:93} INFO -     result, success = func(*args, **kwargs)
[2026-03-28T02:57:51.744+0000] {subprocess.py:93} INFO -   File "/home/airflow/.local/lib/python3.8/site-packages/dbt/cli/requires.py", line 77, in wrapper
[2026-03-28T02:57:51.744+0000] {subprocess.py:93} INFO -     setup_event_logger(flags=flags, callbacks=callbacks)
[2026-03-28T02:57:51.744+0000] {subprocess.py:93} INFO -   File "/home/airflow/.local/lib/python3.8/site-packages/dbt/events/logging.py", line 99, in setup_event_logger
[2026-03-28T02:57:51.744+0000] {subprocess.py:93} INFO -     add_logger_to_manager(
[2026-03-28T02:57:51.744+0000] {subprocess.py:93} INFO -   File "/home/airflow/.local/lib/python3.8/site-packages/dbt_common/events/event_manager_client.py", line 17, in add_logger_to_manager
[2026-03-28T02:57:51.744+0000] {subprocess.py:93} INFO -     _EVENT_MANAGER.add_logger(logger)
[2026-03-28T02:57:51.745+0000] {subprocess.py:93} INFO -   File "/home/airflow/.local/lib/python3.8/site-packages/dbt_common/events/event_manager.py", line 36, in add_logger
[2026-03-28T02:57:51.745+0000] {subprocess.py:93} INFO -     _JsonLogger(config) if config.line_format == LineFormat.Json else _TextLogger(config)
[2026-03-28T02:57:51.745+0000] {subprocess.py:93} INFO -   File "/home/airflow/.local/lib/python3.8/site-packages/dbt_common/events/logger.py", line 147, in __init__
[2026-03-28T02:57:51.745+0000] {subprocess.py:93} INFO -     super().__init__(config)
[2026-03-28T02:57:51.745+0000] {subprocess.py:93} INFO -   File "/home/airflow/.local/lib/python3.8/site-packages/dbt_common/events/logger.py", line 107, in __init__
[2026-03-28T02:57:51.745+0000] {subprocess.py:93} INFO -     file_handler = RotatingFileHandler(
[2026-03-28T02:57:51.745+0000] {subprocess.py:93} INFO -   File "/usr/local/lib/python3.8/logging/handlers.py", line 148, in __init__
[2026-03-28T02:57:51.745+0000] {subprocess.py:93} INFO -     BaseRotatingHandler.__init__(self, filename, mode, encoding, delay)
[2026-03-28T02:57:51.746+0000] {subprocess.py:93} INFO -   File "/usr/local/lib/python3.8/logging/handlers.py", line 55, in __init__
[2026-03-28T02:57:51.746+0000] {subprocess.py:93} INFO -     logging.FileHandler.__init__(self, filename, mode, encoding, delay)
[2026-03-28T02:57:51.746+0000] {subprocess.py:93} INFO -   File "/usr/local/lib/python3.8/logging/__init__.py", line 1147, in __init__
[2026-03-28T02:57:51.746+0000] {subprocess.py:93} INFO -     StreamHandler.__init__(self, self._open())
[2026-03-28T02:57:51.746+0000] {subprocess.py:93} INFO -   File "/usr/local/lib/python3.8/logging/__init__.py", line 1176, in _open
[2026-03-28T02:57:51.746+0000] {subprocess.py:93} INFO -     return open(self.baseFilename, self.mode, encoding=self.encoding)
[2026-03-28T02:57:51.746+0000] {subprocess.py:93} INFO - PermissionError: [Errno 13] Permission denied: '/opt/airflow/dbt_project/logs/dbt.log'
[2026-03-28T02:57:51.746+0000] {subprocess.py:93} INFO - 
[2026-03-28T02:57:51.891+0000] {subprocess.py:93} INFO - Ignore Git Error
[2026-03-28T02:57:51.892+0000] {subprocess.py:97} INFO - Command exited with return code 0
[2026-03-28T02:57:51.923+0000] {taskinstance.py:1398} INFO - Marking task as SUCCESS. dag_id=logistics_pipeline_v3, task_id=check_dbt_connection, execution_date=20260328T025747, start_date=20260328T025749, end_date=20260328T025751
[2026-03-28T02:57:51.958+0000] {local_task_job_runner.py:228} INFO - Task exited with return code 0
[2026-03-28T02:57:51.984+0000] {taskinstance.py:2776} INFO - 1 downstream tasks scheduled from follow-on schedule check
