[2026-03-28T05:07:12.451+0000] {taskinstance.py:1157} INFO - Dependencies all met for dep_context=non-requeueable deps ti=<TaskInstance: logistics_pipeline_v3.check_dbt_connection manual__2026-03-28T05:07:11.362807+00:00 [queued]>
[2026-03-28T05:07:12.462+0000] {taskinstance.py:1157} INFO - Dependencies all met for dep_context=requeueable deps ti=<TaskInstance: logistics_pipeline_v3.check_dbt_connection manual__2026-03-28T05:07:11.362807+00:00 [queued]>
[2026-03-28T05:07:12.462+0000] {taskinstance.py:1359} INFO - Starting attempt 1 of 2
[2026-03-28T05:07:12.478+0000] {taskinstance.py:1380} INFO - Executing <Task(BashOperator): check_dbt_connection> on 2026-03-28 05:07:11.362807+00:00
[2026-03-28T05:07:12.482+0000] {standard_task_runner.py:57} INFO - Started process 971 to run task
[2026-03-28T05:07:12.486+0000] {standard_task_runner.py:84} INFO - Running: ['airflow', 'tasks', 'run', 'logistics_pipeline_v3', 'check_dbt_connection', 'manual__2026-03-28T05:07:11.362807+00:00', '--job-id', '17', '--raw', '--subdir', 'DAGS_FOLDER/smartflow_dag.py', '--cfg-path', '/tmp/tmpafy2sz34']
[2026-03-28T05:07:12.490+0000] {standard_task_runner.py:85} INFO - Job 17: Subtask check_dbt_connection
[2026-03-28T05:07:12.555+0000] {task_command.py:415} INFO - Running <TaskInstance: logistics_pipeline_v3.check_dbt_connection manual__2026-03-28T05:07:11.362807+00:00 [running]> on host 97e90436ed10
[2026-03-28T05:07:12.651+0000] {taskinstance.py:1660} INFO - Exporting env vars: AIRFLOW_CTX_DAG_OWNER='Rawan' AIRFLOW_CTX_DAG_ID='logistics_pipeline_v3' AIRFLOW_CTX_TASK_ID='check_dbt_connection' AIRFLOW_CTX_EXECUTION_DATE='2026-03-28T05:07:11.362807+00:00' AIRFLOW_CTX_TRY_NUMBER='1' AIRFLOW_CTX_DAG_RUN_ID='manual__2026-03-28T05:07:11.362807+00:00'
[2026-03-28T05:07:12.653+0000] {subprocess.py:63} INFO - Tmp dir root location: /tmp
[2026-03-28T05:07:12.654+0000] {subprocess.py:75} INFO - Running command: ['/bin/bash', '-c', 'cd /opt/airflow/dbt_project && dbt debug --profiles-dir . || echo "Ignore Git Error"']
[2026-03-28T05:07:12.661+0000] {subprocess.py:86} INFO - Output:
[2026-03-28T05:07:14.406+0000] {subprocess.py:93} INFO - [0m05:07:14  Running with dbt=1.8.0
[2026-03-28T05:07:14.428+0000] {subprocess.py:93} INFO - [0m05:07:14  dbt version: 1.8.0
[2026-03-28T05:07:14.429+0000] {subprocess.py:93} INFO - [0m05:07:14  python version: 3.8.18
[2026-03-28T05:07:14.429+0000] {subprocess.py:93} INFO - [0m05:07:14  python path: /usr/local/bin/python3
[2026-03-28T05:07:14.430+0000] {subprocess.py:93} INFO - [0m05:07:14  os info: Linux-6.6.87.2-microsoft-standard-WSL2-x86_64-with-glibc2.2.5
[2026-03-28T05:07:14.485+0000] {subprocess.py:93} INFO - [0m05:07:14  Using profiles dir at .
[2026-03-28T05:07:14.485+0000] {subprocess.py:93} INFO - [0m05:07:14  Using profiles.yml file at ./profiles.yml
[2026-03-28T05:07:14.486+0000] {subprocess.py:93} INFO - [0m05:07:14  Using dbt_project.yml file at /opt/airflow/dbt_project/dbt_project.yml
[2026-03-28T05:07:14.486+0000] {subprocess.py:93} INFO - [0m05:07:14  adapter type: postgres
[2026-03-28T05:07:14.487+0000] {subprocess.py:93} INFO - [0m05:07:14  adapter version: 1.8.0
[2026-03-28T05:07:14.595+0000] {subprocess.py:93} INFO - [0m05:07:14  Configuration:
[2026-03-28T05:07:14.595+0000] {subprocess.py:93} INFO - [0m05:07:14    profiles.yml file [[32mOK found and valid[0m]
[2026-03-28T05:07:14.596+0000] {subprocess.py:93} INFO - [0m05:07:14    dbt_project.yml file [[32mOK found and valid[0m]
[2026-03-28T05:07:14.596+0000] {subprocess.py:93} INFO - [0m05:07:14  Required dependencies:
[2026-03-28T05:07:14.603+0000] {subprocess.py:93} INFO - [0m05:07:14   - git [[31mERROR[0m]
[2026-03-28T05:07:14.603+0000] {subprocess.py:93} INFO - 
[2026-03-28T05:07:14.604+0000] {subprocess.py:93} INFO - [0m05:07:14  Connection:
[2026-03-28T05:07:14.604+0000] {subprocess.py:93} INFO - [0m05:07:14    host: postgres
[2026-03-28T05:07:14.605+0000] {subprocess.py:93} INFO - [0m05:07:14    port: 5432
[2026-03-28T05:07:14.605+0000] {subprocess.py:93} INFO - [0m05:07:14    user: admin
[2026-03-28T05:07:14.606+0000] {subprocess.py:93} INFO - [0m05:07:14    database: logistics_db
[2026-03-28T05:07:14.607+0000] {subprocess.py:93} INFO - [0m05:07:14    schema: public
[2026-03-28T05:07:14.607+0000] {subprocess.py:93} INFO - [0m05:07:14    connect_timeout: 10
[2026-03-28T05:07:14.608+0000] {subprocess.py:93} INFO - [0m05:07:14    role: None
[2026-03-28T05:07:14.608+0000] {subprocess.py:93} INFO - [0m05:07:14    search_path: None
[2026-03-28T05:07:14.609+0000] {subprocess.py:93} INFO - [0m05:07:14    keepalives_idle: 0
[2026-03-28T05:07:14.609+0000] {subprocess.py:93} INFO - [0m05:07:14    sslmode: None
[2026-03-28T05:07:14.610+0000] {subprocess.py:93} INFO - [0m05:07:14    sslcert: None
[2026-03-28T05:07:14.611+0000] {subprocess.py:93} INFO - [0m05:07:14    sslkey: None
[2026-03-28T05:07:14.611+0000] {subprocess.py:93} INFO - [0m05:07:14    sslrootcert: None
[2026-03-28T05:07:14.612+0000] {subprocess.py:93} INFO - [0m05:07:14    application_name: dbt
[2026-03-28T05:07:14.612+0000] {subprocess.py:93} INFO - [0m05:07:14    retries: 1
[2026-03-28T05:07:14.613+0000] {subprocess.py:93} INFO - [0m05:07:14  Registered adapter: postgres=1.8.0
[2026-03-28T05:07:14.678+0000] {subprocess.py:93} INFO - [0m05:07:14    Connection test: [[32mOK connection ok[0m]
[2026-03-28T05:07:14.679+0000] {subprocess.py:93} INFO - 
[2026-03-28T05:07:14.679+0000] {subprocess.py:93} INFO - [0m05:07:14  [31m1 check failed:[0m
[2026-03-28T05:07:14.680+0000] {subprocess.py:93} INFO - [0m05:07:14  Error from git --help: User does not have permissions for this command: "git"
[2026-03-28T05:07:14.680+0000] {subprocess.py:93} INFO - 
[2026-03-28T05:07:16.112+0000] {subprocess.py:93} INFO - Ignore Git Error
[2026-03-28T05:07:16.115+0000] {subprocess.py:97} INFO - Command exited with return code 0
[2026-03-28T05:07:16.160+0000] {taskinstance.py:1398} INFO - Marking task as SUCCESS. dag_id=logistics_pipeline_v3, task_id=check_dbt_connection, execution_date=20260328T050711, start_date=20260328T050712, end_date=20260328T050716
[2026-03-28T05:07:16.179+0000] {local_task_job_runner.py:228} INFO - Task exited with return code 0
[2026-03-28T05:07:16.226+0000] {taskinstance.py:2776} INFO - 1 downstream tasks scheduled from follow-on schedule check
