[2026-03-29T01:31:10.456+0000] {taskinstance.py:1157} INFO - Dependencies all met for dep_context=non-requeueable deps ti=<TaskInstance: logistics_pipeline_v3.dbt_run manual__2026-03-29T01:25:38.678482+00:00 [queued]>
[2026-03-29T01:31:10.476+0000] {taskinstance.py:1157} INFO - Dependencies all met for dep_context=requeueable deps ti=<TaskInstance: logistics_pipeline_v3.dbt_run manual__2026-03-29T01:25:38.678482+00:00 [queued]>
[2026-03-29T01:31:10.476+0000] {taskinstance.py:1359} INFO - Starting attempt 2 of 2
[2026-03-29T01:31:10.512+0000] {taskinstance.py:1380} INFO - Executing <Task(BashOperator): dbt_run> on 2026-03-29 01:25:38.678482+00:00
[2026-03-29T01:31:10.522+0000] {standard_task_runner.py:57} INFO - Started process 1253 to run task
[2026-03-29T01:31:10.530+0000] {standard_task_runner.py:84} INFO - Running: ['airflow', 'tasks', 'run', 'logistics_pipeline_v3', 'dbt_run', 'manual__2026-03-29T01:25:38.678482+00:00', '--job-id', '39', '--raw', '--subdir', 'DAGS_FOLDER/smartflow_dag.py', '--cfg-path', '/tmp/tmpwcde1ryu']
[2026-03-29T01:31:10.535+0000] {standard_task_runner.py:85} INFO - Job 39: Subtask dbt_run
[2026-03-29T01:31:10.670+0000] {task_command.py:415} INFO - Running <TaskInstance: logistics_pipeline_v3.dbt_run manual__2026-03-29T01:25:38.678482+00:00 [running]> on host 98eed5e96431
[2026-03-29T01:31:10.875+0000] {taskinstance.py:1660} INFO - Exporting env vars: AIRFLOW_CTX_DAG_OWNER='Rawan' AIRFLOW_CTX_DAG_ID='logistics_pipeline_v3' AIRFLOW_CTX_TASK_ID='dbt_run' AIRFLOW_CTX_EXECUTION_DATE='2026-03-29T01:25:38.678482+00:00' AIRFLOW_CTX_TRY_NUMBER='2' AIRFLOW_CTX_DAG_RUN_ID='manual__2026-03-29T01:25:38.678482+00:00'
[2026-03-29T01:31:10.879+0000] {subprocess.py:63} INFO - Tmp dir root location: /tmp
[2026-03-29T01:31:10.881+0000] {subprocess.py:75} INFO - Running command: ['/bin/bash', '-c', 'cd /opt/airflow/dbt_project && dbt run --profiles-dir .']
[2026-03-29T01:31:10.906+0000] {subprocess.py:86} INFO - Output:
[2026-03-29T01:31:16.407+0000] {subprocess.py:93} INFO - [0m01:31:16  Running with dbt=1.8.0
[2026-03-29T01:31:17.221+0000] {subprocess.py:93} INFO - [0m01:31:17  Registered adapter: postgres=1.8.0
[2026-03-29T01:31:18.742+0000] {subprocess.py:93} INFO - [0m01:31:18  Found 1 model, 3 data tests, 1 source, 423 macros
[2026-03-29T01:31:18.751+0000] {subprocess.py:93} INFO - [0m01:31:18
[2026-03-29T01:31:19.138+0000] {subprocess.py:93} INFO - [0m01:31:19  Concurrency: 4 threads (target='dev')
[2026-03-29T01:31:19.141+0000] {subprocess.py:93} INFO - [0m01:31:19
[2026-03-29T01:31:19.181+0000] {subprocess.py:93} INFO - [0m01:31:19  1 of 1 START sql table model public_analytics.courier_performance .............. [RUN]
[2026-03-29T01:31:19.666+0000] {subprocess.py:93} INFO - [0m01:31:19  1 of 1 OK created sql table model public_analytics.courier_performance ......... [[32mSELECT 8[0m in 0.47s]
[2026-03-29T01:31:19.748+0000] {subprocess.py:93} INFO - [0m01:31:19
[2026-03-29T01:31:19.748+0000] {subprocess.py:93} INFO - [0m01:31:19  Finished running 1 table model in 0 hours 0 minutes and 0.99 seconds (0.99s).
[2026-03-29T01:31:20.029+0000] {subprocess.py:93} INFO - [0m01:31:20
[2026-03-29T01:31:20.032+0000] {subprocess.py:93} INFO - [0m01:31:20  [32mCompleted successfully[0m
[2026-03-29T01:31:20.034+0000] {subprocess.py:93} INFO - [0m01:31:20
[2026-03-29T01:31:20.040+0000] {subprocess.py:93} INFO - [0m01:31:20  Done. PASS=1 WARN=0 ERROR=0 SKIP=0 TOTAL=1
[2026-03-29T01:31:19.551+0000] {subprocess.py:97} INFO - Command exited with return code 0
[2026-03-29T01:31:19.654+0000] {taskinstance.py:1398} INFO - Marking task as SUCCESS. dag_id=logistics_pipeline_v3, task_id=dbt_run, execution_date=20260329T012538, start_date=20260329T013110, end_date=20260329T013119
[2026-03-29T01:31:19.728+0000] {local_task_job_runner.py:228} INFO - Task exited with return code 0
[2026-03-29T01:31:19.788+0000] {taskinstance.py:2776} INFO - 1 downstream tasks scheduled from follow-on schedule check
