[2026-03-29T01:22:24.203+0000] {taskinstance.py:1157} INFO - Dependencies all met for dep_context=non-requeueable deps ti=<TaskInstance: logistics_pipeline_v3.dbt_seed manual__2026-03-29T01:22:18.673919+00:00 [queued]>
[2026-03-29T01:22:24.210+0000] {taskinstance.py:1157} INFO - Dependencies all met for dep_context=requeueable deps ti=<TaskInstance: logistics_pipeline_v3.dbt_seed manual__2026-03-29T01:22:18.673919+00:00 [queued]>
[2026-03-29T01:22:24.210+0000] {taskinstance.py:1359} INFO - Starting attempt 1 of 2
[2026-03-29T01:22:24.221+0000] {taskinstance.py:1380} INFO - Executing <Task(BashOperator): dbt_seed> on 2026-03-29 01:22:18.673919+00:00
[2026-03-29T01:22:24.225+0000] {standard_task_runner.py:57} INFO - Started process 891 to run task
[2026-03-29T01:22:24.229+0000] {standard_task_runner.py:84} INFO - Running: ['airflow', 'tasks', 'run', 'logistics_pipeline_v3', 'dbt_seed', 'manual__2026-03-29T01:22:18.673919+00:00', '--job-id', '12', '--raw', '--subdir', 'DAGS_FOLDER/smartflow_dag.py', '--cfg-path', '/tmp/tmpfym1ndmv']
[2026-03-29T01:22:24.231+0000] {standard_task_runner.py:85} INFO - Job 12: Subtask dbt_seed
[2026-03-29T01:22:24.292+0000] {task_command.py:415} INFO - Running <TaskInstance: logistics_pipeline_v3.dbt_seed manual__2026-03-29T01:22:18.673919+00:00 [running]> on host 98eed5e96431
[2026-03-29T01:22:24.386+0000] {taskinstance.py:1660} INFO - Exporting env vars: AIRFLOW_CTX_DAG_OWNER='Rawan' AIRFLOW_CTX_DAG_ID='logistics_pipeline_v3' AIRFLOW_CTX_TASK_ID='dbt_seed' AIRFLOW_CTX_EXECUTION_DATE='2026-03-29T01:22:18.673919+00:00' AIRFLOW_CTX_TRY_NUMBER='1' AIRFLOW_CTX_DAG_RUN_ID='manual__2026-03-29T01:22:18.673919+00:00'
[2026-03-29T01:22:24.388+0000] {subprocess.py:63} INFO - Tmp dir root location: /tmp
[2026-03-29T01:22:24.389+0000] {subprocess.py:75} INFO - Running command: ['/bin/bash', '-c', 'cd /opt/airflow/dbt_project && dbt seed --profiles-dir .']
[2026-03-29T01:22:24.397+0000] {subprocess.py:86} INFO - Output:
[2026-03-29T01:22:26.178+0000] {subprocess.py:93} INFO - [0m01:22:26  Running with dbt=1.8.0
[2026-03-29T01:22:26.426+0000] {subprocess.py:93} INFO - [0m01:22:26  Registered adapter: postgres=1.8.0
[2026-03-29T01:22:26.939+0000] {subprocess.py:93} INFO - [0m01:22:26  [[33mWARNING[0m]: Deprecated functionality
[2026-03-29T01:22:26.940+0000] {subprocess.py:93} INFO - The `tests` config has been renamed to `data_tests`. Please see
[2026-03-29T01:22:26.940+0000] {subprocess.py:93} INFO - https://docs.getdbt.com/docs/build/data-tests#new-data_tests-syntax for more
[2026-03-29T01:22:26.940+0000] {subprocess.py:93} INFO - information.
[2026-03-29T01:22:27.300+0000] {subprocess.py:93} INFO - [0m01:22:27  Found 1 model, 3 data tests, 1 source, 423 macros
[2026-03-29T01:22:27.302+0000] {subprocess.py:93} INFO - [0m01:22:27
[2026-03-29T01:22:27.302+0000] {subprocess.py:93} INFO - [0m01:22:27  Nothing to do. Try checking your model configs and model specification args
[2026-03-29T01:22:27.387+0000] {subprocess.py:93} INFO - [0m01:22:27
[2026-03-29T01:22:27.388+0000] {subprocess.py:93} INFO - [0m01:22:27  [32mCompleted successfully[0m
[2026-03-29T01:22:27.389+0000] {subprocess.py:93} INFO - [0m01:22:27
[2026-03-29T01:22:27.389+0000] {subprocess.py:93} INFO - [0m01:22:27  Done. PASS=0 WARN=0 ERROR=0 SKIP=0 TOTAL=0
[2026-03-29T01:22:28.646+0000] {subprocess.py:97} INFO - Command exited with return code 0
[2026-03-29T01:22:28.706+0000] {taskinstance.py:1398} INFO - Marking task as SUCCESS. dag_id=logistics_pipeline_v3, task_id=dbt_seed, execution_date=20260329T012218, start_date=20260329T012224, end_date=20260329T012228
[2026-03-29T01:22:28.772+0000] {local_task_job_runner.py:228} INFO - Task exited with return code 0
[2026-03-29T01:22:28.817+0000] {taskinstance.py:2776} INFO - 1 downstream tasks scheduled from follow-on schedule check
