[2026-03-28T05:27:18.341+0000] {taskinstance.py:1157} INFO - Dependencies all met for dep_context=non-requeueable deps ti=<TaskInstance: logistics_pipeline_v3.check_dbt_connection manual__2026-03-28T05:27:16.439358+00:00 [queued]>
[2026-03-28T05:27:18.358+0000] {taskinstance.py:1157} INFO - Dependencies all met for dep_context=requeueable deps ti=<TaskInstance: logistics_pipeline_v3.check_dbt_connection manual__2026-03-28T05:27:16.439358+00:00 [queued]>
[2026-03-28T05:27:18.359+0000] {taskinstance.py:1359} INFO - Starting attempt 1 of 2
[2026-03-28T05:27:18.380+0000] {taskinstance.py:1380} INFO - Executing <Task(BashOperator): check_dbt_connection> on 2026-03-28 05:27:16.439358+00:00
[2026-03-28T05:27:18.388+0000] {standard_task_runner.py:57} INFO - Started process 1372 to run task
[2026-03-28T05:27:18.393+0000] {standard_task_runner.py:84} INFO - Running: ['airflow', 'tasks', 'run', 'logistics_pipeline_v3', 'check_dbt_connection', 'manual__2026-03-28T05:27:16.439358+00:00', '--job-id', '37', '--raw', '--subdir', 'DAGS_FOLDER/smartflow_dag.py', '--cfg-path', '/tmp/tmp_o7s3130']
[2026-03-28T05:27:18.400+0000] {standard_task_runner.py:85} INFO - Job 37: Subtask check_dbt_connection
[2026-03-28T05:27:18.500+0000] {task_command.py:415} INFO - Running <TaskInstance: logistics_pipeline_v3.check_dbt_connection manual__2026-03-28T05:27:16.439358+00:00 [running]> on host 97e90436ed10
[2026-03-28T05:27:18.641+0000] {taskinstance.py:1660} INFO - Exporting env vars: AIRFLOW_CTX_DAG_OWNER='Rawan' AIRFLOW_CTX_DAG_ID='logistics_pipeline_v3' AIRFLOW_CTX_TASK_ID='check_dbt_connection' AIRFLOW_CTX_EXECUTION_DATE='2026-03-28T05:27:16.439358+00:00' AIRFLOW_CTX_TRY_NUMBER='1' AIRFLOW_CTX_DAG_RUN_ID='manual__2026-03-28T05:27:16.439358+00:00'
[2026-03-28T05:27:18.642+0000] {subprocess.py:63} INFO - Tmp dir root location: /tmp
[2026-03-28T05:27:18.644+0000] {subprocess.py:75} INFO - Running command: ['/bin/bash', '-c', 'cd /opt/airflow/dbt_project && dbt debug --profiles-dir . || echo "Ignore Git Error"']
[2026-03-28T05:27:18.656+0000] {subprocess.py:86} INFO - Output:
[2026-03-28T05:27:21.447+0000] {subprocess.py:93} INFO - [0m05:27:21  Running with dbt=1.8.0
[2026-03-28T05:27:21.461+0000] {subprocess.py:93} INFO - [0m05:27:21  dbt version: 1.8.0
[2026-03-28T05:27:21.462+0000] {subprocess.py:93} INFO - [0m05:27:21  python version: 3.8.18
[2026-03-28T05:27:21.462+0000] {subprocess.py:93} INFO - [0m05:27:21  python path: /usr/local/bin/python3
[2026-03-28T05:27:21.464+0000] {subprocess.py:93} INFO - [0m05:27:21  os info: Linux-6.6.87.2-microsoft-standard-WSL2-x86_64-with-glibc2.2.5
[2026-03-28T05:27:21.564+0000] {subprocess.py:93} INFO - [0m05:27:21  Using profiles dir at .
[2026-03-28T05:27:21.566+0000] {subprocess.py:93} INFO - [0m05:27:21  Using profiles.yml file at ./profiles.yml
[2026-03-28T05:27:21.566+0000] {subprocess.py:93} INFO - [0m05:27:21  Using dbt_project.yml file at /opt/airflow/dbt_project/dbt_project.yml
[2026-03-28T05:27:21.569+0000] {subprocess.py:93} INFO - [0m05:27:21  adapter type: postgres
[2026-03-28T05:27:21.569+0000] {subprocess.py:93} INFO - [0m05:27:21  adapter version: 1.8.0
[2026-03-28T05:27:21.780+0000] {subprocess.py:93} INFO - [0m05:27:21  Configuration:
[2026-03-28T05:27:21.781+0000] {subprocess.py:93} INFO - [0m05:27:21    profiles.yml file [[32mOK found and valid[0m]
[2026-03-28T05:27:21.781+0000] {subprocess.py:93} INFO - [0m05:27:21    dbt_project.yml file [[32mOK found and valid[0m]
[2026-03-28T05:27:21.782+0000] {subprocess.py:93} INFO - [0m05:27:21  Required dependencies:
[2026-03-28T05:27:21.797+0000] {subprocess.py:93} INFO - [0m05:27:21   - git [[31mERROR[0m]
[2026-03-28T05:27:21.797+0000] {subprocess.py:93} INFO - 
[2026-03-28T05:27:21.797+0000] {subprocess.py:93} INFO - [0m05:27:21  Connection:
[2026-03-28T05:27:21.798+0000] {subprocess.py:93} INFO - [0m05:27:21    host: postgres
[2026-03-28T05:27:21.799+0000] {subprocess.py:93} INFO - [0m05:27:21    port: 5432
[2026-03-28T05:27:21.800+0000] {subprocess.py:93} INFO - [0m05:27:21    user: admin
[2026-03-28T05:27:21.802+0000] {subprocess.py:93} INFO - [0m05:27:21    database: logistics_db
[2026-03-28T05:27:21.806+0000] {subprocess.py:93} INFO - [0m05:27:21    schema: public
[2026-03-28T05:27:21.807+0000] {subprocess.py:93} INFO - [0m05:27:21    connect_timeout: 10
[2026-03-28T05:27:21.807+0000] {subprocess.py:93} INFO - [0m05:27:21    role: None
[2026-03-28T05:27:21.807+0000] {subprocess.py:93} INFO - [0m05:27:21    search_path: None
[2026-03-28T05:27:21.807+0000] {subprocess.py:93} INFO - [0m05:27:21    keepalives_idle: 0
[2026-03-28T05:27:21.808+0000] {subprocess.py:93} INFO - [0m05:27:21    sslmode: None
[2026-03-28T05:27:21.808+0000] {subprocess.py:93} INFO - [0m05:27:21    sslcert: None
[2026-03-28T05:27:21.808+0000] {subprocess.py:93} INFO - [0m05:27:21    sslkey: None
[2026-03-28T05:27:21.813+0000] {subprocess.py:93} INFO - [0m05:27:21    sslrootcert: None
[2026-03-28T05:27:21.813+0000] {subprocess.py:93} INFO - [0m05:27:21    application_name: dbt
[2026-03-28T05:27:21.814+0000] {subprocess.py:93} INFO - [0m05:27:21    retries: 1
[2026-03-28T05:27:21.814+0000] {subprocess.py:93} INFO - [0m05:27:21  Registered adapter: postgres=1.8.0
[2026-03-28T05:27:21.906+0000] {subprocess.py:93} INFO - [0m05:27:21    Connection test: [[32mOK connection ok[0m]
[2026-03-28T05:27:21.907+0000] {subprocess.py:93} INFO - 
[2026-03-28T05:27:21.908+0000] {subprocess.py:93} INFO - [0m05:27:21  [31m1 check failed:[0m
[2026-03-28T05:27:21.909+0000] {subprocess.py:93} INFO - [0m05:27:21  Error from git --help: User does not have permissions for this command: "git"
[2026-03-28T05:27:21.910+0000] {subprocess.py:93} INFO - 
[2026-03-28T05:27:22.808+0000] {subprocess.py:93} INFO - Ignore Git Error
[2026-03-28T05:27:22.814+0000] {subprocess.py:97} INFO - Command exited with return code 0
[2026-03-28T05:27:22.847+0000] {taskinstance.py:1398} INFO - Marking task as SUCCESS. dag_id=logistics_pipeline_v3, task_id=check_dbt_connection, execution_date=20260328T052716, start_date=20260328T052718, end_date=20260328T052722
[2026-03-28T05:27:22.879+0000] {local_task_job_runner.py:228} INFO - Task exited with return code 0
[2026-03-28T05:27:22.909+0000] {taskinstance.py:2776} INFO - 1 downstream tasks scheduled from follow-on schedule check
