[2026-03-28T05:22:02.462+0000] {taskinstance.py:1157} INFO - Dependencies all met for dep_context=non-requeueable deps ti=<TaskInstance: logistics_pipeline_v3.dbt_seed manual__2026-03-28T05:21:58.002272+00:00 [queued]>
[2026-03-28T05:22:02.469+0000] {taskinstance.py:1157} INFO - Dependencies all met for dep_context=requeueable deps ti=<TaskInstance: logistics_pipeline_v3.dbt_seed manual__2026-03-28T05:21:58.002272+00:00 [queued]>
[2026-03-28T05:22:02.470+0000] {taskinstance.py:1359} INFO - Starting attempt 1 of 2
[2026-03-28T05:22:02.480+0000] {taskinstance.py:1380} INFO - Executing <Task(BashOperator): dbt_seed> on 2026-03-28 05:21:58.002272+00:00
[2026-03-28T05:22:02.484+0000] {standard_task_runner.py:57} INFO - Started process 1249 to run task
[2026-03-28T05:22:02.487+0000] {standard_task_runner.py:84} INFO - Running: ['airflow', 'tasks', 'run', 'logistics_pipeline_v3', 'dbt_seed', 'manual__2026-03-28T05:21:58.002272+00:00', '--job-id', '30', '--raw', '--subdir', 'DAGS_FOLDER/smartflow_dag.py', '--cfg-path', '/tmp/tmpf779c0xa']
[2026-03-28T05:22:02.489+0000] {standard_task_runner.py:85} INFO - Job 30: Subtask dbt_seed
[2026-03-28T05:22:02.543+0000] {task_command.py:415} INFO - Running <TaskInstance: logistics_pipeline_v3.dbt_seed manual__2026-03-28T05:21:58.002272+00:00 [running]> on host 97e90436ed10
[2026-03-28T05:22:02.632+0000] {taskinstance.py:1660} INFO - Exporting env vars: AIRFLOW_CTX_DAG_OWNER='Rawan' AIRFLOW_CTX_DAG_ID='logistics_pipeline_v3' AIRFLOW_CTX_TASK_ID='dbt_seed' AIRFLOW_CTX_EXECUTION_DATE='2026-03-28T05:21:58.002272+00:00' AIRFLOW_CTX_TRY_NUMBER='1' AIRFLOW_CTX_DAG_RUN_ID='manual__2026-03-28T05:21:58.002272+00:00'
[2026-03-28T05:22:02.633+0000] {subprocess.py:63} INFO - Tmp dir root location: /tmp
[2026-03-28T05:22:02.634+0000] {subprocess.py:75} INFO - Running command: ['/bin/bash', '-c', 'cd /opt/airflow/dbt_project && dbt seed --profiles-dir .']
[2026-03-28T05:22:02.641+0000] {subprocess.py:86} INFO - Output:
[2026-03-28T05:22:04.078+0000] {subprocess.py:93} INFO - [0m05:22:04  Running with dbt=1.8.0
[2026-03-28T05:22:04.328+0000] {subprocess.py:93} INFO - [0m05:22:04  Registered adapter: postgres=1.8.0
[2026-03-28T05:22:04.719+0000] {subprocess.py:93} INFO - [0m05:22:04  Found 1 model, 3 data tests, 1 source, 423 macros
[2026-03-28T05:22:04.721+0000] {subprocess.py:93} INFO - [0m05:22:04
[2026-03-28T05:22:04.722+0000] {subprocess.py:93} INFO - [0m05:22:04  Nothing to do. Try checking your model configs and model specification args
[2026-03-28T05:22:04.756+0000] {subprocess.py:93} INFO - [0m05:22:04
[2026-03-28T05:22:04.756+0000] {subprocess.py:93} INFO - [0m05:22:04  [32mCompleted successfully[0m
[2026-03-28T05:22:04.757+0000] {subprocess.py:93} INFO - [0m05:22:04
[2026-03-28T05:22:04.757+0000] {subprocess.py:93} INFO - [0m05:22:04  Done. PASS=0 WARN=0 ERROR=0 SKIP=0 TOTAL=0
[2026-03-28T05:22:05.713+0000] {subprocess.py:97} INFO - Command exited with return code 0
[2026-03-28T05:22:05.742+0000] {taskinstance.py:1398} INFO - Marking task as SUCCESS. dag_id=logistics_pipeline_v3, task_id=dbt_seed, execution_date=20260328T052158, start_date=20260328T052202, end_date=20260328T052205
[2026-03-28T05:22:05.794+0000] {local_task_job_runner.py:228} INFO - Task exited with return code 0
[2026-03-28T05:22:05.823+0000] {taskinstance.py:2776} INFO - 1 downstream tasks scheduled from follow-on schedule check
