[2026-03-28T02:09:48.901+0000] {taskinstance.py:1157} INFO - Dependencies all met for dep_context=non-requeueable deps ti=<TaskInstance: logistics_pipeline_v3.check_dbt_connection manual__2026-03-28T02:09:47.097547+00:00 [queued]>
[2026-03-28T02:09:48.916+0000] {taskinstance.py:1157} INFO - Dependencies all met for dep_context=requeueable deps ti=<TaskInstance: logistics_pipeline_v3.check_dbt_connection manual__2026-03-28T02:09:47.097547+00:00 [queued]>
[2026-03-28T02:09:48.916+0000] {taskinstance.py:1359} INFO - Starting attempt 1 of 2
[2026-03-28T02:09:48.940+0000] {taskinstance.py:1380} INFO - Executing <Task(BashOperator): check_dbt_connection> on 2026-03-28 02:09:47.097547+00:00
[2026-03-28T02:09:48.945+0000] {standard_task_runner.py:57} INFO - Started process 465 to run task
[2026-03-28T02:09:48.951+0000] {standard_task_runner.py:84} INFO - Running: ['airflow', 'tasks', 'run', 'logistics_pipeline_v3', 'check_dbt_connection', 'manual__2026-03-28T02:09:47.097547+00:00', '--job-id', '37', '--raw', '--subdir', 'DAGS_FOLDER/smartflow_dag.py', '--cfg-path', '/tmp/tmpy0xxjtm_']
[2026-03-28T02:09:48.956+0000] {standard_task_runner.py:85} INFO - Job 37: Subtask check_dbt_connection
[2026-03-28T02:09:49.060+0000] {task_command.py:415} INFO - Running <TaskInstance: logistics_pipeline_v3.check_dbt_connection manual__2026-03-28T02:09:47.097547+00:00 [running]> on host 22aa927a5017
[2026-03-28T02:09:49.229+0000] {taskinstance.py:1660} INFO - Exporting env vars: AIRFLOW_CTX_DAG_OWNER='Rawan' AIRFLOW_CTX_DAG_ID='logistics_pipeline_v3' AIRFLOW_CTX_TASK_ID='check_dbt_connection' AIRFLOW_CTX_EXECUTION_DATE='2026-03-28T02:09:47.097547+00:00' AIRFLOW_CTX_TRY_NUMBER='1' AIRFLOW_CTX_DAG_RUN_ID='manual__2026-03-28T02:09:47.097547+00:00'
[2026-03-28T02:09:49.232+0000] {subprocess.py:63} INFO - Tmp dir root location: /tmp
[2026-03-28T02:09:49.234+0000] {subprocess.py:75} INFO - Running command: ['/bin/bash', '-c', 'cd /opt/airflow/dbt_project && dbt debug --profiles-dir . || echo "Ignore Git Error"']
[2026-03-28T02:09:49.249+0000] {subprocess.py:86} INFO - Output:
[2026-03-28T02:09:52.587+0000] {subprocess.py:93} INFO - [0m02:09:52  Running with dbt=1.8.2
[2026-03-28T02:09:52.603+0000] {subprocess.py:93} INFO - [0m02:09:52  dbt version: 1.8.2
[2026-03-28T02:09:52.603+0000] {subprocess.py:93} INFO - [0m02:09:52  python version: 3.8.18
[2026-03-28T02:09:52.604+0000] {subprocess.py:93} INFO - [0m02:09:52  python path: /usr/local/bin/python3
[2026-03-28T02:09:52.606+0000] {subprocess.py:93} INFO - [0m02:09:52  os info: Linux-6.6.87.2-microsoft-standard-WSL2-x86_64-with-glibc2.2.5
[2026-03-28T02:09:52.699+0000] {subprocess.py:93} INFO - [0m02:09:52  Using profiles dir at .
[2026-03-28T02:09:52.702+0000] {subprocess.py:93} INFO - [0m02:09:52  Using profiles.yml file at ./profiles.yml
[2026-03-28T02:09:52.703+0000] {subprocess.py:93} INFO - [0m02:09:52  Using dbt_project.yml file at /opt/airflow/dbt_project/dbt_project.yml
[2026-03-28T02:09:52.703+0000] {subprocess.py:93} INFO - [0m02:09:52  adapter type: postgres
[2026-03-28T02:09:52.703+0000] {subprocess.py:93} INFO - [0m02:09:52  adapter version: 1.8.2
[2026-03-28T02:09:52.885+0000] {subprocess.py:93} INFO - [0m02:09:52  Configuration:
[2026-03-28T02:09:52.886+0000] {subprocess.py:93} INFO - [0m02:09:52    profiles.yml file [[32mOK found and valid[0m]
[2026-03-28T02:09:52.886+0000] {subprocess.py:93} INFO - [0m02:09:52    dbt_project.yml file [[32mOK found and valid[0m]
[2026-03-28T02:09:52.887+0000] {subprocess.py:93} INFO - [0m02:09:52  Required dependencies:
[2026-03-28T02:09:52.893+0000] {subprocess.py:93} INFO - [0m02:09:52   - git [[31mERROR[0m]
[2026-03-28T02:09:52.893+0000] {subprocess.py:93} INFO - 
[2026-03-28T02:09:52.894+0000] {subprocess.py:93} INFO - [0m02:09:52  Connection:
[2026-03-28T02:09:52.895+0000] {subprocess.py:93} INFO - [0m02:09:52    host: postgres
[2026-03-28T02:09:52.895+0000] {subprocess.py:93} INFO - [0m02:09:52    port: 5432
[2026-03-28T02:09:52.896+0000] {subprocess.py:93} INFO - [0m02:09:52    user: admin
[2026-03-28T02:09:52.896+0000] {subprocess.py:93} INFO - [0m02:09:52    database: logistics_db
[2026-03-28T02:09:52.897+0000] {subprocess.py:93} INFO - [0m02:09:52    schema: public
[2026-03-28T02:09:52.898+0000] {subprocess.py:93} INFO - [0m02:09:52    connect_timeout: 10
[2026-03-28T02:09:52.898+0000] {subprocess.py:93} INFO - [0m02:09:52    role: None
[2026-03-28T02:09:52.899+0000] {subprocess.py:93} INFO - [0m02:09:52    search_path: None
[2026-03-28T02:09:52.900+0000] {subprocess.py:93} INFO - [0m02:09:52    keepalives_idle: 0
[2026-03-28T02:09:52.901+0000] {subprocess.py:93} INFO - [0m02:09:52    sslmode: None
[2026-03-28T02:09:52.901+0000] {subprocess.py:93} INFO - [0m02:09:52    sslcert: None
[2026-03-28T02:09:52.902+0000] {subprocess.py:93} INFO - [0m02:09:52    sslkey: None
[2026-03-28T02:09:52.903+0000] {subprocess.py:93} INFO - [0m02:09:52    sslrootcert: None
[2026-03-28T02:09:52.903+0000] {subprocess.py:93} INFO - [0m02:09:52    application_name: dbt
[2026-03-28T02:09:52.904+0000] {subprocess.py:93} INFO - [0m02:09:52    retries: 1
[2026-03-28T02:09:52.905+0000] {subprocess.py:93} INFO - [0m02:09:52  Registered adapter: postgres=1.8.2
[2026-03-28T02:09:52.968+0000] {subprocess.py:93} INFO - [0m02:09:52    Connection test: [[32mOK connection ok[0m]
[2026-03-28T02:09:52.968+0000] {subprocess.py:93} INFO - 
[2026-03-28T02:09:52.970+0000] {subprocess.py:93} INFO - [0m02:09:52  [31m1 check failed:[0m
[2026-03-28T02:09:52.970+0000] {subprocess.py:93} INFO - [0m02:09:52  Error from git --help: User does not have permissions for this command: "git"
[2026-03-28T02:09:52.971+0000] {subprocess.py:93} INFO - 
[2026-03-28T02:09:57.936+0000] {subprocess.py:93} INFO - Ignore Git Error
[2026-03-28T02:09:57.941+0000] {subprocess.py:97} INFO - Command exited with return code 0
[2026-03-28T02:09:57.968+0000] {taskinstance.py:1398} INFO - Marking task as SUCCESS. dag_id=logistics_pipeline_v3, task_id=check_dbt_connection, execution_date=20260328T020947, start_date=20260328T020948, end_date=20260328T020957
[2026-03-28T02:09:58.001+0000] {local_task_job_runner.py:228} INFO - Task exited with return code 0
[2026-03-28T02:09:58.023+0000] {taskinstance.py:2776} INFO - 1 downstream tasks scheduled from follow-on schedule check
