[2026-03-28T03:27:17.832+0000] {taskinstance.py:1157} INFO - Dependencies all met for dep_context=non-requeueable deps ti=<TaskInstance: logistics_pipeline_v3.dbt_run manual__2026-03-28T03:27:04.720358+00:00 [queued]>
[2026-03-28T03:27:17.853+0000] {taskinstance.py:1157} INFO - Dependencies all met for dep_context=requeueable deps ti=<TaskInstance: logistics_pipeline_v3.dbt_run manual__2026-03-28T03:27:04.720358+00:00 [queued]>
[2026-03-28T03:27:17.853+0000] {taskinstance.py:1359} INFO - Starting attempt 1 of 2
[2026-03-28T03:27:17.893+0000] {taskinstance.py:1380} INFO - Executing <Task(BashOperator): dbt_run> on 2026-03-28 03:27:04.720358+00:00
[2026-03-28T03:27:17.903+0000] {standard_task_runner.py:57} INFO - Started process 1613 to run task
[2026-03-28T03:27:17.913+0000] {standard_task_runner.py:84} INFO - Running: ['airflow', 'tasks', 'run', 'logistics_pipeline_v3', 'dbt_run', 'manual__2026-03-28T03:27:04.720358+00:00', '--job-id', '73', '--raw', '--subdir', 'DAGS_FOLDER/smartflow_dag.py', '--cfg-path', '/tmp/tmp5opw0rdu']
[2026-03-28T03:27:17.918+0000] {standard_task_runner.py:85} INFO - Job 73: Subtask dbt_run
[2026-03-28T03:27:18.062+0000] {task_command.py:415} INFO - Running <TaskInstance: logistics_pipeline_v3.dbt_run manual__2026-03-28T03:27:04.720358+00:00 [running]> on host 22aa927a5017
[2026-03-28T03:27:18.321+0000] {taskinstance.py:1660} INFO - Exporting env vars: AIRFLOW_CTX_DAG_OWNER='Rawan' AIRFLOW_CTX_DAG_ID='logistics_pipeline_v3' AIRFLOW_CTX_TASK_ID='dbt_run' AIRFLOW_CTX_EXECUTION_DATE='2026-03-28T03:27:04.720358+00:00' AIRFLOW_CTX_TRY_NUMBER='1' AIRFLOW_CTX_DAG_RUN_ID='manual__2026-03-28T03:27:04.720358+00:00'
[2026-03-28T03:27:18.324+0000] {subprocess.py:63} INFO - Tmp dir root location: /tmp
[2026-03-28T03:27:18.326+0000] {subprocess.py:75} INFO - Running command: ['/bin/bash', '-c', 'cd /opt/airflow/dbt_project && dbt run --profiles-dir .']
[2026-03-28T03:27:18.347+0000] {subprocess.py:86} INFO - Output:
[2026-03-28T03:27:22.831+0000] {subprocess.py:93} INFO - [0m03:27:22  Running with dbt=1.8.2
[2026-03-28T03:27:23.663+0000] {subprocess.py:93} INFO - [0m03:27:23  Registered adapter: postgres=1.8.2
[2026-03-28T03:27:24.959+0000] {subprocess.py:93} INFO - [0m03:27:24  Found 1 model, 3 data tests, 1 source, 423 macros
[2026-03-28T03:27:24.968+0000] {subprocess.py:93} INFO - [0m03:27:24
[2026-03-28T03:27:25.373+0000] {subprocess.py:93} INFO - [0m03:27:25  Concurrency: 4 threads (target='dev')
[2026-03-28T03:27:25.375+0000] {subprocess.py:93} INFO - [0m03:27:25
[2026-03-28T03:27:25.410+0000] {subprocess.py:93} INFO - [0m03:27:25  1 of 1 START sql table model public_analytics.courier_performance .............. [RUN]
[2026-03-28T03:27:25.886+0000] {subprocess.py:93} INFO - [0m03:27:25  1 of 1 OK created sql table model public_analytics.courier_performance ......... [[32mSELECT 3[0m in 0.47s]
[2026-03-28T03:27:25.946+0000] {subprocess.py:93} INFO - [0m03:27:25
[2026-03-28T03:27:25.948+0000] {subprocess.py:93} INFO - [0m03:27:25  Finished running 1 table model in 0 hours 0 minutes and 0.98 seconds (0.98s).
[2026-03-28T03:27:26.159+0000] {subprocess.py:93} INFO - [0m03:27:26
[2026-03-28T03:27:26.162+0000] {subprocess.py:93} INFO - [0m03:27:26  [32mCompleted successfully[0m
[2026-03-28T03:27:26.166+0000] {subprocess.py:93} INFO - [0m03:27:26
[2026-03-28T03:27:26.166+0000] {subprocess.py:93} INFO - [0m03:27:26  Done. PASS=1 WARN=0 ERROR=0 SKIP=0 TOTAL=1
[2026-03-28T03:27:27.467+0000] {subprocess.py:97} INFO - Command exited with return code 0
[2026-03-28T03:27:27.549+0000] {taskinstance.py:1398} INFO - Marking task as SUCCESS. dag_id=logistics_pipeline_v3, task_id=dbt_run, execution_date=20260328T032704, start_date=20260328T032717, end_date=20260328T032727
[2026-03-28T03:27:27.598+0000] {local_task_job_runner.py:228} INFO - Task exited with return code 0
[2026-03-28T03:27:27.656+0000] {taskinstance.py:2776} INFO - 1 downstream tasks scheduled from follow-on schedule check
