[2026-03-28T01:28:51.760+0000] {taskinstance.py:1157} INFO - Dependencies all met for dep_context=non-requeueable deps ti=<TaskInstance: logistics_pipeline_v3.check_dbt_connection manual__2026-03-28T01:23:39.434303+00:00 [queued]>
[2026-03-28T01:28:51.782+0000] {taskinstance.py:1157} INFO - Dependencies all met for dep_context=requeueable deps ti=<TaskInstance: logistics_pipeline_v3.check_dbt_connection manual__2026-03-28T01:23:39.434303+00:00 [queued]>
[2026-03-28T01:28:51.783+0000] {taskinstance.py:1359} INFO - Starting attempt 2 of 2
[2026-03-28T01:28:51.825+0000] {taskinstance.py:1380} INFO - Executing <Task(BashOperator): check_dbt_connection> on 2026-03-28 01:23:39.434303+00:00
[2026-03-28T01:28:51.834+0000] {standard_task_runner.py:57} INFO - Started process 592 to run task
[2026-03-28T01:28:51.845+0000] {standard_task_runner.py:84} INFO - Running: ['airflow', 'tasks', 'run', 'logistics_pipeline_v3', 'check_dbt_connection', 'manual__2026-03-28T01:23:39.434303+00:00', '--job-id', '8', '--raw', '--subdir', 'DAGS_FOLDER/smartflow_dag.py', '--cfg-path', '/tmp/tmpn__psht1']
[2026-03-28T01:28:51.852+0000] {standard_task_runner.py:85} INFO - Job 8: Subtask check_dbt_connection
[2026-03-28T01:28:52.031+0000] {task_command.py:415} INFO - Running <TaskInstance: logistics_pipeline_v3.check_dbt_connection manual__2026-03-28T01:23:39.434303+00:00 [running]> on host 22aa927a5017
[2026-03-28T01:28:52.270+0000] {taskinstance.py:1660} INFO - Exporting env vars: AIRFLOW_CTX_DAG_OWNER='Rawan' AIRFLOW_CTX_DAG_ID='logistics_pipeline_v3' AIRFLOW_CTX_TASK_ID='check_dbt_connection' AIRFLOW_CTX_EXECUTION_DATE='2026-03-28T01:23:39.434303+00:00' AIRFLOW_CTX_TRY_NUMBER='2' AIRFLOW_CTX_DAG_RUN_ID='manual__2026-03-28T01:23:39.434303+00:00'
[2026-03-28T01:28:52.273+0000] {subprocess.py:63} INFO - Tmp dir root location: /tmp
[2026-03-28T01:28:52.276+0000] {subprocess.py:75} INFO - Running command: ['/bin/bash', '-c', 'export PATH=$PATH:/root/.local/bin && cd /opt/airflow/dbt_project && dbt debug --profiles-dir .']
[2026-03-28T01:28:52.296+0000] {subprocess.py:86} INFO - Output:
[2026-03-28T01:28:58.371+0000] {subprocess.py:93} INFO - [0m01:28:58  Running with dbt=1.8.2
[2026-03-28T01:28:58.402+0000] {subprocess.py:93} INFO - [0m01:28:58  dbt version: 1.8.2
[2026-03-28T01:28:58.407+0000] {subprocess.py:93} INFO - [0m01:28:58  python version: 3.8.18
[2026-03-28T01:28:58.408+0000] {subprocess.py:93} INFO - [0m01:28:58  python path: /usr/local/bin/python3
[2026-03-28T01:28:58.408+0000] {subprocess.py:93} INFO - [0m01:28:58  os info: Linux-6.6.87.2-microsoft-standard-WSL2-x86_64-with-glibc2.2.5
[2026-03-28T01:28:58.572+0000] {subprocess.py:93} INFO - [0m01:28:58  Using profiles dir at .
[2026-03-28T01:28:58.575+0000] {subprocess.py:93} INFO - [0m01:28:58  Using profiles.yml file at ./profiles.yml
[2026-03-28T01:28:58.576+0000] {subprocess.py:93} INFO - [0m01:28:58  Using dbt_project.yml file at /opt/airflow/dbt_project/dbt_project.yml
[2026-03-28T01:28:58.579+0000] {subprocess.py:93} INFO - [0m01:28:58  adapter type: postgres
[2026-03-28T01:28:58.580+0000] {subprocess.py:93} INFO - [0m01:28:58  adapter version: 1.8.2
[2026-03-28T01:28:58.937+0000] {subprocess.py:93} INFO - [0m01:28:58  Configuration:
[2026-03-28T01:28:58.940+0000] {subprocess.py:93} INFO - [0m01:28:58    profiles.yml file [[32mOK found and valid[0m]
[2026-03-28T01:28:58.943+0000] {subprocess.py:93} INFO - [0m01:28:58    dbt_project.yml file [[32mOK found and valid[0m]
[2026-03-28T01:28:58.951+0000] {subprocess.py:93} INFO - [0m01:28:58  Required dependencies:
[2026-03-28T01:28:58.962+0000] {subprocess.py:93} INFO - [0m01:28:58   - git [[31mERROR[0m]
[2026-03-28T01:28:58.963+0000] {subprocess.py:93} INFO - 
[2026-03-28T01:28:58.965+0000] {subprocess.py:93} INFO - [0m01:28:58  Connection:
[2026-03-28T01:28:58.967+0000] {subprocess.py:93} INFO - [0m01:28:58    host: postgres
[2026-03-28T01:28:58.969+0000] {subprocess.py:93} INFO - [0m01:28:58    port: 5432
[2026-03-28T01:28:58.972+0000] {subprocess.py:93} INFO - [0m01:28:58    user: admin
[2026-03-28T01:28:58.972+0000] {subprocess.py:93} INFO - [0m01:28:58    database: logistics_db
[2026-03-28T01:28:58.975+0000] {subprocess.py:93} INFO - [0m01:28:58    schema: public
[2026-03-28T01:28:58.976+0000] {subprocess.py:93} INFO - [0m01:28:58    connect_timeout: 10
[2026-03-28T01:28:58.978+0000] {subprocess.py:93} INFO - [0m01:28:58    role: None
[2026-03-28T01:28:58.979+0000] {subprocess.py:93} INFO - [0m01:28:58    search_path: None
[2026-03-28T01:28:58.980+0000] {subprocess.py:93} INFO - [0m01:28:58    keepalives_idle: 0
[2026-03-28T01:28:58.982+0000] {subprocess.py:93} INFO - [0m01:28:58    sslmode: None
[2026-03-28T01:28:58.983+0000] {subprocess.py:93} INFO - [0m01:28:58    sslcert: None
[2026-03-28T01:28:58.985+0000] {subprocess.py:93} INFO - [0m01:28:58    sslkey: None
[2026-03-28T01:28:58.986+0000] {subprocess.py:93} INFO - [0m01:28:58    sslrootcert: None
[2026-03-28T01:28:58.986+0000] {subprocess.py:93} INFO - [0m01:28:58    application_name: dbt
[2026-03-28T01:28:58.988+0000] {subprocess.py:93} INFO - [0m01:28:58    retries: 1
[2026-03-28T01:28:58.990+0000] {subprocess.py:93} INFO - [0m01:28:58  Registered adapter: postgres=1.8.2
[2026-03-28T01:28:59.167+0000] {subprocess.py:93} INFO - [0m01:28:59    Connection test: [[32mOK connection ok[0m]
[2026-03-28T01:28:59.169+0000] {subprocess.py:93} INFO - 
[2026-03-28T01:28:59.169+0000] {subprocess.py:93} INFO - [0m01:28:59  [31m1 check failed:[0m
[2026-03-28T01:28:59.169+0000] {subprocess.py:93} INFO - [0m01:28:59  Error from git --help: User does not have permissions for this command: "git"
[2026-03-28T01:28:59.170+0000] {subprocess.py:93} INFO - 
[2026-03-28T01:29:02.680+0000] {subprocess.py:97} INFO - Command exited with return code 1
[2026-03-28T01:29:02.744+0000] {taskinstance.py:1935} ERROR - Task failed with exception
Traceback (most recent call last):
  File "/home/airflow/.local/lib/python3.8/site-packages/airflow/operators/bash.py", line 210, in execute
    raise AirflowException(
airflow.exceptions.AirflowException: Bash command failed. The command returned a non-zero exit code 1.
[2026-03-28T01:29:02.749+0000] {taskinstance.py:1398} INFO - Marking task as FAILED. dag_id=logistics_pipeline_v3, task_id=check_dbt_connection, execution_date=20260328T012339, start_date=20260328T012851, end_date=20260328T012902
[2026-03-28T01:29:02.798+0000] {standard_task_runner.py:104} ERROR - Failed to execute job 8 for task check_dbt_connection (Bash command failed. The command returned a non-zero exit code 1.; 592)
[2026-03-28T01:29:02.833+0000] {local_task_job_runner.py:228} INFO - Task exited with return code 1
[2026-03-28T01:29:02.905+0000] {dagrun.py:743} ERROR - Failed to get task for ti <TaskInstance: logistics_pipeline_v3.dbt_seed manual__2026-03-28T01:23:39.434303+00:00 [None]>. Marking it as removed.
[2026-03-28T01:29:02.912+0000] {dagrun.py:743} ERROR - Failed to get task for ti <TaskInstance: logistics_pipeline_v3.dbt_run manual__2026-03-28T01:23:39.434303+00:00 [None]>. Marking it as removed.
[2026-03-28T01:29:02.916+0000] {dagrun.py:743} ERROR - Failed to get task for ti <TaskInstance: logistics_pipeline_v3.dbt_test manual__2026-03-28T01:23:39.434303+00:00 [None]>. Marking it as removed.
[2026-03-28T01:29:02.920+0000] {taskinstance.py:2776} INFO - 0 downstream tasks scheduled from follow-on schedule check
