[2026-03-28T03:06:25.111+0000] {taskinstance.py:1157} INFO - Dependencies all met for dep_context=non-requeueable deps ti=<TaskInstance: logistics_pipeline_v3.dbt_run manual__2026-03-28T03:01:00.680934+00:00 [queued]>
[2026-03-28T03:06:25.127+0000] {taskinstance.py:1157} INFO - Dependencies all met for dep_context=requeueable deps ti=<TaskInstance: logistics_pipeline_v3.dbt_run manual__2026-03-28T03:01:00.680934+00:00 [queued]>
[2026-03-28T03:06:25.127+0000] {taskinstance.py:1359} INFO - Starting attempt 1 of 2
[2026-03-28T03:06:25.152+0000] {taskinstance.py:1380} INFO - Executing <Task(BashOperator): dbt_run> on 2026-03-28 03:01:00.680934+00:00
[2026-03-28T03:06:25.160+0000] {standard_task_runner.py:57} INFO - Started process 1251 to run task
[2026-03-28T03:06:25.168+0000] {standard_task_runner.py:84} INFO - Running: ['airflow', 'tasks', 'run', 'logistics_pipeline_v3', 'dbt_run', 'manual__2026-03-28T03:01:00.680934+00:00', '--job-id', '59', '--raw', '--subdir', 'DAGS_FOLDER/smartflow_dag.py', '--cfg-path', '/tmp/tmp2nx0c531']
[2026-03-28T03:06:25.174+0000] {standard_task_runner.py:85} INFO - Job 59: Subtask dbt_run
[2026-03-28T03:06:25.274+0000] {task_command.py:415} INFO - Running <TaskInstance: logistics_pipeline_v3.dbt_run manual__2026-03-28T03:01:00.680934+00:00 [running]> on host 22aa927a5017
[2026-03-28T03:06:25.459+0000] {taskinstance.py:1660} INFO - Exporting env vars: AIRFLOW_CTX_DAG_OWNER='Rawan' AIRFLOW_CTX_DAG_ID='logistics_pipeline_v3' AIRFLOW_CTX_TASK_ID='dbt_run' AIRFLOW_CTX_EXECUTION_DATE='2026-03-28T03:01:00.680934+00:00' AIRFLOW_CTX_TRY_NUMBER='1' AIRFLOW_CTX_DAG_RUN_ID='manual__2026-03-28T03:01:00.680934+00:00'
[2026-03-28T03:06:25.462+0000] {subprocess.py:63} INFO - Tmp dir root location: /tmp
[2026-03-28T03:06:25.464+0000] {subprocess.py:75} INFO - Running command: ['/bin/bash', '-c', 'cd /opt/airflow/dbt_project && dbt run --profiles-dir .']
[2026-03-28T03:06:25.483+0000] {subprocess.py:86} INFO - Output:
[2026-03-28T03:06:29.585+0000] {subprocess.py:93} INFO - [0m03:06:29  Running with dbt=1.8.2
[2026-03-28T03:06:30.130+0000] {subprocess.py:93} INFO - [0m03:06:30  Registered adapter: postgres=1.8.2
[2026-03-28T03:06:31.083+0000] {subprocess.py:93} INFO - [0m03:06:31  [[33mWARNING[0m]: Deprecated functionality
[2026-03-28T03:06:31.084+0000] {subprocess.py:93} INFO - The `tests` config has been renamed to `data_tests`. Please see
[2026-03-28T03:06:31.084+0000] {subprocess.py:93} INFO - https://docs.getdbt.com/docs/build/data-tests#new-data_tests-syntax for more
[2026-03-28T03:06:31.085+0000] {subprocess.py:93} INFO - information.
[2026-03-28T03:06:31.909+0000] {subprocess.py:93} INFO - [0m03:06:31  Found 1 model, 3 data tests, 1 source, 423 macros
[2026-03-28T03:06:31.912+0000] {subprocess.py:93} INFO - [0m03:06:31
[2026-03-28T03:06:32.284+0000] {subprocess.py:93} INFO - [0m03:06:32  Concurrency: 4 threads (target='dev')
[2026-03-28T03:06:32.286+0000] {subprocess.py:93} INFO - [0m03:06:32
[2026-03-28T03:06:32.318+0000] {subprocess.py:93} INFO - [0m03:06:32  1 of 1 START sql table model public_analytics.courier_performance .............. [RUN]
[2026-03-28T03:06:32.672+0000] {subprocess.py:93} INFO - [0m03:06:32  1 of 1 OK created sql table model public_analytics.courier_performance ......... [[32mSELECT 3[0m in 0.34s]
[2026-03-28T03:06:32.710+0000] {subprocess.py:93} INFO - [0m03:06:32
[2026-03-28T03:06:32.714+0000] {subprocess.py:93} INFO - [0m03:06:32  Finished running 1 table model in 0 hours 0 minutes and 0.80 seconds (0.80s).
[2026-03-28T03:06:32.793+0000] {subprocess.py:93} INFO - [0m03:06:32
[2026-03-28T03:06:32.794+0000] {subprocess.py:93} INFO - [0m03:06:32  [32mCompleted successfully[0m
[2026-03-28T03:06:32.794+0000] {subprocess.py:93} INFO - [0m03:06:32
[2026-03-28T03:06:32.795+0000] {subprocess.py:93} INFO - [0m03:06:32  Done. PASS=1 WARN=0 ERROR=0 SKIP=0 TOTAL=1
[2026-03-28T03:06:35.232+0000] {subprocess.py:97} INFO - Command exited with return code 0
[2026-03-28T03:06:35.295+0000] {taskinstance.py:1398} INFO - Marking task as SUCCESS. dag_id=logistics_pipeline_v3, task_id=dbt_run, execution_date=20260328T030100, start_date=20260328T030625, end_date=20260328T030635
[2026-03-28T03:06:35.354+0000] {local_task_job_runner.py:228} INFO - Task exited with return code 0
[2026-03-28T03:06:35.398+0000] {taskinstance.py:2776} INFO - 1 downstream tasks scheduled from follow-on schedule check
