[2026-03-28T01:21:20.253+0000] {taskinstance.py:1157} INFO - Dependencies all met for dep_context=non-requeueable deps ti=<TaskInstance: logistics_pipeline_v3.check_dbt_connection scheduled__2026-03-28T00:45:59.818147+00:00 [queued]>
[2026-03-28T01:21:20.275+0000] {taskinstance.py:1157} INFO - Dependencies all met for dep_context=requeueable deps ti=<TaskInstance: logistics_pipeline_v3.check_dbt_connection scheduled__2026-03-28T00:45:59.818147+00:00 [queued]>
[2026-03-28T01:21:20.275+0000] {taskinstance.py:1359} INFO - Starting attempt 2 of 2
[2026-03-28T01:21:20.319+0000] {taskinstance.py:1380} INFO - Executing <Task(BashOperator): check_dbt_connection> on 2026-03-28 00:45:59.818147+00:00
[2026-03-28T01:21:20.328+0000] {standard_task_runner.py:57} INFO - Started process 498 to run task
[2026-03-28T01:21:20.339+0000] {standard_task_runner.py:84} INFO - Running: ['airflow', 'tasks', 'run', 'logistics_pipeline_v3', 'check_dbt_connection', 'scheduled__2026-03-28T00:45:59.818147+00:00', '--job-id', '5', '--raw', '--subdir', 'DAGS_FOLDER/smartflow_dag.py', '--cfg-path', '/tmp/tmpgtn7gij4']
[2026-03-28T01:21:20.346+0000] {standard_task_runner.py:85} INFO - Job 5: Subtask check_dbt_connection
[2026-03-28T01:21:20.514+0000] {task_command.py:415} INFO - Running <TaskInstance: logistics_pipeline_v3.check_dbt_connection scheduled__2026-03-28T00:45:59.818147+00:00 [running]> on host 22aa927a5017
[2026-03-28T01:21:20.742+0000] {taskinstance.py:1660} INFO - Exporting env vars: AIRFLOW_CTX_DAG_OWNER='Rawan' AIRFLOW_CTX_DAG_ID='logistics_pipeline_v3' AIRFLOW_CTX_TASK_ID='check_dbt_connection' AIRFLOW_CTX_EXECUTION_DATE='2026-03-28T00:45:59.818147+00:00' AIRFLOW_CTX_TRY_NUMBER='2' AIRFLOW_CTX_DAG_RUN_ID='scheduled__2026-03-28T00:45:59.818147+00:00'
[2026-03-28T01:21:20.745+0000] {subprocess.py:63} INFO - Tmp dir root location: /tmp
[2026-03-28T01:21:20.747+0000] {subprocess.py:75} INFO - Running command: ['/bin/bash', '-c', 'export PATH=$PATH:/root/.local/bin && cd /opt/airflow/dbt_project && dbt debug --profiles-dir .']
[2026-03-28T01:21:20.769+0000] {subprocess.py:86} INFO - Output:
[2026-03-28T01:21:25.612+0000] {subprocess.py:93} INFO - [0m01:21:25  Running with dbt=1.8.2
[2026-03-28T01:21:25.638+0000] {subprocess.py:93} INFO - [0m01:21:25  dbt version: 1.8.2
[2026-03-28T01:21:25.639+0000] {subprocess.py:93} INFO - [0m01:21:25  python version: 3.8.18
[2026-03-28T01:21:25.641+0000] {subprocess.py:93} INFO - [0m01:21:25  python path: /usr/local/bin/python3
[2026-03-28T01:21:25.642+0000] {subprocess.py:93} INFO - [0m01:21:25  os info: Linux-6.6.87.2-microsoft-standard-WSL2-x86_64-with-glibc2.2.5
[2026-03-28T01:21:25.643+0000] {subprocess.py:93} INFO - [0m01:21:25  Using profiles dir at .
[2026-03-28T01:21:25.645+0000] {subprocess.py:93} INFO - [0m01:21:25  Using profiles.yml file at ./profiles.yml
[2026-03-28T01:21:25.648+0000] {subprocess.py:93} INFO - [0m01:21:25  Using dbt_project.yml file at /opt/airflow/dbt_project/dbt_project.yml
[2026-03-28T01:21:25.991+0000] {subprocess.py:93} INFO - [0m01:21:25  Configuration:
[2026-03-28T01:21:25.992+0000] {subprocess.py:93} INFO - [0m01:21:25    profiles.yml file [[31mERROR not found[0m]
[2026-03-28T01:21:25.997+0000] {subprocess.py:93} INFO - [0m01:21:25    dbt_project.yml file [[32mOK found and valid[0m]
[2026-03-28T01:21:25.998+0000] {subprocess.py:93} INFO - [0m01:21:25  Required dependencies:
[2026-03-28T01:21:26.014+0000] {subprocess.py:93} INFO - [0m01:21:26   - git [[31mERROR[0m]
[2026-03-28T01:21:26.014+0000] {subprocess.py:93} INFO - 
[2026-03-28T01:21:26.015+0000] {subprocess.py:93} INFO - [0m01:21:26  Connection test skipped since no profile was found
[2026-03-28T01:21:26.018+0000] {subprocess.py:93} INFO - [0m01:21:26  [31m2 checks failed:[0m
[2026-03-28T01:21:26.019+0000] {subprocess.py:93} INFO - [0m01:21:26  dbt looked for a profiles.yml file in ./profiles.yml, but did
[2026-03-28T01:21:26.020+0000] {subprocess.py:93} INFO - not find one. For more information on configuring your profile, consult the
[2026-03-28T01:21:26.020+0000] {subprocess.py:93} INFO - documentation:
[2026-03-28T01:21:26.021+0000] {subprocess.py:93} INFO - 
[2026-03-28T01:21:26.022+0000] {subprocess.py:93} INFO - https://docs.getdbt.com/docs/configure-your-profile
[2026-03-28T01:21:26.023+0000] {subprocess.py:93} INFO - 
[2026-03-28T01:21:26.024+0000] {subprocess.py:93} INFO - 
[2026-03-28T01:21:26.024+0000] {subprocess.py:93} INFO - [0m01:21:26  Error from git --help: User does not have permissions for this command: "git"
[2026-03-28T01:21:26.024+0000] {subprocess.py:93} INFO - 
[2026-03-28T01:21:27.229+0000] {subprocess.py:97} INFO - Command exited with return code 1
[2026-03-28T01:21:27.270+0000] {taskinstance.py:1935} ERROR - Task failed with exception
Traceback (most recent call last):
  File "/home/airflow/.local/lib/python3.8/site-packages/airflow/operators/bash.py", line 210, in execute
    raise AirflowException(
airflow.exceptions.AirflowException: Bash command failed. The command returned a non-zero exit code 1.
[2026-03-28T01:21:27.280+0000] {taskinstance.py:1398} INFO - Marking task as FAILED. dag_id=logistics_pipeline_v3, task_id=check_dbt_connection, execution_date=20260328T004559, start_date=20260328T012120, end_date=20260328T012127
[2026-03-28T01:21:27.325+0000] {standard_task_runner.py:104} ERROR - Failed to execute job 5 for task check_dbt_connection (Bash command failed. The command returned a non-zero exit code 1.; 498)
[2026-03-28T01:21:27.350+0000] {local_task_job_runner.py:228} INFO - Task exited with return code 1
[2026-03-28T01:21:27.429+0000] {taskinstance.py:2776} INFO - 0 downstream tasks scheduled from follow-on schedule check
