[2026-03-28T04:11:50.410+0000] {taskinstance.py:1157} INFO - Dependencies all met for dep_context=non-requeueable deps ti=<TaskInstance: logistics_pipeline_v3.dbt_seed manual__2026-03-28T04:11:46.466619+00:00 [queued]>
[2026-03-28T04:11:50.428+0000] {taskinstance.py:1157} INFO - Dependencies all met for dep_context=requeueable deps ti=<TaskInstance: logistics_pipeline_v3.dbt_seed manual__2026-03-28T04:11:46.466619+00:00 [queued]>
[2026-03-28T04:11:50.428+0000] {taskinstance.py:1359} INFO - Starting attempt 1 of 2
[2026-03-28T04:11:50.454+0000] {taskinstance.py:1380} INFO - Executing <Task(BashOperator): dbt_seed> on 2026-03-28 04:11:46.466619+00:00
[2026-03-28T04:11:50.468+0000] {standard_task_runner.py:57} INFO - Started process 600 to run task
[2026-03-28T04:11:50.474+0000] {standard_task_runner.py:84} INFO - Running: ['airflow', 'tasks', 'run', 'logistics_pipeline_v3', 'dbt_seed', 'manual__2026-03-28T04:11:46.466619+00:00', '--job-id', '23', '--raw', '--subdir', 'DAGS_FOLDER/smartflow_dag.py', '--cfg-path', '/tmp/tmpy585tfw1']
[2026-03-28T04:11:50.481+0000] {standard_task_runner.py:85} INFO - Job 23: Subtask dbt_seed
[2026-03-28T04:11:50.602+0000] {task_command.py:415} INFO - Running <TaskInstance: logistics_pipeline_v3.dbt_seed manual__2026-03-28T04:11:46.466619+00:00 [running]> on host 93ae944fd226
[2026-03-28T04:11:50.802+0000] {taskinstance.py:1660} INFO - Exporting env vars: AIRFLOW_CTX_DAG_OWNER='Rawan' AIRFLOW_CTX_DAG_ID='logistics_pipeline_v3' AIRFLOW_CTX_TASK_ID='dbt_seed' AIRFLOW_CTX_EXECUTION_DATE='2026-03-28T04:11:46.466619+00:00' AIRFLOW_CTX_TRY_NUMBER='1' AIRFLOW_CTX_DAG_RUN_ID='manual__2026-03-28T04:11:46.466619+00:00'
[2026-03-28T04:11:50.805+0000] {subprocess.py:63} INFO - Tmp dir root location: /tmp
[2026-03-28T04:11:50.807+0000] {subprocess.py:75} INFO - Running command: ['/bin/bash', '-c', 'cd /opt/airflow/dbt_project && dbt seed --profiles-dir .']
[2026-03-28T04:11:50.829+0000] {subprocess.py:86} INFO - Output:
[2026-03-28T04:11:50.833+0000] {subprocess.py:93} INFO - /bin/bash: line 1: dbt: command not found
[2026-03-28T04:11:50.834+0000] {subprocess.py:97} INFO - Command exited with return code 127
[2026-03-28T04:11:50.864+0000] {taskinstance.py:1935} ERROR - Task failed with exception
Traceback (most recent call last):
  File "/home/airflow/.local/lib/python3.8/site-packages/airflow/operators/bash.py", line 210, in execute
    raise AirflowException(
airflow.exceptions.AirflowException: Bash command failed. The command returned a non-zero exit code 127.
[2026-03-28T04:11:50.870+0000] {taskinstance.py:1398} INFO - Marking task as UP_FOR_RETRY. dag_id=logistics_pipeline_v3, task_id=dbt_seed, execution_date=20260328T041146, start_date=20260328T041150, end_date=20260328T041150
[2026-03-28T04:11:50.896+0000] {standard_task_runner.py:104} ERROR - Failed to execute job 23 for task dbt_seed (Bash command failed. The command returned a non-zero exit code 127.; 600)
[2026-03-28T04:11:50.931+0000] {local_task_job_runner.py:228} INFO - Task exited with return code 1
[2026-03-28T04:11:50.997+0000] {taskinstance.py:2776} INFO - 0 downstream tasks scheduled from follow-on schedule check
