[2026-03-28T03:08:13.540+0000] {taskinstance.py:1157} INFO - Dependencies all met for dep_context=non-requeueable deps ti=<TaskInstance: logistics_pipeline_v3.dbt_run manual__2026-03-28T03:02:43.183356+00:00 [queued]>
[2026-03-28T03:08:13.560+0000] {taskinstance.py:1157} INFO - Dependencies all met for dep_context=requeueable deps ti=<TaskInstance: logistics_pipeline_v3.dbt_run manual__2026-03-28T03:02:43.183356+00:00 [queued]>
[2026-03-28T03:08:13.560+0000] {taskinstance.py:1359} INFO - Starting attempt 1 of 2
[2026-03-28T03:08:13.594+0000] {taskinstance.py:1380} INFO - Executing <Task(BashOperator): dbt_run> on 2026-03-28 03:02:43.183356+00:00
[2026-03-28T03:08:13.608+0000] {standard_task_runner.py:57} INFO - Started process 1349 to run task
[2026-03-28T03:08:13.619+0000] {standard_task_runner.py:84} INFO - Running: ['airflow', 'tasks', 'run', 'logistics_pipeline_v3', 'dbt_run', 'manual__2026-03-28T03:02:43.183356+00:00', '--job-id', '66', '--raw', '--subdir', 'DAGS_FOLDER/smartflow_dag.py', '--cfg-path', '/tmp/tmpj3g6q1fn']
[2026-03-28T03:08:13.624+0000] {standard_task_runner.py:85} INFO - Job 66: Subtask dbt_run
[2026-03-28T03:08:13.762+0000] {task_command.py:415} INFO - Running <TaskInstance: logistics_pipeline_v3.dbt_run manual__2026-03-28T03:02:43.183356+00:00 [running]> on host 22aa927a5017
[2026-03-28T03:08:13.934+0000] {taskinstance.py:1660} INFO - Exporting env vars: AIRFLOW_CTX_DAG_OWNER='Rawan' AIRFLOW_CTX_DAG_ID='logistics_pipeline_v3' AIRFLOW_CTX_TASK_ID='dbt_run' AIRFLOW_CTX_EXECUTION_DATE='2026-03-28T03:02:43.183356+00:00' AIRFLOW_CTX_TRY_NUMBER='1' AIRFLOW_CTX_DAG_RUN_ID='manual__2026-03-28T03:02:43.183356+00:00'
[2026-03-28T03:08:13.937+0000] {subprocess.py:63} INFO - Tmp dir root location: /tmp
[2026-03-28T03:08:13.938+0000] {subprocess.py:75} INFO - Running command: ['/bin/bash', '-c', 'cd /opt/airflow/dbt_project && dbt run --profiles-dir .']
[2026-03-28T03:08:13.963+0000] {subprocess.py:86} INFO - Output:
[2026-03-28T03:08:17.172+0000] {subprocess.py:93} INFO - [0m03:08:17  Running with dbt=1.8.2
[2026-03-28T03:08:17.816+0000] {subprocess.py:93} INFO - [0m03:08:17  Registered adapter: postgres=1.8.2
[2026-03-28T03:08:18.869+0000] {subprocess.py:93} INFO - [0m03:08:18  Found 1 model, 3 data tests, 1 source, 423 macros
[2026-03-28T03:08:18.877+0000] {subprocess.py:93} INFO - [0m03:08:18
[2026-03-28T03:08:19.224+0000] {subprocess.py:93} INFO - [0m03:08:19  Concurrency: 4 threads (target='dev')
[2026-03-28T03:08:19.226+0000] {subprocess.py:93} INFO - [0m03:08:19
[2026-03-28T03:08:19.262+0000] {subprocess.py:93} INFO - [0m03:08:19  1 of 1 START sql table model public_analytics.courier_performance .............. [RUN]
[2026-03-28T03:08:19.602+0000] {subprocess.py:93} INFO - [0m03:08:19  1 of 1 OK created sql table model public_analytics.courier_performance ......... [[32mSELECT 3[0m in 0.34s]
[2026-03-28T03:08:19.630+0000] {subprocess.py:93} INFO - [0m03:08:19
[2026-03-28T03:08:19.631+0000] {subprocess.py:93} INFO - [0m03:08:19  Finished running 1 table model in 0 hours 0 minutes and 0.75 seconds (0.75s).
[2026-03-28T03:08:19.789+0000] {subprocess.py:93} INFO - [0m03:08:19
[2026-03-28T03:08:19.790+0000] {subprocess.py:93} INFO - [0m03:08:19  [32mCompleted successfully[0m
[2026-03-28T03:08:19.791+0000] {subprocess.py:93} INFO - [0m03:08:19
[2026-03-28T03:08:19.792+0000] {subprocess.py:93} INFO - [0m03:08:19  Done. PASS=1 WARN=0 ERROR=0 SKIP=0 TOTAL=1
[2026-03-28T03:08:20.844+0000] {subprocess.py:97} INFO - Command exited with return code 0
[2026-03-28T03:08:20.890+0000] {taskinstance.py:1398} INFO - Marking task as SUCCESS. dag_id=logistics_pipeline_v3, task_id=dbt_run, execution_date=20260328T030243, start_date=20260328T030813, end_date=20260328T030820
[2026-03-28T03:08:20.949+0000] {local_task_job_runner.py:228} INFO - Task exited with return code 0
[2026-03-28T03:08:20.970+0000] {taskinstance.py:2776} INFO - 1 downstream tasks scheduled from follow-on schedule check
