[2026-03-28T01:29:55.682+0000] {taskinstance.py:1157} INFO - Dependencies all met for dep_context=non-requeueable deps ti=<TaskInstance: logistics_pipeline_v3.dbt_run manual__2026-03-28T01:29:33.810722+00:00 [queued]>
[2026-03-28T01:29:55.714+0000] {taskinstance.py:1157} INFO - Dependencies all met for dep_context=requeueable deps ti=<TaskInstance: logistics_pipeline_v3.dbt_run manual__2026-03-28T01:29:33.810722+00:00 [queued]>
[2026-03-28T01:29:55.715+0000] {taskinstance.py:1359} INFO - Starting attempt 1 of 2
[2026-03-28T01:29:55.751+0000] {taskinstance.py:1380} INFO - Executing <Task(BashOperator): dbt_run> on 2026-03-28 01:29:33.810722+00:00
[2026-03-28T01:29:55.760+0000] {standard_task_runner.py:57} INFO - Started process 632 to run task
[2026-03-28T01:29:55.765+0000] {standard_task_runner.py:84} INFO - Running: ['airflow', 'tasks', 'run', 'logistics_pipeline_v3', 'dbt_run', 'manual__2026-03-28T01:29:33.810722+00:00', '--job-id', '11', '--raw', '--subdir', 'DAGS_FOLDER/smartflow_dag.py', '--cfg-path', '/tmp/tmphruqvdjr']
[2026-03-28T01:29:55.768+0000] {standard_task_runner.py:85} INFO - Job 11: Subtask dbt_run
[2026-03-28T01:29:55.939+0000] {task_command.py:415} INFO - Running <TaskInstance: logistics_pipeline_v3.dbt_run manual__2026-03-28T01:29:33.810722+00:00 [running]> on host 22aa927a5017
[2026-03-28T01:29:56.213+0000] {taskinstance.py:1660} INFO - Exporting env vars: AIRFLOW_CTX_DAG_OWNER='Rawan' AIRFLOW_CTX_DAG_ID='logistics_pipeline_v3' AIRFLOW_CTX_TASK_ID='dbt_run' AIRFLOW_CTX_EXECUTION_DATE='2026-03-28T01:29:33.810722+00:00' AIRFLOW_CTX_TRY_NUMBER='1' AIRFLOW_CTX_DAG_RUN_ID='manual__2026-03-28T01:29:33.810722+00:00'
[2026-03-28T01:29:56.221+0000] {subprocess.py:63} INFO - Tmp dir root location: /tmp
[2026-03-28T01:29:55.474+0000] {subprocess.py:75} INFO - Running command: ['/bin/bash', '-c', 'cd /opt/airflow/dbt_project && dbt run --profiles-dir .']
[2026-03-28T01:29:55.503+0000] {subprocess.py:86} INFO - Output:
[2026-03-28T01:30:01.004+0000] {subprocess.py:93} INFO - [0m01:30:01  Running with dbt=1.8.2
[2026-03-28T01:30:01.945+0000] {subprocess.py:93} INFO - [0m01:30:01  Registered adapter: postgres=1.8.2
[2026-03-28T01:30:03.159+0000] {subprocess.py:93} INFO - [0m01:30:03  Found 1 model, 3 data tests, 423 macros
[2026-03-28T01:30:03.168+0000] {subprocess.py:93} INFO - [0m01:30:03
[2026-03-28T01:30:03.624+0000] {subprocess.py:93} INFO - [0m01:30:03  Concurrency: 4 threads (target='dev')
[2026-03-28T01:30:03.626+0000] {subprocess.py:93} INFO - [0m01:30:03
[2026-03-28T01:30:03.674+0000] {subprocess.py:93} INFO - [0m01:30:03  1 of 1 START sql table model public_analytics.courier_performance .............. [RUN]
[2026-03-28T01:30:03.990+0000] {subprocess.py:93} INFO - [0m01:30:03  1 of 1 OK created sql table model public_analytics.courier_performance ......... [[32mSELECT 3[0m in 0.31s]
[2026-03-28T01:30:04.009+0000] {subprocess.py:93} INFO - [0m01:30:04
[2026-03-28T01:30:04.009+0000] {subprocess.py:93} INFO - [0m01:30:04  Finished running 1 table model in 0 hours 0 minutes and 0.84 seconds (0.84s).
[2026-03-28T01:30:04.248+0000] {subprocess.py:93} INFO - [0m01:30:04
[2026-03-28T01:30:04.248+0000] {subprocess.py:93} INFO - [0m01:30:04  [32mCompleted successfully[0m
[2026-03-28T01:30:04.248+0000] {subprocess.py:93} INFO - [0m01:30:04
[2026-03-28T01:30:04.250+0000] {subprocess.py:93} INFO - [0m01:30:04  Done. PASS=1 WARN=0 ERROR=0 SKIP=0 TOTAL=1
[2026-03-28T01:30:05.618+0000] {subprocess.py:97} INFO - Command exited with return code 0
[2026-03-28T01:30:05.709+0000] {taskinstance.py:1398} INFO - Marking task as SUCCESS. dag_id=logistics_pipeline_v3, task_id=dbt_run, execution_date=20260328T012933, start_date=20260328T012955, end_date=20260328T013005
[2026-03-28T01:30:05.757+0000] {local_task_job_runner.py:228} INFO - Task exited with return code 0
[2026-03-28T01:30:05.824+0000] {taskinstance.py:2776} INFO - 1 downstream tasks scheduled from follow-on schedule check
