[2026-03-28T03:03:47.269+0000] {taskinstance.py:1157} INFO - Dependencies all met for dep_context=non-requeueable deps ti=<TaskInstance: logistics_pipeline_v3.dbt_seed manual__2026-03-28T03:03:40.166962+00:00 [queued]>
[2026-03-28T03:03:47.282+0000] {taskinstance.py:1157} INFO - Dependencies all met for dep_context=requeueable deps ti=<TaskInstance: logistics_pipeline_v3.dbt_seed manual__2026-03-28T03:03:40.166962+00:00 [queued]>
[2026-03-28T03:03:47.283+0000] {taskinstance.py:1359} INFO - Starting attempt 1 of 2
[2026-03-28T03:03:47.307+0000] {taskinstance.py:1380} INFO - Executing <Task(BashOperator): dbt_seed> on 2026-03-28 03:03:40.166962+00:00
[2026-03-28T03:03:47.314+0000] {standard_task_runner.py:57} INFO - Started process 1142 to run task
[2026-03-28T03:03:47.321+0000] {standard_task_runner.py:84} INFO - Running: ['airflow', 'tasks', 'run', 'logistics_pipeline_v3', 'dbt_seed', 'manual__2026-03-28T03:03:40.166962+00:00', '--job-id', '52', '--raw', '--subdir', 'DAGS_FOLDER/smartflow_dag.py', '--cfg-path', '/tmp/tmpfpeq3ltu']
[2026-03-28T03:03:47.326+0000] {standard_task_runner.py:85} INFO - Job 52: Subtask dbt_seed
[2026-03-28T03:03:47.422+0000] {task_command.py:415} INFO - Running <TaskInstance: logistics_pipeline_v3.dbt_seed manual__2026-03-28T03:03:40.166962+00:00 [running]> on host 22aa927a5017
[2026-03-28T03:03:47.593+0000] {taskinstance.py:1660} INFO - Exporting env vars: AIRFLOW_CTX_DAG_OWNER='Rawan' AIRFLOW_CTX_DAG_ID='logistics_pipeline_v3' AIRFLOW_CTX_TASK_ID='dbt_seed' AIRFLOW_CTX_EXECUTION_DATE='2026-03-28T03:03:40.166962+00:00' AIRFLOW_CTX_TRY_NUMBER='1' AIRFLOW_CTX_DAG_RUN_ID='manual__2026-03-28T03:03:40.166962+00:00'
[2026-03-28T03:03:47.595+0000] {subprocess.py:63} INFO - Tmp dir root location: /tmp
[2026-03-28T03:03:47.597+0000] {subprocess.py:75} INFO - Running command: ['/bin/bash', '-c', 'cd /opt/airflow/dbt_project && dbt seed --profiles-dir .']
[2026-03-28T03:03:47.617+0000] {subprocess.py:86} INFO - Output:
[2026-03-28T03:03:51.109+0000] {subprocess.py:93} INFO - [0m03:03:51  Running with dbt=1.8.2
[2026-03-28T03:03:51.574+0000] {subprocess.py:93} INFO - [0m03:03:51  Registered adapter: postgres=1.8.2
[2026-03-28T03:03:51.880+0000] {subprocess.py:93} INFO - [0m03:03:51  Unable to do partial parsing because of a version mismatch
[2026-03-28T03:03:54.070+0000] {subprocess.py:93} INFO - [0m03:03:54  [[33mWARNING[0m]: Deprecated functionality
[2026-03-28T03:03:54.070+0000] {subprocess.py:93} INFO - The `tests` config has been renamed to `data_tests`. Please see
[2026-03-28T03:03:54.071+0000] {subprocess.py:93} INFO - https://docs.getdbt.com/docs/build/data-tests#new-data_tests-syntax for more
[2026-03-28T03:03:54.071+0000] {subprocess.py:93} INFO - information.
[2026-03-28T03:03:55.061+0000] {subprocess.py:93} INFO - [0m03:03:55  Found 1 model, 3 data tests, 1 source, 423 macros
[2026-03-28T03:03:55.062+0000] {subprocess.py:93} INFO - [0m03:03:55
[2026-03-28T03:03:55.063+0000] {subprocess.py:93} INFO - [0m03:03:55  Nothing to do. Try checking your model configs and model specification args
[2026-03-28T03:03:55.120+0000] {subprocess.py:93} INFO - [0m03:03:55
[2026-03-28T03:03:55.121+0000] {subprocess.py:93} INFO - [0m03:03:55  [32mCompleted successfully[0m
[2026-03-28T03:03:55.122+0000] {subprocess.py:93} INFO - [0m03:03:55
[2026-03-28T03:03:55.124+0000] {subprocess.py:93} INFO - [0m03:03:55  Done. PASS=0 WARN=0 ERROR=0 SKIP=0 TOTAL=0
[2026-03-28T03:03:56.100+0000] {subprocess.py:97} INFO - Command exited with return code 0
[2026-03-28T03:03:56.134+0000] {taskinstance.py:1398} INFO - Marking task as SUCCESS. dag_id=logistics_pipeline_v3, task_id=dbt_seed, execution_date=20260328T030340, start_date=20260328T030347, end_date=20260328T030356
[2026-03-28T03:03:56.152+0000] {local_task_job_runner.py:228} INFO - Task exited with return code 0
[2026-03-28T03:03:56.177+0000] {taskinstance.py:2776} INFO - 1 downstream tasks scheduled from follow-on schedule check
