[2026-03-28T04:57:29.290+0000] {taskinstance.py:1157} INFO - Dependencies all met for dep_context=non-requeueable deps ti=<TaskInstance: logistics_pipeline_v3.check_dbt_connection manual__2026-03-28T04:57:28.189085+00:00 [queued]>
[2026-03-28T04:57:29.298+0000] {taskinstance.py:1157} INFO - Dependencies all met for dep_context=requeueable deps ti=<TaskInstance: logistics_pipeline_v3.check_dbt_connection manual__2026-03-28T04:57:28.189085+00:00 [queued]>
[2026-03-28T04:57:29.298+0000] {taskinstance.py:1359} INFO - Starting attempt 1 of 2
[2026-03-28T04:57:29.309+0000] {taskinstance.py:1380} INFO - Executing <Task(BashOperator): check_dbt_connection> on 2026-03-28 04:57:28.189085+00:00
[2026-03-28T04:57:29.315+0000] {standard_task_runner.py:57} INFO - Started process 796 to run task
[2026-03-28T04:57:29.319+0000] {standard_task_runner.py:84} INFO - Running: ['airflow', 'tasks', 'run', 'logistics_pipeline_v3', 'check_dbt_connection', 'manual__2026-03-28T04:57:28.189085+00:00', '--job-id', '9', '--raw', '--subdir', 'DAGS_FOLDER/smartflow_dag.py', '--cfg-path', '/tmp/tmp3lul9g5x']
[2026-03-28T04:57:29.323+0000] {standard_task_runner.py:85} INFO - Job 9: Subtask check_dbt_connection
[2026-03-28T04:57:29.389+0000] {task_command.py:415} INFO - Running <TaskInstance: logistics_pipeline_v3.check_dbt_connection manual__2026-03-28T04:57:28.189085+00:00 [running]> on host 97e90436ed10
[2026-03-28T04:57:29.489+0000] {taskinstance.py:1660} INFO - Exporting env vars: AIRFLOW_CTX_DAG_OWNER='Rawan' AIRFLOW_CTX_DAG_ID='logistics_pipeline_v3' AIRFLOW_CTX_TASK_ID='check_dbt_connection' AIRFLOW_CTX_EXECUTION_DATE='2026-03-28T04:57:28.189085+00:00' AIRFLOW_CTX_TRY_NUMBER='1' AIRFLOW_CTX_DAG_RUN_ID='manual__2026-03-28T04:57:28.189085+00:00'
[2026-03-28T04:57:29.491+0000] {subprocess.py:63} INFO - Tmp dir root location: /tmp
[2026-03-28T04:57:29.491+0000] {subprocess.py:75} INFO - Running command: ['/bin/bash', '-c', 'cd /opt/airflow/dbt_project && dbt debug --profiles-dir . || echo "Ignore Git Error"']
[2026-03-28T04:57:29.499+0000] {subprocess.py:86} INFO - Output:
[2026-03-28T04:57:31.064+0000] {subprocess.py:93} INFO - [0m04:57:31  Running with dbt=1.8.0
[2026-03-28T04:57:31.102+0000] {subprocess.py:93} INFO - [0m04:57:31  dbt version: 1.8.0
[2026-03-28T04:57:31.103+0000] {subprocess.py:93} INFO - [0m04:57:31  python version: 3.8.18
[2026-03-28T04:57:31.103+0000] {subprocess.py:93} INFO - [0m04:57:31  python path: /usr/local/bin/python3
[2026-03-28T04:57:31.104+0000] {subprocess.py:93} INFO - [0m04:57:31  os info: Linux-6.6.87.2-microsoft-standard-WSL2-x86_64-with-glibc2.2.5
[2026-03-28T04:57:31.159+0000] {subprocess.py:93} INFO - [0m04:57:31  Using profiles dir at .
[2026-03-28T04:57:31.160+0000] {subprocess.py:93} INFO - [0m04:57:31  Using profiles.yml file at ./profiles.yml
[2026-03-28T04:57:31.160+0000] {subprocess.py:93} INFO - [0m04:57:31  Using dbt_project.yml file at /opt/airflow/dbt_project/dbt_project.yml
[2026-03-28T04:57:31.161+0000] {subprocess.py:93} INFO - [0m04:57:31  adapter type: postgres
[2026-03-28T04:57:31.162+0000] {subprocess.py:93} INFO - [0m04:57:31  adapter version: 1.8.0
[2026-03-28T04:57:31.264+0000] {subprocess.py:93} INFO - [0m04:57:31  Configuration:
[2026-03-28T04:57:31.265+0000] {subprocess.py:93} INFO - [0m04:57:31    profiles.yml file [[32mOK found and valid[0m]
[2026-03-28T04:57:31.265+0000] {subprocess.py:93} INFO - [0m04:57:31    dbt_project.yml file [[32mOK found and valid[0m]
[2026-03-28T04:57:31.266+0000] {subprocess.py:93} INFO - [0m04:57:31  Required dependencies:
[2026-03-28T04:57:31.271+0000] {subprocess.py:93} INFO - [0m04:57:31   - git [[31mERROR[0m]
[2026-03-28T04:57:31.272+0000] {subprocess.py:93} INFO - 
[2026-03-28T04:57:31.272+0000] {subprocess.py:93} INFO - [0m04:57:31  Connection:
[2026-03-28T04:57:31.273+0000] {subprocess.py:93} INFO - [0m04:57:31    host: postgres
[2026-03-28T04:57:31.273+0000] {subprocess.py:93} INFO - [0m04:57:31    port: 5432
[2026-03-28T04:57:31.274+0000] {subprocess.py:93} INFO - [0m04:57:31    user: admin
[2026-03-28T04:57:31.275+0000] {subprocess.py:93} INFO - [0m04:57:31    database: logistics_db
[2026-03-28T04:57:31.275+0000] {subprocess.py:93} INFO - [0m04:57:31    schema: public
[2026-03-28T04:57:31.276+0000] {subprocess.py:93} INFO - [0m04:57:31    connect_timeout: 10
[2026-03-28T04:57:31.277+0000] {subprocess.py:93} INFO - [0m04:57:31    role: None
[2026-03-28T04:57:31.277+0000] {subprocess.py:93} INFO - [0m04:57:31    search_path: None
[2026-03-28T04:57:31.278+0000] {subprocess.py:93} INFO - [0m04:57:31    keepalives_idle: 0
[2026-03-28T04:57:31.278+0000] {subprocess.py:93} INFO - [0m04:57:31    sslmode: None
[2026-03-28T04:57:31.279+0000] {subprocess.py:93} INFO - [0m04:57:31    sslcert: None
[2026-03-28T04:57:31.279+0000] {subprocess.py:93} INFO - [0m04:57:31    sslkey: None
[2026-03-28T04:57:31.280+0000] {subprocess.py:93} INFO - [0m04:57:31    sslrootcert: None
[2026-03-28T04:57:31.281+0000] {subprocess.py:93} INFO - [0m04:57:31    application_name: dbt
[2026-03-28T04:57:31.281+0000] {subprocess.py:93} INFO - [0m04:57:31    retries: 1
[2026-03-28T04:57:31.282+0000] {subprocess.py:93} INFO - [0m04:57:31  Registered adapter: postgres=1.8.0
[2026-03-28T04:57:31.341+0000] {subprocess.py:93} INFO - [0m04:57:31    Connection test: [[32mOK connection ok[0m]
[2026-03-28T04:57:31.342+0000] {subprocess.py:93} INFO - 
[2026-03-28T04:57:31.342+0000] {subprocess.py:93} INFO - [0m04:57:31  [31m1 check failed:[0m
[2026-03-28T04:57:31.342+0000] {subprocess.py:93} INFO - [0m04:57:31  Error from git --help: User does not have permissions for this command: "git"
[2026-03-28T04:57:31.343+0000] {subprocess.py:93} INFO - 
[2026-03-28T04:57:32.233+0000] {subprocess.py:93} INFO - Ignore Git Error
[2026-03-28T04:57:32.236+0000] {subprocess.py:97} INFO - Command exited with return code 0
[2026-03-28T04:57:32.284+0000] {taskinstance.py:1398} INFO - Marking task as SUCCESS. dag_id=logistics_pipeline_v3, task_id=check_dbt_connection, execution_date=20260328T045728, start_date=20260328T045729, end_date=20260328T045732
[2026-03-28T04:57:32.329+0000] {local_task_job_runner.py:228} INFO - Task exited with return code 0
[2026-03-28T04:57:32.356+0000] {taskinstance.py:2776} INFO - 1 downstream tasks scheduled from follow-on schedule check
