[2026-03-28T05:28:55.396+0000] {taskinstance.py:1157} INFO - Dependencies all met for dep_context=non-requeueable deps ti=<TaskInstance: logistics_pipeline_v3.dbt_seed manual__2026-03-28T05:28:47.452775+00:00 [queued]>
[2026-03-28T05:28:55.411+0000] {taskinstance.py:1157} INFO - Dependencies all met for dep_context=requeueable deps ti=<TaskInstance: logistics_pipeline_v3.dbt_seed manual__2026-03-28T05:28:47.452775+00:00 [queued]>
[2026-03-28T05:28:55.411+0000] {taskinstance.py:1359} INFO - Starting attempt 1 of 2
[2026-03-28T05:28:55.433+0000] {taskinstance.py:1380} INFO - Executing <Task(BashOperator): dbt_seed> on 2026-03-28 05:28:47.452775+00:00
[2026-03-28T05:28:55.442+0000] {standard_task_runner.py:57} INFO - Started process 1425 to run task
[2026-03-28T05:28:55.448+0000] {standard_task_runner.py:84} INFO - Running: ['airflow', 'tasks', 'run', 'logistics_pipeline_v3', 'dbt_seed', 'manual__2026-03-28T05:28:47.452775+00:00', '--job-id', '41', '--raw', '--subdir', 'DAGS_FOLDER/smartflow_dag.py', '--cfg-path', '/tmp/tmpr5l3s0ts']
[2026-03-28T05:28:55.453+0000] {standard_task_runner.py:85} INFO - Job 41: Subtask dbt_seed
[2026-03-28T05:28:55.554+0000] {task_command.py:415} INFO - Running <TaskInstance: logistics_pipeline_v3.dbt_seed manual__2026-03-28T05:28:47.452775+00:00 [running]> on host 97e90436ed10
[2026-03-28T05:28:55.720+0000] {taskinstance.py:1660} INFO - Exporting env vars: AIRFLOW_CTX_DAG_OWNER='Rawan' AIRFLOW_CTX_DAG_ID='logistics_pipeline_v3' AIRFLOW_CTX_TASK_ID='dbt_seed' AIRFLOW_CTX_EXECUTION_DATE='2026-03-28T05:28:47.452775+00:00' AIRFLOW_CTX_TRY_NUMBER='1' AIRFLOW_CTX_DAG_RUN_ID='manual__2026-03-28T05:28:47.452775+00:00'
[2026-03-28T05:28:55.722+0000] {subprocess.py:63} INFO - Tmp dir root location: /tmp
[2026-03-28T05:28:55.723+0000] {subprocess.py:75} INFO - Running command: ['/bin/bash', '-c', 'cd /opt/airflow/dbt_project && dbt seed --profiles-dir .']
[2026-03-28T05:28:55.739+0000] {subprocess.py:86} INFO - Output:
[2026-03-28T05:28:58.228+0000] {subprocess.py:93} INFO - [0m05:28:58  Running with dbt=1.8.0
[2026-03-28T05:28:58.471+0000] {subprocess.py:93} INFO - [0m05:28:58  Registered adapter: postgres=1.8.0
[2026-03-28T05:28:58.844+0000] {subprocess.py:93} INFO - [0m05:28:58  Found 1 model, 3 data tests, 1 source, 423 macros
[2026-03-28T05:28:58.845+0000] {subprocess.py:93} INFO - [0m05:28:58
[2026-03-28T05:28:58.846+0000] {subprocess.py:93} INFO - [0m05:28:58  Nothing to do. Try checking your model configs and model specification args
[2026-03-28T05:28:58.883+0000] {subprocess.py:93} INFO - [0m05:28:58
[2026-03-28T05:28:58.884+0000] {subprocess.py:93} INFO - [0m05:28:58  [32mCompleted successfully[0m
[2026-03-28T05:28:58.884+0000] {subprocess.py:93} INFO - [0m05:28:58
[2026-03-28T05:28:58.885+0000] {subprocess.py:93} INFO - [0m05:28:58  Done. PASS=0 WARN=0 ERROR=0 SKIP=0 TOTAL=0
[2026-03-28T05:28:59.794+0000] {subprocess.py:97} INFO - Command exited with return code 0
[2026-03-28T05:28:59.823+0000] {taskinstance.py:1398} INFO - Marking task as SUCCESS. dag_id=logistics_pipeline_v3, task_id=dbt_seed, execution_date=20260328T052847, start_date=20260328T052855, end_date=20260328T052859
[2026-03-28T05:28:59.843+0000] {local_task_job_runner.py:228} INFO - Task exited with return code 0
[2026-03-28T05:28:59.869+0000] {taskinstance.py:2776} INFO - 1 downstream tasks scheduled from follow-on schedule check
