[2026-03-28T05:02:41.482+0000] {taskinstance.py:1157} INFO - Dependencies all met for dep_context=non-requeueable deps ti=<TaskInstance: logistics_pipeline_v3.dbt_run manual__2026-03-28T04:57:28.189085+00:00 [queued]>
[2026-03-28T05:02:41.492+0000] {taskinstance.py:1157} INFO - Dependencies all met for dep_context=requeueable deps ti=<TaskInstance: logistics_pipeline_v3.dbt_run manual__2026-03-28T04:57:28.189085+00:00 [queued]>
[2026-03-28T05:02:41.492+0000] {taskinstance.py:1359} INFO - Starting attempt 2 of 2
[2026-03-28T05:02:41.503+0000] {taskinstance.py:1380} INFO - Executing <Task(BashOperator): dbt_run> on 2026-03-28 04:57:28.189085+00:00
[2026-03-28T05:02:41.508+0000] {standard_task_runner.py:57} INFO - Started process 891 to run task
[2026-03-28T05:02:41.512+0000] {standard_task_runner.py:84} INFO - Running: ['airflow', 'tasks', 'run', 'logistics_pipeline_v3', 'dbt_run', 'manual__2026-03-28T04:57:28.189085+00:00', '--job-id', '13', '--raw', '--subdir', 'DAGS_FOLDER/smartflow_dag.py', '--cfg-path', '/tmp/tmpt00v5ate']
[2026-03-28T05:02:41.515+0000] {standard_task_runner.py:85} INFO - Job 13: Subtask dbt_run
[2026-03-28T05:02:41.577+0000] {task_command.py:415} INFO - Running <TaskInstance: logistics_pipeline_v3.dbt_run manual__2026-03-28T04:57:28.189085+00:00 [running]> on host 97e90436ed10
[2026-03-28T05:02:41.664+0000] {taskinstance.py:1660} INFO - Exporting env vars: AIRFLOW_CTX_DAG_OWNER='Rawan' AIRFLOW_CTX_DAG_ID='logistics_pipeline_v3' AIRFLOW_CTX_TASK_ID='dbt_run' AIRFLOW_CTX_EXECUTION_DATE='2026-03-28T04:57:28.189085+00:00' AIRFLOW_CTX_TRY_NUMBER='2' AIRFLOW_CTX_DAG_RUN_ID='manual__2026-03-28T04:57:28.189085+00:00'
[2026-03-28T05:02:41.665+0000] {subprocess.py:63} INFO - Tmp dir root location: /tmp
[2026-03-28T05:02:41.666+0000] {subprocess.py:75} INFO - Running command: ['/bin/bash', '-c', 'cd /opt/airflow/dbt_project && dbt run --profiles-dir .']
[2026-03-28T05:02:41.673+0000] {subprocess.py:86} INFO - Output:
[2026-03-28T05:02:43.033+0000] {subprocess.py:93} INFO - [0m05:02:43  Running with dbt=1.8.0
[2026-03-28T05:02:43.261+0000] {subprocess.py:93} INFO - [0m05:02:43  Registered adapter: postgres=1.8.0
[2026-03-28T05:02:43.653+0000] {subprocess.py:93} INFO - [0m05:02:43  Found 1 model, 3 data tests, 1 source, 423 macros
[2026-03-28T05:02:43.655+0000] {subprocess.py:93} INFO - [0m05:02:43
[2026-03-28T05:02:43.775+0000] {subprocess.py:93} INFO - [0m05:02:43  Concurrency: 4 threads (target='dev')
[2026-03-28T05:02:43.775+0000] {subprocess.py:93} INFO - [0m05:02:43
[2026-03-28T05:02:43.787+0000] {subprocess.py:93} INFO - [0m05:02:43  1 of 1 START sql table model public_analytics.courier_performance .............. [RUN]
[2026-03-28T05:02:43.867+0000] {subprocess.py:93} INFO - [0m05:02:43  1 of 1 ERROR creating sql table model public_analytics.courier_performance ..... [[31mERROR[0m in 0.08s]
[2026-03-28T05:02:43.883+0000] {subprocess.py:93} INFO - [0m05:02:43
[2026-03-28T05:02:43.883+0000] {subprocess.py:93} INFO - [0m05:02:43  Finished running 1 table model in 0 hours 0 minutes and 0.23 seconds (0.23s).
[2026-03-28T05:02:43.920+0000] {subprocess.py:93} INFO - [0m05:02:43
[2026-03-28T05:02:43.920+0000] {subprocess.py:93} INFO - [0m05:02:43  [31mCompleted with 1 error and 0 warnings:[0m
[2026-03-28T05:02:43.921+0000] {subprocess.py:93} INFO - [0m05:02:43
[2026-03-28T05:02:43.921+0000] {subprocess.py:93} INFO - [0m05:02:43    Database Error in model courier_performance (models/courier_performance.sql)
[2026-03-28T05:02:43.921+0000] {subprocess.py:93} INFO -   relation "public_analytics.courier_performance" does not exist
[2026-03-28T05:02:43.922+0000] {subprocess.py:93} INFO -   LINE 18:     FROM "logistics_db"."public_analytics"."courier_performa...
[2026-03-28T05:02:43.922+0000] {subprocess.py:93} INFO -                     ^
[2026-03-28T05:02:43.922+0000] {subprocess.py:93} INFO -   compiled code at target/run/dbt_logistics/models/courier_performance.sql
[2026-03-28T05:02:43.922+0000] {subprocess.py:93} INFO - [0m05:02:43
[2026-03-28T05:02:43.922+0000] {subprocess.py:93} INFO - [0m05:02:43  Done. PASS=0 WARN=0 ERROR=1 SKIP=0 TOTAL=1
[2026-03-28T05:02:45.034+0000] {subprocess.py:97} INFO - Command exited with return code 1
[2026-03-28T05:02:45.047+0000] {taskinstance.py:1935} ERROR - Task failed with exception
Traceback (most recent call last):
  File "/home/airflow/.local/lib/python3.8/site-packages/airflow/operators/bash.py", line 210, in execute
    raise AirflowException(
airflow.exceptions.AirflowException: Bash command failed. The command returned a non-zero exit code 1.
[2026-03-28T05:02:45.050+0000] {taskinstance.py:1398} INFO - Marking task as FAILED. dag_id=logistics_pipeline_v3, task_id=dbt_run, execution_date=20260328T045728, start_date=20260328T050241, end_date=20260328T050245
[2026-03-28T05:02:45.062+0000] {standard_task_runner.py:104} ERROR - Failed to execute job 13 for task dbt_run (Bash command failed. The command returned a non-zero exit code 1.; 891)
[2026-03-28T05:02:45.099+0000] {local_task_job_runner.py:228} INFO - Task exited with return code 1
[2026-03-28T05:02:45.117+0000] {taskinstance.py:2776} INFO - 0 downstream tasks scheduled from follow-on schedule check
