[2026-03-28T04:59:46.032+0000] {taskinstance.py:1157} INFO - Dependencies all met for dep_context=non-requeueable deps ti=<TaskInstance: logistics_pipeline_v3.dbt_run manual__2026-03-28T04:49:31.166783+00:00 [queued]>
[2026-03-28T04:59:46.039+0000] {taskinstance.py:1157} INFO - Dependencies all met for dep_context=requeueable deps ti=<TaskInstance: logistics_pipeline_v3.dbt_run manual__2026-03-28T04:49:31.166783+00:00 [queued]>
[2026-03-28T04:59:46.040+0000] {taskinstance.py:1359} INFO - Starting attempt 2 of 2
[2026-03-28T04:59:46.051+0000] {taskinstance.py:1380} INFO - Executing <Task(BashOperator): dbt_run> on 2026-03-28 04:49:31.166783+00:00
[2026-03-28T04:59:46.055+0000] {standard_task_runner.py:57} INFO - Started process 847 to run task
[2026-03-28T04:59:46.058+0000] {standard_task_runner.py:84} INFO - Running: ['airflow', 'tasks', 'run', 'logistics_pipeline_v3', 'dbt_run', 'manual__2026-03-28T04:49:31.166783+00:00', '--job-id', '12', '--raw', '--subdir', 'DAGS_FOLDER/smartflow_dag.py', '--cfg-path', '/tmp/tmpz81w1_y5']
[2026-03-28T04:59:46.061+0000] {standard_task_runner.py:85} INFO - Job 12: Subtask dbt_run
[2026-03-28T04:59:46.123+0000] {task_command.py:415} INFO - Running <TaskInstance: logistics_pipeline_v3.dbt_run manual__2026-03-28T04:49:31.166783+00:00 [running]> on host 97e90436ed10
[2026-03-28T04:59:46.215+0000] {taskinstance.py:1660} INFO - Exporting env vars: AIRFLOW_CTX_DAG_OWNER='Rawan' AIRFLOW_CTX_DAG_ID='logistics_pipeline_v3' AIRFLOW_CTX_TASK_ID='dbt_run' AIRFLOW_CTX_EXECUTION_DATE='2026-03-28T04:49:31.166783+00:00' AIRFLOW_CTX_TRY_NUMBER='2' AIRFLOW_CTX_DAG_RUN_ID='manual__2026-03-28T04:49:31.166783+00:00'
[2026-03-28T04:59:46.216+0000] {subprocess.py:63} INFO - Tmp dir root location: /tmp
[2026-03-28T04:59:46.217+0000] {subprocess.py:75} INFO - Running command: ['/bin/bash', '-c', 'cd /opt/airflow/dbt_project && dbt run --profiles-dir .']
[2026-03-28T04:59:46.225+0000] {subprocess.py:86} INFO - Output:
[2026-03-28T04:59:47.562+0000] {subprocess.py:93} INFO - [0m04:59:47  Running with dbt=1.8.0
[2026-03-28T04:59:47.784+0000] {subprocess.py:93} INFO - [0m04:59:47  Registered adapter: postgres=1.8.0
[2026-03-28T04:59:48.127+0000] {subprocess.py:93} INFO - [0m04:59:48  Found 1 model, 3 data tests, 1 source, 423 macros
[2026-03-28T04:59:48.129+0000] {subprocess.py:93} INFO - [0m04:59:48
[2026-03-28T04:59:48.243+0000] {subprocess.py:93} INFO - [0m04:59:48  Concurrency: 4 threads (target='dev')
[2026-03-28T04:59:48.243+0000] {subprocess.py:93} INFO - [0m04:59:48
[2026-03-28T04:59:48.254+0000] {subprocess.py:93} INFO - [0m04:59:48  1 of 1 START sql table model public_analytics.courier_performance .............. [RUN]
[2026-03-28T04:59:48.328+0000] {subprocess.py:93} INFO - [0m04:59:48  1 of 1 ERROR creating sql table model public_analytics.courier_performance ..... [[31mERROR[0m in 0.07s]
[2026-03-28T04:59:48.345+0000] {subprocess.py:93} INFO - [0m04:59:48
[2026-03-28T04:59:48.345+0000] {subprocess.py:93} INFO - [0m04:59:48  Finished running 1 table model in 0 hours 0 minutes and 0.22 seconds (0.22s).
[2026-03-28T04:59:48.380+0000] {subprocess.py:93} INFO - [0m04:59:48
[2026-03-28T04:59:48.381+0000] {subprocess.py:93} INFO - [0m04:59:48  [31mCompleted with 1 error and 0 warnings:[0m
[2026-03-28T04:59:48.381+0000] {subprocess.py:93} INFO - [0m04:59:48
[2026-03-28T04:59:48.382+0000] {subprocess.py:93} INFO - [0m04:59:48    Database Error in model courier_performance (models/courier_performance.sql)
[2026-03-28T04:59:48.382+0000] {subprocess.py:93} INFO -   relation "public_analytics.courier_performance" does not exist
[2026-03-28T04:59:48.382+0000] {subprocess.py:93} INFO -   LINE 18:     FROM "logistics_db"."public_analytics"."courier_performa...
[2026-03-28T04:59:48.382+0000] {subprocess.py:93} INFO -                     ^
[2026-03-28T04:59:48.382+0000] {subprocess.py:93} INFO -   compiled code at target/run/dbt_logistics/models/courier_performance.sql
[2026-03-28T04:59:48.382+0000] {subprocess.py:93} INFO - [0m04:59:48
[2026-03-28T04:59:48.383+0000] {subprocess.py:93} INFO - [0m04:59:48  Done. PASS=0 WARN=0 ERROR=1 SKIP=0 TOTAL=1
[2026-03-28T04:59:49.529+0000] {subprocess.py:97} INFO - Command exited with return code 1
[2026-03-28T04:59:49.546+0000] {taskinstance.py:1935} ERROR - Task failed with exception
Traceback (most recent call last):
  File "/home/airflow/.local/lib/python3.8/site-packages/airflow/operators/bash.py", line 210, in execute
    raise AirflowException(
airflow.exceptions.AirflowException: Bash command failed. The command returned a non-zero exit code 1.
[2026-03-28T04:59:49.549+0000] {taskinstance.py:1398} INFO - Marking task as FAILED. dag_id=logistics_pipeline_v3, task_id=dbt_run, execution_date=20260328T044931, start_date=20260328T045946, end_date=20260328T045949
[2026-03-28T04:59:49.560+0000] {standard_task_runner.py:104} ERROR - Failed to execute job 12 for task dbt_run (Bash command failed. The command returned a non-zero exit code 1.; 847)
[2026-03-28T04:59:49.581+0000] {local_task_job_runner.py:228} INFO - Task exited with return code 1
[2026-03-28T04:59:49.603+0000] {taskinstance.py:2776} INFO - 0 downstream tasks scheduled from follow-on schedule check
