[2026-03-28T02:12:20.051+0000] {taskinstance.py:1157} INFO - Dependencies all met for dep_context=non-requeueable deps ti=<TaskInstance: logistics_pipeline_v3.dbt_run manual__2026-03-28T02:06:57.234114+00:00 [queued]>
[2026-03-28T02:12:20.059+0000] {taskinstance.py:1157} INFO - Dependencies all met for dep_context=requeueable deps ti=<TaskInstance: logistics_pipeline_v3.dbt_run manual__2026-03-28T02:06:57.234114+00:00 [queued]>
[2026-03-28T02:12:20.059+0000] {taskinstance.py:1359} INFO - Starting attempt 1 of 2
[2026-03-28T02:12:20.071+0000] {taskinstance.py:1380} INFO - Executing <Task(BashOperator): dbt_run> on 2026-03-28 02:06:57.234114+00:00
[2026-03-28T02:12:20.076+0000] {standard_task_runner.py:57} INFO - Started process 534 to run task
[2026-03-28T02:12:20.080+0000] {standard_task_runner.py:84} INFO - Running: ['airflow', 'tasks', 'run', 'logistics_pipeline_v3', 'dbt_run', 'manual__2026-03-28T02:06:57.234114+00:00', '--job-id', '42', '--raw', '--subdir', 'DAGS_FOLDER/smartflow_dag.py', '--cfg-path', '/tmp/tmp4hkkyxe7']
[2026-03-28T02:12:20.082+0000] {standard_task_runner.py:85} INFO - Job 42: Subtask dbt_run
[2026-03-28T02:12:20.140+0000] {task_command.py:415} INFO - Running <TaskInstance: logistics_pipeline_v3.dbt_run manual__2026-03-28T02:06:57.234114+00:00 [running]> on host 22aa927a5017
[2026-03-28T02:12:20.233+0000] {taskinstance.py:1660} INFO - Exporting env vars: AIRFLOW_CTX_DAG_OWNER='Rawan' AIRFLOW_CTX_DAG_ID='logistics_pipeline_v3' AIRFLOW_CTX_TASK_ID='dbt_run' AIRFLOW_CTX_EXECUTION_DATE='2026-03-28T02:06:57.234114+00:00' AIRFLOW_CTX_TRY_NUMBER='1' AIRFLOW_CTX_DAG_RUN_ID='manual__2026-03-28T02:06:57.234114+00:00'
[2026-03-28T02:12:20.235+0000] {subprocess.py:63} INFO - Tmp dir root location: /tmp
[2026-03-28T02:12:20.235+0000] {subprocess.py:75} INFO - Running command: ['/bin/bash', '-c', 'cd /opt/airflow/dbt_project && dbt run --profiles-dir .']
[2026-03-28T02:12:20.247+0000] {subprocess.py:86} INFO - Output:
[2026-03-28T02:12:23.725+0000] {subprocess.py:93} INFO - [0m02:12:23  Running with dbt=1.8.2
[2026-03-28T02:12:24.252+0000] {subprocess.py:93} INFO - [0m02:12:24  Registered adapter: postgres=1.8.2
[2026-03-28T02:12:24.953+0000] {subprocess.py:93} INFO - [0m02:12:24  Found 1 model, 3 data tests, 423 macros
[2026-03-28T02:12:24.956+0000] {subprocess.py:93} INFO - [0m02:12:24
[2026-03-28T02:12:25.237+0000] {subprocess.py:93} INFO - [0m02:12:25  Concurrency: 4 threads (target='dev')
[2026-03-28T02:12:25.237+0000] {subprocess.py:93} INFO - [0m02:12:25
[2026-03-28T02:12:25.259+0000] {subprocess.py:93} INFO - [0m02:12:25  1 of 1 START sql table model public_analytics.courier_performance .............. [RUN]
[2026-03-28T02:12:25.591+0000] {subprocess.py:93} INFO - [0m02:12:25  1 of 1 OK created sql table model public_analytics.courier_performance ......... [[32mSELECT 3[0m in 0.32s]
[2026-03-28T02:12:25.625+0000] {subprocess.py:93} INFO - [0m02:12:25
[2026-03-28T02:12:25.625+0000] {subprocess.py:93} INFO - [0m02:12:25  Finished running 1 table model in 0 hours 0 minutes and 0.66 seconds (0.66s).
[2026-03-28T02:12:25.688+0000] {subprocess.py:93} INFO - [0m02:12:25
[2026-03-28T02:12:25.689+0000] {subprocess.py:93} INFO - [0m02:12:25  [32mCompleted successfully[0m
[2026-03-28T02:12:25.690+0000] {subprocess.py:93} INFO - [0m02:12:25
[2026-03-28T02:12:25.691+0000] {subprocess.py:93} INFO - [0m02:12:25  Done. PASS=1 WARN=0 ERROR=0 SKIP=0 TOTAL=1
[2026-03-28T02:12:25.601+0000] {subprocess.py:97} INFO - Command exited with return code 0
[2026-03-28T02:12:25.661+0000] {taskinstance.py:1398} INFO - Marking task as SUCCESS. dag_id=logistics_pipeline_v3, task_id=dbt_run, execution_date=20260328T020657, start_date=20260328T021220, end_date=20260328T021225
[2026-03-28T02:12:25.723+0000] {local_task_job_runner.py:228} INFO - Task exited with return code 0
[2026-03-28T02:12:25.763+0000] {taskinstance.py:2776} INFO - 1 downstream tasks scheduled from follow-on schedule check
