[2026-03-28T05:11:15.235+0000] {taskinstance.py:1157} INFO - Dependencies all met for dep_context=non-requeueable deps ti=<TaskInstance: logistics_pipeline_v3.check_dbt_connection manual__2026-03-28T05:11:14.090318+00:00 [queued]>
[2026-03-28T05:11:15.244+0000] {taskinstance.py:1157} INFO - Dependencies all met for dep_context=requeueable deps ti=<TaskInstance: logistics_pipeline_v3.check_dbt_connection manual__2026-03-28T05:11:14.090318+00:00 [queued]>
[2026-03-28T05:11:15.244+0000] {taskinstance.py:1359} INFO - Starting attempt 1 of 2
[2026-03-28T05:11:15.259+0000] {taskinstance.py:1380} INFO - Executing <Task(BashOperator): check_dbt_connection> on 2026-03-28 05:11:14.090318+00:00
[2026-03-28T05:11:15.264+0000] {standard_task_runner.py:57} INFO - Started process 1057 to run task
[2026-03-28T05:11:15.268+0000] {standard_task_runner.py:84} INFO - Running: ['airflow', 'tasks', 'run', 'logistics_pipeline_v3', 'check_dbt_connection', 'manual__2026-03-28T05:11:14.090318+00:00', '--job-id', '21', '--raw', '--subdir', 'DAGS_FOLDER/smartflow_dag.py', '--cfg-path', '/tmp/tmpnhz1an3z']
[2026-03-28T05:11:15.272+0000] {standard_task_runner.py:85} INFO - Job 21: Subtask check_dbt_connection
[2026-03-28T05:11:15.345+0000] {task_command.py:415} INFO - Running <TaskInstance: logistics_pipeline_v3.check_dbt_connection manual__2026-03-28T05:11:14.090318+00:00 [running]> on host 97e90436ed10
[2026-03-28T05:11:15.449+0000] {taskinstance.py:1660} INFO - Exporting env vars: AIRFLOW_CTX_DAG_OWNER='Rawan' AIRFLOW_CTX_DAG_ID='logistics_pipeline_v3' AIRFLOW_CTX_TASK_ID='check_dbt_connection' AIRFLOW_CTX_EXECUTION_DATE='2026-03-28T05:11:14.090318+00:00' AIRFLOW_CTX_TRY_NUMBER='1' AIRFLOW_CTX_DAG_RUN_ID='manual__2026-03-28T05:11:14.090318+00:00'
[2026-03-28T05:11:15.451+0000] {subprocess.py:63} INFO - Tmp dir root location: /tmp
[2026-03-28T05:11:15.452+0000] {subprocess.py:75} INFO - Running command: ['/bin/bash', '-c', 'cd /opt/airflow/dbt_project && dbt debug --profiles-dir . || echo "Ignore Git Error"']
[2026-03-28T05:11:15.460+0000] {subprocess.py:86} INFO - Output:
[2026-03-28T05:11:17.013+0000] {subprocess.py:93} INFO - [0m05:11:17  Running with dbt=1.8.0
[2026-03-28T05:11:17.021+0000] {subprocess.py:93} INFO - [0m05:11:17  dbt version: 1.8.0
[2026-03-28T05:11:17.022+0000] {subprocess.py:93} INFO - [0m05:11:17  python version: 3.8.18
[2026-03-28T05:11:17.022+0000] {subprocess.py:93} INFO - [0m05:11:17  python path: /usr/local/bin/python3
[2026-03-28T05:11:17.023+0000] {subprocess.py:93} INFO - [0m05:11:17  os info: Linux-6.6.87.2-microsoft-standard-WSL2-x86_64-with-glibc2.2.5
[2026-03-28T05:11:17.076+0000] {subprocess.py:93} INFO - [0m05:11:17  Using profiles dir at .
[2026-03-28T05:11:17.077+0000] {subprocess.py:93} INFO - [0m05:11:17  Using profiles.yml file at ./profiles.yml
[2026-03-28T05:11:17.077+0000] {subprocess.py:93} INFO - [0m05:11:17  Using dbt_project.yml file at /opt/airflow/dbt_project/dbt_project.yml
[2026-03-28T05:11:17.078+0000] {subprocess.py:93} INFO - [0m05:11:17  adapter type: postgres
[2026-03-28T05:11:17.078+0000] {subprocess.py:93} INFO - [0m05:11:17  adapter version: 1.8.0
[2026-03-28T05:11:17.185+0000] {subprocess.py:93} INFO - [0m05:11:17  Configuration:
[2026-03-28T05:11:17.185+0000] {subprocess.py:93} INFO - [0m05:11:17    profiles.yml file [[32mOK found and valid[0m]
[2026-03-28T05:11:17.186+0000] {subprocess.py:93} INFO - [0m05:11:17    dbt_project.yml file [[32mOK found and valid[0m]
[2026-03-28T05:11:17.186+0000] {subprocess.py:93} INFO - [0m05:11:17  Required dependencies:
[2026-03-28T05:11:17.191+0000] {subprocess.py:93} INFO - [0m05:11:17   - git [[31mERROR[0m]
[2026-03-28T05:11:17.191+0000] {subprocess.py:93} INFO - 
[2026-03-28T05:11:17.191+0000] {subprocess.py:93} INFO - [0m05:11:17  Connection:
[2026-03-28T05:11:17.192+0000] {subprocess.py:93} INFO - [0m05:11:17    host: postgres
[2026-03-28T05:11:17.192+0000] {subprocess.py:93} INFO - [0m05:11:17    port: 5432
[2026-03-28T05:11:17.193+0000] {subprocess.py:93} INFO - [0m05:11:17    user: admin
[2026-03-28T05:11:17.193+0000] {subprocess.py:93} INFO - [0m05:11:17    database: logistics_db
[2026-03-28T05:11:17.194+0000] {subprocess.py:93} INFO - [0m05:11:17    schema: public
[2026-03-28T05:11:17.194+0000] {subprocess.py:93} INFO - [0m05:11:17    connect_timeout: 10
[2026-03-28T05:11:17.194+0000] {subprocess.py:93} INFO - [0m05:11:17    role: None
[2026-03-28T05:11:17.195+0000] {subprocess.py:93} INFO - [0m05:11:17    search_path: None
[2026-03-28T05:11:17.195+0000] {subprocess.py:93} INFO - [0m05:11:17    keepalives_idle: 0
[2026-03-28T05:11:17.196+0000] {subprocess.py:93} INFO - [0m05:11:17    sslmode: None
[2026-03-28T05:11:17.196+0000] {subprocess.py:93} INFO - [0m05:11:17    sslcert: None
[2026-03-28T05:11:17.197+0000] {subprocess.py:93} INFO - [0m05:11:17    sslkey: None
[2026-03-28T05:11:17.197+0000] {subprocess.py:93} INFO - [0m05:11:17    sslrootcert: None
[2026-03-28T05:11:17.198+0000] {subprocess.py:93} INFO - [0m05:11:17    application_name: dbt
[2026-03-28T05:11:17.199+0000] {subprocess.py:93} INFO - [0m05:11:17    retries: 1
[2026-03-28T05:11:17.200+0000] {subprocess.py:93} INFO - [0m05:11:17  Registered adapter: postgres=1.8.0
[2026-03-28T05:11:17.260+0000] {subprocess.py:93} INFO - [0m05:11:17    Connection test: [[32mOK connection ok[0m]
[2026-03-28T05:11:17.261+0000] {subprocess.py:93} INFO - 
[2026-03-28T05:11:17.261+0000] {subprocess.py:93} INFO - [0m05:11:17  [31m1 check failed:[0m
[2026-03-28T05:11:17.261+0000] {subprocess.py:93} INFO - [0m05:11:17  Error from git --help: User does not have permissions for this command: "git"
[2026-03-28T05:11:17.261+0000] {subprocess.py:93} INFO - 
[2026-03-28T05:11:18.209+0000] {subprocess.py:93} INFO - Ignore Git Error
[2026-03-28T05:11:18.215+0000] {subprocess.py:97} INFO - Command exited with return code 0
[2026-03-28T05:11:18.254+0000] {taskinstance.py:1398} INFO - Marking task as SUCCESS. dag_id=logistics_pipeline_v3, task_id=check_dbt_connection, execution_date=20260328T051114, start_date=20260328T051115, end_date=20260328T051118
[2026-03-28T05:11:18.313+0000] {local_task_job_runner.py:228} INFO - Task exited with return code 0
[2026-03-28T05:11:18.343+0000] {taskinstance.py:2776} INFO - 1 downstream tasks scheduled from follow-on schedule check
