[2026-03-28T04:57:33.522+0000] {taskinstance.py:1157} INFO - Dependencies all met for dep_context=non-requeueable deps ti=<TaskInstance: logistics_pipeline_v3.dbt_seed manual__2026-03-28T04:57:28.189085+00:00 [queued]>
[2026-03-28T04:57:33.530+0000] {taskinstance.py:1157} INFO - Dependencies all met for dep_context=requeueable deps ti=<TaskInstance: logistics_pipeline_v3.dbt_seed manual__2026-03-28T04:57:28.189085+00:00 [queued]>
[2026-03-28T04:57:33.531+0000] {taskinstance.py:1359} INFO - Starting attempt 1 of 2
[2026-03-28T04:57:33.543+0000] {taskinstance.py:1380} INFO - Executing <Task(BashOperator): dbt_seed> on 2026-03-28 04:57:28.189085+00:00
[2026-03-28T04:57:33.549+0000] {standard_task_runner.py:57} INFO - Started process 808 to run task
[2026-03-28T04:57:33.552+0000] {standard_task_runner.py:84} INFO - Running: ['airflow', 'tasks', 'run', 'logistics_pipeline_v3', 'dbt_seed', 'manual__2026-03-28T04:57:28.189085+00:00', '--job-id', '10', '--raw', '--subdir', 'DAGS_FOLDER/smartflow_dag.py', '--cfg-path', '/tmp/tmp_nz9ifhv']
[2026-03-28T04:57:33.554+0000] {standard_task_runner.py:85} INFO - Job 10: Subtask dbt_seed
[2026-03-28T04:57:33.629+0000] {task_command.py:415} INFO - Running <TaskInstance: logistics_pipeline_v3.dbt_seed manual__2026-03-28T04:57:28.189085+00:00 [running]> on host 97e90436ed10
[2026-03-28T04:57:33.742+0000] {taskinstance.py:1660} INFO - Exporting env vars: AIRFLOW_CTX_DAG_OWNER='Rawan' AIRFLOW_CTX_DAG_ID='logistics_pipeline_v3' AIRFLOW_CTX_TASK_ID='dbt_seed' AIRFLOW_CTX_EXECUTION_DATE='2026-03-28T04:57:28.189085+00:00' AIRFLOW_CTX_TRY_NUMBER='1' AIRFLOW_CTX_DAG_RUN_ID='manual__2026-03-28T04:57:28.189085+00:00'
[2026-03-28T04:57:33.743+0000] {subprocess.py:63} INFO - Tmp dir root location: /tmp
[2026-03-28T04:57:33.744+0000] {subprocess.py:75} INFO - Running command: ['/bin/bash', '-c', 'cd /opt/airflow/dbt_project && dbt seed --profiles-dir .']
[2026-03-28T04:57:33.753+0000] {subprocess.py:86} INFO - Output:
[2026-03-28T04:57:35.322+0000] {subprocess.py:93} INFO - [0m04:57:35  Running with dbt=1.8.0
[2026-03-28T04:57:35.589+0000] {subprocess.py:93} INFO - [0m04:57:35  Registered adapter: postgres=1.8.0
[2026-03-28T04:57:36.009+0000] {subprocess.py:93} INFO - [0m04:57:36  Found 1 model, 3 data tests, 1 source, 423 macros
[2026-03-28T04:57:36.011+0000] {subprocess.py:93} INFO - [0m04:57:36
[2026-03-28T04:57:36.012+0000] {subprocess.py:93} INFO - [0m04:57:36  Nothing to do. Try checking your model configs and model specification args
[2026-03-28T04:57:36.042+0000] {subprocess.py:93} INFO - [0m04:57:36
[2026-03-28T04:57:36.042+0000] {subprocess.py:93} INFO - [0m04:57:36  [32mCompleted successfully[0m
[2026-03-28T04:57:36.043+0000] {subprocess.py:93} INFO - [0m04:57:36
[2026-03-28T04:57:36.043+0000] {subprocess.py:93} INFO - [0m04:57:36  Done. PASS=0 WARN=0 ERROR=0 SKIP=0 TOTAL=0
[2026-03-28T04:57:37.149+0000] {subprocess.py:97} INFO - Command exited with return code 0
[2026-03-28T04:57:37.202+0000] {taskinstance.py:1398} INFO - Marking task as SUCCESS. dag_id=logistics_pipeline_v3, task_id=dbt_seed, execution_date=20260328T045728, start_date=20260328T045733, end_date=20260328T045737
[2026-03-28T04:57:37.246+0000] {local_task_job_runner.py:228} INFO - Task exited with return code 0
[2026-03-28T04:57:37.276+0000] {taskinstance.py:2776} INFO - 1 downstream tasks scheduled from follow-on schedule check
