[2026-03-28T02:12:12.379+0000] {taskinstance.py:1157} INFO - Dependencies all met for dep_context=non-requeueable deps ti=<TaskInstance: logistics_pipeline_v3.dbt_seed manual__2026-03-28T02:06:57.234114+00:00 [queued]>
[2026-03-28T02:12:12.394+0000] {taskinstance.py:1157} INFO - Dependencies all met for dep_context=requeueable deps ti=<TaskInstance: logistics_pipeline_v3.dbt_seed manual__2026-03-28T02:06:57.234114+00:00 [queued]>
[2026-03-28T02:12:12.394+0000] {taskinstance.py:1359} INFO - Starting attempt 2 of 2
[2026-03-28T02:12:12.419+0000] {taskinstance.py:1380} INFO - Executing <Task(BashOperator): dbt_seed> on 2026-03-28 02:06:57.234114+00:00
[2026-03-28T02:12:12.426+0000] {standard_task_runner.py:57} INFO - Started process 529 to run task
[2026-03-28T02:12:12.432+0000] {standard_task_runner.py:84} INFO - Running: ['airflow', 'tasks', 'run', 'logistics_pipeline_v3', 'dbt_seed', 'manual__2026-03-28T02:06:57.234114+00:00', '--job-id', '41', '--raw', '--subdir', 'DAGS_FOLDER/smartflow_dag.py', '--cfg-path', '/tmp/tmpe610x7b0']
[2026-03-28T02:12:12.438+0000] {standard_task_runner.py:85} INFO - Job 41: Subtask dbt_seed
[2026-03-28T02:12:12.551+0000] {task_command.py:415} INFO - Running <TaskInstance: logistics_pipeline_v3.dbt_seed manual__2026-03-28T02:06:57.234114+00:00 [running]> on host 22aa927a5017
[2026-03-28T02:12:12.727+0000] {taskinstance.py:1660} INFO - Exporting env vars: AIRFLOW_CTX_DAG_OWNER='Rawan' AIRFLOW_CTX_DAG_ID='logistics_pipeline_v3' AIRFLOW_CTX_TASK_ID='dbt_seed' AIRFLOW_CTX_EXECUTION_DATE='2026-03-28T02:06:57.234114+00:00' AIRFLOW_CTX_TRY_NUMBER='2' AIRFLOW_CTX_DAG_RUN_ID='manual__2026-03-28T02:06:57.234114+00:00'
[2026-03-28T02:12:12.730+0000] {subprocess.py:63} INFO - Tmp dir root location: /tmp
[2026-03-28T02:12:12.731+0000] {subprocess.py:75} INFO - Running command: ['/bin/bash', '-c', 'cd /opt/airflow/dbt_project && dbt seed --profiles-dir .']
[2026-03-28T02:12:12.746+0000] {subprocess.py:86} INFO - Output:
[2026-03-28T02:12:16.449+0000] {subprocess.py:93} INFO - [0m02:12:16  Running with dbt=1.8.2
[2026-03-28T02:12:16.943+0000] {subprocess.py:93} INFO - [0m02:12:16  Registered adapter: postgres=1.8.2
[2026-03-28T02:12:17.628+0000] {subprocess.py:93} INFO - [0m02:12:17  Found 1 model, 3 data tests, 423 macros
[2026-03-28T02:12:17.632+0000] {subprocess.py:93} INFO - [0m02:12:17
[2026-03-28T02:12:17.633+0000] {subprocess.py:93} INFO - [0m02:12:17  Nothing to do. Try checking your model configs and model specification args
[2026-03-28T02:12:17.697+0000] {subprocess.py:93} INFO - [0m02:12:17
[2026-03-28T02:12:17.697+0000] {subprocess.py:93} INFO - [0m02:12:17  [32mCompleted successfully[0m
[2026-03-28T02:12:17.697+0000] {subprocess.py:93} INFO - [0m02:12:17
[2026-03-28T02:12:17.698+0000] {subprocess.py:93} INFO - [0m02:12:17  Done. PASS=0 WARN=0 ERROR=0 SKIP=0 TOTAL=0
[2026-03-28T02:12:18.949+0000] {subprocess.py:97} INFO - Command exited with return code 0
[2026-03-28T02:12:18.999+0000] {taskinstance.py:1398} INFO - Marking task as SUCCESS. dag_id=logistics_pipeline_v3, task_id=dbt_seed, execution_date=20260328T020657, start_date=20260328T021212, end_date=20260328T021218
[2026-03-28T02:12:19.060+0000] {local_task_job_runner.py:228} INFO - Task exited with return code 0
[2026-03-28T02:12:19.106+0000] {taskinstance.py:2776} INFO - 1 downstream tasks scheduled from follow-on schedule check
