[2026-03-28T02:07:08.244+0000] {taskinstance.py:1157} INFO - Dependencies all met for dep_context=non-requeueable deps ti=<TaskInstance: logistics_pipeline_v3.dbt_seed manual__2026-03-28T02:06:57.234114+00:00 [queued]>
[2026-03-28T02:07:08.252+0000] {taskinstance.py:1157} INFO - Dependencies all met for dep_context=requeueable deps ti=<TaskInstance: logistics_pipeline_v3.dbt_seed manual__2026-03-28T02:06:57.234114+00:00 [queued]>
[2026-03-28T02:07:08.253+0000] {taskinstance.py:1359} INFO - Starting attempt 1 of 2
[2026-03-28T02:07:08.266+0000] {taskinstance.py:1380} INFO - Executing <Task(BashOperator): dbt_seed> on 2026-03-28 02:06:57.234114+00:00
[2026-03-28T02:07:08.271+0000] {standard_task_runner.py:57} INFO - Started process 410 to run task
[2026-03-28T02:07:08.275+0000] {standard_task_runner.py:84} INFO - Running: ['airflow', 'tasks', 'run', 'logistics_pipeline_v3', 'dbt_seed', 'manual__2026-03-28T02:06:57.234114+00:00', '--job-id', '35', '--raw', '--subdir', 'DAGS_FOLDER/smartflow_dag.py', '--cfg-path', '/tmp/tmpdla7m62b']
[2026-03-28T02:07:08.277+0000] {standard_task_runner.py:85} INFO - Job 35: Subtask dbt_seed
[2026-03-28T02:07:08.333+0000] {task_command.py:415} INFO - Running <TaskInstance: logistics_pipeline_v3.dbt_seed manual__2026-03-28T02:06:57.234114+00:00 [running]> on host 22aa927a5017
[2026-03-28T02:07:08.416+0000] {taskinstance.py:1660} INFO - Exporting env vars: AIRFLOW_CTX_DAG_OWNER='Rawan' AIRFLOW_CTX_DAG_ID='logistics_pipeline_v3' AIRFLOW_CTX_TASK_ID='dbt_seed' AIRFLOW_CTX_EXECUTION_DATE='2026-03-28T02:06:57.234114+00:00' AIRFLOW_CTX_TRY_NUMBER='1' AIRFLOW_CTX_DAG_RUN_ID='manual__2026-03-28T02:06:57.234114+00:00'
[2026-03-28T02:07:08.417+0000] {subprocess.py:63} INFO - Tmp dir root location: /tmp
[2026-03-28T02:07:08.418+0000] {subprocess.py:75} INFO - Running command: ['/bin/bash', '-c', 'cd /opt/airflow/dbt_project && dbt seed --profiles-dir .']
[2026-03-28T02:07:08.426+0000] {subprocess.py:86} INFO - Output:
[2026-03-28T02:07:08.926+0000] {subprocess.py:93} INFO - [0m02:07:08  Running with dbt=1.8.2
[2026-03-28T02:07:09.158+0000] {subprocess.py:93} INFO - [0m02:07:09  Registered adapter: postgres=1.8.2
[2026-03-28T02:07:09.474+0000] {subprocess.py:93} INFO - [0m02:07:09  Encountered an error:
[2026-03-28T02:07:09.475+0000] {subprocess.py:93} INFO - Found a cycle: model.dbt_logistics.courier_performance
[2026-03-28T02:07:09.476+0000] {subprocess.py:93} INFO - [0m02:07:09  Traceback (most recent call last):
[2026-03-28T02:07:09.476+0000] {subprocess.py:93} INFO -   File "/home/airflow/.local/lib/python3.8/site-packages/dbt/cli/requires.py", line 138, in wrapper
[2026-03-28T02:07:09.476+0000] {subprocess.py:93} INFO -     result, success = func(*args, **kwargs)
[2026-03-28T02:07:09.476+0000] {subprocess.py:93} INFO -   File "/home/airflow/.local/lib/python3.8/site-packages/dbt/cli/requires.py", line 101, in wrapper
[2026-03-28T02:07:09.476+0000] {subprocess.py:93} INFO -     return func(*args, **kwargs)
[2026-03-28T02:07:09.476+0000] {subprocess.py:93} INFO -   File "/home/airflow/.local/lib/python3.8/site-packages/dbt/cli/requires.py", line 218, in wrapper
[2026-03-28T02:07:09.476+0000] {subprocess.py:93} INFO -     return func(*args, **kwargs)
[2026-03-28T02:07:09.476+0000] {subprocess.py:93} INFO -   File "/home/airflow/.local/lib/python3.8/site-packages/dbt/cli/requires.py", line 247, in wrapper
[2026-03-28T02:07:09.476+0000] {subprocess.py:93} INFO -     return func(*args, **kwargs)
[2026-03-28T02:07:09.477+0000] {subprocess.py:93} INFO -   File "/home/airflow/.local/lib/python3.8/site-packages/dbt/cli/requires.py", line 294, in wrapper
[2026-03-28T02:07:09.477+0000] {subprocess.py:93} INFO -     return func(*args, **kwargs)
[2026-03-28T02:07:09.477+0000] {subprocess.py:93} INFO -   File "/home/airflow/.local/lib/python3.8/site-packages/dbt/cli/requires.py", line 332, in wrapper
[2026-03-28T02:07:09.477+0000] {subprocess.py:93} INFO -     return func(*args, **kwargs)
[2026-03-28T02:07:09.477+0000] {subprocess.py:93} INFO -   File "/home/airflow/.local/lib/python3.8/site-packages/dbt/cli/main.py", line 701, in seed
[2026-03-28T02:07:09.477+0000] {subprocess.py:93} INFO -     results = task.run()
[2026-03-28T02:07:09.477+0000] {subprocess.py:93} INFO -   File "/home/airflow/.local/lib/python3.8/site-packages/dbt/task/runnable.py", line 506, in run
[2026-03-28T02:07:09.477+0000] {subprocess.py:93} INFO -     self._runtime_initialize()
[2026-03-28T02:07:09.477+0000] {subprocess.py:93} INFO -   File "/home/airflow/.local/lib/python3.8/site-packages/dbt/task/compile.py", line 125, in _runtime_initialize
[2026-03-28T02:07:09.477+0000] {subprocess.py:93} INFO -     super()._runtime_initialize()
[2026-03-28T02:07:09.478+0000] {subprocess.py:93} INFO -   File "/home/airflow/.local/lib/python3.8/site-packages/dbt/task/runnable.py", line 147, in _runtime_initialize
[2026-03-28T02:07:09.478+0000] {subprocess.py:93} INFO -     self.compile_manifest()
[2026-03-28T02:07:09.478+0000] {subprocess.py:93} INFO -   File "/home/airflow/.local/lib/python3.8/site-packages/dbt/task/base.py", line 145, in compile_manifest
[2026-03-28T02:07:09.478+0000] {subprocess.py:93} INFO -     self.graph = self.compiler.compile(self.manifest)
[2026-03-28T02:07:09.478+0000] {subprocess.py:93} INFO -   File "/home/airflow/.local/lib/python3.8/site-packages/dbt/compilation.py", line 449, in compile
[2026-03-28T02:07:09.478+0000] {subprocess.py:93} INFO -     linker.link_graph(manifest)
[2026-03-28T02:07:09.478+0000] {subprocess.py:93} INFO -   File "/home/airflow/.local/lib/python3.8/site-packages/dbt/compilation.py", line 192, in link_graph
[2026-03-28T02:07:09.478+0000] {subprocess.py:93} INFO -     raise RuntimeError("Found a cycle: {}".format(cycle))
[2026-03-28T02:07:09.479+0000] {subprocess.py:93} INFO - RuntimeError: Found a cycle: model.dbt_logistics.courier_performance
[2026-03-28T02:07:09.479+0000] {subprocess.py:93} INFO - 
[2026-03-28T02:07:10.571+0000] {subprocess.py:97} INFO - Command exited with return code 2
[2026-03-28T02:07:10.584+0000] {taskinstance.py:1935} ERROR - Task failed with exception
Traceback (most recent call last):
  File "/home/airflow/.local/lib/python3.8/site-packages/airflow/operators/bash.py", line 210, in execute
    raise AirflowException(
airflow.exceptions.AirflowException: Bash command failed. The command returned a non-zero exit code 2.
[2026-03-28T02:07:10.586+0000] {taskinstance.py:1398} INFO - Marking task as UP_FOR_RETRY. dag_id=logistics_pipeline_v3, task_id=dbt_seed, execution_date=20260328T020657, start_date=20260328T020708, end_date=20260328T020710
[2026-03-28T02:07:10.599+0000] {standard_task_runner.py:104} ERROR - Failed to execute job 35 for task dbt_seed (Bash command failed. The command returned a non-zero exit code 2.; 410)
[2026-03-28T02:07:10.618+0000] {local_task_job_runner.py:228} INFO - Task exited with return code 1
[2026-03-28T02:07:10.639+0000] {taskinstance.py:2776} INFO - 0 downstream tasks scheduled from follow-on schedule check
