[2026-03-28T05:27:11.156+0000] {taskinstance.py:1157} INFO - Dependencies all met for dep_context=non-requeueable deps ti=<TaskInstance: logistics_pipeline_v3.dbt_run manual__2026-03-28T05:21:58.002272+00:00 [queued]>
[2026-03-28T05:27:11.173+0000] {taskinstance.py:1157} INFO - Dependencies all met for dep_context=requeueable deps ti=<TaskInstance: logistics_pipeline_v3.dbt_run manual__2026-03-28T05:21:58.002272+00:00 [queued]>
[2026-03-28T05:27:11.173+0000] {taskinstance.py:1359} INFO - Starting attempt 2 of 2
[2026-03-28T05:27:11.211+0000] {taskinstance.py:1380} INFO - Executing <Task(BashOperator): dbt_run> on 2026-03-28 05:21:58.002272+00:00
[2026-03-28T05:27:11.220+0000] {standard_task_runner.py:57} INFO - Started process 1358 to run task
[2026-03-28T05:27:11.233+0000] {standard_task_runner.py:84} INFO - Running: ['airflow', 'tasks', 'run', 'logistics_pipeline_v3', 'dbt_run', 'manual__2026-03-28T05:21:58.002272+00:00', '--job-id', '36', '--raw', '--subdir', 'DAGS_FOLDER/smartflow_dag.py', '--cfg-path', '/tmp/tmp_nkci6ww']
[2026-03-28T05:27:11.238+0000] {standard_task_runner.py:85} INFO - Job 36: Subtask dbt_run
[2026-03-28T05:27:11.363+0000] {task_command.py:415} INFO - Running <TaskInstance: logistics_pipeline_v3.dbt_run manual__2026-03-28T05:21:58.002272+00:00 [running]> on host 97e90436ed10
[2026-03-28T05:27:11.543+0000] {taskinstance.py:1660} INFO - Exporting env vars: AIRFLOW_CTX_DAG_OWNER='Rawan' AIRFLOW_CTX_DAG_ID='logistics_pipeline_v3' AIRFLOW_CTX_TASK_ID='dbt_run' AIRFLOW_CTX_EXECUTION_DATE='2026-03-28T05:21:58.002272+00:00' AIRFLOW_CTX_TRY_NUMBER='2' AIRFLOW_CTX_DAG_RUN_ID='manual__2026-03-28T05:21:58.002272+00:00'
[2026-03-28T05:27:11.546+0000] {subprocess.py:63} INFO - Tmp dir root location: /tmp
[2026-03-28T05:27:11.550+0000] {subprocess.py:75} INFO - Running command: ['/bin/bash', '-c', 'cd /opt/airflow/dbt_project && dbt run --profiles-dir .']
[2026-03-28T05:27:11.569+0000] {subprocess.py:86} INFO - Output:
[2026-03-28T05:27:14.657+0000] {subprocess.py:93} INFO - [0m05:27:14  Running with dbt=1.8.0
[2026-03-28T05:27:15.151+0000] {subprocess.py:93} INFO - [0m05:27:15  Registered adapter: postgres=1.8.0
[2026-03-28T05:27:15.954+0000] {subprocess.py:93} INFO - [0m05:27:15  Found 1 model, 3 data tests, 1 source, 423 macros
[2026-03-28T05:27:15.959+0000] {subprocess.py:93} INFO - [0m05:27:15
[2026-03-28T05:27:16.206+0000] {subprocess.py:93} INFO - [0m05:27:16  Concurrency: 4 threads (target='dev')
[2026-03-28T05:27:16.209+0000] {subprocess.py:93} INFO - [0m05:27:16
[2026-03-28T05:27:16.229+0000] {subprocess.py:93} INFO - [0m05:27:16  1 of 1 START sql table model public_analytics.courier_performance .............. [RUN]
[2026-03-28T05:27:16.379+0000] {subprocess.py:93} INFO - [0m05:27:16  1 of 1 ERROR creating sql table model public_analytics.courier_performance ..... [[31mERROR[0m in 0.14s]
[2026-03-28T05:27:16.418+0000] {subprocess.py:93} INFO - [0m05:27:16
[2026-03-28T05:27:16.419+0000] {subprocess.py:93} INFO - [0m05:27:16  Finished running 1 table model in 0 hours 0 minutes and 0.46 seconds (0.46s).
[2026-03-28T05:27:16.497+0000] {subprocess.py:93} INFO - [0m05:27:16
[2026-03-28T05:27:16.501+0000] {subprocess.py:93} INFO - [0m05:27:16  [31mCompleted with 1 error and 0 warnings:[0m
[2026-03-28T05:27:16.501+0000] {subprocess.py:93} INFO - [0m05:27:16
[2026-03-28T05:27:16.501+0000] {subprocess.py:93} INFO - [0m05:27:16    Database Error in model courier_performance (models/courier_performance.sql)
[2026-03-28T05:27:16.502+0000] {subprocess.py:93} INFO -   relation "public_analytics.courier_performance" does not exist
[2026-03-28T05:27:16.502+0000] {subprocess.py:93} INFO -   LINE 18:     FROM "logistics_db"."public_analytics"."courier_performa...
[2026-03-28T05:27:16.502+0000] {subprocess.py:93} INFO -                     ^
[2026-03-28T05:27:16.502+0000] {subprocess.py:93} INFO -   compiled code at target/run/dbt_logistics/models/courier_performance.sql
[2026-03-28T05:27:16.503+0000] {subprocess.py:93} INFO - [0m05:27:16
[2026-03-28T05:27:16.504+0000] {subprocess.py:93} INFO - [0m05:27:16  Done. PASS=0 WARN=0 ERROR=1 SKIP=0 TOTAL=1
[2026-03-28T05:27:17.611+0000] {subprocess.py:97} INFO - Command exited with return code 1
[2026-03-28T05:27:17.637+0000] {taskinstance.py:1935} ERROR - Task failed with exception
Traceback (most recent call last):
  File "/home/airflow/.local/lib/python3.8/site-packages/airflow/operators/bash.py", line 210, in execute
    raise AirflowException(
airflow.exceptions.AirflowException: Bash command failed. The command returned a non-zero exit code 1.
[2026-03-28T05:27:17.645+0000] {taskinstance.py:1398} INFO - Marking task as FAILED. dag_id=logistics_pipeline_v3, task_id=dbt_run, execution_date=20260328T052158, start_date=20260328T052711, end_date=20260328T052717
[2026-03-28T05:27:17.666+0000] {standard_task_runner.py:104} ERROR - Failed to execute job 36 for task dbt_run (Bash command failed. The command returned a non-zero exit code 1.; 1358)
[2026-03-28T05:27:17.699+0000] {local_task_job_runner.py:228} INFO - Task exited with return code 1
[2026-03-28T05:27:17.745+0000] {taskinstance.py:2776} INFO - 0 downstream tasks scheduled from follow-on schedule check
