[2026-03-28T05:22:06.437+0000] {taskinstance.py:1157} INFO - Dependencies all met for dep_context=non-requeueable deps ti=<TaskInstance: logistics_pipeline_v3.dbt_run manual__2026-03-28T05:21:58.002272+00:00 [queued]>
[2026-03-28T05:22:06.446+0000] {taskinstance.py:1157} INFO - Dependencies all met for dep_context=requeueable deps ti=<TaskInstance: logistics_pipeline_v3.dbt_run manual__2026-03-28T05:21:58.002272+00:00 [queued]>
[2026-03-28T05:22:06.446+0000] {taskinstance.py:1359} INFO - Starting attempt 1 of 2
[2026-03-28T05:22:06.458+0000] {taskinstance.py:1380} INFO - Executing <Task(BashOperator): dbt_run> on 2026-03-28 05:21:58.002272+00:00
[2026-03-28T05:22:06.463+0000] {standard_task_runner.py:57} INFO - Started process 1254 to run task
[2026-03-28T05:22:06.467+0000] {standard_task_runner.py:84} INFO - Running: ['airflow', 'tasks', 'run', 'logistics_pipeline_v3', 'dbt_run', 'manual__2026-03-28T05:21:58.002272+00:00', '--job-id', '31', '--raw', '--subdir', 'DAGS_FOLDER/smartflow_dag.py', '--cfg-path', '/tmp/tmpmenfyucx']
[2026-03-28T05:22:06.470+0000] {standard_task_runner.py:85} INFO - Job 31: Subtask dbt_run
[2026-03-28T05:22:06.525+0000] {task_command.py:415} INFO - Running <TaskInstance: logistics_pipeline_v3.dbt_run manual__2026-03-28T05:21:58.002272+00:00 [running]> on host 97e90436ed10
[2026-03-28T05:22:06.617+0000] {taskinstance.py:1660} INFO - Exporting env vars: AIRFLOW_CTX_DAG_OWNER='Rawan' AIRFLOW_CTX_DAG_ID='logistics_pipeline_v3' AIRFLOW_CTX_TASK_ID='dbt_run' AIRFLOW_CTX_EXECUTION_DATE='2026-03-28T05:21:58.002272+00:00' AIRFLOW_CTX_TRY_NUMBER='1' AIRFLOW_CTX_DAG_RUN_ID='manual__2026-03-28T05:21:58.002272+00:00'
[2026-03-28T05:22:06.619+0000] {subprocess.py:63} INFO - Tmp dir root location: /tmp
[2026-03-28T05:22:06.620+0000] {subprocess.py:75} INFO - Running command: ['/bin/bash', '-c', 'cd /opt/airflow/dbt_project && dbt run --profiles-dir .']
[2026-03-28T05:22:06.627+0000] {subprocess.py:86} INFO - Output:
[2026-03-28T05:22:08.045+0000] {subprocess.py:93} INFO - [0m05:22:08  Running with dbt=1.8.0
[2026-03-28T05:22:08.296+0000] {subprocess.py:93} INFO - [0m05:22:08  Registered adapter: postgres=1.8.0
[2026-03-28T05:22:08.660+0000] {subprocess.py:93} INFO - [0m05:22:08  Found 1 model, 3 data tests, 1 source, 423 macros
[2026-03-28T05:22:08.663+0000] {subprocess.py:93} INFO - [0m05:22:08
[2026-03-28T05:22:08.781+0000] {subprocess.py:93} INFO - [0m05:22:08  Concurrency: 4 threads (target='dev')
[2026-03-28T05:22:08.781+0000] {subprocess.py:93} INFO - [0m05:22:08
[2026-03-28T05:22:08.790+0000] {subprocess.py:93} INFO - [0m05:22:08  1 of 1 START sql table model public_analytics.courier_performance .............. [RUN]
[2026-03-28T05:22:08.866+0000] {subprocess.py:93} INFO - [0m05:22:08  1 of 1 ERROR creating sql table model public_analytics.courier_performance ..... [[31mERROR[0m in 0.07s]
[2026-03-28T05:22:08.882+0000] {subprocess.py:93} INFO - [0m05:22:08
[2026-03-28T05:22:08.883+0000] {subprocess.py:93} INFO - [0m05:22:08  Finished running 1 table model in 0 hours 0 minutes and 0.22 seconds (0.22s).
[2026-03-28T05:22:08.916+0000] {subprocess.py:93} INFO - [0m05:22:08
[2026-03-28T05:22:08.916+0000] {subprocess.py:93} INFO - [0m05:22:08  [31mCompleted with 1 error and 0 warnings:[0m
[2026-03-28T05:22:08.917+0000] {subprocess.py:93} INFO - [0m05:22:08
[2026-03-28T05:22:08.917+0000] {subprocess.py:93} INFO - [0m05:22:08    Database Error in model courier_performance (models/courier_performance.sql)
[2026-03-28T05:22:08.917+0000] {subprocess.py:93} INFO -   column "avg_speed" does not exist
[2026-03-28T05:22:08.918+0000] {subprocess.py:93} INFO -   LINE 15:         avg_speed,
[2026-03-28T05:22:08.918+0000] {subprocess.py:93} INFO -                    ^
[2026-03-28T05:22:08.918+0000] {subprocess.py:93} INFO -   compiled code at target/run/dbt_logistics/models/courier_performance.sql
[2026-03-28T05:22:08.918+0000] {subprocess.py:93} INFO - [0m05:22:08
[2026-03-28T05:22:08.918+0000] {subprocess.py:93} INFO - [0m05:22:08  Done. PASS=0 WARN=0 ERROR=1 SKIP=0 TOTAL=1
[2026-03-28T05:22:09.856+0000] {subprocess.py:97} INFO - Command exited with return code 1
[2026-03-28T05:22:09.868+0000] {taskinstance.py:1935} ERROR - Task failed with exception
Traceback (most recent call last):
  File "/home/airflow/.local/lib/python3.8/site-packages/airflow/operators/bash.py", line 210, in execute
    raise AirflowException(
airflow.exceptions.AirflowException: Bash command failed. The command returned a non-zero exit code 1.
[2026-03-28T05:22:09.872+0000] {taskinstance.py:1398} INFO - Marking task as UP_FOR_RETRY. dag_id=logistics_pipeline_v3, task_id=dbt_run, execution_date=20260328T052158, start_date=20260328T052206, end_date=20260328T052209
[2026-03-28T05:22:09.885+0000] {standard_task_runner.py:104} ERROR - Failed to execute job 31 for task dbt_run (Bash command failed. The command returned a non-zero exit code 1.; 1254)
[2026-03-28T05:22:09.913+0000] {local_task_job_runner.py:228} INFO - Task exited with return code 1
[2026-03-28T05:22:09.938+0000] {taskinstance.py:2776} INFO - 0 downstream tasks scheduled from follow-on schedule check
