[2026-03-28T03:06:41.802+0000] {taskinstance.py:1157} INFO - Dependencies all met for dep_context=non-requeueable deps ti=<TaskInstance: logistics_pipeline_v3.check_dbt_connection manual__2026-03-28T03:06:40.097900+00:00 [queued]>
[2026-03-28T03:06:41.819+0000] {taskinstance.py:1157} INFO - Dependencies all met for dep_context=requeueable deps ti=<TaskInstance: logistics_pipeline_v3.check_dbt_connection manual__2026-03-28T03:06:40.097900+00:00 [queued]>
[2026-03-28T03:06:41.819+0000] {taskinstance.py:1359} INFO - Starting attempt 1 of 2
[2026-03-28T03:06:41.843+0000] {taskinstance.py:1380} INFO - Executing <Task(BashOperator): check_dbt_connection> on 2026-03-28 03:06:40.097900+00:00
[2026-03-28T03:06:41.854+0000] {standard_task_runner.py:57} INFO - Started process 1282 to run task
[2026-03-28T03:06:41.865+0000] {standard_task_runner.py:84} INFO - Running: ['airflow', 'tasks', 'run', 'logistics_pipeline_v3', 'check_dbt_connection', 'manual__2026-03-28T03:06:40.097900+00:00', '--job-id', '61', '--raw', '--subdir', 'DAGS_FOLDER/smartflow_dag.py', '--cfg-path', '/tmp/tmp4hofvg7g']
[2026-03-28T03:06:41.871+0000] {standard_task_runner.py:85} INFO - Job 61: Subtask check_dbt_connection
[2026-03-28T03:06:41.993+0000] {task_command.py:415} INFO - Running <TaskInstance: logistics_pipeline_v3.check_dbt_connection manual__2026-03-28T03:06:40.097900+00:00 [running]> on host 22aa927a5017
[2026-03-28T03:06:42.182+0000] {taskinstance.py:1660} INFO - Exporting env vars: AIRFLOW_CTX_DAG_OWNER='Rawan' AIRFLOW_CTX_DAG_ID='logistics_pipeline_v3' AIRFLOW_CTX_TASK_ID='check_dbt_connection' AIRFLOW_CTX_EXECUTION_DATE='2026-03-28T03:06:40.097900+00:00' AIRFLOW_CTX_TRY_NUMBER='1' AIRFLOW_CTX_DAG_RUN_ID='manual__2026-03-28T03:06:40.097900+00:00'
[2026-03-28T03:06:42.184+0000] {subprocess.py:63} INFO - Tmp dir root location: /tmp
[2026-03-28T03:06:42.188+0000] {subprocess.py:75} INFO - Running command: ['/bin/bash', '-c', 'cd /opt/airflow/dbt_project && dbt debug --profiles-dir . || echo "Ignore Git Error"']
[2026-03-28T03:06:42.207+0000] {subprocess.py:86} INFO - Output:
[2026-03-28T03:06:45.973+0000] {subprocess.py:93} INFO - [0m03:06:45  Running with dbt=1.8.2
[2026-03-28T03:06:45.997+0000] {subprocess.py:93} INFO - [0m03:06:45  dbt version: 1.8.2
[2026-03-28T03:06:45.998+0000] {subprocess.py:93} INFO - [0m03:06:45  python version: 3.8.18
[2026-03-28T03:06:45.998+0000] {subprocess.py:93} INFO - [0m03:06:45  python path: /usr/local/bin/python3
[2026-03-28T03:06:45.998+0000] {subprocess.py:93} INFO - [0m03:06:45  os info: Linux-6.6.87.2-microsoft-standard-WSL2-x86_64-with-glibc2.2.5
[2026-03-28T03:06:46.110+0000] {subprocess.py:93} INFO - [0m03:06:46  Using profiles dir at .
[2026-03-28T03:06:46.111+0000] {subprocess.py:93} INFO - [0m03:06:46  Using profiles.yml file at ./profiles.yml
[2026-03-28T03:06:46.112+0000] {subprocess.py:93} INFO - [0m03:06:46  Using dbt_project.yml file at /opt/airflow/dbt_project/dbt_project.yml
[2026-03-28T03:06:46.116+0000] {subprocess.py:93} INFO - [0m03:06:46  adapter type: postgres
[2026-03-28T03:06:46.119+0000] {subprocess.py:93} INFO - [0m03:06:46  adapter version: 1.8.2
[2026-03-28T03:06:46.353+0000] {subprocess.py:93} INFO - [0m03:06:46  Configuration:
[2026-03-28T03:06:46.354+0000] {subprocess.py:93} INFO - [0m03:06:46    profiles.yml file [[32mOK found and valid[0m]
[2026-03-28T03:06:46.354+0000] {subprocess.py:93} INFO - [0m03:06:46    dbt_project.yml file [[32mOK found and valid[0m]
[2026-03-28T03:06:46.354+0000] {subprocess.py:93} INFO - [0m03:06:46  Required dependencies:
[2026-03-28T03:06:46.371+0000] {subprocess.py:93} INFO - [0m03:06:46   - git [[31mERROR[0m]
[2026-03-28T03:06:46.371+0000] {subprocess.py:93} INFO - 
[2026-03-28T03:06:46.377+0000] {subprocess.py:93} INFO - [0m03:06:46  Connection:
[2026-03-28T03:06:46.378+0000] {subprocess.py:93} INFO - [0m03:06:46    host: postgres
[2026-03-28T03:06:46.379+0000] {subprocess.py:93} INFO - [0m03:06:46    port: 5432
[2026-03-28T03:06:46.379+0000] {subprocess.py:93} INFO - [0m03:06:46    user: admin
[2026-03-28T03:06:46.379+0000] {subprocess.py:93} INFO - [0m03:06:46    database: logistics_db
[2026-03-28T03:06:46.380+0000] {subprocess.py:93} INFO - [0m03:06:46    schema: public
[2026-03-28T03:06:46.380+0000] {subprocess.py:93} INFO - [0m03:06:46    connect_timeout: 10
[2026-03-28T03:06:46.381+0000] {subprocess.py:93} INFO - [0m03:06:46    role: None
[2026-03-28T03:06:46.382+0000] {subprocess.py:93} INFO - [0m03:06:46    search_path: None
[2026-03-28T03:06:46.384+0000] {subprocess.py:93} INFO - [0m03:06:46    keepalives_idle: 0
[2026-03-28T03:06:46.386+0000] {subprocess.py:93} INFO - [0m03:06:46    sslmode: None
[2026-03-28T03:06:46.389+0000] {subprocess.py:93} INFO - [0m03:06:46    sslcert: None
[2026-03-28T03:06:46.390+0000] {subprocess.py:93} INFO - [0m03:06:46    sslkey: None
[2026-03-28T03:06:46.390+0000] {subprocess.py:93} INFO - [0m03:06:46    sslrootcert: None
[2026-03-28T03:06:46.391+0000] {subprocess.py:93} INFO - [0m03:06:46    application_name: dbt
[2026-03-28T03:06:46.392+0000] {subprocess.py:93} INFO - [0m03:06:46    retries: 1
[2026-03-28T03:06:46.393+0000] {subprocess.py:93} INFO - [0m03:06:46  Registered adapter: postgres=1.8.2
[2026-03-28T03:06:46.493+0000] {subprocess.py:93} INFO - [0m03:06:46    Connection test: [[32mOK connection ok[0m]
[2026-03-28T03:06:46.493+0000] {subprocess.py:93} INFO - 
[2026-03-28T03:06:46.496+0000] {subprocess.py:93} INFO - [0m03:06:46  [31m1 check failed:[0m
[2026-03-28T03:06:46.499+0000] {subprocess.py:93} INFO - [0m03:06:46  Error from git --help: User does not have permissions for this command: "git"
[2026-03-28T03:06:46.499+0000] {subprocess.py:93} INFO - 
[2026-03-28T03:06:47.904+0000] {subprocess.py:93} INFO - Ignore Git Error
[2026-03-28T03:06:47.914+0000] {subprocess.py:97} INFO - Command exited with return code 0
[2026-03-28T03:06:47.973+0000] {taskinstance.py:1398} INFO - Marking task as SUCCESS. dag_id=logistics_pipeline_v3, task_id=check_dbt_connection, execution_date=20260328T030640, start_date=20260328T030641, end_date=20260328T030647
[2026-03-28T03:06:48.050+0000] {local_task_job_runner.py:228} INFO - Task exited with return code 0
[2026-03-28T03:06:48.100+0000] {taskinstance.py:2776} INFO - 1 downstream tasks scheduled from follow-on schedule check
