[2026-03-28T02:10:03.386+0000] {taskinstance.py:1157} INFO - Dependencies all met for dep_context=non-requeueable deps ti=<TaskInstance: logistics_pipeline_v3.dbt_run manual__2026-03-28T02:09:47.097547+00:00 [queued]>
[2026-03-28T02:10:03.400+0000] {taskinstance.py:1157} INFO - Dependencies all met for dep_context=requeueable deps ti=<TaskInstance: logistics_pipeline_v3.dbt_run manual__2026-03-28T02:09:47.097547+00:00 [queued]>
[2026-03-28T02:10:03.400+0000] {taskinstance.py:1359} INFO - Starting attempt 1 of 2
[2026-03-28T02:10:03.423+0000] {taskinstance.py:1380} INFO - Executing <Task(BashOperator): dbt_run> on 2026-03-28 02:09:47.097547+00:00
[2026-03-28T02:10:03.431+0000] {standard_task_runner.py:57} INFO - Started process 482 to run task
[2026-03-28T02:10:03.435+0000] {standard_task_runner.py:84} INFO - Running: ['airflow', 'tasks', 'run', 'logistics_pipeline_v3', 'dbt_run', 'manual__2026-03-28T02:09:47.097547+00:00', '--job-id', '39', '--raw', '--subdir', 'DAGS_FOLDER/smartflow_dag.py', '--cfg-path', '/tmp/tmpqaxlzjs7']
[2026-03-28T02:10:03.439+0000] {standard_task_runner.py:85} INFO - Job 39: Subtask dbt_run
[2026-03-28T02:10:03.525+0000] {task_command.py:415} INFO - Running <TaskInstance: logistics_pipeline_v3.dbt_run manual__2026-03-28T02:09:47.097547+00:00 [running]> on host 22aa927a5017
[2026-03-28T02:10:03.679+0000] {taskinstance.py:1660} INFO - Exporting env vars: AIRFLOW_CTX_DAG_OWNER='Rawan' AIRFLOW_CTX_DAG_ID='logistics_pipeline_v3' AIRFLOW_CTX_TASK_ID='dbt_run' AIRFLOW_CTX_EXECUTION_DATE='2026-03-28T02:09:47.097547+00:00' AIRFLOW_CTX_TRY_NUMBER='1' AIRFLOW_CTX_DAG_RUN_ID='manual__2026-03-28T02:09:47.097547+00:00'
[2026-03-28T02:10:03.682+0000] {subprocess.py:63} INFO - Tmp dir root location: /tmp
[2026-03-28T02:10:03.683+0000] {subprocess.py:75} INFO - Running command: ['/bin/bash', '-c', 'cd /opt/airflow/dbt_project && dbt run --profiles-dir .']
[2026-03-28T02:10:03.701+0000] {subprocess.py:86} INFO - Output:
[2026-03-28T02:10:06.874+0000] {subprocess.py:93} INFO - [0m02:10:06  Running with dbt=1.8.2
[2026-03-28T02:10:07.120+0000] {subprocess.py:93} INFO - [0m02:10:07  Registered adapter: postgres=1.8.2
[2026-03-28T02:10:07.508+0000] {subprocess.py:93} INFO - [0m02:10:07  Found 1 model, 3 data tests, 423 macros
[2026-03-28T02:10:07.511+0000] {subprocess.py:93} INFO - [0m02:10:07
[2026-03-28T02:10:07.711+0000] {subprocess.py:93} INFO - [0m02:10:07  Concurrency: 4 threads (target='dev')
[2026-03-28T02:10:07.712+0000] {subprocess.py:93} INFO - [0m02:10:07
[2026-03-28T02:10:07.732+0000] {subprocess.py:93} INFO - [0m02:10:07  1 of 1 START sql table model public_analytics.courier_performance .............. [RUN]
[2026-03-28T02:10:07.969+0000] {subprocess.py:93} INFO - [0m02:10:07  1 of 1 OK created sql table model public_analytics.courier_performance ......... [[32mSELECT 3[0m in 0.24s]
[2026-03-28T02:10:07.999+0000] {subprocess.py:93} INFO - [0m02:10:07
[2026-03-28T02:10:08.001+0000] {subprocess.py:93} INFO - [0m02:10:08  Finished running 1 table model in 0 hours 0 minutes and 0.49 seconds (0.49s).
[2026-03-28T02:10:08.066+0000] {subprocess.py:93} INFO - [0m02:10:08
[2026-03-28T02:10:08.069+0000] {subprocess.py:93} INFO - [0m02:10:08  [32mCompleted successfully[0m
[2026-03-28T02:10:08.069+0000] {subprocess.py:93} INFO - [0m02:10:08
[2026-03-28T02:10:08.069+0000] {subprocess.py:93} INFO - [0m02:10:08  Done. PASS=1 WARN=0 ERROR=0 SKIP=0 TOTAL=1
[2026-03-28T02:10:09.512+0000] {subprocess.py:97} INFO - Command exited with return code 0
[2026-03-28T02:10:09.564+0000] {taskinstance.py:1398} INFO - Marking task as SUCCESS. dag_id=logistics_pipeline_v3, task_id=dbt_run, execution_date=20260328T020947, start_date=20260328T021003, end_date=20260328T021009
[2026-03-28T02:10:09.615+0000] {local_task_job_runner.py:228} INFO - Task exited with return code 0
[2026-03-28T02:10:09.651+0000] {taskinstance.py:2776} INFO - 1 downstream tasks scheduled from follow-on schedule check
