[2026-03-28T01:29:45.304+0000] {taskinstance.py:1157} INFO - Dependencies all met for dep_context=non-requeueable deps ti=<TaskInstance: logistics_pipeline_v3.dbt_seed manual__2026-03-28T01:29:33.810722+00:00 [queued]>
[2026-03-28T01:29:45.324+0000] {taskinstance.py:1157} INFO - Dependencies all met for dep_context=requeueable deps ti=<TaskInstance: logistics_pipeline_v3.dbt_seed manual__2026-03-28T01:29:33.810722+00:00 [queued]>
[2026-03-28T01:29:45.325+0000] {taskinstance.py:1359} INFO - Starting attempt 1 of 2
[2026-03-28T01:29:45.357+0000] {taskinstance.py:1380} INFO - Executing <Task(BashOperator): dbt_seed> on 2026-03-28 01:29:33.810722+00:00
[2026-03-28T01:29:45.363+0000] {standard_task_runner.py:57} INFO - Started process 615 to run task
[2026-03-28T01:29:45.369+0000] {standard_task_runner.py:84} INFO - Running: ['airflow', 'tasks', 'run', 'logistics_pipeline_v3', 'dbt_seed', 'manual__2026-03-28T01:29:33.810722+00:00', '--job-id', '10', '--raw', '--subdir', 'DAGS_FOLDER/smartflow_dag.py', '--cfg-path', '/tmp/tmpkrm6ht9c']
[2026-03-28T01:29:45.373+0000] {standard_task_runner.py:85} INFO - Job 10: Subtask dbt_seed
[2026-03-28T01:29:45.495+0000] {task_command.py:415} INFO - Running <TaskInstance: logistics_pipeline_v3.dbt_seed manual__2026-03-28T01:29:33.810722+00:00 [running]> on host 22aa927a5017
[2026-03-28T01:29:45.709+0000] {taskinstance.py:1660} INFO - Exporting env vars: AIRFLOW_CTX_DAG_OWNER='Rawan' AIRFLOW_CTX_DAG_ID='logistics_pipeline_v3' AIRFLOW_CTX_TASK_ID='dbt_seed' AIRFLOW_CTX_EXECUTION_DATE='2026-03-28T01:29:33.810722+00:00' AIRFLOW_CTX_TRY_NUMBER='1' AIRFLOW_CTX_DAG_RUN_ID='manual__2026-03-28T01:29:33.810722+00:00'
[2026-03-28T01:29:45.711+0000] {subprocess.py:63} INFO - Tmp dir root location: /tmp
[2026-03-28T01:29:45.714+0000] {subprocess.py:75} INFO - Running command: ['/bin/bash', '-c', 'cd /opt/airflow/dbt_project && dbt seed --profiles-dir .']
[2026-03-28T01:29:45.736+0000] {subprocess.py:86} INFO - Output:
[2026-03-28T01:29:49.258+0000] {subprocess.py:93} INFO - [0m01:29:49  Running with dbt=1.8.2
[2026-03-28T01:29:49.562+0000] {subprocess.py:93} INFO - [0m01:29:49  Registered adapter: postgres=1.8.2
[2026-03-28T01:29:49.741+0000] {subprocess.py:93} INFO - [0m01:29:49  Unable to do partial parsing because of a version mismatch
[2026-03-28T01:29:51.195+0000] {subprocess.py:93} INFO - [0m01:29:51  [[33mWARNING[0m]: Deprecated functionality
[2026-03-28T01:29:51.196+0000] {subprocess.py:93} INFO - The `tests` config has been renamed to `data_tests`. Please see
[2026-03-28T01:29:51.196+0000] {subprocess.py:93} INFO - https://docs.getdbt.com/docs/build/data-tests#new-data_tests-syntax for more
[2026-03-28T01:29:51.196+0000] {subprocess.py:93} INFO - information.
[2026-03-28T01:29:52.371+0000] {subprocess.py:93} INFO - [0m01:29:52  Found 1 model, 3 data tests, 423 macros
[2026-03-28T01:29:52.383+0000] {subprocess.py:93} INFO - [0m01:29:52
[2026-03-28T01:29:52.385+0000] {subprocess.py:93} INFO - [0m01:29:52  Nothing to do. Try checking your model configs and model specification args
[2026-03-28T01:29:52.520+0000] {subprocess.py:93} INFO - [0m01:29:52
[2026-03-28T01:29:52.522+0000] {subprocess.py:93} INFO - [0m01:29:52  [32mCompleted successfully[0m
[2026-03-28T01:29:52.523+0000] {subprocess.py:93} INFO - [0m01:29:52
[2026-03-28T01:29:52.525+0000] {subprocess.py:93} INFO - [0m01:29:52  Done. PASS=0 WARN=0 ERROR=0 SKIP=0 TOTAL=0
[2026-03-28T01:29:53.564+0000] {subprocess.py:97} INFO - Command exited with return code 0
[2026-03-28T01:29:53.605+0000] {taskinstance.py:1398} INFO - Marking task as SUCCESS. dag_id=logistics_pipeline_v3, task_id=dbt_seed, execution_date=20260328T012933, start_date=20260328T012945, end_date=20260328T012953
[2026-03-28T01:29:53.669+0000] {local_task_job_runner.py:228} INFO - Task exited with return code 0
[2026-03-28T01:29:53.822+0000] {taskinstance.py:2776} INFO - 1 downstream tasks scheduled from follow-on schedule check
