[2026-03-28T01:16:13.676+0000] {taskinstance.py:1157} INFO - Dependencies all met for dep_context=non-requeueable deps ti=<TaskInstance: logistics_pipeline_v3.check_dbt_connection manual__2026-03-28T01:16:08.528419+00:00 [queued]>
[2026-03-28T01:16:13.693+0000] {taskinstance.py:1157} INFO - Dependencies all met for dep_context=requeueable deps ti=<TaskInstance: logistics_pipeline_v3.check_dbt_connection manual__2026-03-28T01:16:08.528419+00:00 [queued]>
[2026-03-28T01:16:13.694+0000] {taskinstance.py:1359} INFO - Starting attempt 1 of 2
[2026-03-28T01:16:13.736+0000] {taskinstance.py:1380} INFO - Executing <Task(BashOperator): check_dbt_connection> on 2026-03-28 01:16:08.528419+00:00
[2026-03-28T01:16:13.747+0000] {standard_task_runner.py:57} INFO - Started process 431 to run task
[2026-03-28T01:16:13.756+0000] {standard_task_runner.py:84} INFO - Running: ['airflow', 'tasks', 'run', 'logistics_pipeline_v3', 'check_dbt_connection', 'manual__2026-03-28T01:16:08.528419+00:00', '--job-id', '3', '--raw', '--subdir', 'DAGS_FOLDER/smartflow_dag.py', '--cfg-path', '/tmp/tmp9gnt1f3o']
[2026-03-28T01:16:13.762+0000] {standard_task_runner.py:85} INFO - Job 3: Subtask check_dbt_connection
[2026-03-28T01:16:13.937+0000] {task_command.py:415} INFO - Running <TaskInstance: logistics_pipeline_v3.check_dbt_connection manual__2026-03-28T01:16:08.528419+00:00 [running]> on host 22aa927a5017
[2026-03-28T01:16:14.190+0000] {taskinstance.py:1660} INFO - Exporting env vars: AIRFLOW_CTX_DAG_OWNER='Rawan' AIRFLOW_CTX_DAG_ID='logistics_pipeline_v3' AIRFLOW_CTX_TASK_ID='check_dbt_connection' AIRFLOW_CTX_EXECUTION_DATE='2026-03-28T01:16:08.528419+00:00' AIRFLOW_CTX_TRY_NUMBER='1' AIRFLOW_CTX_DAG_RUN_ID='manual__2026-03-28T01:16:08.528419+00:00'
[2026-03-28T01:16:14.192+0000] {subprocess.py:63} INFO - Tmp dir root location: /tmp
[2026-03-28T01:16:14.194+0000] {subprocess.py:75} INFO - Running command: ['/bin/bash', '-c', 'export PATH=$PATH:/root/.local/bin && cd /opt/airflow/dbt_project && dbt debug --profiles-dir .']
[2026-03-28T01:16:14.220+0000] {subprocess.py:86} INFO - Output:
[2026-03-28T01:16:17.243+0000] {subprocess.py:93} INFO - [0m01:16:17  Running with dbt=1.8.2
[2026-03-28T01:16:17.256+0000] {subprocess.py:93} INFO - [0m01:16:17  dbt version: 1.8.2
[2026-03-28T01:16:17.256+0000] {subprocess.py:93} INFO - [0m01:16:17  python version: 3.8.18
[2026-03-28T01:16:17.257+0000] {subprocess.py:93} INFO - [0m01:16:17  python path: /usr/local/bin/python3
[2026-03-28T01:16:17.257+0000] {subprocess.py:93} INFO - [0m01:16:17  os info: Linux-6.6.87.2-microsoft-standard-WSL2-x86_64-with-glibc2.2.5
[2026-03-28T01:16:17.258+0000] {subprocess.py:93} INFO - [0m01:16:17  Using profiles dir at .
[2026-03-28T01:16:17.258+0000] {subprocess.py:93} INFO - [0m01:16:17  Using profiles.yml file at ./profiles.yml
[2026-03-28T01:16:17.259+0000] {subprocess.py:93} INFO - [0m01:16:17  Using dbt_project.yml file at /opt/airflow/dbt_project/dbt_project.yml
[2026-03-28T01:16:17.408+0000] {subprocess.py:93} INFO - [0m01:16:17  Configuration:
[2026-03-28T01:16:17.408+0000] {subprocess.py:93} INFO - [0m01:16:17    profiles.yml file [[31mERROR not found[0m]
[2026-03-28T01:16:17.409+0000] {subprocess.py:93} INFO - [0m01:16:17    dbt_project.yml file [[32mOK found and valid[0m]
[2026-03-28T01:16:17.409+0000] {subprocess.py:93} INFO - [0m01:16:17  Required dependencies:
[2026-03-28T01:16:17.415+0000] {subprocess.py:93} INFO - [0m01:16:17   - git [[31mERROR[0m]
[2026-03-28T01:16:17.415+0000] {subprocess.py:93} INFO - 
[2026-03-28T01:16:17.416+0000] {subprocess.py:93} INFO - [0m01:16:17  Connection test skipped since no profile was found
[2026-03-28T01:16:17.416+0000] {subprocess.py:93} INFO - [0m01:16:17  [31m2 checks failed:[0m
[2026-03-28T01:16:17.417+0000] {subprocess.py:93} INFO - [0m01:16:17  dbt looked for a profiles.yml file in ./profiles.yml, but did
[2026-03-28T01:16:17.417+0000] {subprocess.py:93} INFO - not find one. For more information on configuring your profile, consult the
[2026-03-28T01:16:17.417+0000] {subprocess.py:93} INFO - documentation:
[2026-03-28T01:16:17.417+0000] {subprocess.py:93} INFO - 
[2026-03-28T01:16:17.417+0000] {subprocess.py:93} INFO - https://docs.getdbt.com/docs/configure-your-profile
[2026-03-28T01:16:17.418+0000] {subprocess.py:93} INFO - 
[2026-03-28T01:16:17.418+0000] {subprocess.py:93} INFO - 
[2026-03-28T01:16:17.418+0000] {subprocess.py:93} INFO - [0m01:16:17  Error from git --help: User does not have permissions for this command: "git"
[2026-03-28T01:16:17.418+0000] {subprocess.py:93} INFO - 
[2026-03-28T01:16:18.551+0000] {subprocess.py:97} INFO - Command exited with return code 1
[2026-03-28T01:16:18.574+0000] {taskinstance.py:1935} ERROR - Task failed with exception
Traceback (most recent call last):
  File "/home/airflow/.local/lib/python3.8/site-packages/airflow/operators/bash.py", line 210, in execute
    raise AirflowException(
airflow.exceptions.AirflowException: Bash command failed. The command returned a non-zero exit code 1.
[2026-03-28T01:16:18.580+0000] {taskinstance.py:1398} INFO - Marking task as UP_FOR_RETRY. dag_id=logistics_pipeline_v3, task_id=check_dbt_connection, execution_date=20260328T011608, start_date=20260328T011613, end_date=20260328T011618
[2026-03-28T01:16:18.611+0000] {standard_task_runner.py:104} ERROR - Failed to execute job 3 for task check_dbt_connection (Bash command failed. The command returned a non-zero exit code 1.; 431)
[2026-03-28T01:16:18.650+0000] {local_task_job_runner.py:228} INFO - Task exited with return code 1
[2026-03-28T01:16:18.699+0000] {taskinstance.py:2776} INFO - 0 downstream tasks scheduled from follow-on schedule check
