[2026-03-28T01:21:20.250+0000] {taskinstance.py:1157} INFO - Dependencies all met for dep_context=non-requeueable deps ti=<TaskInstance: logistics_pipeline_v3.check_dbt_connection manual__2026-03-28T01:16:08.528419+00:00 [queued]>
[2026-03-28T01:21:20.271+0000] {taskinstance.py:1157} INFO - Dependencies all met for dep_context=requeueable deps ti=<TaskInstance: logistics_pipeline_v3.check_dbt_connection manual__2026-03-28T01:16:08.528419+00:00 [queued]>
[2026-03-28T01:21:20.272+0000] {taskinstance.py:1359} INFO - Starting attempt 2 of 2
[2026-03-28T01:21:20.317+0000] {taskinstance.py:1380} INFO - Executing <Task(BashOperator): check_dbt_connection> on 2026-03-28 01:16:08.528419+00:00
[2026-03-28T01:21:20.326+0000] {standard_task_runner.py:57} INFO - Started process 497 to run task
[2026-03-28T01:21:20.336+0000] {standard_task_runner.py:84} INFO - Running: ['airflow', 'tasks', 'run', 'logistics_pipeline_v3', 'check_dbt_connection', 'manual__2026-03-28T01:16:08.528419+00:00', '--job-id', '4', '--raw', '--subdir', 'DAGS_FOLDER/smartflow_dag.py', '--cfg-path', '/tmp/tmp035snz01']
[2026-03-28T01:21:20.344+0000] {standard_task_runner.py:85} INFO - Job 4: Subtask check_dbt_connection
[2026-03-28T01:21:20.523+0000] {task_command.py:415} INFO - Running <TaskInstance: logistics_pipeline_v3.check_dbt_connection manual__2026-03-28T01:16:08.528419+00:00 [running]> on host 22aa927a5017
[2026-03-28T01:21:20.754+0000] {taskinstance.py:1660} INFO - Exporting env vars: AIRFLOW_CTX_DAG_OWNER='Rawan' AIRFLOW_CTX_DAG_ID='logistics_pipeline_v3' AIRFLOW_CTX_TASK_ID='check_dbt_connection' AIRFLOW_CTX_EXECUTION_DATE='2026-03-28T01:16:08.528419+00:00' AIRFLOW_CTX_TRY_NUMBER='2' AIRFLOW_CTX_DAG_RUN_ID='manual__2026-03-28T01:16:08.528419+00:00'
[2026-03-28T01:21:20.758+0000] {subprocess.py:63} INFO - Tmp dir root location: /tmp
[2026-03-28T01:21:20.760+0000] {subprocess.py:75} INFO - Running command: ['/bin/bash', '-c', 'export PATH=$PATH:/root/.local/bin && cd /opt/airflow/dbt_project && dbt debug --profiles-dir .']
[2026-03-28T01:21:20.780+0000] {subprocess.py:86} INFO - Output:
[2026-03-28T01:21:25.586+0000] {subprocess.py:93} INFO - [0m01:21:25  Running with dbt=1.8.2
[2026-03-28T01:21:25.606+0000] {subprocess.py:93} INFO - [0m01:21:25  dbt version: 1.8.2
[2026-03-28T01:21:25.609+0000] {subprocess.py:93} INFO - [0m01:21:25  python version: 3.8.18
[2026-03-28T01:21:25.610+0000] {subprocess.py:93} INFO - [0m01:21:25  python path: /usr/local/bin/python3
[2026-03-28T01:21:25.611+0000] {subprocess.py:93} INFO - [0m01:21:25  os info: Linux-6.6.87.2-microsoft-standard-WSL2-x86_64-with-glibc2.2.5
[2026-03-28T01:21:25.613+0000] {subprocess.py:93} INFO - [0m01:21:25  Using profiles dir at .
[2026-03-28T01:21:25.614+0000] {subprocess.py:93} INFO - [0m01:21:25  Using profiles.yml file at ./profiles.yml
[2026-03-28T01:21:25.617+0000] {subprocess.py:93} INFO - [0m01:21:25  Using dbt_project.yml file at /opt/airflow/dbt_project/dbt_project.yml
[2026-03-28T01:21:25.959+0000] {subprocess.py:93} INFO - [0m01:21:25  Configuration:
[2026-03-28T01:21:25.960+0000] {subprocess.py:93} INFO - [0m01:21:25    profiles.yml file [[31mERROR not found[0m]
[2026-03-28T01:21:25.962+0000] {subprocess.py:93} INFO - [0m01:21:25    dbt_project.yml file [[32mOK found and valid[0m]
[2026-03-28T01:21:25.962+0000] {subprocess.py:93} INFO - [0m01:21:25  Required dependencies:
[2026-03-28T01:21:25.981+0000] {subprocess.py:93} INFO - [0m01:21:25   - git [[31mERROR[0m]
[2026-03-28T01:21:25.981+0000] {subprocess.py:93} INFO - 
[2026-03-28T01:21:25.982+0000] {subprocess.py:93} INFO - [0m01:21:25  Connection test skipped since no profile was found
[2026-03-28T01:21:25.982+0000] {subprocess.py:93} INFO - [0m01:21:25  [31m2 checks failed:[0m
[2026-03-28T01:21:25.982+0000] {subprocess.py:93} INFO - [0m01:21:25  dbt looked for a profiles.yml file in ./profiles.yml, but did
[2026-03-28T01:21:25.983+0000] {subprocess.py:93} INFO - not find one. For more information on configuring your profile, consult the
[2026-03-28T01:21:25.983+0000] {subprocess.py:93} INFO - documentation:
[2026-03-28T01:21:25.983+0000] {subprocess.py:93} INFO - 
[2026-03-28T01:21:25.983+0000] {subprocess.py:93} INFO - https://docs.getdbt.com/docs/configure-your-profile
[2026-03-28T01:21:25.984+0000] {subprocess.py:93} INFO - 
[2026-03-28T01:21:25.984+0000] {subprocess.py:93} INFO - 
[2026-03-28T01:21:25.985+0000] {subprocess.py:93} INFO - [0m01:21:25  Error from git --help: User does not have permissions for this command: "git"
[2026-03-28T01:21:25.986+0000] {subprocess.py:93} INFO - 
[2026-03-28T01:21:27.198+0000] {subprocess.py:97} INFO - Command exited with return code 1
[2026-03-28T01:21:27.236+0000] {taskinstance.py:1935} ERROR - Task failed with exception
Traceback (most recent call last):
  File "/home/airflow/.local/lib/python3.8/site-packages/airflow/operators/bash.py", line 210, in execute
    raise AirflowException(
airflow.exceptions.AirflowException: Bash command failed. The command returned a non-zero exit code 1.
[2026-03-28T01:21:27.245+0000] {taskinstance.py:1398} INFO - Marking task as FAILED. dag_id=logistics_pipeline_v3, task_id=check_dbt_connection, execution_date=20260328T011608, start_date=20260328T012120, end_date=20260328T012127
[2026-03-28T01:21:27.284+0000] {standard_task_runner.py:104} ERROR - Failed to execute job 4 for task check_dbt_connection (Bash command failed. The command returned a non-zero exit code 1.; 497)
[2026-03-28T01:21:27.304+0000] {local_task_job_runner.py:228} INFO - Task exited with return code 1
[2026-03-28T01:21:27.378+0000] {taskinstance.py:2776} INFO - 0 downstream tasks scheduled from follow-on schedule check
