[2026-03-28T03:09:01.310+0000] {taskinstance.py:1157} INFO - Dependencies all met for dep_context=non-requeueable deps ti=<TaskInstance: logistics_pipeline_v3.dbt_run manual__2026-03-28T03:03:40.166962+00:00 [queued]>
[2026-03-28T03:09:01.319+0000] {taskinstance.py:1157} INFO - Dependencies all met for dep_context=requeueable deps ti=<TaskInstance: logistics_pipeline_v3.dbt_run manual__2026-03-28T03:03:40.166962+00:00 [queued]>
[2026-03-28T03:09:01.319+0000] {taskinstance.py:1359} INFO - Starting attempt 2 of 2
[2026-03-28T03:09:01.335+0000] {taskinstance.py:1380} INFO - Executing <Task(BashOperator): dbt_run> on 2026-03-28 03:03:40.166962+00:00
[2026-03-28T03:09:01.339+0000] {standard_task_runner.py:57} INFO - Started process 1386 to run task
[2026-03-28T03:09:01.343+0000] {standard_task_runner.py:84} INFO - Running: ['airflow', 'tasks', 'run', 'logistics_pipeline_v3', 'dbt_run', 'manual__2026-03-28T03:03:40.166962+00:00', '--job-id', '68', '--raw', '--subdir', 'DAGS_FOLDER/smartflow_dag.py', '--cfg-path', '/tmp/tmpbpyhqeuy']
[2026-03-28T03:09:01.346+0000] {standard_task_runner.py:85} INFO - Job 68: Subtask dbt_run
[2026-03-28T03:09:01.408+0000] {task_command.py:415} INFO - Running <TaskInstance: logistics_pipeline_v3.dbt_run manual__2026-03-28T03:03:40.166962+00:00 [running]> on host 22aa927a5017
[2026-03-28T03:09:01.511+0000] {taskinstance.py:1660} INFO - Exporting env vars: AIRFLOW_CTX_DAG_OWNER='Rawan' AIRFLOW_CTX_DAG_ID='logistics_pipeline_v3' AIRFLOW_CTX_TASK_ID='dbt_run' AIRFLOW_CTX_EXECUTION_DATE='2026-03-28T03:03:40.166962+00:00' AIRFLOW_CTX_TRY_NUMBER='2' AIRFLOW_CTX_DAG_RUN_ID='manual__2026-03-28T03:03:40.166962+00:00'
[2026-03-28T03:09:01.512+0000] {subprocess.py:63} INFO - Tmp dir root location: /tmp
[2026-03-28T03:09:01.513+0000] {subprocess.py:75} INFO - Running command: ['/bin/bash', '-c', 'cd /opt/airflow/dbt_project && dbt run --profiles-dir .']
[2026-03-28T03:09:01.523+0000] {subprocess.py:86} INFO - Output:
[2026-03-28T03:09:04.350+0000] {subprocess.py:93} INFO - [0m03:09:04  Running with dbt=1.8.2
[2026-03-28T03:09:04.993+0000] {subprocess.py:93} INFO - [0m03:09:04  Registered adapter: postgres=1.8.2
[2026-03-28T03:09:06.040+0000] {subprocess.py:93} INFO - [0m03:09:06  Found 1 model, 3 data tests, 1 source, 423 macros
[2026-03-28T03:09:06.047+0000] {subprocess.py:93} INFO - [0m03:09:06
[2026-03-28T03:09:06.389+0000] {subprocess.py:93} INFO - [0m03:09:06  Concurrency: 4 threads (target='dev')
[2026-03-28T03:09:06.390+0000] {subprocess.py:93} INFO - [0m03:09:06
[2026-03-28T03:09:06.419+0000] {subprocess.py:93} INFO - [0m03:09:06  1 of 1 START sql table model public_analytics.courier_performance .............. [RUN]
[2026-03-28T03:09:06.823+0000] {subprocess.py:93} INFO - [0m03:09:06  1 of 1 OK created sql table model public_analytics.courier_performance ......... [[32mSELECT 3[0m in 0.40s]
[2026-03-28T03:09:06.870+0000] {subprocess.py:93} INFO - [0m03:09:06
[2026-03-28T03:09:06.871+0000] {subprocess.py:93} INFO - [0m03:09:06  Finished running 1 table model in 0 hours 0 minutes and 0.82 seconds (0.82s).
[2026-03-28T03:09:07.062+0000] {subprocess.py:93} INFO - [0m03:09:07
[2026-03-28T03:09:07.062+0000] {subprocess.py:93} INFO - [0m03:09:07  [32mCompleted successfully[0m
[2026-03-28T03:09:07.062+0000] {subprocess.py:93} INFO - [0m03:09:07
[2026-03-28T03:09:07.063+0000] {subprocess.py:93} INFO - [0m03:09:07  Done. PASS=1 WARN=0 ERROR=0 SKIP=0 TOTAL=1
[2026-03-28T03:09:09.748+0000] {subprocess.py:97} INFO - Command exited with return code 0
[2026-03-28T03:09:09.832+0000] {taskinstance.py:1398} INFO - Marking task as SUCCESS. dag_id=logistics_pipeline_v3, task_id=dbt_run, execution_date=20260328T030340, start_date=20260328T030901, end_date=20260328T030909
[2026-03-28T03:09:09.902+0000] {local_task_job_runner.py:228} INFO - Task exited with return code 0
[2026-03-28T03:09:09.950+0000] {taskinstance.py:2776} INFO - 1 downstream tasks scheduled from follow-on schedule check
