[2026-03-28T03:03:57.051+0000] {taskinstance.py:1157} INFO - Dependencies all met for dep_context=non-requeueable deps ti=<TaskInstance: logistics_pipeline_v3.dbt_run manual__2026-03-28T03:03:40.166962+00:00 [queued]>
[2026-03-28T03:03:57.059+0000] {taskinstance.py:1157} INFO - Dependencies all met for dep_context=requeueable deps ti=<TaskInstance: logistics_pipeline_v3.dbt_run manual__2026-03-28T03:03:40.166962+00:00 [queued]>
[2026-03-28T03:03:57.060+0000] {taskinstance.py:1359} INFO - Starting attempt 1 of 2
[2026-03-28T03:03:57.073+0000] {taskinstance.py:1380} INFO - Executing <Task(BashOperator): dbt_run> on 2026-03-28 03:03:40.166962+00:00
[2026-03-28T03:03:57.078+0000] {standard_task_runner.py:57} INFO - Started process 1164 to run task
[2026-03-28T03:03:57.081+0000] {standard_task_runner.py:84} INFO - Running: ['airflow', 'tasks', 'run', 'logistics_pipeline_v3', 'dbt_run', 'manual__2026-03-28T03:03:40.166962+00:00', '--job-id', '53', '--raw', '--subdir', 'DAGS_FOLDER/smartflow_dag.py', '--cfg-path', '/tmp/tmp4qwubelw']
[2026-03-28T03:03:57.084+0000] {standard_task_runner.py:85} INFO - Job 53: Subtask dbt_run
[2026-03-28T03:03:57.142+0000] {task_command.py:415} INFO - Running <TaskInstance: logistics_pipeline_v3.dbt_run manual__2026-03-28T03:03:40.166962+00:00 [running]> on host 22aa927a5017
[2026-03-28T03:03:57.234+0000] {taskinstance.py:1660} INFO - Exporting env vars: AIRFLOW_CTX_DAG_OWNER='Rawan' AIRFLOW_CTX_DAG_ID='logistics_pipeline_v3' AIRFLOW_CTX_TASK_ID='dbt_run' AIRFLOW_CTX_EXECUTION_DATE='2026-03-28T03:03:40.166962+00:00' AIRFLOW_CTX_TRY_NUMBER='1' AIRFLOW_CTX_DAG_RUN_ID='manual__2026-03-28T03:03:40.166962+00:00'
[2026-03-28T03:03:57.236+0000] {subprocess.py:63} INFO - Tmp dir root location: /tmp
[2026-03-28T03:03:57.236+0000] {subprocess.py:75} INFO - Running command: ['/bin/bash', '-c', 'cd /opt/airflow/dbt_project && dbt run --profiles-dir .']
[2026-03-28T03:03:57.247+0000] {subprocess.py:86} INFO - Output:
[2026-03-28T03:03:59.240+0000] {subprocess.py:93} INFO - [0m03:03:59  Running with dbt=1.8.2
[2026-03-28T03:03:59.721+0000] {subprocess.py:93} INFO - [0m03:03:59  Registered adapter: postgres=1.8.2
[2026-03-28T03:03:59.015+0000] {subprocess.py:93} INFO - [0m03:03:59  Found 1 model, 3 data tests, 1 source, 423 macros
[2026-03-28T03:03:59.022+0000] {subprocess.py:93} INFO - [0m03:03:59
[2026-03-28T03:03:59.121+0000] {subprocess.py:93} INFO - [0m03:03:59
[2026-03-28T03:03:59.122+0000] {subprocess.py:93} INFO - [0m03:03:59  Finished running  in 0 hours 0 minutes and 0.10 seconds (0.10s).
[2026-03-28T03:03:59.125+0000] {subprocess.py:93} INFO - [0m03:03:59  Encountered an error:
[2026-03-28T03:03:59.125+0000] {subprocess.py:93} INFO - Database Error
[2026-03-28T03:03:59.125+0000] {subprocess.py:93} INFO -   connection to server at "localhost" (::1), port 5432 failed: Connection refused
[2026-03-28T03:03:59.126+0000] {subprocess.py:93} INFO -   	Is the server running on that host and accepting TCP/IP connections?
[2026-03-28T03:03:59.126+0000] {subprocess.py:93} INFO -   connection to server at "localhost" (127.0.0.1), port 5432 failed: Connection refused
[2026-03-28T03:03:59.126+0000] {subprocess.py:93} INFO -   	Is the server running on that host and accepting TCP/IP connections?
[2026-03-28T03:03:59.126+0000] {subprocess.py:93} INFO - 
[2026-03-28T03:04:00.245+0000] {subprocess.py:97} INFO - Command exited with return code 2
[2026-03-28T03:04:00.272+0000] {taskinstance.py:1935} ERROR - Task failed with exception
Traceback (most recent call last):
  File "/home/airflow/.local/lib/python3.8/site-packages/airflow/operators/bash.py", line 210, in execute
    raise AirflowException(
airflow.exceptions.AirflowException: Bash command failed. The command returned a non-zero exit code 2.
[2026-03-28T03:04:00.279+0000] {taskinstance.py:1398} INFO - Marking task as UP_FOR_RETRY. dag_id=logistics_pipeline_v3, task_id=dbt_run, execution_date=20260328T030340, start_date=20260328T030357, end_date=20260328T030400
[2026-03-28T03:04:00.305+0000] {standard_task_runner.py:104} ERROR - Failed to execute job 53 for task dbt_run (Bash command failed. The command returned a non-zero exit code 2.; 1164)
[2026-03-28T03:04:00.344+0000] {local_task_job_runner.py:228} INFO - Task exited with return code 1
[2026-03-28T03:04:00.384+0000] {taskinstance.py:2776} INFO - 0 downstream tasks scheduled from follow-on schedule check
