[2026-03-29T01:31:10.978+0000] {taskinstance.py:1157} INFO - Dependencies all met for dep_context=non-requeueable deps ti=<TaskInstance: logistics_pipeline_v3.dbt_run manual__2026-03-29T01:25:38.205250+00:00 [queued]>
[2026-03-29T01:31:10.996+0000] {taskinstance.py:1157} INFO - Dependencies all met for dep_context=requeueable deps ti=<TaskInstance: logistics_pipeline_v3.dbt_run manual__2026-03-29T01:25:38.205250+00:00 [queued]>
[2026-03-29T01:31:10.996+0000] {taskinstance.py:1359} INFO - Starting attempt 2 of 2
[2026-03-29T01:31:11.026+0000] {taskinstance.py:1380} INFO - Executing <Task(BashOperator): dbt_run> on 2026-03-29 01:25:38.205250+00:00
[2026-03-29T01:31:11.037+0000] {standard_task_runner.py:57} INFO - Started process 1256 to run task
[2026-03-29T01:31:11.046+0000] {standard_task_runner.py:84} INFO - Running: ['airflow', 'tasks', 'run', 'logistics_pipeline_v3', 'dbt_run', 'manual__2026-03-29T01:25:38.205250+00:00', '--job-id', '41', '--raw', '--subdir', 'DAGS_FOLDER/smartflow_dag.py', '--cfg-path', '/tmp/tmppclzcu7j']
[2026-03-29T01:31:11.052+0000] {standard_task_runner.py:85} INFO - Job 41: Subtask dbt_run
[2026-03-29T01:31:11.195+0000] {task_command.py:415} INFO - Running <TaskInstance: logistics_pipeline_v3.dbt_run manual__2026-03-29T01:25:38.205250+00:00 [running]> on host 98eed5e96431
[2026-03-29T01:31:11.417+0000] {taskinstance.py:1660} INFO - Exporting env vars: AIRFLOW_CTX_DAG_OWNER='Rawan' AIRFLOW_CTX_DAG_ID='logistics_pipeline_v3' AIRFLOW_CTX_TASK_ID='dbt_run' AIRFLOW_CTX_EXECUTION_DATE='2026-03-29T01:25:38.205250+00:00' AIRFLOW_CTX_TRY_NUMBER='2' AIRFLOW_CTX_DAG_RUN_ID='manual__2026-03-29T01:25:38.205250+00:00'
[2026-03-29T01:31:11.420+0000] {subprocess.py:63} INFO - Tmp dir root location: /tmp
[2026-03-29T01:31:11.422+0000] {subprocess.py:75} INFO - Running command: ['/bin/bash', '-c', 'cd /opt/airflow/dbt_project && dbt run --profiles-dir .']
[2026-03-29T01:31:11.443+0000] {subprocess.py:86} INFO - Output:
[2026-03-29T01:31:17.013+0000] {subprocess.py:93} INFO - [0m01:31:17  Running with dbt=1.8.0
[2026-03-29T01:31:17.876+0000] {subprocess.py:93} INFO - [0m01:31:17  Registered adapter: postgres=1.8.0
[2026-03-29T01:31:19.311+0000] {subprocess.py:93} INFO - [0m01:31:19  Found 1 model, 3 data tests, 1 source, 423 macros
[2026-03-29T01:31:19.318+0000] {subprocess.py:93} INFO - [0m01:31:19
[2026-03-29T01:31:19.784+0000] {subprocess.py:93} INFO - [0m01:31:19  Concurrency: 4 threads (target='dev')
[2026-03-29T01:31:19.787+0000] {subprocess.py:93} INFO - [0m01:31:19
[2026-03-29T01:31:19.830+0000] {subprocess.py:93} INFO - [0m01:31:19  1 of 1 START sql table model public_analytics.courier_performance .............. [RUN]
[2026-03-29T01:31:21.342+0000] {subprocess.py:93} INFO - [0m01:31:21  1 of 1 OK created sql table model public_analytics.courier_performance ......... [[32mSELECT 8[0m in 1.50s]
[2026-03-29T01:31:20.581+0000] {subprocess.py:93} INFO - [0m01:31:20
[2026-03-29T01:31:20.582+0000] {subprocess.py:93} INFO - [0m01:31:20  Finished running 1 table model in 0 hours 0 minutes and 1.26 seconds (1.26s).
[2026-03-29T01:31:19.602+0000] {subprocess.py:93} INFO - [0m01:31:19
[2026-03-29T01:31:19.605+0000] {subprocess.py:93} INFO - [0m01:31:19  [32mCompleted successfully[0m
[2026-03-29T01:31:19.607+0000] {subprocess.py:93} INFO - [0m01:31:19
[2026-03-29T01:31:19.609+0000] {subprocess.py:93} INFO - [0m01:31:19  Done. PASS=1 WARN=0 ERROR=0 SKIP=0 TOTAL=1
[2026-03-29T01:31:21.025+0000] {subprocess.py:97} INFO - Command exited with return code 0
[2026-03-29T01:31:21.123+0000] {taskinstance.py:1398} INFO - Marking task as SUCCESS. dag_id=logistics_pipeline_v3, task_id=dbt_run, execution_date=20260329T012538, start_date=20260329T013110, end_date=20260329T013121
[2026-03-29T01:31:21.188+0000] {local_task_job_runner.py:228} INFO - Task exited with return code 0
[2026-03-29T01:31:21.270+0000] {taskinstance.py:2776} INFO - 1 downstream tasks scheduled from follow-on schedule check
