[2026-03-29T01:26:00.200+0000] {taskinstance.py:1157} INFO - Dependencies all met for dep_context=non-requeueable deps ti=<TaskInstance: logistics_pipeline_v3.dbt_run manual__2026-03-29T01:25:38.205250+00:00 [queued]>
[2026-03-29T01:26:00.213+0000] {taskinstance.py:1157} INFO - Dependencies all met for dep_context=requeueable deps ti=<TaskInstance: logistics_pipeline_v3.dbt_run manual__2026-03-29T01:25:38.205250+00:00 [queued]>
[2026-03-29T01:26:00.214+0000] {taskinstance.py:1359} INFO - Starting attempt 1 of 2
[2026-03-29T01:26:00.233+0000] {taskinstance.py:1380} INFO - Executing <Task(BashOperator): dbt_run> on 2026-03-29 01:25:38.205250+00:00
[2026-03-29T01:26:00.241+0000] {standard_task_runner.py:57} INFO - Started process 1066 to run task
[2026-03-29T01:26:00.245+0000] {standard_task_runner.py:84} INFO - Running: ['airflow', 'tasks', 'run', 'logistics_pipeline_v3', 'dbt_run', 'manual__2026-03-29T01:25:38.205250+00:00', '--job-id', '32', '--raw', '--subdir', 'DAGS_FOLDER/smartflow_dag.py', '--cfg-path', '/tmp/tmpcckzuxob']
[2026-03-29T01:26:00.249+0000] {standard_task_runner.py:85} INFO - Job 32: Subtask dbt_run
[2026-03-29T01:26:00.342+0000] {task_command.py:415} INFO - Running <TaskInstance: logistics_pipeline_v3.dbt_run manual__2026-03-29T01:25:38.205250+00:00 [running]> on host 98eed5e96431
[2026-03-29T01:26:00.505+0000] {taskinstance.py:1660} INFO - Exporting env vars: AIRFLOW_CTX_DAG_OWNER='Rawan' AIRFLOW_CTX_DAG_ID='logistics_pipeline_v3' AIRFLOW_CTX_TASK_ID='dbt_run' AIRFLOW_CTX_EXECUTION_DATE='2026-03-29T01:25:38.205250+00:00' AIRFLOW_CTX_TRY_NUMBER='1' AIRFLOW_CTX_DAG_RUN_ID='manual__2026-03-29T01:25:38.205250+00:00'
[2026-03-29T01:26:00.507+0000] {subprocess.py:63} INFO - Tmp dir root location: /tmp
[2026-03-29T01:26:00.509+0000] {subprocess.py:75} INFO - Running command: ['/bin/bash', '-c', 'cd /opt/airflow/dbt_project && dbt run --profiles-dir .']
[2026-03-29T01:26:00.523+0000] {subprocess.py:86} INFO - Output:
[2026-03-29T01:26:03.752+0000] {subprocess.py:93} INFO - [0m01:26:03  Running with dbt=1.8.0
[2026-03-29T01:26:04.231+0000] {subprocess.py:93} INFO - [0m01:26:04  Registered adapter: postgres=1.8.0
[2026-03-29T01:26:05.583+0000] {subprocess.py:93} INFO - [0m01:26:05  Found 1 model, 3 data tests, 1 source, 423 macros
[2026-03-29T01:26:05.590+0000] {subprocess.py:93} INFO - [0m01:26:05
[2026-03-29T01:26:05.864+0000] {subprocess.py:93} INFO - [0m01:26:05  Concurrency: 4 threads (target='dev')
[2026-03-29T01:26:05.868+0000] {subprocess.py:93} INFO - [0m01:26:05
[2026-03-29T01:26:05.882+0000] {subprocess.py:93} INFO - [0m01:26:05  1 of 1 START sql table model public_analytics.courier_performance .............. [RUN]
[2026-03-29T01:26:08.013+0000] {subprocess.py:93} INFO - [0m01:26:08  1 of 1 ERROR creating sql table model public_analytics.courier_performance ..... [[31mERROR[0m in 2.12s]
[2026-03-29T01:26:08.079+0000] {subprocess.py:93} INFO - [0m01:26:08
[2026-03-29T01:26:08.081+0000] {subprocess.py:93} INFO - [0m01:26:08  Finished running 1 table model in 0 hours 0 minutes and 2.49 seconds (2.49s).
[2026-03-29T01:26:08.183+0000] {subprocess.py:93} INFO - [0m01:26:08
[2026-03-29T01:26:08.188+0000] {subprocess.py:93} INFO - [0m01:26:08  [31mCompleted with 1 error and 0 warnings:[0m
[2026-03-29T01:26:08.189+0000] {subprocess.py:93} INFO - [0m01:26:08
[2026-03-29T01:26:08.189+0000] {subprocess.py:93} INFO - [0m01:26:08    Database Error in model courier_performance (models/courier_performance.sql)
[2026-03-29T01:26:08.189+0000] {subprocess.py:93} INFO -   deadlock detected
[2026-03-29T01:26:08.190+0000] {subprocess.py:93} INFO -   DETAIL:  Process 5998 waits for ShareLock on transaction 6526; blocked by process 5997.
[2026-03-29T01:26:08.190+0000] {subprocess.py:93} INFO -   Process 5997 waits for AccessExclusiveLock on relation 16994 of database 16384; blocked by process 5998.
[2026-03-29T01:26:08.190+0000] {subprocess.py:93} INFO -   HINT:  See server log for query details.
[2026-03-29T01:26:08.191+0000] {subprocess.py:93} INFO -   CONTEXT:  while inserting index tuple (16,69) in relation "pg_type_typname_nsp_index"
[2026-03-29T01:26:08.191+0000] {subprocess.py:93} INFO -   compiled code at target/run/dbt_logistics/models/courier_performance.sql
[2026-03-29T01:26:08.192+0000] {subprocess.py:93} INFO - [0m01:26:08
[2026-03-29T01:26:08.194+0000] {subprocess.py:93} INFO - [0m01:26:08  Done. PASS=0 WARN=0 ERROR=1 SKIP=0 TOTAL=1
[2026-03-29T01:26:09.584+0000] {subprocess.py:97} INFO - Command exited with return code 1
[2026-03-29T01:26:09.622+0000] {taskinstance.py:1935} ERROR - Task failed with exception
Traceback (most recent call last):
  File "/home/airflow/.local/lib/python3.8/site-packages/airflow/operators/bash.py", line 210, in execute
    raise AirflowException(
airflow.exceptions.AirflowException: Bash command failed. The command returned a non-zero exit code 1.
[2026-03-29T01:26:09.629+0000] {taskinstance.py:1398} INFO - Marking task as UP_FOR_RETRY. dag_id=logistics_pipeline_v3, task_id=dbt_run, execution_date=20260329T012538, start_date=20260329T012600, end_date=20260329T012609
[2026-03-29T01:26:09.710+0000] {standard_task_runner.py:104} ERROR - Failed to execute job 32 for task dbt_run (Bash command failed. The command returned a non-zero exit code 1.; 1066)
[2026-03-29T01:26:09.761+0000] {local_task_job_runner.py:228} INFO - Task exited with return code 1
[2026-03-29T01:26:09.831+0000] {taskinstance.py:2776} INFO - 0 downstream tasks scheduled from follow-on schedule check
